[0.078s] Invoking command in '/home/kvvnbs/BuckeyeVerticalSoftwareV2/build/px4_ros_com': CMAKE_PREFIX_PATH=/home/kvvnbs/BuckeyeVerticalSoftwareV2/install/px4_msgs:/home/kvvnbs/BuckeyeVerticalSoftwareV2/install/px4_ros_com:/opt/ros/humble LD_LIBRARY_PATH=/home/kvvnbs/BuckeyeVerticalSoftwareV2/install/px4_msgs/lib:/home/kvvnbs/BuckeyeVerticalSoftwareV2/install/px4_ros_com/lib:/opt/ros/humble/opt/rviz_ogre_vendor/lib:/opt/ros/humble/lib/x86_64-linux-gnu:/opt/ros/humble/lib /usr/bin/cmake --build /home/kvvnbs/BuckeyeVerticalSoftwareV2/build/px4_ros_com -- -j16 -l16
[0.118s] [35m[1mConsolidate compiler generated dependencies of target traj_test_copy[0m
[0.119s] [  0%] Built target ament_cmake_python_copy_px4_ros_com
[0.119s] [ 11%] Built target frame_transforms
[0.122s] [ 41%] Built target traj_test
[0.124s] [ 70%] Built target test_trajectory
[0.139s] [ 76%] [32mBuilding CXX object CMakeFiles/traj_test_copy.dir/src/motionProfiling.cpp.o[0m
[0.304s] running egg_info
[0.304s] writing px4_ros_com.egg-info/PKG-INFO
[0.304s] writing dependency_links to px4_ros_com.egg-info/dependency_links.txt
[0.304s] writing top-level names to px4_ros_com.egg-info/top_level.txt
[0.305s] reading manifest file 'px4_ros_com.egg-info/SOURCES.txt'
[0.306s] writing manifest file 'px4_ros_com.egg-info/SOURCES.txt'
[0.324s] [ 76%] Built target ament_cmake_python_build_px4_ros_com_egg
[2.380s] [01m[K/home/kvvnbs/BuckeyeVerticalSoftwareV2/src/px4_ros_com/src/motionProfiling.cpp:[m[K In member function ‘[01m[Kfloat MotionProfiling::getTimeScaledParameter(float) const[m[K’:
[2.380s] [01m[K/home/kvvnbs/BuckeyeVerticalSoftwareV2/src/px4_ros_com/src/motionProfiling.cpp:26:16:[m[K [01;31m[Kerror: [m[Kassignment of member ‘[01m[KMotionProfiling::vScale[m[K’ in read-only object
[2.381s]    26 |         [01;31m[KvScale = a * t[m[K;
[2.381s]       |         [01;31m[K~~~~~~~^~~~~~~[m[K
[2.381s] [01m[K/home/kvvnbs/BuckeyeVerticalSoftwareV2/src/px4_ros_com/src/motionProfiling.cpp:33:16:[m[K [01;31m[Kerror: [m[Kassignment of member ‘[01m[KMotionProfiling::vScale[m[K’ in read-only object
[2.381s]    33 |         [01;31m[KvScale = vmax[m[K;
[2.381s]       |         [01;31m[K~~~~~~~^~~~~~[m[K
[2.381s] [01m[K/home/kvvnbs/BuckeyeVerticalSoftwareV2/src/px4_ros_com/src/motionProfiling.cpp:39:16:[m[K [01;31m[Kerror: [m[Kassignment of member ‘[01m[KMotionProfiling::vScale[m[K’ in read-only object
[2.381s]    39 |         [01;31m[KvScale = a * t[m[K;
[2.381s]       |         [01;31m[K~~~~~~~^~~~~~~[m[K
[2.381s] [01m[K/home/kvvnbs/BuckeyeVerticalSoftwareV2/src/px4_ros_com/src/motionProfiling.cpp:46:12:[m[K [01;31m[Kerror: [m[Kassignment of member ‘[01m[KMotionProfiling::vScale[m[K’ in read-only object
[2.381s]    46 |     [01;31m[KvScale = vScale / vmax[m[K
[2.381s]       |     [01;31m[K~~~~~~~^~~~~~~~~~~~~~~[m[K
[2.381s] [01m[K/home/kvvnbs/BuckeyeVerticalSoftwareV2/src/px4_ros_com/src/motionProfiling.cpp:[m[K In member function ‘[01m[Kfloat MotionProfiling::getvScale()[m[K’:
[2.381s] [01m[K/home/kvvnbs/BuckeyeVerticalSoftwareV2/src/px4_ros_com/src/motionProfiling.cpp:54:18:[m[K [01;31m[Kerror: [m[Kexpected ‘[01m[K;[m[K’ before ‘[01m[K}[m[K’ token
[2.381s]    54 |     return vScale
[2.381s]       |                  [01;31m[K^[m[K
[2.381s]       |                  [32m[K;[m[K
[2.382s]    55 | [32m[K}[m[K
[2.382s]       | [32m[K~[m[K                 
[2.382s] [01m[K/home/kvvnbs/BuckeyeVerticalSoftwareV2/src/px4_ros_com/src/motionProfiling.cpp:[m[K At global scope:
[2.382s] [01m[K/home/kvvnbs/BuckeyeVerticalSoftwareV2/src/px4_ros_com/src/motionProfiling.cpp:57:17:[m[K [01;31m[Kerror: [m[K‘[01m[KMotiionProfiling[m[K’ has not been declared
[2.382s]    57 | Eigen::Vector3f [01;31m[KMotiionProfiling[m[K::getVelocity(){
[2.382s]       |                 [01;31m[K^~~~~~~~~~~~~~~~[m[K
[2.392s] [01m[K/home/kvvnbs/BuckeyeVerticalSoftwareV2/src/px4_ros_com/src/motionProfiling.cpp:[m[K In function ‘[01m[KEigen::Vector3f getVelocity()[m[K’:
[2.392s] [01m[K/home/kvvnbs/BuckeyeVerticalSoftwareV2/src/px4_ros_com/src/motionProfiling.cpp:59:14:[m[K [01;31m[Kerror: [m[K‘[01m[Kwaypoints[m[K’ was not declared in this scope
[2.392s]    59 |     return (([01;31m[Kwaypoints[m[K->at(1) - waypoints->at(0))/calculateLineLength()) * vScale;
[2.392s]       |              [01;31m[K^~~~~~~~~[m[K
[2.398s] [01m[K/home/kvvnbs/BuckeyeVerticalSoftwareV2/src/px4_ros_com/src/motionProfiling.cpp:59:51:[m[K [01;31m[Kerror: [m[K‘[01m[KcalculateLineLength[m[K’ was not declared in this scope
[2.398s]    59 |     return ((waypoints->at(1) - waypoints->at(0))/[01;31m[KcalculateLineLength[m[K()) * vScale;
[2.398s]       |                                                   [01;31m[K^~~~~~~~~~~~~~~~~~~[m[K
[2.400s] [01m[K/home/kvvnbs/BuckeyeVerticalSoftwareV2/src/px4_ros_com/src/motionProfiling.cpp:59:76:[m[K [01;31m[Kerror: [m[K‘[01m[KvScale[m[K’ was not declared in this scope
[2.400s]    59 |     return ((waypoints->at(1) - waypoints->at(0))/calculateLineLength()) * [01;31m[KvScale[m[K;
[2.400s]       |                                                                            [01;31m[K^~~~~~[m[K
[3.131s] [01m[K/home/kvvnbs/BuckeyeVerticalSoftwareV2/src/px4_ros_com/src/motionProfiling.cpp:[m[K In member function ‘[01m[Kfloat MotionProfiling::getTimeScaledParameter(float) const[m[K’:
[3.131s] [01m[K/home/kvvnbs/BuckeyeVerticalSoftwareV2/src/px4_ros_com/src/motionProfiling.cpp:49:1:[m[K [01;35m[Kwarning: [m[Kcontrol reaches end of non-void function [[01;35m[K]8;;https://gcc.gnu.org/onlinedocs/gcc/Warning-Options.html#index-Wreturn-type-Wreturn-type]8;;[m[K]
[3.131s]    49 | [01;35m[K}[m[K
[3.131s]       | [01;35m[K^[m[K
[3.169s] gmake[2]: *** [CMakeFiles/traj_test_copy.dir/build.make:90: CMakeFiles/traj_test_copy.dir/src/motionProfiling.cpp.o] Error 1
[3.170s] gmake[1]: *** [CMakeFiles/Makefile2:198: CMakeFiles/traj_test_copy.dir/all] Error 2
[3.170s] gmake: *** [Makefile:146: all] Error 2
[3.171s] Invoked command in '/home/kvvnbs/BuckeyeVerticalSoftwareV2/build/px4_ros_com' returned '2': CMAKE_PREFIX_PATH=/home/kvvnbs/BuckeyeVerticalSoftwareV2/install/px4_msgs:/home/kvvnbs/BuckeyeVerticalSoftwareV2/install/px4_ros_com:/opt/ros/humble LD_LIBRARY_PATH=/home/kvvnbs/BuckeyeVerticalSoftwareV2/install/px4_msgs/lib:/home/kvvnbs/BuckeyeVerticalSoftwareV2/install/px4_ros_com/lib:/opt/ros/humble/opt/rviz_ogre_vendor/lib:/opt/ros/humble/lib/x86_64-linux-gnu:/opt/ros/humble/lib /usr/bin/cmake --build /home/kvvnbs/BuckeyeVerticalSoftwareV2/build/px4_ros_com -- -j16 -l16
