[0.595s] Invoking command in '/home/eashan/BuckeyeVerticalSoftware_v2/build/px4_ros_com': CMAKE_PREFIX_PATH=/home/eashan/BuckeyeVerticalSoftware_v2/install/px4_msgs:/home/eashan/BuckeyeVerticalSoftware_v2/install/px4_ros_com:/opt/ros/humble CONDA_PROMPT_MODIFIER=(base) LD_LIBRARY_PATH=/home/eashan/BuckeyeVerticalSoftware_v2/install/px4_msgs/lib:/home/eashan/BuckeyeVerticalSoftware_v2/install/px4_ros_com/lib:/opt/ros/humble/opt/rviz_ogre_vendor/lib:/opt/ros/humble/lib/x86_64-linux-gnu:/opt/ros/humble/lib:/usr/local/cuda-12.6/lib64:/usr/local/cuda-12.6/lib64 /usr/bin/cmake --build /home/eashan/BuckeyeVerticalSoftware_v2/build/px4_ros_com -- -j4 -l4
[0.790s] [ 16%] Built target frame_transforms
[0.836s] [ 16%] Built target ament_cmake_python_copy_px4_ros_com
[0.888s] [ 58%] Built target test_trajectory
[1.321s] running egg_info
[1.362s] writing px4_ros_com.egg-info/PKG-INFO
[1.363s] writing dependency_links to px4_ros_com.egg-info/dependency_links.txt
[1.364s] writing top-level names to px4_ros_com.egg-info/top_level.txt
[1.438s] reading manifest file 'px4_ros_com.egg-info/SOURCES.txt'
[1.443s] writing manifest file 'px4_ros_com.egg-info/SOURCES.txt'
[1.495s] [ 58%] Built target ament_cmake_python_build_px4_ros_com_egg
[1.550s] [35m[1mConsolidate compiler generated dependencies of target traj_test[0m
[1.614s] [ 66%] [32mBuilding CXX object CMakeFiles/traj_test.dir/src/traj_test.cpp.o[0m
[28.377s] [ 75%] [32m[1mLinking CXX executable traj_test[0m
[31.273s] [100%] Built target traj_test
[31.300s] Invoked command in '/home/eashan/BuckeyeVerticalSoftware_v2/build/px4_ros_com' returned '0': CMAKE_PREFIX_PATH=/home/eashan/BuckeyeVerticalSoftware_v2/install/px4_msgs:/home/eashan/BuckeyeVerticalSoftware_v2/install/px4_ros_com:/opt/ros/humble CONDA_PROMPT_MODIFIER=(base) LD_LIBRARY_PATH=/home/eashan/BuckeyeVerticalSoftware_v2/install/px4_msgs/lib:/home/eashan/BuckeyeVerticalSoftware_v2/install/px4_ros_com/lib:/opt/ros/humble/opt/rviz_ogre_vendor/lib:/opt/ros/humble/lib/x86_64-linux-gnu:/opt/ros/humble/lib:/usr/local/cuda-12.6/lib64:/usr/local/cuda-12.6/lib64 /usr/bin/cmake --build /home/eashan/BuckeyeVerticalSoftware_v2/build/px4_ros_com -- -j4 -l4
[31.648s] Invoking command in '/home/eashan/BuckeyeVerticalSoftware_v2/build/px4_ros_com': CMAKE_PREFIX_PATH=/home/eashan/BuckeyeVerticalSoftware_v2/install/px4_msgs:/home/eashan/BuckeyeVerticalSoftware_v2/install/px4_ros_com:/opt/ros/humble CONDA_PROMPT_MODIFIER=(base) LD_LIBRARY_PATH=/home/eashan/BuckeyeVerticalSoftware_v2/install/px4_msgs/lib:/home/eashan/BuckeyeVerticalSoftware_v2/install/px4_ros_com/lib:/opt/ros/humble/opt/rviz_ogre_vendor/lib:/opt/ros/humble/lib/x86_64-linux-gnu:/opt/ros/humble/lib:/usr/local/cuda-12.6/lib64:/usr/local/cuda-12.6/lib64 /usr/bin/cmake --install /home/eashan/BuckeyeVerticalSoftware_v2/build/px4_ros_com
[31.680s] -- Install configuration: ""
[31.693s] -- Installing: /home/eashan/BuckeyeVerticalSoftware_v2/install/px4_ros_com/lib/px4_ros_com/traj_test
[31.703s] -- Set runtime path of "/home/eashan/BuckeyeVerticalSoftware_v2/install/px4_ros_com/lib/px4_ros_com/traj_test" to ""
[31.718s] -- Up-to-date: /home/eashan/BuckeyeVerticalSoftware_v2/install/px4_ros_com/lib/px4_ros_com/test_trajectory
[31.718s] -- Up-to-date: /home/eashan/BuckeyeVerticalSoftware_v2/install/px4_ros_com/share/px4_ros_com/environment/library_path.sh
[31.719s] -- Up-to-date: /home/eashan/BuckeyeVerticalSoftware_v2/install/px4_ros_com/share/px4_ros_com/environment/library_path.dsv
[31.719s] -- Up-to-date: /home/eashan/BuckeyeVerticalSoftware_v2/install/px4_ros_com/include/px4_ros_com
[31.719s] -- Up-to-date: /home/eashan/BuckeyeVerticalSoftware_v2/install/px4_ros_com/include/px4_ros_com/frame_transforms.h
[31.721s] -- Up-to-date: /home/eashan/BuckeyeVerticalSoftware_v2/install/px4_ros_com/lib/libframe_transforms.so
[31.721s] -- Up-to-date: /home/eashan/BuckeyeVerticalSoftware_v2/install/px4_ros_com/share/px4_ros_com//launch
[31.721s] -- Up-to-date: /home/eashan/BuckeyeVerticalSoftware_v2/install/px4_ros_com/share/px4_ros_com//launch/offboard_control_launch.yaml
[31.721s] -- Installing: /home/eashan/BuckeyeVerticalSoftware_v2/install/px4_ros_com/share/px4_ros_com//launch/traj_test.launch.py
[31.725s] -- Up-to-date: /home/eashan/BuckeyeVerticalSoftware_v2/install/px4_ros_com/share/px4_ros_com//launch/sensor_combined_listener.launch.py
[31.725s] -- Up-to-date: /home/eashan/BuckeyeVerticalSoftware_v2/install/px4_ros_com/share/px4_ros_com//launch/test_trajectory.launch.py
[31.725s] -- Up-to-date: /home/eashan/BuckeyeVerticalSoftware_v2/install/px4_ros_com/share/px4_ros_com//test
[31.725s] -- Up-to-date: /home/eashan/BuckeyeVerticalSoftware_v2/install/px4_ros_com/share/px4_ros_com//test/test_output.py
[31.725s] -- Up-to-date: /home/eashan/BuckeyeVerticalSoftware_v2/install/px4_ros_com/share/px4_ros_com//test/pipeline_io_test.py
[31.725s] -- Up-to-date: /home/eashan/BuckeyeVerticalSoftware_v2/install/px4_ros_com/share/px4_ros_com//test/test_input.py
[31.726s] -- Up-to-date: /home/eashan/BuckeyeVerticalSoftware_v2/install/px4_ros_com/share/px4_ros_com//test/__init__.py
[31.726s] -- Up-to-date: /home/eashan/BuckeyeVerticalSoftware_v2/install/px4_ros_com/share/px4_ros_com//test/test_trajectory.cpp
[31.726s] -- Up-to-date: /home/eashan/BuckeyeVerticalSoftware_v2/install/px4_ros_com/share/px4_ros_com/environment/pythonpath.sh
[31.726s] -- Up-to-date: /home/eashan/BuckeyeVerticalSoftware_v2/install/px4_ros_com/share/px4_ros_com/environment/pythonpath.dsv
[31.726s] -- Up-to-date: /home/eashan/BuckeyeVerticalSoftware_v2/install/px4_ros_com/local/lib/python3.10/dist-packages/px4_ros_com-0.1.0-py3.10.egg-info
[31.726s] -- Installing: /home/eashan/BuckeyeVerticalSoftware_v2/install/px4_ros_com/local/lib/python3.10/dist-packages/px4_ros_com-0.1.0-py3.10.egg-info/SOURCES.txt
[31.726s] -- Installing: /home/eashan/BuckeyeVerticalSoftware_v2/install/px4_ros_com/local/lib/python3.10/dist-packages/px4_ros_com-0.1.0-py3.10.egg-info/top_level.txt
[31.726s] -- Installing: /home/eashan/BuckeyeVerticalSoftware_v2/install/px4_ros_com/local/lib/python3.10/dist-packages/px4_ros_com-0.1.0-py3.10.egg-info/dependency_links.txt
[31.726s] -- Installing: /home/eashan/BuckeyeVerticalSoftware_v2/install/px4_ros_com/local/lib/python3.10/dist-packages/px4_ros_com-0.1.0-py3.10.egg-info/PKG-INFO
[31.726s] -- Up-to-date: /home/eashan/BuckeyeVerticalSoftware_v2/install/px4_ros_com/local/lib/python3.10/dist-packages/px4_ros_com
[31.726s] -- Up-to-date: /home/eashan/BuckeyeVerticalSoftware_v2/install/px4_ros_com/local/lib/python3.10/dist-packages/px4_ros_com/module_to_import.py
[31.726s] -- Up-to-date: /home/eashan/BuckeyeVerticalSoftware_v2/install/px4_ros_com/local/lib/python3.10/dist-packages/px4_ros_com/__init__.py
[31.880s] Listing '/home/eashan/BuckeyeVerticalSoftware_v2/install/px4_ros_com/local/lib/python3.10/dist-packages/px4_ros_com'...
[31.900s] -- Up-to-date: /home/eashan/BuckeyeVerticalSoftware_v2/install/px4_ros_com/share/ament_index/resource_index/package_run_dependencies/px4_ros_com
[31.900s] -- Up-to-date: /home/eashan/BuckeyeVerticalSoftware_v2/install/px4_ros_com/share/ament_index/resource_index/parent_prefix_path/px4_ros_com
[31.900s] -- Up-to-date: /home/eashan/BuckeyeVerticalSoftware_v2/install/px4_ros_com/share/px4_ros_com/environment/ament_prefix_path.sh
[31.900s] -- Up-to-date: /home/eashan/BuckeyeVerticalSoftware_v2/install/px4_ros_com/share/px4_ros_com/environment/ament_prefix_path.dsv
[31.901s] -- Up-to-date: /home/eashan/BuckeyeVerticalSoftware_v2/install/px4_ros_com/share/px4_ros_com/environment/path.sh
[31.901s] -- Up-to-date: /home/eashan/BuckeyeVerticalSoftware_v2/install/px4_ros_com/share/px4_ros_com/environment/path.dsv
[31.901s] -- Up-to-date: /home/eashan/BuckeyeVerticalSoftware_v2/install/px4_ros_com/share/px4_ros_com/local_setup.bash
[31.901s] -- Up-to-date: /home/eashan/BuckeyeVerticalSoftware_v2/install/px4_ros_com/share/px4_ros_com/local_setup.sh
[31.901s] -- Up-to-date: /home/eashan/BuckeyeVerticalSoftware_v2/install/px4_ros_com/share/px4_ros_com/local_setup.zsh
[31.901s] -- Up-to-date: /home/eashan/BuckeyeVerticalSoftware_v2/install/px4_ros_com/share/px4_ros_com/local_setup.dsv
[31.902s] -- Installing: /home/eashan/BuckeyeVerticalSoftware_v2/install/px4_ros_com/share/px4_ros_com/package.dsv
[31.905s] -- Up-to-date: /home/eashan/BuckeyeVerticalSoftware_v2/install/px4_ros_com/share/ament_index/resource_index/packages/px4_ros_com
[31.916s] -- Up-to-date: /home/eashan/BuckeyeVerticalSoftware_v2/install/px4_ros_com/share/px4_ros_com/cmake/export_frame_transformsExport.cmake
[31.916s] -- Up-to-date: /home/eashan/BuckeyeVerticalSoftware_v2/install/px4_ros_com/share/px4_ros_com/cmake/export_frame_transformsExport-noconfig.cmake
[31.916s] -- Up-to-date: /home/eashan/BuckeyeVerticalSoftware_v2/install/px4_ros_com/share/px4_ros_com/cmake/ament_cmake_export_dependencies-extras.cmake
[31.916s] -- Up-to-date: /home/eashan/BuckeyeVerticalSoftware_v2/install/px4_ros_com/share/px4_ros_com/cmake/ament_cmake_export_targets-extras.cmake
[31.916s] -- Up-to-date: /home/eashan/BuckeyeVerticalSoftware_v2/install/px4_ros_com/share/px4_ros_com/cmake/ament_cmake_export_include_directories-extras.cmake
[31.916s] -- Up-to-date: /home/eashan/BuckeyeVerticalSoftware_v2/install/px4_ros_com/share/px4_ros_com/cmake/ament_cmake_export_libraries-extras.cmake
[31.916s] -- Up-to-date: /home/eashan/BuckeyeVerticalSoftware_v2/install/px4_ros_com/share/px4_ros_com/cmake/px4_ros_comConfig.cmake
[31.916s] -- Up-to-date: /home/eashan/BuckeyeVerticalSoftware_v2/install/px4_ros_com/share/px4_ros_com/cmake/px4_ros_comConfig-version.cmake
[31.916s] -- Up-to-date: /home/eashan/BuckeyeVerticalSoftware_v2/install/px4_ros_com/share/px4_ros_com/package.xml
[31.917s] Invoked command in '/home/eashan/BuckeyeVerticalSoftware_v2/build/px4_ros_com' returned '0': CMAKE_PREFIX_PATH=/home/eashan/BuckeyeVerticalSoftware_v2/install/px4_msgs:/home/eashan/BuckeyeVerticalSoftware_v2/install/px4_ros_com:/opt/ros/humble CONDA_PROMPT_MODIFIER=(base) LD_LIBRARY_PATH=/home/eashan/BuckeyeVerticalSoftware_v2/install/px4_msgs/lib:/home/eashan/BuckeyeVerticalSoftware_v2/install/px4_ros_com/lib:/opt/ros/humble/opt/rviz_ogre_vendor/lib:/opt/ros/humble/lib/x86_64-linux-gnu:/opt/ros/humble/lib:/usr/local/cuda-12.6/lib64:/usr/local/cuda-12.6/lib64 /usr/bin/cmake --install /home/eashan/BuckeyeVerticalSoftware_v2/build/px4_ros_com
