[0.226s] DEBUG:colcon:Command line arguments: ['/usr/bin/colcon', 'build']
[0.226s] DEBUG:colcon:Parsed command line arguments: Namespace(log_base=None, log_level=None, verb_name='build', build_base='build', install_base='install', merge_install=False, symlink_install=False, test_result_base=None, continue_on_error=False, executor='parallel', parallel_workers=16, event_handlers=None, ignore_user_meta=False, metas=['./colcon.meta'], base_paths=['.'], packages_ignore=None, packages_ignore_regex=None, paths=None, packages_up_to=None, packages_up_to_regex=None, packages_above=None, packages_above_and_dependencies=None, packages_above_depth=None, packages_select_by_dep=None, packages_skip_by_dep=None, packages_skip_up_to=None, packages_select_build_failed=False, packages_skip_build_finished=False, packages_select_test_failures=False, packages_skip_test_passed=False, packages_select=None, packages_skip=None, packages_select_regex=None, packages_skip_regex=None, packages_start=None, packages_end=None, allow_overriding=[], cmake_args=None, cmake_target=None, cmake_target_skip_unavailable=False, cmake_clean_cache=False, cmake_clean_first=False, cmake_force_configure=False, ament_cmake_args=None, catkin_cmake_args=None, catkin_skip_building_tests=False, verb_parser=<colcon_defaults.argument_parser.defaults.DefaultArgumentsDecorator object at 0x7fc4e3740a30>, verb_extension=<colcon_core.verb.build.BuildVerb object at 0x7fc4e38ce230>, main=<bound method BuildVerb.main of <colcon_core.verb.build.BuildVerb object at 0x7fc4e38ce230>>)
[0.433s] Level 1:colcon.colcon_core.package_discovery:discover_packages(colcon_meta) check parameters
[0.433s] Level 1:colcon.colcon_core.package_discovery:discover_packages(recursive) check parameters
[0.433s] Level 1:colcon.colcon_core.package_discovery:discover_packages(ignore) check parameters
[0.433s] Level 1:colcon.colcon_core.package_discovery:discover_packages(path) check parameters
[0.433s] Level 1:colcon.colcon_core.package_discovery:discover_packages(colcon_meta) discover
[0.433s] Level 1:colcon.colcon_core.package_discovery:discover_packages(recursive) discover
[0.433s] INFO:colcon.colcon_core.package_discovery:Crawling recursively for packages in '/home/kvvnbs/BuckeyeVerticalSoftwareV2'
[0.433s] Level 1:colcon.colcon_core.package_identification:_identify(.) by extensions ['ignore', 'ignore_ament_install']
[0.433s] Level 1:colcon.colcon_core.package_identification:_identify(.) by extension 'ignore'
[0.433s] Level 1:colcon.colcon_core.package_identification:_identify(.) by extension 'ignore_ament_install'
[0.433s] Level 1:colcon.colcon_core.package_identification:_identify(.) by extensions ['colcon_pkg']
[0.433s] Level 1:colcon.colcon_core.package_identification:_identify(.) by extension 'colcon_pkg'
[0.434s] Level 1:colcon.colcon_core.package_identification:_identify(.) by extensions ['colcon_meta']
[0.434s] Level 1:colcon.colcon_core.package_identification:_identify(.) by extension 'colcon_meta'
[0.434s] Level 1:colcon.colcon_core.package_identification:_identify(.) by extensions ['ros']
[0.434s] Level 1:colcon.colcon_core.package_identification:_identify(.) by extension 'ros'
[0.449s] Level 1:colcon.colcon_core.package_identification:_identify(.) by extensions ['cmake', 'python']
[0.449s] Level 1:colcon.colcon_core.package_identification:_identify(.) by extension 'cmake'
[0.449s] Level 1:colcon.colcon_core.package_identification:_identify(.) by extension 'python'
[0.450s] Level 1:colcon.colcon_core.package_identification:_identify(.) by extensions ['python_setup_py']
[0.450s] Level 1:colcon.colcon_core.package_identification:_identify(.) by extension 'python_setup_py'
[0.450s] Level 1:colcon.colcon_core.package_identification:_identify(build) by extensions ['ignore', 'ignore_ament_install']
[0.450s] Level 1:colcon.colcon_core.package_identification:_identify(build) by extension 'ignore'
[0.450s] Level 1:colcon.colcon_core.package_identification:_identify(build) ignored
[0.450s] Level 1:colcon.colcon_core.package_identification:_identify(install) by extensions ['ignore', 'ignore_ament_install']
[0.450s] Level 1:colcon.colcon_core.package_identification:_identify(install) by extension 'ignore'
[0.450s] Level 1:colcon.colcon_core.package_identification:_identify(install) ignored
[0.450s] Level 1:colcon.colcon_core.package_identification:_identify(log) by extensions ['ignore', 'ignore_ament_install']
[0.450s] Level 1:colcon.colcon_core.package_identification:_identify(log) by extension 'ignore'
[0.450s] Level 1:colcon.colcon_core.package_identification:_identify(log) ignored
[0.450s] Level 1:colcon.colcon_core.package_identification:_identify(src) by extensions ['ignore', 'ignore_ament_install']
[0.450s] Level 1:colcon.colcon_core.package_identification:_identify(src) by extension 'ignore'
[0.450s] Level 1:colcon.colcon_core.package_identification:_identify(src) by extension 'ignore_ament_install'
[0.450s] Level 1:colcon.colcon_core.package_identification:_identify(src) by extensions ['colcon_pkg']
[0.451s] Level 1:colcon.colcon_core.package_identification:_identify(src) by extension 'colcon_pkg'
[0.451s] Level 1:colcon.colcon_core.package_identification:_identify(src) by extensions ['colcon_meta']
[0.451s] Level 1:colcon.colcon_core.package_identification:_identify(src) by extension 'colcon_meta'
[0.451s] Level 1:colcon.colcon_core.package_identification:_identify(src) by extensions ['ros']
[0.451s] Level 1:colcon.colcon_core.package_identification:_identify(src) by extension 'ros'
[0.451s] Level 1:colcon.colcon_core.package_identification:_identify(src) by extensions ['cmake', 'python']
[0.451s] Level 1:colcon.colcon_core.package_identification:_identify(src) by extension 'cmake'
[0.451s] Level 1:colcon.colcon_core.package_identification:_identify(src) by extension 'python'
[0.451s] Level 1:colcon.colcon_core.package_identification:_identify(src) by extensions ['python_setup_py']
[0.451s] Level 1:colcon.colcon_core.package_identification:_identify(src) by extension 'python_setup_py'
[0.451s] Level 1:colcon.colcon_core.package_identification:_identify(src/px4_msgs) by extensions ['ignore', 'ignore_ament_install']
[0.451s] Level 1:colcon.colcon_core.package_identification:_identify(src/px4_msgs) by extension 'ignore'
[0.451s] Level 1:colcon.colcon_core.package_identification:_identify(src/px4_msgs) by extension 'ignore_ament_install'
[0.451s] Level 1:colcon.colcon_core.package_identification:_identify(src/px4_msgs) by extensions ['colcon_pkg']
[0.451s] Level 1:colcon.colcon_core.package_identification:_identify(src/px4_msgs) by extension 'colcon_pkg'
[0.452s] Level 1:colcon.colcon_core.package_identification:_identify(src/px4_msgs) by extensions ['colcon_meta']
[0.452s] Level 1:colcon.colcon_core.package_identification:_identify(src/px4_msgs) by extension 'colcon_meta'
[0.452s] Level 1:colcon.colcon_core.package_identification:_identify(src/px4_msgs) by extensions ['ros']
[0.452s] Level 1:colcon.colcon_core.package_identification:_identify(src/px4_msgs) by extension 'ros'
[0.455s] DEBUG:colcon.colcon_core.package_identification:Package 'src/px4_msgs' with type 'ros.ament_cmake' and name 'px4_msgs'
[0.455s] Level 1:colcon.colcon_core.package_identification:_identify(src/px4_ros_com) by extensions ['ignore', 'ignore_ament_install']
[0.455s] Level 1:colcon.colcon_core.package_identification:_identify(src/px4_ros_com) by extension 'ignore'
[0.456s] Level 1:colcon.colcon_core.package_identification:_identify(src/px4_ros_com) by extension 'ignore_ament_install'
[0.456s] Level 1:colcon.colcon_core.package_identification:_identify(src/px4_ros_com) by extensions ['colcon_pkg']
[0.456s] Level 1:colcon.colcon_core.package_identification:_identify(src/px4_ros_com) by extension 'colcon_pkg'
[0.456s] Level 1:colcon.colcon_core.package_identification:_identify(src/px4_ros_com) by extensions ['colcon_meta']
[0.456s] Level 1:colcon.colcon_core.package_identification:_identify(src/px4_ros_com) by extension 'colcon_meta'
[0.456s] Level 1:colcon.colcon_core.package_identification:_identify(src/px4_ros_com) by extensions ['ros']
[0.456s] Level 1:colcon.colcon_core.package_identification:_identify(src/px4_ros_com) by extension 'ros'
[0.457s] DEBUG:colcon.colcon_core.package_identification:Package 'src/px4_ros_com' with type 'ros.ament_cmake' and name 'px4_ros_com'
[0.457s] Level 1:colcon.colcon_core.package_discovery:discover_packages(recursive) using defaults
[0.457s] Level 1:colcon.colcon_core.package_discovery:discover_packages(ignore) discover
[0.457s] Level 1:colcon.colcon_core.package_discovery:discover_packages(ignore) using defaults
[0.457s] Level 1:colcon.colcon_core.package_discovery:discover_packages(path) discover
[0.457s] Level 1:colcon.colcon_core.package_discovery:discover_packages(path) using defaults
[0.487s] Level 1:colcon.colcon_core.package_discovery:discover_packages(prefix_path) check parameters
[0.487s] Level 1:colcon.colcon_core.package_discovery:discover_packages(prefix_path) discover
[0.489s] Level 1:colcon.colcon_core.package_discovery:discover_packages(prefix_path) using defaults
[0.490s] Level 5:colcon.colcon_core.verb:set package 'px4_msgs' build argument 'cmake_args' from command line to 'None'
[0.490s] Level 5:colcon.colcon_core.verb:set package 'px4_msgs' build argument 'cmake_target' from command line to 'None'
[0.490s] Level 5:colcon.colcon_core.verb:set package 'px4_msgs' build argument 'cmake_target_skip_unavailable' from command line to 'False'
[0.490s] Level 5:colcon.colcon_core.verb:set package 'px4_msgs' build argument 'cmake_clean_cache' from command line to 'False'
[0.490s] Level 5:colcon.colcon_core.verb:set package 'px4_msgs' build argument 'cmake_clean_first' from command line to 'False'
[0.491s] Level 5:colcon.colcon_core.verb:set package 'px4_msgs' build argument 'cmake_force_configure' from command line to 'False'
[0.491s] Level 5:colcon.colcon_core.verb:set package 'px4_msgs' build argument 'ament_cmake_args' from command line to 'None'
[0.491s] Level 5:colcon.colcon_core.verb:set package 'px4_msgs' build argument 'catkin_cmake_args' from command line to 'None'
[0.491s] Level 5:colcon.colcon_core.verb:set package 'px4_msgs' build argument 'catkin_skip_building_tests' from command line to 'False'
[0.491s] DEBUG:colcon.colcon_core.verb:Building package 'px4_msgs' with the following arguments: {'ament_cmake_args': None, 'build_base': '/home/kvvnbs/BuckeyeVerticalSoftwareV2/build/px4_msgs', 'catkin_cmake_args': None, 'catkin_skip_building_tests': False, 'cmake_args': None, 'cmake_clean_cache': False, 'cmake_clean_first': False, 'cmake_force_configure': False, 'cmake_target': None, 'cmake_target_skip_unavailable': False, 'install_base': '/home/kvvnbs/BuckeyeVerticalSoftwareV2/install/px4_msgs', 'merge_install': False, 'path': '/home/kvvnbs/BuckeyeVerticalSoftwareV2/src/px4_msgs', 'symlink_install': False, 'test_result_base': None}
[0.491s] Level 5:colcon.colcon_core.verb:set package 'px4_ros_com' build argument 'cmake_args' from command line to 'None'
[0.491s] Level 5:colcon.colcon_core.verb:set package 'px4_ros_com' build argument 'cmake_target' from command line to 'None'
[0.491s] Level 5:colcon.colcon_core.verb:set package 'px4_ros_com' build argument 'cmake_target_skip_unavailable' from command line to 'False'
[0.491s] Level 5:colcon.colcon_core.verb:set package 'px4_ros_com' build argument 'cmake_clean_cache' from command line to 'False'
[0.491s] Level 5:colcon.colcon_core.verb:set package 'px4_ros_com' build argument 'cmake_clean_first' from command line to 'False'
[0.491s] Level 5:colcon.colcon_core.verb:set package 'px4_ros_com' build argument 'cmake_force_configure' from command line to 'False'
[0.491s] Level 5:colcon.colcon_core.verb:set package 'px4_ros_com' build argument 'ament_cmake_args' from command line to 'None'
[0.491s] Level 5:colcon.colcon_core.verb:set package 'px4_ros_com' build argument 'catkin_cmake_args' from command line to 'None'
[0.491s] Level 5:colcon.colcon_core.verb:set package 'px4_ros_com' build argument 'catkin_skip_building_tests' from command line to 'False'
[0.491s] DEBUG:colcon.colcon_core.verb:Building package 'px4_ros_com' with the following arguments: {'ament_cmake_args': None, 'build_base': '/home/kvvnbs/BuckeyeVerticalSoftwareV2/build/px4_ros_com', 'catkin_cmake_args': None, 'catkin_skip_building_tests': False, 'cmake_args': None, 'cmake_clean_cache': False, 'cmake_clean_first': False, 'cmake_force_configure': False, 'cmake_target': None, 'cmake_target_skip_unavailable': False, 'install_base': '/home/kvvnbs/BuckeyeVerticalSoftwareV2/install/px4_ros_com', 'merge_install': False, 'path': '/home/kvvnbs/BuckeyeVerticalSoftwareV2/src/px4_ros_com', 'symlink_install': False, 'test_result_base': None}
[0.491s] INFO:colcon.colcon_core.executor:Executing jobs using 'parallel' executor
[0.492s] DEBUG:colcon.colcon_parallel_executor.executor.parallel:run_until_complete
[0.492s] INFO:colcon.colcon_ros.task.ament_cmake.build:Building ROS package in '/home/kvvnbs/BuckeyeVerticalSoftwareV2/src/px4_msgs' with build type 'ament_cmake'
[0.492s] INFO:colcon.colcon_cmake.task.cmake.build:Building CMake package in '/home/kvvnbs/BuckeyeVerticalSoftwareV2/src/px4_msgs'
[0.498s] INFO:colcon.colcon_core.plugin_system:Skipping extension 'colcon_core.shell.bat': Not used on non-Windows systems
[0.498s] INFO:colcon.colcon_core.shell:Skip shell extension 'powershell' for command environment: Not usable outside of PowerShell
[0.498s] DEBUG:colcon.colcon_core.shell:Skip shell extension 'dsv' for command environment
[0.506s] DEBUG:colcon.colcon_core.event_handler.log_command:Invoking command in '/home/kvvnbs/BuckeyeVerticalSoftwareV2/build/px4_msgs': /usr/bin/cmake --build /home/kvvnbs/BuckeyeVerticalSoftwareV2/build/px4_msgs -- -j16 -l16
[1.323s] DEBUG:colcon.colcon_core.event_handler.log_command:Invoked command in '/home/kvvnbs/BuckeyeVerticalSoftwareV2/build/px4_msgs' returned '0': /usr/bin/cmake --build /home/kvvnbs/BuckeyeVerticalSoftwareV2/build/px4_msgs -- -j16 -l16
[1.329s] DEBUG:colcon.colcon_core.event_handler.log_command:Invoking command in '/home/kvvnbs/BuckeyeVerticalSoftwareV2/build/px4_msgs': /usr/bin/cmake --install /home/kvvnbs/BuckeyeVerticalSoftwareV2/build/px4_msgs
[1.763s] Level 1:colcon.colcon_core.environment:create_environment_scripts_only(px4_msgs)
[1.763s] DEBUG:colcon.colcon_core.event_handler.log_command:Invoked command in '/home/kvvnbs/BuckeyeVerticalSoftwareV2/build/px4_msgs' returned '0': /usr/bin/cmake --install /home/kvvnbs/BuckeyeVerticalSoftwareV2/build/px4_msgs
[1.769s] Level 1:colcon.colcon_core.environment:checking '/home/kvvnbs/BuckeyeVerticalSoftwareV2/install/px4_msgs' for CMake module files
[1.770s] Level 1:colcon.colcon_core.environment:checking '/home/kvvnbs/BuckeyeVerticalSoftwareV2/install/px4_msgs' for CMake config files
[1.789s] Level 1:colcon.colcon_core.shell:create_environment_hook('px4_msgs', 'cmake_prefix_path')
[1.790s] INFO:colcon.colcon_core.shell:Creating environment hook '/home/kvvnbs/BuckeyeVerticalSoftwareV2/install/px4_msgs/share/px4_msgs/hook/cmake_prefix_path.ps1'
[1.791s] INFO:colcon.colcon_core.shell:Creating environment descriptor '/home/kvvnbs/BuckeyeVerticalSoftwareV2/install/px4_msgs/share/px4_msgs/hook/cmake_prefix_path.dsv'
[1.791s] INFO:colcon.colcon_core.shell:Creating environment hook '/home/kvvnbs/BuckeyeVerticalSoftwareV2/install/px4_msgs/share/px4_msgs/hook/cmake_prefix_path.sh'
[1.792s] Level 1:colcon.colcon_core.environment:checking '/home/kvvnbs/BuckeyeVerticalSoftwareV2/install/px4_msgs/lib'
[1.792s] Level 1:colcon.colcon_core.shell:create_environment_hook('px4_msgs', 'ld_library_path_lib')
[1.792s] INFO:colcon.colcon_core.shell:Creating environment hook '/home/kvvnbs/BuckeyeVerticalSoftwareV2/install/px4_msgs/share/px4_msgs/hook/ld_library_path_lib.ps1'
[1.793s] INFO:colcon.colcon_core.shell:Creating environment descriptor '/home/kvvnbs/BuckeyeVerticalSoftwareV2/install/px4_msgs/share/px4_msgs/hook/ld_library_path_lib.dsv'
[1.793s] INFO:colcon.colcon_core.shell:Creating environment hook '/home/kvvnbs/BuckeyeVerticalSoftwareV2/install/px4_msgs/share/px4_msgs/hook/ld_library_path_lib.sh'
[1.793s] Level 1:colcon.colcon_core.environment:checking '/home/kvvnbs/BuckeyeVerticalSoftwareV2/install/px4_msgs/bin'
[1.793s] Level 1:colcon.colcon_core.environment:checking '/home/kvvnbs/BuckeyeVerticalSoftwareV2/install/px4_msgs/lib/pkgconfig/px4_msgs.pc'
[1.795s] Level 1:colcon.colcon_core.environment:checking '/home/kvvnbs/BuckeyeVerticalSoftwareV2/install/px4_msgs/lib/python3.10/site-packages'
[1.795s] Level 1:colcon.colcon_core.environment:checking '/home/kvvnbs/BuckeyeVerticalSoftwareV2/install/px4_msgs/bin'
[1.795s] INFO:colcon.colcon_core.shell:Creating package script '/home/kvvnbs/BuckeyeVerticalSoftwareV2/install/px4_msgs/share/px4_msgs/package.ps1'
[1.796s] INFO:colcon.colcon_core.shell:Creating package descriptor '/home/kvvnbs/BuckeyeVerticalSoftwareV2/install/px4_msgs/share/px4_msgs/package.dsv'
[1.797s] INFO:colcon.colcon_core.shell:Creating package script '/home/kvvnbs/BuckeyeVerticalSoftwareV2/install/px4_msgs/share/px4_msgs/package.sh'
[1.798s] INFO:colcon.colcon_core.shell:Creating package script '/home/kvvnbs/BuckeyeVerticalSoftwareV2/install/px4_msgs/share/px4_msgs/package.bash'
[1.799s] INFO:colcon.colcon_core.shell:Creating package script '/home/kvvnbs/BuckeyeVerticalSoftwareV2/install/px4_msgs/share/px4_msgs/package.zsh'
[1.800s] Level 1:colcon.colcon_core.environment:create_file_with_runtime_dependencies(/home/kvvnbs/BuckeyeVerticalSoftwareV2/install/px4_msgs/share/colcon-core/packages/px4_msgs)
[1.800s] Level 1:colcon.colcon_core.environment:create_environment_scripts_only(px4_msgs)
[1.800s] Level 1:colcon.colcon_core.environment:checking '/home/kvvnbs/BuckeyeVerticalSoftwareV2/install/px4_msgs' for CMake module files
[1.801s] Level 1:colcon.colcon_core.environment:checking '/home/kvvnbs/BuckeyeVerticalSoftwareV2/install/px4_msgs' for CMake config files
[1.804s] Level 1:colcon.colcon_core.shell:create_environment_hook('px4_msgs', 'cmake_prefix_path')
[1.804s] INFO:colcon.colcon_core.shell:Creating environment hook '/home/kvvnbs/BuckeyeVerticalSoftwareV2/install/px4_msgs/share/px4_msgs/hook/cmake_prefix_path.ps1'
[1.804s] INFO:colcon.colcon_core.shell:Creating environment descriptor '/home/kvvnbs/BuckeyeVerticalSoftwareV2/install/px4_msgs/share/px4_msgs/hook/cmake_prefix_path.dsv'
[1.805s] INFO:colcon.colcon_core.shell:Creating environment hook '/home/kvvnbs/BuckeyeVerticalSoftwareV2/install/px4_msgs/share/px4_msgs/hook/cmake_prefix_path.sh'
[1.806s] Level 1:colcon.colcon_core.environment:checking '/home/kvvnbs/BuckeyeVerticalSoftwareV2/install/px4_msgs/lib'
[1.806s] Level 1:colcon.colcon_core.shell:create_environment_hook('px4_msgs', 'ld_library_path_lib')
[1.806s] INFO:colcon.colcon_core.shell:Creating environment hook '/home/kvvnbs/BuckeyeVerticalSoftwareV2/install/px4_msgs/share/px4_msgs/hook/ld_library_path_lib.ps1'
[1.806s] INFO:colcon.colcon_core.shell:Creating environment descriptor '/home/kvvnbs/BuckeyeVerticalSoftwareV2/install/px4_msgs/share/px4_msgs/hook/ld_library_path_lib.dsv'
[1.806s] INFO:colcon.colcon_core.shell:Creating environment hook '/home/kvvnbs/BuckeyeVerticalSoftwareV2/install/px4_msgs/share/px4_msgs/hook/ld_library_path_lib.sh'
[1.806s] Level 1:colcon.colcon_core.environment:checking '/home/kvvnbs/BuckeyeVerticalSoftwareV2/install/px4_msgs/bin'
[1.806s] Level 1:colcon.colcon_core.environment:checking '/home/kvvnbs/BuckeyeVerticalSoftwareV2/install/px4_msgs/lib/pkgconfig/px4_msgs.pc'
[1.807s] Level 1:colcon.colcon_core.environment:checking '/home/kvvnbs/BuckeyeVerticalSoftwareV2/install/px4_msgs/lib/python3.10/site-packages'
[1.807s] Level 1:colcon.colcon_core.environment:checking '/home/kvvnbs/BuckeyeVerticalSoftwareV2/install/px4_msgs/bin'
[1.807s] INFO:colcon.colcon_core.shell:Creating package script '/home/kvvnbs/BuckeyeVerticalSoftwareV2/install/px4_msgs/share/px4_msgs/package.ps1'
[1.808s] INFO:colcon.colcon_core.shell:Creating package descriptor '/home/kvvnbs/BuckeyeVerticalSoftwareV2/install/px4_msgs/share/px4_msgs/package.dsv'
[1.808s] INFO:colcon.colcon_core.shell:Creating package script '/home/kvvnbs/BuckeyeVerticalSoftwareV2/install/px4_msgs/share/px4_msgs/package.sh'
[1.808s] INFO:colcon.colcon_core.shell:Creating package script '/home/kvvnbs/BuckeyeVerticalSoftwareV2/install/px4_msgs/share/px4_msgs/package.bash'
[1.808s] INFO:colcon.colcon_core.shell:Creating package script '/home/kvvnbs/BuckeyeVerticalSoftwareV2/install/px4_msgs/share/px4_msgs/package.zsh'
[1.809s] Level 1:colcon.colcon_core.environment:create_file_with_runtime_dependencies(/home/kvvnbs/BuckeyeVerticalSoftwareV2/install/px4_msgs/share/colcon-core/packages/px4_msgs)
[1.809s] INFO:colcon.colcon_ros.task.ament_cmake.build:Building ROS package in '/home/kvvnbs/BuckeyeVerticalSoftwareV2/src/px4_ros_com' with build type 'ament_cmake'
[1.809s] INFO:colcon.colcon_cmake.task.cmake.build:Building CMake package in '/home/kvvnbs/BuckeyeVerticalSoftwareV2/src/px4_ros_com'
[1.809s] INFO:colcon.colcon_core.shell:Skip shell extension 'powershell' for command environment: Not usable outside of PowerShell
[1.809s] DEBUG:colcon.colcon_core.shell:Skip shell extension 'dsv' for command environment
[1.899s] DEBUG:colcon.colcon_core.event_handler.log_command:Invoking command in '/home/kvvnbs/BuckeyeVerticalSoftwareV2/build/px4_ros_com': AMENT_PREFIX_PATH=/home/kvvnbs/BuckeyeVerticalSoftwareV2/install/px4_msgs CMAKE_PREFIX_PATH=/home/kvvnbs/BuckeyeVerticalSoftwareV2/install/px4_msgs LD_LIBRARY_PATH=/home/kvvnbs/BuckeyeVerticalSoftwareV2/install/px4_msgs/lib PYTHONPATH=/home/kvvnbs/BuckeyeVerticalSoftwareV2/install/px4_msgs/local/lib/python3.10/dist-packages /usr/bin/cmake --build /home/kvvnbs/BuckeyeVerticalSoftwareV2/build/px4_ros_com -- -j16 -l16
[13.980s] DEBUG:colcon.colcon_core.event_handler.log_command:Invoked command in '/home/kvvnbs/BuckeyeVerticalSoftwareV2/build/px4_ros_com' returned '0': AMENT_PREFIX_PATH=/home/kvvnbs/BuckeyeVerticalSoftwareV2/install/px4_msgs CMAKE_PREFIX_PATH=/home/kvvnbs/BuckeyeVerticalSoftwareV2/install/px4_msgs LD_LIBRARY_PATH=/home/kvvnbs/BuckeyeVerticalSoftwareV2/install/px4_msgs/lib PYTHONPATH=/home/kvvnbs/BuckeyeVerticalSoftwareV2/install/px4_msgs/local/lib/python3.10/dist-packages /usr/bin/cmake --build /home/kvvnbs/BuckeyeVerticalSoftwareV2/build/px4_ros_com -- -j16 -l16
[13.983s] DEBUG:colcon.colcon_core.event_handler.log_command:Invoking command in '/home/kvvnbs/BuckeyeVerticalSoftwareV2/build/px4_ros_com': AMENT_PREFIX_PATH=/home/kvvnbs/BuckeyeVerticalSoftwareV2/install/px4_msgs CMAKE_PREFIX_PATH=/home/kvvnbs/BuckeyeVerticalSoftwareV2/install/px4_msgs LD_LIBRARY_PATH=/home/kvvnbs/BuckeyeVerticalSoftwareV2/install/px4_msgs/lib PYTHONPATH=/home/kvvnbs/BuckeyeVerticalSoftwareV2/install/px4_msgs/local/lib/python3.10/dist-packages /usr/bin/cmake --install /home/kvvnbs/BuckeyeVerticalSoftwareV2/build/px4_ros_com
[14.029s] Level 1:colcon.colcon_core.environment:create_environment_scripts_only(px4_ros_com)
[14.029s] Level 1:colcon.colcon_core.environment:checking '/home/kvvnbs/BuckeyeVerticalSoftwareV2/install/px4_ros_com' for CMake module files
[14.029s] DEBUG:colcon.colcon_core.event_handler.log_command:Invoked command in '/home/kvvnbs/BuckeyeVerticalSoftwareV2/build/px4_ros_com' returned '0': AMENT_PREFIX_PATH=/home/kvvnbs/BuckeyeVerticalSoftwareV2/install/px4_msgs CMAKE_PREFIX_PATH=/home/kvvnbs/BuckeyeVerticalSoftwareV2/install/px4_msgs LD_LIBRARY_PATH=/home/kvvnbs/BuckeyeVerticalSoftwareV2/install/px4_msgs/lib PYTHONPATH=/home/kvvnbs/BuckeyeVerticalSoftwareV2/install/px4_msgs/local/lib/python3.10/dist-packages /usr/bin/cmake --install /home/kvvnbs/BuckeyeVerticalSoftwareV2/build/px4_ros_com
[14.030s] Level 1:colcon.colcon_core.environment:checking '/home/kvvnbs/BuckeyeVerticalSoftwareV2/install/px4_ros_com' for CMake config files
[14.036s] Level 1:colcon.colcon_core.shell:create_environment_hook('px4_ros_com', 'cmake_prefix_path')
[14.036s] INFO:colcon.colcon_core.shell:Creating environment hook '/home/kvvnbs/BuckeyeVerticalSoftwareV2/install/px4_ros_com/share/px4_ros_com/hook/cmake_prefix_path.ps1'
[14.036s] INFO:colcon.colcon_core.shell:Creating environment descriptor '/home/kvvnbs/BuckeyeVerticalSoftwareV2/install/px4_ros_com/share/px4_ros_com/hook/cmake_prefix_path.dsv'
[14.037s] INFO:colcon.colcon_core.shell:Creating environment hook '/home/kvvnbs/BuckeyeVerticalSoftwareV2/install/px4_ros_com/share/px4_ros_com/hook/cmake_prefix_path.sh'
[14.037s] Level 1:colcon.colcon_core.environment:checking '/home/kvvnbs/BuckeyeVerticalSoftwareV2/install/px4_ros_com/lib'
[14.037s] Level 1:colcon.colcon_core.shell:create_environment_hook('px4_ros_com', 'ld_library_path_lib')
[14.037s] INFO:colcon.colcon_core.shell:Creating environment hook '/home/kvvnbs/BuckeyeVerticalSoftwareV2/install/px4_ros_com/share/px4_ros_com/hook/ld_library_path_lib.ps1'
[14.038s] INFO:colcon.colcon_core.shell:Creating environment descriptor '/home/kvvnbs/BuckeyeVerticalSoftwareV2/install/px4_ros_com/share/px4_ros_com/hook/ld_library_path_lib.dsv'
[14.038s] INFO:colcon.colcon_core.shell:Creating environment hook '/home/kvvnbs/BuckeyeVerticalSoftwareV2/install/px4_ros_com/share/px4_ros_com/hook/ld_library_path_lib.sh'
[14.038s] Level 1:colcon.colcon_core.environment:checking '/home/kvvnbs/BuckeyeVerticalSoftwareV2/install/px4_ros_com/bin'
[14.038s] Level 1:colcon.colcon_core.environment:checking '/home/kvvnbs/BuckeyeVerticalSoftwareV2/install/px4_ros_com/lib/pkgconfig/px4_ros_com.pc'
[14.038s] Level 1:colcon.colcon_core.environment:checking '/home/kvvnbs/BuckeyeVerticalSoftwareV2/install/px4_ros_com/lib/python3.10/site-packages'
[14.038s] Level 1:colcon.colcon_core.environment:checking '/home/kvvnbs/BuckeyeVerticalSoftwareV2/install/px4_ros_com/bin'
[14.039s] INFO:colcon.colcon_core.shell:Creating package script '/home/kvvnbs/BuckeyeVerticalSoftwareV2/install/px4_ros_com/share/px4_ros_com/package.ps1'
[14.039s] INFO:colcon.colcon_core.shell:Creating package descriptor '/home/kvvnbs/BuckeyeVerticalSoftwareV2/install/px4_ros_com/share/px4_ros_com/package.dsv'
[14.039s] INFO:colcon.colcon_core.shell:Creating package script '/home/kvvnbs/BuckeyeVerticalSoftwareV2/install/px4_ros_com/share/px4_ros_com/package.sh'
[14.039s] INFO:colcon.colcon_core.shell:Creating package script '/home/kvvnbs/BuckeyeVerticalSoftwareV2/install/px4_ros_com/share/px4_ros_com/package.bash'
[14.040s] INFO:colcon.colcon_core.shell:Creating package script '/home/kvvnbs/BuckeyeVerticalSoftwareV2/install/px4_ros_com/share/px4_ros_com/package.zsh'
[14.040s] Level 1:colcon.colcon_core.environment:create_file_with_runtime_dependencies(/home/kvvnbs/BuckeyeVerticalSoftwareV2/install/px4_ros_com/share/colcon-core/packages/px4_ros_com)
[14.040s] Level 1:colcon.colcon_core.environment:create_environment_scripts_only(px4_ros_com)
[14.040s] Level 1:colcon.colcon_core.environment:checking '/home/kvvnbs/BuckeyeVerticalSoftwareV2/install/px4_ros_com' for CMake module files
[14.041s] Level 1:colcon.colcon_core.environment:checking '/home/kvvnbs/BuckeyeVerticalSoftwareV2/install/px4_ros_com' for CMake config files
[14.041s] Level 1:colcon.colcon_core.shell:create_environment_hook('px4_ros_com', 'cmake_prefix_path')
[14.042s] INFO:colcon.colcon_core.shell:Creating environment hook '/home/kvvnbs/BuckeyeVerticalSoftwareV2/install/px4_ros_com/share/px4_ros_com/hook/cmake_prefix_path.ps1'
[14.042s] INFO:colcon.colcon_core.shell:Creating environment descriptor '/home/kvvnbs/BuckeyeVerticalSoftwareV2/install/px4_ros_com/share/px4_ros_com/hook/cmake_prefix_path.dsv'
[14.042s] INFO:colcon.colcon_core.shell:Creating environment hook '/home/kvvnbs/BuckeyeVerticalSoftwareV2/install/px4_ros_com/share/px4_ros_com/hook/cmake_prefix_path.sh'
[14.042s] Level 1:colcon.colcon_core.environment:checking '/home/kvvnbs/BuckeyeVerticalSoftwareV2/install/px4_ros_com/lib'
[14.043s] Level 1:colcon.colcon_core.shell:create_environment_hook('px4_ros_com', 'ld_library_path_lib')
[14.043s] INFO:colcon.colcon_core.shell:Creating environment hook '/home/kvvnbs/BuckeyeVerticalSoftwareV2/install/px4_ros_com/share/px4_ros_com/hook/ld_library_path_lib.ps1'
[14.043s] INFO:colcon.colcon_core.shell:Creating environment descriptor '/home/kvvnbs/BuckeyeVerticalSoftwareV2/install/px4_ros_com/share/px4_ros_com/hook/ld_library_path_lib.dsv'
[14.043s] INFO:colcon.colcon_core.shell:Creating environment hook '/home/kvvnbs/BuckeyeVerticalSoftwareV2/install/px4_ros_com/share/px4_ros_com/hook/ld_library_path_lib.sh'
[14.043s] Level 1:colcon.colcon_core.environment:checking '/home/kvvnbs/BuckeyeVerticalSoftwareV2/install/px4_ros_com/bin'
[14.043s] Level 1:colcon.colcon_core.environment:checking '/home/kvvnbs/BuckeyeVerticalSoftwareV2/install/px4_ros_com/lib/pkgconfig/px4_ros_com.pc'
[14.044s] Level 1:colcon.colcon_core.environment:checking '/home/kvvnbs/BuckeyeVerticalSoftwareV2/install/px4_ros_com/lib/python3.10/site-packages'
[14.044s] Level 1:colcon.colcon_core.environment:checking '/home/kvvnbs/BuckeyeVerticalSoftwareV2/install/px4_ros_com/bin'
[14.044s] INFO:colcon.colcon_core.shell:Creating package script '/home/kvvnbs/BuckeyeVerticalSoftwareV2/install/px4_ros_com/share/px4_ros_com/package.ps1'
[14.044s] INFO:colcon.colcon_core.shell:Creating package descriptor '/home/kvvnbs/BuckeyeVerticalSoftwareV2/install/px4_ros_com/share/px4_ros_com/package.dsv'
[14.045s] INFO:colcon.colcon_core.shell:Creating package script '/home/kvvnbs/BuckeyeVerticalSoftwareV2/install/px4_ros_com/share/px4_ros_com/package.sh'
[14.045s] INFO:colcon.colcon_core.shell:Creating package script '/home/kvvnbs/BuckeyeVerticalSoftwareV2/install/px4_ros_com/share/px4_ros_com/package.bash'
[14.045s] INFO:colcon.colcon_core.shell:Creating package script '/home/kvvnbs/BuckeyeVerticalSoftwareV2/install/px4_ros_com/share/px4_ros_com/package.zsh'
[14.045s] Level 1:colcon.colcon_core.environment:create_file_with_runtime_dependencies(/home/kvvnbs/BuckeyeVerticalSoftwareV2/install/px4_ros_com/share/colcon-core/packages/px4_ros_com)
[14.046s] DEBUG:colcon.colcon_parallel_executor.executor.parallel:closing loop
[14.046s] DEBUG:colcon.colcon_parallel_executor.executor.parallel:loop closed
[14.046s] DEBUG:colcon.colcon_parallel_executor.executor.parallel:run_until_complete finished with '0'
[14.046s] DEBUG:colcon.colcon_core.event_reactor:joining thread
[14.102s] INFO:colcon.colcon_core.plugin_system:Skipping extension 'colcon_notification.desktop_notification.notify_send': Could not find 'notify-send'
[14.102s] INFO:colcon.colcon_core.plugin_system:Skipping extension 'colcon_notification.desktop_notification.terminal_notifier': Not used on non-Darwin systems
[14.103s] INFO:colcon.colcon_core.plugin_system:Skipping extension 'colcon_notification.desktop_notification.win32': Not used on non-Windows systems
[14.103s] INFO:colcon.colcon_notification.desktop_notification:Sending desktop notification using 'notify2'
[14.107s] DEBUG:colcon.colcon_notification.desktop_notification.notify2:Failed to initialize notify2: org.freedesktop.DBus.Error.ServiceUnknown: The name org.freedesktop.Notifications was not provided by any .service files
[14.107s] DEBUG:colcon.colcon_core.event_reactor:joined thread
[14.108s] INFO:colcon.colcon_core.shell:Creating prefix script '/home/kvvnbs/BuckeyeVerticalSoftwareV2/install/local_setup.ps1'
[14.109s] INFO:colcon.colcon_core.shell:Creating prefix util module '/home/kvvnbs/BuckeyeVerticalSoftwareV2/install/_local_setup_util_ps1.py'
[14.111s] INFO:colcon.colcon_core.shell:Creating prefix chain script '/home/kvvnbs/BuckeyeVerticalSoftwareV2/install/setup.ps1'
[14.111s] INFO:colcon.colcon_core.shell:Creating prefix script '/home/kvvnbs/BuckeyeVerticalSoftwareV2/install/local_setup.sh'
[14.112s] INFO:colcon.colcon_core.shell:Creating prefix util module '/home/kvvnbs/BuckeyeVerticalSoftwareV2/install/_local_setup_util_sh.py'
[14.112s] INFO:colcon.colcon_core.shell:Creating prefix chain script '/home/kvvnbs/BuckeyeVerticalSoftwareV2/install/setup.sh'
[14.113s] INFO:colcon.colcon_core.shell:Creating prefix script '/home/kvvnbs/BuckeyeVerticalSoftwareV2/install/local_setup.bash'
[14.114s] INFO:colcon.colcon_core.shell:Creating prefix chain script '/home/kvvnbs/BuckeyeVerticalSoftwareV2/install/setup.bash'
[14.115s] INFO:colcon.colcon_core.shell:Creating prefix script '/home/kvvnbs/BuckeyeVerticalSoftwareV2/install/local_setup.zsh'
[14.116s] INFO:colcon.colcon_core.shell:Creating prefix chain script '/home/kvvnbs/BuckeyeVerticalSoftwareV2/install/setup.zsh'
