[0.138s] DEBUG:colcon:Command line arguments: ['/usr/bin/colcon', 'build']
[0.138s] DEBUG:colcon:Parsed command line arguments: Namespace(log_base=None, log_level=None, verb_name='build', build_base='build', install_base='install', merge_install=False, symlink_install=False, test_result_base=None, continue_on_error=False, executor='parallel', parallel_workers=16, event_handlers=None, ignore_user_meta=False, metas=['./colcon.meta'], base_paths=['.'], packages_ignore=None, packages_ignore_regex=None, paths=None, packages_up_to=None, packages_up_to_regex=None, packages_above=None, packages_above_and_dependencies=None, packages_above_depth=None, packages_select_by_dep=None, packages_skip_by_dep=None, packages_skip_up_to=None, packages_select_build_failed=False, packages_skip_build_finished=False, packages_select_test_failures=False, packages_skip_test_passed=False, packages_select=None, packages_skip=None, packages_select_regex=None, packages_skip_regex=None, packages_start=None, packages_end=None, allow_overriding=[], cmake_args=None, cmake_target=None, cmake_target_skip_unavailable=False, cmake_clean_cache=False, cmake_clean_first=False, cmake_force_configure=False, ament_cmake_args=None, catkin_cmake_args=None, catkin_skip_building_tests=False, verb_parser=<colcon_defaults.argument_parser.defaults.DefaultArgumentsDecorator object at 0x7fd0813297b0>, verb_extension=<colcon_core.verb.build.BuildVerb object at 0x7fd0814a6fb0>, main=<bound method BuildVerb.main of <colcon_core.verb.build.BuildVerb object at 0x7fd0814a6fb0>>)
[0.251s] Level 1:colcon.colcon_core.package_discovery:discover_packages(colcon_meta) check parameters
[0.251s] Level 1:colcon.colcon_core.package_discovery:discover_packages(recursive) check parameters
[0.251s] Level 1:colcon.colcon_core.package_discovery:discover_packages(ignore) check parameters
[0.251s] Level 1:colcon.colcon_core.package_discovery:discover_packages(path) check parameters
[0.251s] Level 1:colcon.colcon_core.package_discovery:discover_packages(colcon_meta) discover
[0.251s] Level 1:colcon.colcon_core.package_discovery:discover_packages(recursive) discover
[0.251s] INFO:colcon.colcon_core.package_discovery:Crawling recursively for packages in '/home/kvvnbs/BuckeyeVerticalSoftwareV2'
[0.251s] Level 1:colcon.colcon_core.package_identification:_identify(.) by extensions ['ignore', 'ignore_ament_install']
[0.251s] Level 1:colcon.colcon_core.package_identification:_identify(.) by extension 'ignore'
[0.251s] Level 1:colcon.colcon_core.package_identification:_identify(.) by extension 'ignore_ament_install'
[0.251s] Level 1:colcon.colcon_core.package_identification:_identify(.) by extensions ['colcon_pkg']
[0.251s] Level 1:colcon.colcon_core.package_identification:_identify(.) by extension 'colcon_pkg'
[0.251s] Level 1:colcon.colcon_core.package_identification:_identify(.) by extensions ['colcon_meta']
[0.251s] Level 1:colcon.colcon_core.package_identification:_identify(.) by extension 'colcon_meta'
[0.251s] Level 1:colcon.colcon_core.package_identification:_identify(.) by extensions ['ros']
[0.251s] Level 1:colcon.colcon_core.package_identification:_identify(.) by extension 'ros'
[0.259s] Level 1:colcon.colcon_core.package_identification:_identify(.) by extensions ['cmake', 'python']
[0.259s] Level 1:colcon.colcon_core.package_identification:_identify(.) by extension 'cmake'
[0.259s] Level 1:colcon.colcon_core.package_identification:_identify(.) by extension 'python'
[0.259s] Level 1:colcon.colcon_core.package_identification:_identify(.) by extensions ['python_setup_py']
[0.259s] Level 1:colcon.colcon_core.package_identification:_identify(.) by extension 'python_setup_py'
[0.259s] Level 1:colcon.colcon_core.package_identification:_identify(build) by extensions ['ignore', 'ignore_ament_install']
[0.259s] Level 1:colcon.colcon_core.package_identification:_identify(build) by extension 'ignore'
[0.259s] Level 1:colcon.colcon_core.package_identification:_identify(build) ignored
[0.259s] Level 1:colcon.colcon_core.package_identification:_identify(install) by extensions ['ignore', 'ignore_ament_install']
[0.259s] Level 1:colcon.colcon_core.package_identification:_identify(install) by extension 'ignore'
[0.259s] Level 1:colcon.colcon_core.package_identification:_identify(install) ignored
[0.259s] Level 1:colcon.colcon_core.package_identification:_identify(log) by extensions ['ignore', 'ignore_ament_install']
[0.259s] Level 1:colcon.colcon_core.package_identification:_identify(log) by extension 'ignore'
[0.259s] Level 1:colcon.colcon_core.package_identification:_identify(log) ignored
[0.259s] Level 1:colcon.colcon_core.package_identification:_identify(src) by extensions ['ignore', 'ignore_ament_install']
[0.259s] Level 1:colcon.colcon_core.package_identification:_identify(src) by extension 'ignore'
[0.259s] Level 1:colcon.colcon_core.package_identification:_identify(src) by extension 'ignore_ament_install'
[0.259s] Level 1:colcon.colcon_core.package_identification:_identify(src) by extensions ['colcon_pkg']
[0.259s] Level 1:colcon.colcon_core.package_identification:_identify(src) by extension 'colcon_pkg'
[0.259s] Level 1:colcon.colcon_core.package_identification:_identify(src) by extensions ['colcon_meta']
[0.259s] Level 1:colcon.colcon_core.package_identification:_identify(src) by extension 'colcon_meta'
[0.259s] Level 1:colcon.colcon_core.package_identification:_identify(src) by extensions ['ros']
[0.259s] Level 1:colcon.colcon_core.package_identification:_identify(src) by extension 'ros'
[0.259s] Level 1:colcon.colcon_core.package_identification:_identify(src) by extensions ['cmake', 'python']
[0.259s] Level 1:colcon.colcon_core.package_identification:_identify(src) by extension 'cmake'
[0.259s] Level 1:colcon.colcon_core.package_identification:_identify(src) by extension 'python'
[0.259s] Level 1:colcon.colcon_core.package_identification:_identify(src) by extensions ['python_setup_py']
[0.259s] Level 1:colcon.colcon_core.package_identification:_identify(src) by extension 'python_setup_py'
[0.260s] Level 1:colcon.colcon_core.package_identification:_identify(src/px4_msgs) by extensions ['ignore', 'ignore_ament_install']
[0.260s] Level 1:colcon.colcon_core.package_identification:_identify(src/px4_msgs) by extension 'ignore'
[0.260s] Level 1:colcon.colcon_core.package_identification:_identify(src/px4_msgs) by extension 'ignore_ament_install'
[0.260s] Level 1:colcon.colcon_core.package_identification:_identify(src/px4_msgs) by extensions ['colcon_pkg']
[0.260s] Level 1:colcon.colcon_core.package_identification:_identify(src/px4_msgs) by extension 'colcon_pkg'
[0.260s] Level 1:colcon.colcon_core.package_identification:_identify(src/px4_msgs) by extensions ['colcon_meta']
[0.260s] Level 1:colcon.colcon_core.package_identification:_identify(src/px4_msgs) by extension 'colcon_meta'
[0.260s] Level 1:colcon.colcon_core.package_identification:_identify(src/px4_msgs) by extensions ['ros']
[0.260s] Level 1:colcon.colcon_core.package_identification:_identify(src/px4_msgs) by extension 'ros'
[0.261s] DEBUG:colcon.colcon_core.package_identification:Package 'src/px4_msgs' with type 'ros.ament_cmake' and name 'px4_msgs'
[0.261s] Level 1:colcon.colcon_core.package_identification:_identify(src/px4_ros_com) by extensions ['ignore', 'ignore_ament_install']
[0.261s] Level 1:colcon.colcon_core.package_identification:_identify(src/px4_ros_com) by extension 'ignore'
[0.261s] Level 1:colcon.colcon_core.package_identification:_identify(src/px4_ros_com) by extension 'ignore_ament_install'
[0.262s] Level 1:colcon.colcon_core.package_identification:_identify(src/px4_ros_com) by extensions ['colcon_pkg']
[0.262s] Level 1:colcon.colcon_core.package_identification:_identify(src/px4_ros_com) by extension 'colcon_pkg'
[0.262s] Level 1:colcon.colcon_core.package_identification:_identify(src/px4_ros_com) by extensions ['colcon_meta']
[0.262s] Level 1:colcon.colcon_core.package_identification:_identify(src/px4_ros_com) by extension 'colcon_meta'
[0.262s] Level 1:colcon.colcon_core.package_identification:_identify(src/px4_ros_com) by extensions ['ros']
[0.262s] Level 1:colcon.colcon_core.package_identification:_identify(src/px4_ros_com) by extension 'ros'
[0.262s] DEBUG:colcon.colcon_core.package_identification:Package 'src/px4_ros_com' with type 'ros.ament_cmake' and name 'px4_ros_com'
[0.262s] Level 1:colcon.colcon_core.package_discovery:discover_packages(recursive) using defaults
[0.262s] Level 1:colcon.colcon_core.package_discovery:discover_packages(ignore) discover
[0.262s] Level 1:colcon.colcon_core.package_discovery:discover_packages(ignore) using defaults
[0.262s] Level 1:colcon.colcon_core.package_discovery:discover_packages(path) discover
[0.263s] Level 1:colcon.colcon_core.package_discovery:discover_packages(path) using defaults
[0.281s] Level 1:colcon.colcon_core.package_discovery:discover_packages(prefix_path) check parameters
[0.281s] Level 1:colcon.colcon_core.package_discovery:discover_packages(prefix_path) discover
[0.283s] DEBUG:colcon.colcon_installed_package_information.package_discovery:Found 2 installed packages in /home/kvvnbs/BuckeyeVerticalSoftwareV2/install
[0.283s] DEBUG:colcon.colcon_installed_package_information.package_discovery:Found 270 installed packages in /opt/ros/humble
[0.284s] Level 1:colcon.colcon_core.package_discovery:discover_packages(prefix_path) using defaults
[0.306s] Level 5:colcon.colcon_core.verb:set package 'px4_msgs' build argument 'cmake_args' from command line to 'None'
[0.306s] Level 5:colcon.colcon_core.verb:set package 'px4_msgs' build argument 'cmake_target' from command line to 'None'
[0.306s] Level 5:colcon.colcon_core.verb:set package 'px4_msgs' build argument 'cmake_target_skip_unavailable' from command line to 'False'
[0.306s] Level 5:colcon.colcon_core.verb:set package 'px4_msgs' build argument 'cmake_clean_cache' from command line to 'False'
[0.306s] Level 5:colcon.colcon_core.verb:set package 'px4_msgs' build argument 'cmake_clean_first' from command line to 'False'
[0.306s] Level 5:colcon.colcon_core.verb:set package 'px4_msgs' build argument 'cmake_force_configure' from command line to 'False'
[0.306s] Level 5:colcon.colcon_core.verb:set package 'px4_msgs' build argument 'ament_cmake_args' from command line to 'None'
[0.306s] Level 5:colcon.colcon_core.verb:set package 'px4_msgs' build argument 'catkin_cmake_args' from command line to 'None'
[0.306s] Level 5:colcon.colcon_core.verb:set package 'px4_msgs' build argument 'catkin_skip_building_tests' from command line to 'False'
[0.306s] DEBUG:colcon.colcon_core.verb:Building package 'px4_msgs' with the following arguments: {'ament_cmake_args': None, 'build_base': '/home/kvvnbs/BuckeyeVerticalSoftwareV2/build/px4_msgs', 'catkin_cmake_args': None, 'catkin_skip_building_tests': False, 'cmake_args': None, 'cmake_clean_cache': False, 'cmake_clean_first': False, 'cmake_force_configure': False, 'cmake_target': None, 'cmake_target_skip_unavailable': False, 'install_base': '/home/kvvnbs/BuckeyeVerticalSoftwareV2/install/px4_msgs', 'merge_install': False, 'path': '/home/kvvnbs/BuckeyeVerticalSoftwareV2/src/px4_msgs', 'symlink_install': False, 'test_result_base': None}
[0.306s] Level 5:colcon.colcon_core.verb:set package 'px4_ros_com' build argument 'cmake_args' from command line to 'None'
[0.306s] Level 5:colcon.colcon_core.verb:set package 'px4_ros_com' build argument 'cmake_target' from command line to 'None'
[0.306s] Level 5:colcon.colcon_core.verb:set package 'px4_ros_com' build argument 'cmake_target_skip_unavailable' from command line to 'False'
[0.306s] Level 5:colcon.colcon_core.verb:set package 'px4_ros_com' build argument 'cmake_clean_cache' from command line to 'False'
[0.306s] Level 5:colcon.colcon_core.verb:set package 'px4_ros_com' build argument 'cmake_clean_first' from command line to 'False'
[0.306s] Level 5:colcon.colcon_core.verb:set package 'px4_ros_com' build argument 'cmake_force_configure' from command line to 'False'
[0.306s] Level 5:colcon.colcon_core.verb:set package 'px4_ros_com' build argument 'ament_cmake_args' from command line to 'None'
[0.306s] Level 5:colcon.colcon_core.verb:set package 'px4_ros_com' build argument 'catkin_cmake_args' from command line to 'None'
[0.306s] Level 5:colcon.colcon_core.verb:set package 'px4_ros_com' build argument 'catkin_skip_building_tests' from command line to 'False'
[0.306s] DEBUG:colcon.colcon_core.verb:Building package 'px4_ros_com' with the following arguments: {'ament_cmake_args': None, 'build_base': '/home/kvvnbs/BuckeyeVerticalSoftwareV2/build/px4_ros_com', 'catkin_cmake_args': None, 'catkin_skip_building_tests': False, 'cmake_args': None, 'cmake_clean_cache': False, 'cmake_clean_first': False, 'cmake_force_configure': False, 'cmake_target': None, 'cmake_target_skip_unavailable': False, 'install_base': '/home/kvvnbs/BuckeyeVerticalSoftwareV2/install/px4_ros_com', 'merge_install': False, 'path': '/home/kvvnbs/BuckeyeVerticalSoftwareV2/src/px4_ros_com', 'symlink_install': False, 'test_result_base': None}
[0.306s] INFO:colcon.colcon_core.executor:Executing jobs using 'parallel' executor
[0.307s] DEBUG:colcon.colcon_parallel_executor.executor.parallel:run_until_complete
[0.307s] INFO:colcon.colcon_ros.task.ament_cmake.build:Building ROS package in '/home/kvvnbs/BuckeyeVerticalSoftwareV2/src/px4_msgs' with build type 'ament_cmake'
[0.307s] INFO:colcon.colcon_cmake.task.cmake.build:Building CMake package in '/home/kvvnbs/BuckeyeVerticalSoftwareV2/src/px4_msgs'
[0.309s] INFO:colcon.colcon_core.plugin_system:Skipping extension 'colcon_core.shell.bat': Not used on non-Windows systems
[0.309s] INFO:colcon.colcon_core.shell:Skip shell extension 'powershell' for command environment: Not usable outside of PowerShell
[0.310s] DEBUG:colcon.colcon_core.shell:Skip shell extension 'dsv' for command environment
[0.318s] DEBUG:colcon.colcon_core.event_handler.log_command:Invoking command in '/home/kvvnbs/BuckeyeVerticalSoftwareV2/build/px4_msgs': CMAKE_PREFIX_PATH=${CMAKE_PREFIX_PATH}:/opt/ros/humble /usr/bin/cmake --build /home/kvvnbs/BuckeyeVerticalSoftwareV2/build/px4_msgs -- -j16 -l16
[0.890s] DEBUG:colcon.colcon_core.event_handler.log_command:Invoked command in '/home/kvvnbs/BuckeyeVerticalSoftwareV2/build/px4_msgs' returned '0': CMAKE_PREFIX_PATH=${CMAKE_PREFIX_PATH}:/opt/ros/humble /usr/bin/cmake --build /home/kvvnbs/BuckeyeVerticalSoftwareV2/build/px4_msgs -- -j16 -l16
[0.895s] DEBUG:colcon.colcon_core.event_handler.log_command:Invoking command in '/home/kvvnbs/BuckeyeVerticalSoftwareV2/build/px4_msgs': CMAKE_PREFIX_PATH=${CMAKE_PREFIX_PATH}:/opt/ros/humble /usr/bin/cmake --install /home/kvvnbs/BuckeyeVerticalSoftwareV2/build/px4_msgs
[1.260s] Level 1:colcon.colcon_core.environment:create_environment_scripts_only(px4_msgs)
[1.352s] Level 1:colcon.colcon_core.environment:checking '/home/kvvnbs/BuckeyeVerticalSoftwareV2/install/px4_msgs' for CMake module files
[1.372s] Level 1:colcon.colcon_core.environment:checking '/home/kvvnbs/BuckeyeVerticalSoftwareV2/install/px4_msgs' for CMake config files
[1.388s] DEBUG:colcon.colcon_core.event_handler.log_command:Invoked command in '/home/kvvnbs/BuckeyeVerticalSoftwareV2/build/px4_msgs' returned '0': CMAKE_PREFIX_PATH=${CMAKE_PREFIX_PATH}:/opt/ros/humble /usr/bin/cmake --install /home/kvvnbs/BuckeyeVerticalSoftwareV2/build/px4_msgs
[1.391s] Level 1:colcon.colcon_core.shell:create_environment_hook('px4_msgs', 'cmake_prefix_path')
[1.391s] INFO:colcon.colcon_core.shell:Creating environment hook '/home/kvvnbs/BuckeyeVerticalSoftwareV2/install/px4_msgs/share/px4_msgs/hook/cmake_prefix_path.ps1'
[1.392s] INFO:colcon.colcon_core.shell:Creating environment descriptor '/home/kvvnbs/BuckeyeVerticalSoftwareV2/install/px4_msgs/share/px4_msgs/hook/cmake_prefix_path.dsv'
[1.392s] INFO:colcon.colcon_core.shell:Creating environment hook '/home/kvvnbs/BuckeyeVerticalSoftwareV2/install/px4_msgs/share/px4_msgs/hook/cmake_prefix_path.sh'
[1.393s] Level 1:colcon.colcon_core.environment:checking '/home/kvvnbs/BuckeyeVerticalSoftwareV2/install/px4_msgs/lib'
[1.393s] Level 1:colcon.colcon_core.shell:create_environment_hook('px4_msgs', 'ld_library_path_lib')
[1.393s] INFO:colcon.colcon_core.shell:Creating environment hook '/home/kvvnbs/BuckeyeVerticalSoftwareV2/install/px4_msgs/share/px4_msgs/hook/ld_library_path_lib.ps1'
[1.393s] INFO:colcon.colcon_core.shell:Creating environment descriptor '/home/kvvnbs/BuckeyeVerticalSoftwareV2/install/px4_msgs/share/px4_msgs/hook/ld_library_path_lib.dsv'
[1.394s] INFO:colcon.colcon_core.shell:Creating environment hook '/home/kvvnbs/BuckeyeVerticalSoftwareV2/install/px4_msgs/share/px4_msgs/hook/ld_library_path_lib.sh'
[1.394s] Level 1:colcon.colcon_core.environment:checking '/home/kvvnbs/BuckeyeVerticalSoftwareV2/install/px4_msgs/bin'
[1.394s] Level 1:colcon.colcon_core.environment:checking '/home/kvvnbs/BuckeyeVerticalSoftwareV2/install/px4_msgs/lib/pkgconfig/px4_msgs.pc'
[1.394s] Level 1:colcon.colcon_core.environment:checking '/home/kvvnbs/BuckeyeVerticalSoftwareV2/install/px4_msgs/lib/python3.10/site-packages'
[1.394s] Level 1:colcon.colcon_core.environment:checking '/home/kvvnbs/BuckeyeVerticalSoftwareV2/install/px4_msgs/bin'
[1.394s] INFO:colcon.colcon_core.shell:Creating package script '/home/kvvnbs/BuckeyeVerticalSoftwareV2/install/px4_msgs/share/px4_msgs/package.ps1'
[1.395s] INFO:colcon.colcon_core.shell:Creating package descriptor '/home/kvvnbs/BuckeyeVerticalSoftwareV2/install/px4_msgs/share/px4_msgs/package.dsv'
[1.395s] INFO:colcon.colcon_core.shell:Creating package script '/home/kvvnbs/BuckeyeVerticalSoftwareV2/install/px4_msgs/share/px4_msgs/package.sh'
[1.396s] INFO:colcon.colcon_core.shell:Creating package script '/home/kvvnbs/BuckeyeVerticalSoftwareV2/install/px4_msgs/share/px4_msgs/package.bash'
[1.396s] INFO:colcon.colcon_core.shell:Creating package script '/home/kvvnbs/BuckeyeVerticalSoftwareV2/install/px4_msgs/share/px4_msgs/package.zsh'
[1.397s] Level 1:colcon.colcon_core.environment:create_file_with_runtime_dependencies(/home/kvvnbs/BuckeyeVerticalSoftwareV2/install/px4_msgs/share/colcon-core/packages/px4_msgs)
[1.397s] Level 1:colcon.colcon_core.environment:create_environment_scripts_only(px4_msgs)
[1.397s] Level 1:colcon.colcon_core.environment:checking '/home/kvvnbs/BuckeyeVerticalSoftwareV2/install/px4_msgs' for CMake module files
[1.398s] Level 1:colcon.colcon_core.environment:checking '/home/kvvnbs/BuckeyeVerticalSoftwareV2/install/px4_msgs' for CMake config files
[1.401s] Level 1:colcon.colcon_core.shell:create_environment_hook('px4_msgs', 'cmake_prefix_path')
[1.401s] INFO:colcon.colcon_core.shell:Creating environment hook '/home/kvvnbs/BuckeyeVerticalSoftwareV2/install/px4_msgs/share/px4_msgs/hook/cmake_prefix_path.ps1'
[1.401s] INFO:colcon.colcon_core.shell:Creating environment descriptor '/home/kvvnbs/BuckeyeVerticalSoftwareV2/install/px4_msgs/share/px4_msgs/hook/cmake_prefix_path.dsv'
[1.402s] INFO:colcon.colcon_core.shell:Creating environment hook '/home/kvvnbs/BuckeyeVerticalSoftwareV2/install/px4_msgs/share/px4_msgs/hook/cmake_prefix_path.sh'
[1.402s] Level 1:colcon.colcon_core.environment:checking '/home/kvvnbs/BuckeyeVerticalSoftwareV2/install/px4_msgs/lib'
[1.402s] Level 1:colcon.colcon_core.shell:create_environment_hook('px4_msgs', 'ld_library_path_lib')
[1.402s] INFO:colcon.colcon_core.shell:Creating environment hook '/home/kvvnbs/BuckeyeVerticalSoftwareV2/install/px4_msgs/share/px4_msgs/hook/ld_library_path_lib.ps1'
[1.403s] INFO:colcon.colcon_core.shell:Creating environment descriptor '/home/kvvnbs/BuckeyeVerticalSoftwareV2/install/px4_msgs/share/px4_msgs/hook/ld_library_path_lib.dsv'
[1.403s] INFO:colcon.colcon_core.shell:Creating environment hook '/home/kvvnbs/BuckeyeVerticalSoftwareV2/install/px4_msgs/share/px4_msgs/hook/ld_library_path_lib.sh'
[1.403s] Level 1:colcon.colcon_core.environment:checking '/home/kvvnbs/BuckeyeVerticalSoftwareV2/install/px4_msgs/bin'
[1.403s] Level 1:colcon.colcon_core.environment:checking '/home/kvvnbs/BuckeyeVerticalSoftwareV2/install/px4_msgs/lib/pkgconfig/px4_msgs.pc'
[1.403s] Level 1:colcon.colcon_core.environment:checking '/home/kvvnbs/BuckeyeVerticalSoftwareV2/install/px4_msgs/lib/python3.10/site-packages'
[1.403s] Level 1:colcon.colcon_core.environment:checking '/home/kvvnbs/BuckeyeVerticalSoftwareV2/install/px4_msgs/bin'
[1.404s] INFO:colcon.colcon_core.shell:Creating package script '/home/kvvnbs/BuckeyeVerticalSoftwareV2/install/px4_msgs/share/px4_msgs/package.ps1'
[1.404s] INFO:colcon.colcon_core.shell:Creating package descriptor '/home/kvvnbs/BuckeyeVerticalSoftwareV2/install/px4_msgs/share/px4_msgs/package.dsv'
[1.404s] INFO:colcon.colcon_core.shell:Creating package script '/home/kvvnbs/BuckeyeVerticalSoftwareV2/install/px4_msgs/share/px4_msgs/package.sh'
[1.405s] INFO:colcon.colcon_core.shell:Creating package script '/home/kvvnbs/BuckeyeVerticalSoftwareV2/install/px4_msgs/share/px4_msgs/package.bash'
[1.405s] INFO:colcon.colcon_core.shell:Creating package script '/home/kvvnbs/BuckeyeVerticalSoftwareV2/install/px4_msgs/share/px4_msgs/package.zsh'
[1.405s] Level 1:colcon.colcon_core.environment:create_file_with_runtime_dependencies(/home/kvvnbs/BuckeyeVerticalSoftwareV2/install/px4_msgs/share/colcon-core/packages/px4_msgs)
[1.405s] INFO:colcon.colcon_ros.task.ament_cmake.build:Building ROS package in '/home/kvvnbs/BuckeyeVerticalSoftwareV2/src/px4_ros_com' with build type 'ament_cmake'
[1.406s] INFO:colcon.colcon_cmake.task.cmake.build:Building CMake package in '/home/kvvnbs/BuckeyeVerticalSoftwareV2/src/px4_ros_com'
[1.406s] INFO:colcon.colcon_core.shell:Skip shell extension 'powershell' for command environment: Not usable outside of PowerShell
[1.406s] DEBUG:colcon.colcon_core.shell:Skip shell extension 'dsv' for command environment
[1.494s] DEBUG:colcon.colcon_core.event_handler.log_command:Invoking command in '/home/kvvnbs/BuckeyeVerticalSoftwareV2/build/px4_ros_com': CMAKE_PREFIX_PATH=/home/kvvnbs/BuckeyeVerticalSoftwareV2/install/px4_msgs:/home/kvvnbs/BuckeyeVerticalSoftwareV2/install/px4_ros_com:/opt/ros/humble LD_LIBRARY_PATH=/home/kvvnbs/BuckeyeVerticalSoftwareV2/install/px4_msgs/lib:/home/kvvnbs/BuckeyeVerticalSoftwareV2/install/px4_ros_com/lib:/opt/ros/humble/opt/rviz_ogre_vendor/lib:/opt/ros/humble/lib/x86_64-linux-gnu:/opt/ros/humble/lib /usr/bin/cmake --build /home/kvvnbs/BuckeyeVerticalSoftwareV2/build/px4_ros_com -- -j16 -l16
[13.504s] DEBUG:colcon.colcon_core.event_handler.log_command:Invoked command in '/home/kvvnbs/BuckeyeVerticalSoftwareV2/build/px4_ros_com' returned '0': CMAKE_PREFIX_PATH=/home/kvvnbs/BuckeyeVerticalSoftwareV2/install/px4_msgs:/home/kvvnbs/BuckeyeVerticalSoftwareV2/install/px4_ros_com:/opt/ros/humble LD_LIBRARY_PATH=/home/kvvnbs/BuckeyeVerticalSoftwareV2/install/px4_msgs/lib:/home/kvvnbs/BuckeyeVerticalSoftwareV2/install/px4_ros_com/lib:/opt/ros/humble/opt/rviz_ogre_vendor/lib:/opt/ros/humble/lib/x86_64-linux-gnu:/opt/ros/humble/lib /usr/bin/cmake --build /home/kvvnbs/BuckeyeVerticalSoftwareV2/build/px4_ros_com -- -j16 -l16
[13.505s] DEBUG:colcon.colcon_core.event_handler.log_command:Invoking command in '/home/kvvnbs/BuckeyeVerticalSoftwareV2/build/px4_ros_com': CMAKE_PREFIX_PATH=/home/kvvnbs/BuckeyeVerticalSoftwareV2/install/px4_msgs:/home/kvvnbs/BuckeyeVerticalSoftwareV2/install/px4_ros_com:/opt/ros/humble LD_LIBRARY_PATH=/home/kvvnbs/BuckeyeVerticalSoftwareV2/install/px4_msgs/lib:/home/kvvnbs/BuckeyeVerticalSoftwareV2/install/px4_ros_com/lib:/opt/ros/humble/opt/rviz_ogre_vendor/lib:/opt/ros/humble/lib/x86_64-linux-gnu:/opt/ros/humble/lib /usr/bin/cmake --install /home/kvvnbs/BuckeyeVerticalSoftwareV2/build/px4_ros_com
[13.549s] Level 1:colcon.colcon_core.environment:create_environment_scripts_only(px4_ros_com)
[13.550s] Level 1:colcon.colcon_core.environment:checking '/home/kvvnbs/BuckeyeVerticalSoftwareV2/install/px4_ros_com' for CMake module files
[13.551s] DEBUG:colcon.colcon_core.event_handler.log_command:Invoked command in '/home/kvvnbs/BuckeyeVerticalSoftwareV2/build/px4_ros_com' returned '0': CMAKE_PREFIX_PATH=/home/kvvnbs/BuckeyeVerticalSoftwareV2/install/px4_msgs:/home/kvvnbs/BuckeyeVerticalSoftwareV2/install/px4_ros_com:/opt/ros/humble LD_LIBRARY_PATH=/home/kvvnbs/BuckeyeVerticalSoftwareV2/install/px4_msgs/lib:/home/kvvnbs/BuckeyeVerticalSoftwareV2/install/px4_ros_com/lib:/opt/ros/humble/opt/rviz_ogre_vendor/lib:/opt/ros/humble/lib/x86_64-linux-gnu:/opt/ros/humble/lib /usr/bin/cmake --install /home/kvvnbs/BuckeyeVerticalSoftwareV2/build/px4_ros_com
[13.551s] Level 1:colcon.colcon_core.environment:checking '/home/kvvnbs/BuckeyeVerticalSoftwareV2/install/px4_ros_com' for CMake config files
[13.551s] Level 1:colcon.colcon_core.shell:create_environment_hook('px4_ros_com', 'cmake_prefix_path')
[13.552s] INFO:colcon.colcon_core.shell:Creating environment hook '/home/kvvnbs/BuckeyeVerticalSoftwareV2/install/px4_ros_com/share/px4_ros_com/hook/cmake_prefix_path.ps1'
[13.552s] INFO:colcon.colcon_core.shell:Creating environment descriptor '/home/kvvnbs/BuckeyeVerticalSoftwareV2/install/px4_ros_com/share/px4_ros_com/hook/cmake_prefix_path.dsv'
[13.552s] INFO:colcon.colcon_core.shell:Creating environment hook '/home/kvvnbs/BuckeyeVerticalSoftwareV2/install/px4_ros_com/share/px4_ros_com/hook/cmake_prefix_path.sh'
[13.552s] Level 1:colcon.colcon_core.environment:checking '/home/kvvnbs/BuckeyeVerticalSoftwareV2/install/px4_ros_com/lib'
[13.552s] Level 1:colcon.colcon_core.shell:create_environment_hook('px4_ros_com', 'ld_library_path_lib')
[13.553s] INFO:colcon.colcon_core.shell:Creating environment hook '/home/kvvnbs/BuckeyeVerticalSoftwareV2/install/px4_ros_com/share/px4_ros_com/hook/ld_library_path_lib.ps1'
[13.553s] INFO:colcon.colcon_core.shell:Creating environment descriptor '/home/kvvnbs/BuckeyeVerticalSoftwareV2/install/px4_ros_com/share/px4_ros_com/hook/ld_library_path_lib.dsv'
[13.553s] INFO:colcon.colcon_core.shell:Creating environment hook '/home/kvvnbs/BuckeyeVerticalSoftwareV2/install/px4_ros_com/share/px4_ros_com/hook/ld_library_path_lib.sh'
[13.553s] Level 1:colcon.colcon_core.environment:checking '/home/kvvnbs/BuckeyeVerticalSoftwareV2/install/px4_ros_com/bin'
[13.553s] Level 1:colcon.colcon_core.environment:checking '/home/kvvnbs/BuckeyeVerticalSoftwareV2/install/px4_ros_com/lib/pkgconfig/px4_ros_com.pc'
[13.554s] Level 1:colcon.colcon_core.environment:checking '/home/kvvnbs/BuckeyeVerticalSoftwareV2/install/px4_ros_com/lib/python3.10/site-packages'
[13.554s] Level 1:colcon.colcon_core.environment:checking '/home/kvvnbs/BuckeyeVerticalSoftwareV2/install/px4_ros_com/bin'
[13.554s] INFO:colcon.colcon_core.shell:Creating package script '/home/kvvnbs/BuckeyeVerticalSoftwareV2/install/px4_ros_com/share/px4_ros_com/package.ps1'
[13.554s] INFO:colcon.colcon_core.shell:Creating package descriptor '/home/kvvnbs/BuckeyeVerticalSoftwareV2/install/px4_ros_com/share/px4_ros_com/package.dsv'
[13.555s] INFO:colcon.colcon_core.shell:Creating package script '/home/kvvnbs/BuckeyeVerticalSoftwareV2/install/px4_ros_com/share/px4_ros_com/package.sh'
[13.555s] INFO:colcon.colcon_core.shell:Creating package script '/home/kvvnbs/BuckeyeVerticalSoftwareV2/install/px4_ros_com/share/px4_ros_com/package.bash'
[13.555s] INFO:colcon.colcon_core.shell:Creating package script '/home/kvvnbs/BuckeyeVerticalSoftwareV2/install/px4_ros_com/share/px4_ros_com/package.zsh'
[13.555s] Level 1:colcon.colcon_core.environment:create_file_with_runtime_dependencies(/home/kvvnbs/BuckeyeVerticalSoftwareV2/install/px4_ros_com/share/colcon-core/packages/px4_ros_com)
[13.556s] Level 1:colcon.colcon_core.environment:create_environment_scripts_only(px4_ros_com)
[13.556s] Level 1:colcon.colcon_core.environment:checking '/home/kvvnbs/BuckeyeVerticalSoftwareV2/install/px4_ros_com' for CMake module files
[13.556s] Level 1:colcon.colcon_core.environment:checking '/home/kvvnbs/BuckeyeVerticalSoftwareV2/install/px4_ros_com' for CMake config files
[13.556s] Level 1:colcon.colcon_core.shell:create_environment_hook('px4_ros_com', 'cmake_prefix_path')
[13.556s] INFO:colcon.colcon_core.shell:Creating environment hook '/home/kvvnbs/BuckeyeVerticalSoftwareV2/install/px4_ros_com/share/px4_ros_com/hook/cmake_prefix_path.ps1'
[13.557s] INFO:colcon.colcon_core.shell:Creating environment descriptor '/home/kvvnbs/BuckeyeVerticalSoftwareV2/install/px4_ros_com/share/px4_ros_com/hook/cmake_prefix_path.dsv'
[13.557s] INFO:colcon.colcon_core.shell:Creating environment hook '/home/kvvnbs/BuckeyeVerticalSoftwareV2/install/px4_ros_com/share/px4_ros_com/hook/cmake_prefix_path.sh'
[13.557s] Level 1:colcon.colcon_core.environment:checking '/home/kvvnbs/BuckeyeVerticalSoftwareV2/install/px4_ros_com/lib'
[13.557s] Level 1:colcon.colcon_core.shell:create_environment_hook('px4_ros_com', 'ld_library_path_lib')
[13.557s] INFO:colcon.colcon_core.shell:Creating environment hook '/home/kvvnbs/BuckeyeVerticalSoftwareV2/install/px4_ros_com/share/px4_ros_com/hook/ld_library_path_lib.ps1'
[13.557s] INFO:colcon.colcon_core.shell:Creating environment descriptor '/home/kvvnbs/BuckeyeVerticalSoftwareV2/install/px4_ros_com/share/px4_ros_com/hook/ld_library_path_lib.dsv'
[13.557s] INFO:colcon.colcon_core.shell:Creating environment hook '/home/kvvnbs/BuckeyeVerticalSoftwareV2/install/px4_ros_com/share/px4_ros_com/hook/ld_library_path_lib.sh'
[13.558s] Level 1:colcon.colcon_core.environment:checking '/home/kvvnbs/BuckeyeVerticalSoftwareV2/install/px4_ros_com/bin'
[13.558s] Level 1:colcon.colcon_core.environment:checking '/home/kvvnbs/BuckeyeVerticalSoftwareV2/install/px4_ros_com/lib/pkgconfig/px4_ros_com.pc'
[13.558s] Level 1:colcon.colcon_core.environment:checking '/home/kvvnbs/BuckeyeVerticalSoftwareV2/install/px4_ros_com/lib/python3.10/site-packages'
[13.558s] Level 1:colcon.colcon_core.environment:checking '/home/kvvnbs/BuckeyeVerticalSoftwareV2/install/px4_ros_com/bin'
[13.558s] INFO:colcon.colcon_core.shell:Creating package script '/home/kvvnbs/BuckeyeVerticalSoftwareV2/install/px4_ros_com/share/px4_ros_com/package.ps1'
[13.559s] INFO:colcon.colcon_core.shell:Creating package descriptor '/home/kvvnbs/BuckeyeVerticalSoftwareV2/install/px4_ros_com/share/px4_ros_com/package.dsv'
[13.559s] INFO:colcon.colcon_core.shell:Creating package script '/home/kvvnbs/BuckeyeVerticalSoftwareV2/install/px4_ros_com/share/px4_ros_com/package.sh'
[13.559s] INFO:colcon.colcon_core.shell:Creating package script '/home/kvvnbs/BuckeyeVerticalSoftwareV2/install/px4_ros_com/share/px4_ros_com/package.bash'
[13.559s] INFO:colcon.colcon_core.shell:Creating package script '/home/kvvnbs/BuckeyeVerticalSoftwareV2/install/px4_ros_com/share/px4_ros_com/package.zsh'
[13.560s] Level 1:colcon.colcon_core.environment:create_file_with_runtime_dependencies(/home/kvvnbs/BuckeyeVerticalSoftwareV2/install/px4_ros_com/share/colcon-core/packages/px4_ros_com)
[13.560s] DEBUG:colcon.colcon_parallel_executor.executor.parallel:closing loop
[13.560s] DEBUG:colcon.colcon_parallel_executor.executor.parallel:loop closed
[13.561s] DEBUG:colcon.colcon_parallel_executor.executor.parallel:run_until_complete finished with '0'
[13.561s] DEBUG:colcon.colcon_core.event_reactor:joining thread
[13.607s] INFO:colcon.colcon_core.plugin_system:Skipping extension 'colcon_notification.desktop_notification.notify_send': Could not find 'notify-send'
[13.608s] INFO:colcon.colcon_core.plugin_system:Skipping extension 'colcon_notification.desktop_notification.terminal_notifier': Not used on non-Darwin systems
[13.608s] INFO:colcon.colcon_core.plugin_system:Skipping extension 'colcon_notification.desktop_notification.win32': Not used on non-Windows systems
[13.608s] INFO:colcon.colcon_notification.desktop_notification:Sending desktop notification using 'notify2'
[13.613s] DEBUG:colcon.colcon_notification.desktop_notification.notify2:Failed to initialize notify2: org.freedesktop.DBus.Error.ServiceUnknown: The name org.freedesktop.Notifications was not provided by any .service files
[13.613s] DEBUG:colcon.colcon_core.event_reactor:joined thread
[13.614s] INFO:colcon.colcon_core.shell:Creating prefix script '/home/kvvnbs/BuckeyeVerticalSoftwareV2/install/local_setup.ps1'
[13.615s] INFO:colcon.colcon_core.shell:Creating prefix util module '/home/kvvnbs/BuckeyeVerticalSoftwareV2/install/_local_setup_util_ps1.py'
[13.616s] INFO:colcon.colcon_core.shell:Creating prefix chain script '/home/kvvnbs/BuckeyeVerticalSoftwareV2/install/setup.ps1'
[13.617s] INFO:colcon.colcon_core.shell:Creating prefix script '/home/kvvnbs/BuckeyeVerticalSoftwareV2/install/local_setup.sh'
[13.618s] INFO:colcon.colcon_core.shell:Creating prefix util module '/home/kvvnbs/BuckeyeVerticalSoftwareV2/install/_local_setup_util_sh.py'
[13.618s] INFO:colcon.colcon_core.shell:Creating prefix chain script '/home/kvvnbs/BuckeyeVerticalSoftwareV2/install/setup.sh'
[13.619s] INFO:colcon.colcon_core.shell:Creating prefix script '/home/kvvnbs/BuckeyeVerticalSoftwareV2/install/local_setup.bash'
[13.619s] INFO:colcon.colcon_core.shell:Creating prefix chain script '/home/kvvnbs/BuckeyeVerticalSoftwareV2/install/setup.bash'
[13.620s] INFO:colcon.colcon_core.shell:Creating prefix script '/home/kvvnbs/BuckeyeVerticalSoftwareV2/install/local_setup.zsh'
[13.621s] INFO:colcon.colcon_core.shell:Creating prefix chain script '/home/kvvnbs/BuckeyeVerticalSoftwareV2/install/setup.zsh'
