[0.599s] DEBUG:colcon:Command line arguments: ['/usr/bin/colcon', 'build']
[0.599s] DEBUG:colcon:Parsed command line arguments: Namespace(log_base=None, log_level=None, verb_name='build', build_base='build', install_base='install', merge_install=False, symlink_install=False, test_result_base=None, continue_on_error=False, executor='parallel', parallel_workers=4, event_handlers=None, ignore_user_meta=False, metas=['./colcon.meta'], base_paths=['.'], packages_ignore=None, packages_ignore_regex=None, paths=None, packages_up_to=None, packages_up_to_regex=None, packages_above=None, packages_above_and_dependencies=None, packages_above_depth=None, packages_select_by_dep=None, packages_skip_by_dep=None, packages_skip_up_to=None, packages_select_build_failed=False, packages_skip_build_finished=False, packages_select_test_failures=False, packages_skip_test_passed=False, packages_select=None, packages_skip=None, packages_select_regex=None, packages_skip_regex=None, packages_start=None, packages_end=None, allow_overriding=[], cmake_args=None, cmake_target=None, cmake_target_skip_unavailable=False, cmake_clean_cache=False, cmake_clean_first=False, cmake_force_configure=False, ament_cmake_args=None, catkin_cmake_args=None, catkin_skip_building_tests=False, mixin_files=None, mixin=None, verb_parser=<colcon_mixin.mixin.mixin_argument.MixinArgumentDecorator object at 0x7f8065b0e5f0>, verb_extension=<colcon_core.verb.build.BuildVerb object at 0x7f8065b0e140>, main=<bound method BuildVerb.main of <colcon_core.verb.build.BuildVerb object at 0x7f8065b0e140>>, mixin_verb=('build',))
[0.649s] Level 1:colcon.colcon_core.package_discovery:discover_packages(colcon_meta) check parameters
[0.650s] Level 1:colcon.colcon_core.package_discovery:discover_packages(recursive) check parameters
[0.650s] Level 1:colcon.colcon_core.package_discovery:discover_packages(ignore) check parameters
[0.650s] Level 1:colcon.colcon_core.package_discovery:discover_packages(path) check parameters
[0.650s] Level 1:colcon.colcon_core.package_discovery:discover_packages(colcon_meta) discover
[0.650s] Level 1:colcon.colcon_core.package_discovery:discover_packages(recursive) discover
[0.650s] INFO:colcon.colcon_core.package_discovery:Crawling recursively for packages in '/home/eashan/BuckeyeVerticalSoftware_v2'
[0.650s] Level 1:colcon.colcon_core.package_identification:_identify(.) by extensions ['ignore', 'ignore_ament_install']
[0.650s] Level 1:colcon.colcon_core.package_identification:_identify(.) by extension 'ignore'
[0.650s] Level 1:colcon.colcon_core.package_identification:_identify(.) by extension 'ignore_ament_install'
[0.650s] Level 1:colcon.colcon_core.package_identification:_identify(.) by extensions ['colcon_pkg']
[0.650s] Level 1:colcon.colcon_core.package_identification:_identify(.) by extension 'colcon_pkg'
[0.650s] Level 1:colcon.colcon_core.package_identification:_identify(.) by extensions ['colcon_meta']
[0.650s] Level 1:colcon.colcon_core.package_identification:_identify(.) by extension 'colcon_meta'
[0.650s] Level 1:colcon.colcon_core.package_identification:_identify(.) by extensions ['ros']
[0.650s] Level 1:colcon.colcon_core.package_identification:_identify(.) by extension 'ros'
[0.667s] Level 1:colcon.colcon_core.package_identification:_identify(.) by extensions ['cmake', 'python']
[0.667s] Level 1:colcon.colcon_core.package_identification:_identify(.) by extension 'cmake'
[0.667s] Level 1:colcon.colcon_core.package_identification:_identify(.) by extension 'python'
[0.667s] Level 1:colcon.colcon_core.package_identification:_identify(.) by extensions ['python_setup_py']
[0.667s] Level 1:colcon.colcon_core.package_identification:_identify(.) by extension 'python_setup_py'
[0.667s] Level 1:colcon.colcon_core.package_identification:_identify(build) by extensions ['ignore', 'ignore_ament_install']
[0.667s] Level 1:colcon.colcon_core.package_identification:_identify(build) by extension 'ignore'
[0.668s] Level 1:colcon.colcon_core.package_identification:_identify(build) ignored
[0.668s] Level 1:colcon.colcon_core.package_identification:_identify(install) by extensions ['ignore', 'ignore_ament_install']
[0.668s] Level 1:colcon.colcon_core.package_identification:_identify(install) by extension 'ignore'
[0.668s] Level 1:colcon.colcon_core.package_identification:_identify(install) ignored
[0.668s] Level 1:colcon.colcon_core.package_identification:_identify(log) by extensions ['ignore', 'ignore_ament_install']
[0.668s] Level 1:colcon.colcon_core.package_identification:_identify(log) by extension 'ignore'
[0.668s] Level 1:colcon.colcon_core.package_identification:_identify(log) ignored
[0.668s] Level 1:colcon.colcon_core.package_identification:_identify(src) by extensions ['ignore', 'ignore_ament_install']
[0.668s] Level 1:colcon.colcon_core.package_identification:_identify(src) by extension 'ignore'
[0.668s] Level 1:colcon.colcon_core.package_identification:_identify(src) by extension 'ignore_ament_install'
[0.669s] Level 1:colcon.colcon_core.package_identification:_identify(src) by extensions ['colcon_pkg']
[0.669s] Level 1:colcon.colcon_core.package_identification:_identify(src) by extension 'colcon_pkg'
[0.669s] Level 1:colcon.colcon_core.package_identification:_identify(src) by extensions ['colcon_meta']
[0.669s] Level 1:colcon.colcon_core.package_identification:_identify(src) by extension 'colcon_meta'
[0.669s] Level 1:colcon.colcon_core.package_identification:_identify(src) by extensions ['ros']
[0.669s] Level 1:colcon.colcon_core.package_identification:_identify(src) by extension 'ros'
[0.669s] Level 1:colcon.colcon_core.package_identification:_identify(src) by extensions ['cmake', 'python']
[0.669s] Level 1:colcon.colcon_core.package_identification:_identify(src) by extension 'cmake'
[0.669s] Level 1:colcon.colcon_core.package_identification:_identify(src) by extension 'python'
[0.669s] Level 1:colcon.colcon_core.package_identification:_identify(src) by extensions ['python_setup_py']
[0.669s] Level 1:colcon.colcon_core.package_identification:_identify(src) by extension 'python_setup_py'
[0.669s] Level 1:colcon.colcon_core.package_identification:_identify(src/px4_msgs) by extensions ['ignore', 'ignore_ament_install']
[0.669s] Level 1:colcon.colcon_core.package_identification:_identify(src/px4_msgs) by extension 'ignore'
[0.669s] Level 1:colcon.colcon_core.package_identification:_identify(src/px4_msgs) by extension 'ignore_ament_install'
[0.669s] Level 1:colcon.colcon_core.package_identification:_identify(src/px4_msgs) by extensions ['colcon_pkg']
[0.669s] Level 1:colcon.colcon_core.package_identification:_identify(src/px4_msgs) by extension 'colcon_pkg'
[0.669s] Level 1:colcon.colcon_core.package_identification:_identify(src/px4_msgs) by extensions ['colcon_meta']
[0.669s] Level 1:colcon.colcon_core.package_identification:_identify(src/px4_msgs) by extension 'colcon_meta'
[0.669s] Level 1:colcon.colcon_core.package_identification:_identify(src/px4_msgs) by extensions ['ros']
[0.669s] Level 1:colcon.colcon_core.package_identification:_identify(src/px4_msgs) by extension 'ros'
[0.673s] DEBUG:colcon.colcon_core.package_identification:Package 'src/px4_msgs' with type 'ros.ament_cmake' and name 'px4_msgs'
[0.673s] Level 1:colcon.colcon_core.package_identification:_identify(src/px4_ros_com) by extensions ['ignore', 'ignore_ament_install']
[0.673s] Level 1:colcon.colcon_core.package_identification:_identify(src/px4_ros_com) by extension 'ignore'
[0.673s] Level 1:colcon.colcon_core.package_identification:_identify(src/px4_ros_com) by extension 'ignore_ament_install'
[0.673s] Level 1:colcon.colcon_core.package_identification:_identify(src/px4_ros_com) by extensions ['colcon_pkg']
[0.673s] Level 1:colcon.colcon_core.package_identification:_identify(src/px4_ros_com) by extension 'colcon_pkg'
[0.673s] Level 1:colcon.colcon_core.package_identification:_identify(src/px4_ros_com) by extensions ['colcon_meta']
[0.673s] Level 1:colcon.colcon_core.package_identification:_identify(src/px4_ros_com) by extension 'colcon_meta'
[0.673s] Level 1:colcon.colcon_core.package_identification:_identify(src/px4_ros_com) by extensions ['ros']
[0.673s] Level 1:colcon.colcon_core.package_identification:_identify(src/px4_ros_com) by extension 'ros'
[0.675s] DEBUG:colcon.colcon_core.package_identification:Package 'src/px4_ros_com' with type 'ros.ament_cmake' and name 'px4_ros_com'
[0.675s] Level 1:colcon.colcon_core.package_discovery:discover_packages(recursive) using defaults
[0.675s] Level 1:colcon.colcon_core.package_discovery:discover_packages(ignore) discover
[0.675s] Level 1:colcon.colcon_core.package_discovery:discover_packages(ignore) using defaults
[0.675s] Level 1:colcon.colcon_core.package_discovery:discover_packages(path) discover
[0.675s] Level 1:colcon.colcon_core.package_discovery:discover_packages(path) using defaults
[0.693s] Level 1:colcon.colcon_core.package_discovery:discover_packages(prefix_path) check parameters
[0.693s] Level 1:colcon.colcon_core.package_discovery:discover_packages(prefix_path) discover
[0.695s] DEBUG:colcon.colcon_installed_package_information.package_discovery:Found 270 installed packages in /opt/ros/humble
[0.696s] Level 1:colcon.colcon_core.package_discovery:discover_packages(prefix_path) using defaults
[0.722s] Level 5:colcon.colcon_core.verb:set package 'px4_msgs' build argument 'cmake_args' from command line to 'None'
[0.722s] Level 5:colcon.colcon_core.verb:set package 'px4_msgs' build argument 'cmake_target' from command line to 'None'
[0.722s] Level 5:colcon.colcon_core.verb:set package 'px4_msgs' build argument 'cmake_target_skip_unavailable' from command line to 'False'
[0.722s] Level 5:colcon.colcon_core.verb:set package 'px4_msgs' build argument 'cmake_clean_cache' from command line to 'False'
[0.722s] Level 5:colcon.colcon_core.verb:set package 'px4_msgs' build argument 'cmake_clean_first' from command line to 'False'
[0.722s] Level 5:colcon.colcon_core.verb:set package 'px4_msgs' build argument 'cmake_force_configure' from command line to 'False'
[0.722s] Level 5:colcon.colcon_core.verb:set package 'px4_msgs' build argument 'ament_cmake_args' from command line to 'None'
[0.722s] Level 5:colcon.colcon_core.verb:set package 'px4_msgs' build argument 'catkin_cmake_args' from command line to 'None'
[0.722s] Level 5:colcon.colcon_core.verb:set package 'px4_msgs' build argument 'catkin_skip_building_tests' from command line to 'False'
[0.723s] DEBUG:colcon.colcon_core.verb:Building package 'px4_msgs' with the following arguments: {'ament_cmake_args': None, 'build_base': '/home/eashan/BuckeyeVerticalSoftware_v2/build/px4_msgs', 'catkin_cmake_args': None, 'catkin_skip_building_tests': False, 'cmake_args': None, 'cmake_clean_cache': False, 'cmake_clean_first': False, 'cmake_force_configure': False, 'cmake_target': None, 'cmake_target_skip_unavailable': False, 'install_base': '/home/eashan/BuckeyeVerticalSoftware_v2/install/px4_msgs', 'merge_install': False, 'path': '/home/eashan/BuckeyeVerticalSoftware_v2/src/px4_msgs', 'symlink_install': False, 'test_result_base': None}
[0.723s] Level 5:colcon.colcon_core.verb:set package 'px4_ros_com' build argument 'cmake_args' from command line to 'None'
[0.723s] Level 5:colcon.colcon_core.verb:set package 'px4_ros_com' build argument 'cmake_target' from command line to 'None'
[0.723s] Level 5:colcon.colcon_core.verb:set package 'px4_ros_com' build argument 'cmake_target_skip_unavailable' from command line to 'False'
[0.723s] Level 5:colcon.colcon_core.verb:set package 'px4_ros_com' build argument 'cmake_clean_cache' from command line to 'False'
[0.723s] Level 5:colcon.colcon_core.verb:set package 'px4_ros_com' build argument 'cmake_clean_first' from command line to 'False'
[0.723s] Level 5:colcon.colcon_core.verb:set package 'px4_ros_com' build argument 'cmake_force_configure' from command line to 'False'
[0.723s] Level 5:colcon.colcon_core.verb:set package 'px4_ros_com' build argument 'ament_cmake_args' from command line to 'None'
[0.723s] Level 5:colcon.colcon_core.verb:set package 'px4_ros_com' build argument 'catkin_cmake_args' from command line to 'None'
[0.723s] Level 5:colcon.colcon_core.verb:set package 'px4_ros_com' build argument 'catkin_skip_building_tests' from command line to 'False'
[0.723s] DEBUG:colcon.colcon_core.verb:Building package 'px4_ros_com' with the following arguments: {'ament_cmake_args': None, 'build_base': '/home/eashan/BuckeyeVerticalSoftware_v2/build/px4_ros_com', 'catkin_cmake_args': None, 'catkin_skip_building_tests': False, 'cmake_args': None, 'cmake_clean_cache': False, 'cmake_clean_first': False, 'cmake_force_configure': False, 'cmake_target': None, 'cmake_target_skip_unavailable': False, 'install_base': '/home/eashan/BuckeyeVerticalSoftware_v2/install/px4_ros_com', 'merge_install': False, 'path': '/home/eashan/BuckeyeVerticalSoftware_v2/src/px4_ros_com', 'symlink_install': False, 'test_result_base': None}
[0.723s] INFO:colcon.colcon_core.executor:Executing jobs using 'parallel' executor
[0.724s] DEBUG:colcon.colcon_parallel_executor.executor.parallel:run_until_complete
[0.724s] INFO:colcon.colcon_ros.task.ament_cmake.build:Building ROS package in '/home/eashan/BuckeyeVerticalSoftware_v2/src/px4_msgs' with build type 'ament_cmake'
[0.725s] INFO:colcon.colcon_cmake.task.cmake.build:Building CMake package in '/home/eashan/BuckeyeVerticalSoftware_v2/src/px4_msgs'
[0.727s] INFO:colcon.colcon_core.plugin_system:Skipping extension 'colcon_core.shell.bat': Not used on non-Windows systems
[0.727s] INFO:colcon.colcon_core.shell:Skip shell extension 'powershell' for command environment: Not usable outside of PowerShell
[0.727s] DEBUG:colcon.colcon_core.shell:Skip shell extension 'dsv' for command environment
[0.736s] DEBUG:colcon.colcon_core.event_handler.log_command:Invoking command in '/home/eashan/BuckeyeVerticalSoftware_v2/build/px4_msgs': CMAKE_PREFIX_PATH=/opt/ros/humble CONDA_PROMPT_MODIFIER=(base) /usr/bin/cmake --build /home/eashan/BuckeyeVerticalSoftware_v2/build/px4_msgs -- -j4 -l4
[1.700s] DEBUG:colcon.colcon_core.event_handler.log_command:Invoked command in '/home/eashan/BuckeyeVerticalSoftware_v2/build/px4_msgs' returned '0': CMAKE_PREFIX_PATH=/opt/ros/humble CONDA_PROMPT_MODIFIER=(base) /usr/bin/cmake --build /home/eashan/BuckeyeVerticalSoftware_v2/build/px4_msgs -- -j4 -l4
[5.619s] DEBUG:colcon.colcon_core.event_handler.log_command:Invoking command in '/home/eashan/BuckeyeVerticalSoftware_v2/build/px4_msgs': CMAKE_PREFIX_PATH=/opt/ros/humble CONDA_PROMPT_MODIFIER=(base) /usr/bin/cmake --install /home/eashan/BuckeyeVerticalSoftware_v2/build/px4_msgs
[5.952s] Level 1:colcon.colcon_core.environment:create_environment_scripts_only(px4_msgs)
[5.954s] Level 1:colcon.colcon_core.environment:checking '/home/eashan/BuckeyeVerticalSoftware_v2/install/px4_msgs' for CMake module files
[5.955s] Level 1:colcon.colcon_core.environment:checking '/home/eashan/BuckeyeVerticalSoftware_v2/install/px4_msgs' for CMake config files
[5.959s] DEBUG:colcon.colcon_core.event_handler.log_command:Invoked command in '/home/eashan/BuckeyeVerticalSoftware_v2/build/px4_msgs' returned '0': CMAKE_PREFIX_PATH=/opt/ros/humble CONDA_PROMPT_MODIFIER=(base) /usr/bin/cmake --install /home/eashan/BuckeyeVerticalSoftware_v2/build/px4_msgs
[5.962s] Level 1:colcon.colcon_core.shell:create_environment_hook('px4_msgs', 'cmake_prefix_path')
[5.963s] INFO:colcon.colcon_core.shell:Creating environment hook '/home/eashan/BuckeyeVerticalSoftware_v2/install/px4_msgs/share/px4_msgs/hook/cmake_prefix_path.ps1'
[5.963s] INFO:colcon.colcon_core.shell:Creating environment descriptor '/home/eashan/BuckeyeVerticalSoftware_v2/install/px4_msgs/share/px4_msgs/hook/cmake_prefix_path.dsv'
[5.963s] INFO:colcon.colcon_core.shell:Creating environment hook '/home/eashan/BuckeyeVerticalSoftware_v2/install/px4_msgs/share/px4_msgs/hook/cmake_prefix_path.sh'
[5.964s] Level 1:colcon.colcon_core.environment:checking '/home/eashan/BuckeyeVerticalSoftware_v2/install/px4_msgs/lib'
[5.964s] Level 1:colcon.colcon_core.shell:create_environment_hook('px4_msgs', 'ld_library_path_lib')
[5.964s] INFO:colcon.colcon_core.shell:Creating environment hook '/home/eashan/BuckeyeVerticalSoftware_v2/install/px4_msgs/share/px4_msgs/hook/ld_library_path_lib.ps1'
[5.965s] INFO:colcon.colcon_core.shell:Creating environment descriptor '/home/eashan/BuckeyeVerticalSoftware_v2/install/px4_msgs/share/px4_msgs/hook/ld_library_path_lib.dsv'
[5.965s] INFO:colcon.colcon_core.shell:Creating environment hook '/home/eashan/BuckeyeVerticalSoftware_v2/install/px4_msgs/share/px4_msgs/hook/ld_library_path_lib.sh'
[5.965s] Level 1:colcon.colcon_core.environment:checking '/home/eashan/BuckeyeVerticalSoftware_v2/install/px4_msgs/bin'
[5.965s] Level 1:colcon.colcon_core.environment:checking '/home/eashan/BuckeyeVerticalSoftware_v2/install/px4_msgs/lib/pkgconfig/px4_msgs.pc'
[5.966s] Level 1:colcon.colcon_core.environment:checking '/home/eashan/BuckeyeVerticalSoftware_v2/install/px4_msgs/lib/python3.10/site-packages'
[5.966s] Level 1:colcon.colcon_core.environment:checking '/home/eashan/BuckeyeVerticalSoftware_v2/install/px4_msgs/bin'
[5.966s] INFO:colcon.colcon_core.shell:Creating package script '/home/eashan/BuckeyeVerticalSoftware_v2/install/px4_msgs/share/px4_msgs/package.ps1'
[5.967s] INFO:colcon.colcon_core.shell:Creating package descriptor '/home/eashan/BuckeyeVerticalSoftware_v2/install/px4_msgs/share/px4_msgs/package.dsv'
[5.967s] INFO:colcon.colcon_core.shell:Creating package script '/home/eashan/BuckeyeVerticalSoftware_v2/install/px4_msgs/share/px4_msgs/package.sh'
[5.968s] INFO:colcon.colcon_core.shell:Creating package script '/home/eashan/BuckeyeVerticalSoftware_v2/install/px4_msgs/share/px4_msgs/package.bash'
[5.968s] INFO:colcon.colcon_core.shell:Creating package script '/home/eashan/BuckeyeVerticalSoftware_v2/install/px4_msgs/share/px4_msgs/package.zsh'
[5.969s] Level 1:colcon.colcon_core.environment:create_file_with_runtime_dependencies(/home/eashan/BuckeyeVerticalSoftware_v2/install/px4_msgs/share/colcon-core/packages/px4_msgs)
[10.406s] Level 1:colcon.colcon_core.environment:create_environment_scripts_only(px4_msgs)
[10.407s] Level 1:colcon.colcon_core.environment:checking '/home/eashan/BuckeyeVerticalSoftware_v2/install/px4_msgs' for CMake module files
[10.407s] Level 1:colcon.colcon_core.environment:checking '/home/eashan/BuckeyeVerticalSoftware_v2/install/px4_msgs' for CMake config files
[10.411s] Level 1:colcon.colcon_core.shell:create_environment_hook('px4_msgs', 'cmake_prefix_path')
[10.412s] INFO:colcon.colcon_core.shell:Creating environment hook '/home/eashan/BuckeyeVerticalSoftware_v2/install/px4_msgs/share/px4_msgs/hook/cmake_prefix_path.ps1'
[10.414s] INFO:colcon.colcon_core.shell:Creating environment descriptor '/home/eashan/BuckeyeVerticalSoftware_v2/install/px4_msgs/share/px4_msgs/hook/cmake_prefix_path.dsv'
[10.414s] INFO:colcon.colcon_core.shell:Creating environment hook '/home/eashan/BuckeyeVerticalSoftware_v2/install/px4_msgs/share/px4_msgs/hook/cmake_prefix_path.sh'
[10.416s] Level 1:colcon.colcon_core.environment:checking '/home/eashan/BuckeyeVerticalSoftware_v2/install/px4_msgs/lib'
[10.417s] Level 1:colcon.colcon_core.shell:create_environment_hook('px4_msgs', 'ld_library_path_lib')
[10.417s] INFO:colcon.colcon_core.shell:Creating environment hook '/home/eashan/BuckeyeVerticalSoftware_v2/install/px4_msgs/share/px4_msgs/hook/ld_library_path_lib.ps1'
[10.417s] INFO:colcon.colcon_core.shell:Creating environment descriptor '/home/eashan/BuckeyeVerticalSoftware_v2/install/px4_msgs/share/px4_msgs/hook/ld_library_path_lib.dsv'
[10.418s] INFO:colcon.colcon_core.shell:Creating environment hook '/home/eashan/BuckeyeVerticalSoftware_v2/install/px4_msgs/share/px4_msgs/hook/ld_library_path_lib.sh'
[10.418s] Level 1:colcon.colcon_core.environment:checking '/home/eashan/BuckeyeVerticalSoftware_v2/install/px4_msgs/bin'
[10.419s] Level 1:colcon.colcon_core.environment:checking '/home/eashan/BuckeyeVerticalSoftware_v2/install/px4_msgs/lib/pkgconfig/px4_msgs.pc'
[10.419s] Level 1:colcon.colcon_core.environment:checking '/home/eashan/BuckeyeVerticalSoftware_v2/install/px4_msgs/lib/python3.10/site-packages'
[10.419s] Level 1:colcon.colcon_core.environment:checking '/home/eashan/BuckeyeVerticalSoftware_v2/install/px4_msgs/bin'
[10.420s] INFO:colcon.colcon_core.shell:Creating package script '/home/eashan/BuckeyeVerticalSoftware_v2/install/px4_msgs/share/px4_msgs/package.ps1'
[10.421s] INFO:colcon.colcon_core.shell:Creating package descriptor '/home/eashan/BuckeyeVerticalSoftware_v2/install/px4_msgs/share/px4_msgs/package.dsv'
[10.421s] INFO:colcon.colcon_core.shell:Creating package script '/home/eashan/BuckeyeVerticalSoftware_v2/install/px4_msgs/share/px4_msgs/package.sh'
[10.422s] INFO:colcon.colcon_core.shell:Creating package script '/home/eashan/BuckeyeVerticalSoftware_v2/install/px4_msgs/share/px4_msgs/package.bash'
[10.422s] INFO:colcon.colcon_core.shell:Creating package script '/home/eashan/BuckeyeVerticalSoftware_v2/install/px4_msgs/share/px4_msgs/package.zsh'
[10.423s] Level 1:colcon.colcon_core.environment:create_file_with_runtime_dependencies(/home/eashan/BuckeyeVerticalSoftware_v2/install/px4_msgs/share/colcon-core/packages/px4_msgs)
[10.424s] INFO:colcon.colcon_ros.task.ament_cmake.build:Building ROS package in '/home/eashan/BuckeyeVerticalSoftware_v2/src/px4_ros_com' with build type 'ament_cmake'
[10.425s] INFO:colcon.colcon_cmake.task.cmake.build:Building CMake package in '/home/eashan/BuckeyeVerticalSoftware_v2/src/px4_ros_com'
[10.425s] INFO:colcon.colcon_core.shell:Skip shell extension 'powershell' for command environment: Not usable outside of PowerShell
[10.425s] DEBUG:colcon.colcon_core.shell:Skip shell extension 'dsv' for command environment
[10.727s] DEBUG:colcon.colcon_core.event_handler.log_command:Invoking command in '/home/eashan/BuckeyeVerticalSoftware_v2/build/px4_ros_com': AMENT_PREFIX_PATH=/home/eashan/BuckeyeVerticalSoftware_v2/install/px4_msgs:${AMENT_PREFIX_PATH} CMAKE_PREFIX_PATH=/home/eashan/BuckeyeVerticalSoftware_v2/install/px4_msgs:/opt/ros/humble CONDA_PROMPT_MODIFIER=(base) LD_LIBRARY_PATH=/home/eashan/BuckeyeVerticalSoftware_v2/install/px4_msgs/lib:/opt/ros/humble/opt/rviz_ogre_vendor/lib:/opt/ros/humble/lib/x86_64-linux-gnu:/opt/ros/humble/lib:/usr/local/cuda-12.6/lib64:/usr/local/cuda-12.6/lib64 PYTHONPATH=/home/eashan/BuckeyeVerticalSoftware_v2/install/px4_msgs/local/lib/python3.10/dist-packages:${PYTHONPATH} /usr/bin/cmake --build /home/eashan/BuckeyeVerticalSoftware_v2/build/px4_ros_com -- -j4 -l4
[40.317s] DEBUG:colcon.colcon_core.event_handler.log_command:Invoked command in '/home/eashan/BuckeyeVerticalSoftware_v2/build/px4_ros_com' returned '2': AMENT_PREFIX_PATH=/home/eashan/BuckeyeVerticalSoftware_v2/install/px4_msgs:${AMENT_PREFIX_PATH} CMAKE_PREFIX_PATH=/home/eashan/BuckeyeVerticalSoftware_v2/install/px4_msgs:/opt/ros/humble CONDA_PROMPT_MODIFIER=(base) LD_LIBRARY_PATH=/home/eashan/BuckeyeVerticalSoftware_v2/install/px4_msgs/lib:/opt/ros/humble/opt/rviz_ogre_vendor/lib:/opt/ros/humble/lib/x86_64-linux-gnu:/opt/ros/humble/lib:/usr/local/cuda-12.6/lib64:/usr/local/cuda-12.6/lib64 PYTHONPATH=/home/eashan/BuckeyeVerticalSoftware_v2/install/px4_msgs/local/lib/python3.10/dist-packages:${PYTHONPATH} /usr/bin/cmake --build /home/eashan/BuckeyeVerticalSoftware_v2/build/px4_ros_com -- -j4 -l4
[40.401s] Level 1:colcon.colcon_core.environment:create_environment_scripts_only(px4_ros_com)
[40.402s] Level 1:colcon.colcon_core.environment:checking '/home/eashan/BuckeyeVerticalSoftware_v2/install/px4_ros_com' for CMake module files
[40.402s] Level 1:colcon.colcon_core.environment:checking '/home/eashan/BuckeyeVerticalSoftware_v2/install/px4_ros_com' for CMake config files
[40.402s] Level 1:colcon.colcon_core.shell:create_environment_hook('px4_ros_com', 'cmake_prefix_path')
[40.402s] INFO:colcon.colcon_core.shell:Creating environment hook '/home/eashan/BuckeyeVerticalSoftware_v2/install/px4_ros_com/share/px4_ros_com/hook/cmake_prefix_path.ps1'
[40.403s] INFO:colcon.colcon_core.shell:Creating environment descriptor '/home/eashan/BuckeyeVerticalSoftware_v2/install/px4_ros_com/share/px4_ros_com/hook/cmake_prefix_path.dsv'
[40.403s] INFO:colcon.colcon_core.shell:Creating environment hook '/home/eashan/BuckeyeVerticalSoftware_v2/install/px4_ros_com/share/px4_ros_com/hook/cmake_prefix_path.sh'
[40.404s] Level 1:colcon.colcon_core.environment:checking '/home/eashan/BuckeyeVerticalSoftware_v2/install/px4_ros_com/lib'
[40.404s] Level 1:colcon.colcon_core.shell:create_environment_hook('px4_ros_com', 'ld_library_path_lib')
[40.404s] INFO:colcon.colcon_core.shell:Creating environment hook '/home/eashan/BuckeyeVerticalSoftware_v2/install/px4_ros_com/share/px4_ros_com/hook/ld_library_path_lib.ps1'
[40.406s] INFO:colcon.colcon_core.shell:Creating environment descriptor '/home/eashan/BuckeyeVerticalSoftware_v2/install/px4_ros_com/share/px4_ros_com/hook/ld_library_path_lib.dsv'
[40.407s] INFO:colcon.colcon_core.shell:Creating environment hook '/home/eashan/BuckeyeVerticalSoftware_v2/install/px4_ros_com/share/px4_ros_com/hook/ld_library_path_lib.sh'
[40.407s] Level 1:colcon.colcon_core.environment:checking '/home/eashan/BuckeyeVerticalSoftware_v2/install/px4_ros_com/bin'
[40.407s] Level 1:colcon.colcon_core.environment:checking '/home/eashan/BuckeyeVerticalSoftware_v2/install/px4_ros_com/lib/pkgconfig/px4_ros_com.pc'
[40.408s] Level 1:colcon.colcon_core.environment:checking '/home/eashan/BuckeyeVerticalSoftware_v2/install/px4_ros_com/lib/python3.10/site-packages'
[40.408s] Level 1:colcon.colcon_core.environment:checking '/home/eashan/BuckeyeVerticalSoftware_v2/install/px4_ros_com/bin'
[40.408s] INFO:colcon.colcon_core.shell:Creating package script '/home/eashan/BuckeyeVerticalSoftware_v2/install/px4_ros_com/share/px4_ros_com/package.ps1'
[40.409s] INFO:colcon.colcon_core.shell:Creating package descriptor '/home/eashan/BuckeyeVerticalSoftware_v2/install/px4_ros_com/share/px4_ros_com/package.dsv'
[40.409s] INFO:colcon.colcon_core.shell:Creating package script '/home/eashan/BuckeyeVerticalSoftware_v2/install/px4_ros_com/share/px4_ros_com/package.sh'
[40.410s] INFO:colcon.colcon_core.shell:Creating package script '/home/eashan/BuckeyeVerticalSoftware_v2/install/px4_ros_com/share/px4_ros_com/package.bash'
[40.410s] INFO:colcon.colcon_core.shell:Creating package script '/home/eashan/BuckeyeVerticalSoftware_v2/install/px4_ros_com/share/px4_ros_com/package.zsh'
[40.411s] Level 1:colcon.colcon_core.environment:create_file_with_runtime_dependencies(/home/eashan/BuckeyeVerticalSoftware_v2/install/px4_ros_com/share/colcon-core/packages/px4_ros_com)
[40.412s] DEBUG:colcon.colcon_parallel_executor.executor.parallel:closing loop
[40.416s] DEBUG:colcon.colcon_parallel_executor.executor.parallel:loop closed
[40.416s] DEBUG:colcon.colcon_parallel_executor.executor.parallel:run_until_complete finished with '2'
[40.416s] DEBUG:colcon.colcon_core.event_reactor:joining thread
[40.561s] INFO:colcon.colcon_core.plugin_system:Skipping extension 'colcon_notification.desktop_notification.notify_send': Could not find 'notify-send'
[40.562s] INFO:colcon.colcon_core.plugin_system:Skipping extension 'colcon_notification.desktop_notification.terminal_notifier': Not used on non-Darwin systems
[40.562s] INFO:colcon.colcon_core.plugin_system:Skipping extension 'colcon_notification.desktop_notification.win32': Not used on non-Windows systems
[40.562s] INFO:colcon.colcon_notification.desktop_notification:Sending desktop notification using 'notify2'
[40.564s] DEBUG:colcon.colcon_notification.desktop_notification.notify2:Failed to initialize notify2: org.freedesktop.DBus.Error.ServiceUnknown: The name org.freedesktop.Notifications was not provided by any .service files
[40.565s] DEBUG:colcon.colcon_core.event_reactor:joined thread
[40.565s] INFO:colcon.colcon_core.shell:Creating prefix script '/home/eashan/BuckeyeVerticalSoftware_v2/install/local_setup.ps1'
[40.566s] INFO:colcon.colcon_core.shell:Creating prefix util module '/home/eashan/BuckeyeVerticalSoftware_v2/install/_local_setup_util_ps1.py'
[40.567s] INFO:colcon.colcon_core.shell:Creating prefix chain script '/home/eashan/BuckeyeVerticalSoftware_v2/install/setup.ps1'
[40.568s] INFO:colcon.colcon_core.shell:Creating prefix script '/home/eashan/BuckeyeVerticalSoftware_v2/install/local_setup.sh'
[40.568s] INFO:colcon.colcon_core.shell:Creating prefix util module '/home/eashan/BuckeyeVerticalSoftware_v2/install/_local_setup_util_sh.py'
[40.569s] INFO:colcon.colcon_core.shell:Creating prefix chain script '/home/eashan/BuckeyeVerticalSoftware_v2/install/setup.sh'
[40.570s] INFO:colcon.colcon_core.shell:Creating prefix script '/home/eashan/BuckeyeVerticalSoftware_v2/install/local_setup.bash'
[40.570s] INFO:colcon.colcon_core.shell:Creating prefix chain script '/home/eashan/BuckeyeVerticalSoftware_v2/install/setup.bash'
[40.571s] INFO:colcon.colcon_core.shell:Creating prefix script '/home/eashan/BuckeyeVerticalSoftware_v2/install/local_setup.zsh'
[40.571s] INFO:colcon.colcon_core.shell:Creating prefix chain script '/home/eashan/BuckeyeVerticalSoftware_v2/install/setup.zsh'
