[0.096s] Invoking command in '/home/kvvnbs/BuckeyeVerticalSoftwareV2/build/px4_ros_com': CMAKE_PREFIX_PATH=/home/kvvnbs/BuckeyeVerticalSoftwareV2/install/px4_msgs:/home/kvvnbs/BuckeyeVerticalSoftwareV2/install/px4_ros_com:/opt/ros/humble LD_LIBRARY_PATH=/home/kvvnbs/BuckeyeVerticalSoftwareV2/install/px4_msgs/lib:/home/kvvnbs/BuckeyeVerticalSoftwareV2/install/px4_ros_com/lib:/opt/ros/humble/opt/rviz_ogre_vendor/lib:/opt/ros/humble/lib/x86_64-linux-gnu:/opt/ros/humble/lib /usr/bin/cmake --build /home/kvvnbs/BuckeyeVerticalSoftwareV2/build/px4_ros_com -- -j16 -l16
[0.128s] [ 11%] Built target frame_transforms
[0.134s] [ 11%] Built target ament_cmake_python_copy_px4_ros_com
[0.134s] [ 41%] Built target traj_test
[0.134s] [100%] Built target traj_test_copy
[0.134s] [ 94%] Built target test_trajectory
[0.317s] running egg_info
[0.318s] writing px4_ros_com.egg-info/PKG-INFO
[0.318s] writing dependency_links to px4_ros_com.egg-info/dependency_links.txt
[0.318s] writing top-level names to px4_ros_com.egg-info/top_level.txt
[0.320s] reading manifest file 'px4_ros_com.egg-info/SOURCES.txt'
[0.320s] writing manifest file 'px4_ros_com.egg-info/SOURCES.txt'
[0.336s] [100%] Built target ament_cmake_python_build_px4_ros_com_egg
[0.344s] Invoked command in '/home/kvvnbs/BuckeyeVerticalSoftwareV2/build/px4_ros_com' returned '0': CMAKE_PREFIX_PATH=/home/kvvnbs/BuckeyeVerticalSoftwareV2/install/px4_msgs:/home/kvvnbs/BuckeyeVerticalSoftwareV2/install/px4_ros_com:/opt/ros/humble LD_LIBRARY_PATH=/home/kvvnbs/BuckeyeVerticalSoftwareV2/install/px4_msgs/lib:/home/kvvnbs/BuckeyeVerticalSoftwareV2/install/px4_ros_com/lib:/opt/ros/humble/opt/rviz_ogre_vendor/lib:/opt/ros/humble/lib/x86_64-linux-gnu:/opt/ros/humble/lib /usr/bin/cmake --build /home/kvvnbs/BuckeyeVerticalSoftwareV2/build/px4_ros_com -- -j16 -l16
[0.344s] Invoking command in '/home/kvvnbs/BuckeyeVerticalSoftwareV2/build/px4_ros_com': CMAKE_PREFIX_PATH=/home/kvvnbs/BuckeyeVerticalSoftwareV2/install/px4_msgs:/home/kvvnbs/BuckeyeVerticalSoftwareV2/install/px4_ros_com:/opt/ros/humble LD_LIBRARY_PATH=/home/kvvnbs/BuckeyeVerticalSoftwareV2/install/px4_msgs/lib:/home/kvvnbs/BuckeyeVerticalSoftwareV2/install/px4_ros_com/lib:/opt/ros/humble/opt/rviz_ogre_vendor/lib:/opt/ros/humble/lib/x86_64-linux-gnu:/opt/ros/humble/lib /usr/bin/cmake --install /home/kvvnbs/BuckeyeVerticalSoftwareV2/build/px4_ros_com
[0.347s] -- Install configuration: ""
[0.348s] -- Up-to-date: /home/kvvnbs/BuckeyeVerticalSoftwareV2/install/px4_ros_com/lib/px4_ros_com/traj_test
[0.348s] -- Up-to-date: /home/kvvnbs/BuckeyeVerticalSoftwareV2/install/px4_ros_com/lib/px4_ros_com/traj_test_copy
[0.349s] -- Up-to-date: /home/kvvnbs/BuckeyeVerticalSoftwareV2/install/px4_ros_com/lib/px4_ros_com/test_trajectory
[0.349s] -- Up-to-date: /home/kvvnbs/BuckeyeVerticalSoftwareV2/install/px4_ros_com/share/px4_ros_com/environment/library_path.sh
[0.349s] -- Up-to-date: /home/kvvnbs/BuckeyeVerticalSoftwareV2/install/px4_ros_com/share/px4_ros_com/environment/library_path.dsv
[0.349s] -- Up-to-date: /home/kvvnbs/BuckeyeVerticalSoftwareV2/install/px4_ros_com/include/px4_ros_com
[0.349s] -- Up-to-date: /home/kvvnbs/BuckeyeVerticalSoftwareV2/install/px4_ros_com/include/px4_ros_com/frame_transforms.h
[0.349s] -- Up-to-date: /home/kvvnbs/BuckeyeVerticalSoftwareV2/install/px4_ros_com/lib/libframe_transforms.so
[0.349s] -- Up-to-date: /home/kvvnbs/BuckeyeVerticalSoftwareV2/install/px4_ros_com/share/px4_ros_com//launch
[0.349s] -- Up-to-date: /home/kvvnbs/BuckeyeVerticalSoftwareV2/install/px4_ros_com/share/px4_ros_com//launch/traj_test.launch.py
[0.349s] -- Up-to-date: /home/kvvnbs/BuckeyeVerticalSoftwareV2/install/px4_ros_com/share/px4_ros_com//launch/sensor_combined_listener.launch.py
[0.349s] -- Up-to-date: /home/kvvnbs/BuckeyeVerticalSoftwareV2/install/px4_ros_com/share/px4_ros_com//launch/test_trajectory.launch.py
[0.350s] -- Up-to-date: /home/kvvnbs/BuckeyeVerticalSoftwareV2/install/px4_ros_com/share/px4_ros_com//launch/offboard_control_launch.yaml
[0.350s] -- Up-to-date: /home/kvvnbs/BuckeyeVerticalSoftwareV2/install/px4_ros_com/share/px4_ros_com//test
[0.350s] -- Up-to-date: /home/kvvnbs/BuckeyeVerticalSoftwareV2/install/px4_ros_com/share/px4_ros_com//test/test_output.py
[0.350s] -- Up-to-date: /home/kvvnbs/BuckeyeVerticalSoftwareV2/install/px4_ros_com/share/px4_ros_com//test/test_input.py
[0.350s] -- Up-to-date: /home/kvvnbs/BuckeyeVerticalSoftwareV2/install/px4_ros_com/share/px4_ros_com//test/__init__.py
[0.350s] -- Up-to-date: /home/kvvnbs/BuckeyeVerticalSoftwareV2/install/px4_ros_com/share/px4_ros_com//test/test_trajectory.cpp
[0.350s] -- Up-to-date: /home/kvvnbs/BuckeyeVerticalSoftwareV2/install/px4_ros_com/share/px4_ros_com//test/pipeline_io_test.py
[0.350s] -- Up-to-date: /home/kvvnbs/BuckeyeVerticalSoftwareV2/install/px4_ros_com/share/px4_ros_com/environment/pythonpath.sh
[0.350s] -- Up-to-date: /home/kvvnbs/BuckeyeVerticalSoftwareV2/install/px4_ros_com/share/px4_ros_com/environment/pythonpath.dsv
[0.350s] -- Up-to-date: /home/kvvnbs/BuckeyeVerticalSoftwareV2/install/px4_ros_com/local/lib/python3.10/dist-packages/px4_ros_com-0.1.0-py3.10.egg-info
[0.350s] -- Installing: /home/kvvnbs/BuckeyeVerticalSoftwareV2/install/px4_ros_com/local/lib/python3.10/dist-packages/px4_ros_com-0.1.0-py3.10.egg-info/SOURCES.txt
[0.350s] -- Installing: /home/kvvnbs/BuckeyeVerticalSoftwareV2/install/px4_ros_com/local/lib/python3.10/dist-packages/px4_ros_com-0.1.0-py3.10.egg-info/PKG-INFO
[0.350s] -- Installing: /home/kvvnbs/BuckeyeVerticalSoftwareV2/install/px4_ros_com/local/lib/python3.10/dist-packages/px4_ros_com-0.1.0-py3.10.egg-info/dependency_links.txt
[0.350s] -- Installing: /home/kvvnbs/BuckeyeVerticalSoftwareV2/install/px4_ros_com/local/lib/python3.10/dist-packages/px4_ros_com-0.1.0-py3.10.egg-info/top_level.txt
[0.350s] -- Up-to-date: /home/kvvnbs/BuckeyeVerticalSoftwareV2/install/px4_ros_com/local/lib/python3.10/dist-packages/px4_ros_com
[0.350s] -- Up-to-date: /home/kvvnbs/BuckeyeVerticalSoftwareV2/install/px4_ros_com/local/lib/python3.10/dist-packages/px4_ros_com/__init__.py
[0.350s] -- Up-to-date: /home/kvvnbs/BuckeyeVerticalSoftwareV2/install/px4_ros_com/local/lib/python3.10/dist-packages/px4_ros_com/module_to_import.py
[0.373s] Listing '/home/kvvnbs/BuckeyeVerticalSoftwareV2/install/px4_ros_com/local/lib/python3.10/dist-packages/px4_ros_com'...
[0.376s] -- Up-to-date: /home/kvvnbs/BuckeyeVerticalSoftwareV2/install/px4_ros_com/share/ament_index/resource_index/package_run_dependencies/px4_ros_com
[0.377s] -- Up-to-date: /home/kvvnbs/BuckeyeVerticalSoftwareV2/install/px4_ros_com/share/ament_index/resource_index/parent_prefix_path/px4_ros_com
[0.377s] -- Up-to-date: /home/kvvnbs/BuckeyeVerticalSoftwareV2/install/px4_ros_com/share/px4_ros_com/environment/ament_prefix_path.sh
[0.377s] -- Up-to-date: /home/kvvnbs/BuckeyeVerticalSoftwareV2/install/px4_ros_com/share/px4_ros_com/environment/ament_prefix_path.dsv
[0.377s] -- Up-to-date: /home/kvvnbs/BuckeyeVerticalSoftwareV2/install/px4_ros_com/share/px4_ros_com/environment/path.sh
[0.377s] -- Up-to-date: /home/kvvnbs/BuckeyeVerticalSoftwareV2/install/px4_ros_com/share/px4_ros_com/environment/path.dsv
[0.377s] -- Up-to-date: /home/kvvnbs/BuckeyeVerticalSoftwareV2/install/px4_ros_com/share/px4_ros_com/local_setup.bash
[0.377s] -- Up-to-date: /home/kvvnbs/BuckeyeVerticalSoftwareV2/install/px4_ros_com/share/px4_ros_com/local_setup.sh
[0.378s] -- Up-to-date: /home/kvvnbs/BuckeyeVerticalSoftwareV2/install/px4_ros_com/share/px4_ros_com/local_setup.zsh
[0.378s] -- Up-to-date: /home/kvvnbs/BuckeyeVerticalSoftwareV2/install/px4_ros_com/share/px4_ros_com/local_setup.dsv
[0.379s] -- Installing: /home/kvvnbs/BuckeyeVerticalSoftwareV2/install/px4_ros_com/share/px4_ros_com/package.dsv
[0.379s] -- Up-to-date: /home/kvvnbs/BuckeyeVerticalSoftwareV2/install/px4_ros_com/share/ament_index/resource_index/packages/px4_ros_com
[0.380s] -- Up-to-date: /home/kvvnbs/BuckeyeVerticalSoftwareV2/install/px4_ros_com/share/px4_ros_com/cmake/export_frame_transformsExport.cmake
[0.381s] -- Up-to-date: /home/kvvnbs/BuckeyeVerticalSoftwareV2/install/px4_ros_com/share/px4_ros_com/cmake/export_frame_transformsExport-noconfig.cmake
[0.381s] -- Up-to-date: /home/kvvnbs/BuckeyeVerticalSoftwareV2/install/px4_ros_com/share/px4_ros_com/cmake/ament_cmake_export_dependencies-extras.cmake
[0.381s] -- Up-to-date: /home/kvvnbs/BuckeyeVerticalSoftwareV2/install/px4_ros_com/share/px4_ros_com/cmake/ament_cmake_export_targets-extras.cmake
[0.381s] -- Up-to-date: /home/kvvnbs/BuckeyeVerticalSoftwareV2/install/px4_ros_com/share/px4_ros_com/cmake/ament_cmake_export_include_directories-extras.cmake
[0.381s] -- Up-to-date: /home/kvvnbs/BuckeyeVerticalSoftwareV2/install/px4_ros_com/share/px4_ros_com/cmake/ament_cmake_export_libraries-extras.cmake
[0.381s] -- Up-to-date: /home/kvvnbs/BuckeyeVerticalSoftwareV2/install/px4_ros_com/share/px4_ros_com/cmake/px4_ros_comConfig.cmake
[0.382s] -- Up-to-date: /home/kvvnbs/BuckeyeVerticalSoftwareV2/install/px4_ros_com/share/px4_ros_com/cmake/px4_ros_comConfig-version.cmake
[0.382s] -- Up-to-date: /home/kvvnbs/BuckeyeVerticalSoftwareV2/install/px4_ros_com/share/px4_ros_com/package.xml
[0.383s] Invoked command in '/home/kvvnbs/BuckeyeVerticalSoftwareV2/build/px4_ros_com' returned '0': CMAKE_PREFIX_PATH=/home/kvvnbs/BuckeyeVerticalSoftwareV2/install/px4_msgs:/home/kvvnbs/BuckeyeVerticalSoftwareV2/install/px4_ros_com:/opt/ros/humble LD_LIBRARY_PATH=/home/kvvnbs/BuckeyeVerticalSoftwareV2/install/px4_msgs/lib:/home/kvvnbs/BuckeyeVerticalSoftwareV2/install/px4_ros_com/lib:/opt/ros/humble/opt/rviz_ogre_vendor/lib:/opt/ros/humble/lib/x86_64-linux-gnu:/opt/ros/humble/lib /usr/bin/cmake --install /home/kvvnbs/BuckeyeVerticalSoftwareV2/build/px4_ros_com
