[0.250s] Invoking command in '/home/eashan/BuckeyeVerticalSoftware_v2/build/px4_ros_com': AMENT_PREFIX_PATH=/home/eashan/BuckeyeVerticalSoftware_v2/install/px4_msgs:${AMENT_PREFIX_PATH} CMAKE_PREFIX_PATH=/home/eashan/BuckeyeVerticalSoftware_v2/install/px4_msgs:/opt/ros/humble LD_LIBRARY_PATH=/home/eashan/BuckeyeVerticalSoftware_v2/install/px4_msgs/lib:/opt/ros/humble/opt/rviz_ogre_vendor/lib:/opt/ros/humble/lib/x86_64-linux-gnu:/opt/ros/humble/lib:/usr/local/cuda-12.6/lib64:/usr/local/cuda-12.6/lib64 PYTHONPATH=/home/eashan/BuckeyeVerticalSoftware_v2/install/px4_msgs/local/lib/python3.10/dist-packages:${PYTHONPATH} /usr/bin/cmake /home/eashan/BuckeyeVerticalSoftware_v2/src/px4_ros_com -DCMAKE_INSTALL_PREFIX=/home/eashan/BuckeyeVerticalSoftware_v2/install/px4_ros_com
[0.510s] -- The C compiler identification is GNU 11.4.0
[1.987s] -- The CXX compiler identification is GNU 11.4.0
[3.020s] -- Detecting C compiler ABI info
[3.328s] -- Detecting C compiler ABI info - done
[3.334s] -- Check for working C compiler: /usr/bin/cc - skipped
[3.334s] -- Detecting C compile features
[3.334s] -- Detecting C compile features - done
[3.337s] -- Detecting CXX compiler ABI info
[3.635s] -- Detecting CXX compiler ABI info - done
[3.638s] -- Check for working CXX compiler: /usr/bin/c++ - skipped
[3.639s] -- Detecting CXX compile features
[3.639s] -- Detecting CXX compile features - done
[3.641s] -- Found ament_cmake: 1.3.11 (/opt/ros/humble/share/ament_cmake/cmake)
[3.923s] -- Found Python3: /usr/bin/python3 (found version "3.10.12") found components: Interpreter 
[3.988s] -- Found builtin_interfaces: 1.2.1 (/opt/ros/humble/share/builtin_interfaces/cmake)
[4.395s] -- Found rosidl_generator_c: 3.1.5 (/opt/ros/humble/share/rosidl_generator_c/cmake)
[4.398s] -- Found rosidl_adapter: 3.1.5 (/opt/ros/humble/share/rosidl_adapter/cmake)
[4.404s] -- Found rosidl_generator_cpp: 3.1.5 (/opt/ros/humble/share/rosidl_generator_cpp/cmake)
[4.413s] -- Using all available rosidl_typesupport_c: rosidl_typesupport_fastrtps_c;rosidl_typesupport_introspection_c
[4.425s] -- Using all available rosidl_typesupport_cpp: rosidl_typesupport_fastrtps_cpp;rosidl_typesupport_introspection_cpp
[4.449s] -- Found eigen3_cmake_module: 0.1.1 (/opt/ros/humble/share/eigen3_cmake_module/cmake)
[4.464s] -- Found Eigen3: TRUE (found version "3.4.0") 
[4.465s] -- Found visualization_msgs: 4.2.4 (/opt/ros/humble/share/visualization_msgs/cmake)
[4.552s] -- Found px4_msgs: 2.0.1 (/home/eashan/BuckeyeVerticalSoftware_v2/install/px4_msgs/share/px4_msgs/cmake)
[4.565s] -- Found rclcpp: 16.0.10 (/opt/ros/humble/share/rclcpp/cmake)
[4.619s] -- Found rmw_implementation_cmake: 6.1.2 (/opt/ros/humble/share/rmw_implementation_cmake/cmake)
[4.624s] -- Found rmw_fastrtps_cpp: 6.2.7 (/opt/ros/humble/share/rmw_fastrtps_cpp/cmake)
[8.804s] -- Found OpenSSL: /usr/lib/x86_64-linux-gnu/libcrypto.so (found version "3.0.2")  
[13.271s] -- Found FastRTPS: /opt/ros/humble/include  
[21.873s] -- Using RMW implementation 'rmw_fastrtps_cpp' as default
[21.899s] -- Looking for pthread.h
[22.192s] -- Looking for pthread.h - found
[22.192s] -- Performing Test CMAKE_HAVE_LIBC_PTHREAD
[22.482s] -- Performing Test CMAKE_HAVE_LIBC_PTHREAD - Success
[22.483s] -- Found Threads: TRUE  
[22.542s] -- Found rclpy: 3.3.14 (/opt/ros/humble/share/rclpy/cmake)
[22.550s] -- Found ament_lint_auto: 0.12.11 (/opt/ros/humble/share/ament_lint_auto/cmake)
[22.619s] -- Configuring done
[22.633s] -- Generating done
[22.634s] -- Build files have been written to: /home/eashan/BuckeyeVerticalSoftware_v2/build/px4_ros_com
[22.644s] Invoked command in '/home/eashan/BuckeyeVerticalSoftware_v2/build/px4_ros_com' returned '0': AMENT_PREFIX_PATH=/home/eashan/BuckeyeVerticalSoftware_v2/install/px4_msgs:${AMENT_PREFIX_PATH} CMAKE_PREFIX_PATH=/home/eashan/BuckeyeVerticalSoftware_v2/install/px4_msgs:/opt/ros/humble LD_LIBRARY_PATH=/home/eashan/BuckeyeVerticalSoftware_v2/install/px4_msgs/lib:/opt/ros/humble/opt/rviz_ogre_vendor/lib:/opt/ros/humble/lib/x86_64-linux-gnu:/opt/ros/humble/lib:/usr/local/cuda-12.6/lib64:/usr/local/cuda-12.6/lib64 PYTHONPATH=/home/eashan/BuckeyeVerticalSoftware_v2/install/px4_msgs/local/lib/python3.10/dist-packages:${PYTHONPATH} /usr/bin/cmake /home/eashan/BuckeyeVerticalSoftware_v2/src/px4_ros_com -DCMAKE_INSTALL_PREFIX=/home/eashan/BuckeyeVerticalSoftware_v2/install/px4_ros_com
[22.644s] Invoking command in '/home/eashan/BuckeyeVerticalSoftware_v2/build/px4_ros_com': AMENT_PREFIX_PATH=/home/eashan/BuckeyeVerticalSoftware_v2/install/px4_msgs:${AMENT_PREFIX_PATH} CMAKE_PREFIX_PATH=/home/eashan/BuckeyeVerticalSoftware_v2/install/px4_msgs:/opt/ros/humble LD_LIBRARY_PATH=/home/eashan/BuckeyeVerticalSoftware_v2/install/px4_msgs/lib:/opt/ros/humble/opt/rviz_ogre_vendor/lib:/opt/ros/humble/lib/x86_64-linux-gnu:/opt/ros/humble/lib:/usr/local/cuda-12.6/lib64:/usr/local/cuda-12.6/lib64 PYTHONPATH=/home/eashan/BuckeyeVerticalSoftware_v2/install/px4_msgs/local/lib/python3.10/dist-packages:${PYTHONPATH} /usr/bin/cmake --build /home/eashan/BuckeyeVerticalSoftware_v2/build/px4_ros_com -- -j4 -l4
[22.677s] [ 10%] [32mBuilding CXX object CMakeFiles/frame_transforms.dir/src/lib/frame_transforms.cpp.o[0m
[22.677s] [ 20%] [32mBuilding CXX object CMakeFiles/traj_test.dir/src/traj_test.cpp.o[0m
[22.677s] [ 30%] [32mBuilding CXX object CMakeFiles/traj_test.dir/src/trajectory.cpp.o[0m
[22.682s] [ 40%] [32mBuilding CXX object CMakeFiles/test_trajectory.dir/test/test_trajectory.cpp.o[0m
[29.859s] [ 50%] [32mBuilding CXX object CMakeFiles/test_trajectory.dir/src/trajectory.cpp.o[0m
[31.626s] [ 60%] [32m[1mLinking CXX shared library libframe_transforms.so[0m
[32.126s] [ 60%] Built target frame_transforms
[32.164s] [ 70%] [32mBuilding CXX object CMakeFiles/test_trajectory.dir/src/rviz_utils.cpp.o[0m
[34.849s] [ 80%] [32mBuilding CXX object CMakeFiles/traj_test.dir/src/rviz_utils.cpp.o[0m
[39.335s] [ 90%] [32m[1mLinking CXX executable traj_test[0m
[40.261s] [ 90%] Built target traj_test
[40.286s] [100%] [32m[1mLinking CXX executable test_trajectory[0m
[40.830s] [100%] Built target test_trajectory
[40.841s] Invoked command in '/home/eashan/BuckeyeVerticalSoftware_v2/build/px4_ros_com' returned '0': AMENT_PREFIX_PATH=/home/eashan/BuckeyeVerticalSoftware_v2/install/px4_msgs:${AMENT_PREFIX_PATH} CMAKE_PREFIX_PATH=/home/eashan/BuckeyeVerticalSoftware_v2/install/px4_msgs:/opt/ros/humble LD_LIBRARY_PATH=/home/eashan/BuckeyeVerticalSoftware_v2/install/px4_msgs/lib:/opt/ros/humble/opt/rviz_ogre_vendor/lib:/opt/ros/humble/lib/x86_64-linux-gnu:/opt/ros/humble/lib:/usr/local/cuda-12.6/lib64:/usr/local/cuda-12.6/lib64 PYTHONPATH=/home/eashan/BuckeyeVerticalSoftware_v2/install/px4_msgs/local/lib/python3.10/dist-packages:${PYTHONPATH} /usr/bin/cmake --build /home/eashan/BuckeyeVerticalSoftware_v2/build/px4_ros_com -- -j4 -l4
[40.870s] Invoking command in '/home/eashan/BuckeyeVerticalSoftware_v2/build/px4_ros_com': AMENT_PREFIX_PATH=/home/eashan/BuckeyeVerticalSoftware_v2/install/px4_msgs:${AMENT_PREFIX_PATH} CMAKE_PREFIX_PATH=/home/eashan/BuckeyeVerticalSoftware_v2/install/px4_msgs:/opt/ros/humble LD_LIBRARY_PATH=/home/eashan/BuckeyeVerticalSoftware_v2/install/px4_msgs/lib:/opt/ros/humble/opt/rviz_ogre_vendor/lib:/opt/ros/humble/lib/x86_64-linux-gnu:/opt/ros/humble/lib:/usr/local/cuda-12.6/lib64:/usr/local/cuda-12.6/lib64 PYTHONPATH=/home/eashan/BuckeyeVerticalSoftware_v2/install/px4_msgs/local/lib/python3.10/dist-packages:${PYTHONPATH} /usr/bin/cmake --install /home/eashan/BuckeyeVerticalSoftware_v2/build/px4_ros_com
[40.875s] -- Install configuration: ""
[40.876s] -- Installing: /home/eashan/BuckeyeVerticalSoftware_v2/install/px4_ros_com/lib/px4_ros_com/traj_test
[40.881s] -- Set runtime path of "/home/eashan/BuckeyeVerticalSoftware_v2/install/px4_ros_com/lib/px4_ros_com/traj_test" to ""
[40.881s] -- Installing: /home/eashan/BuckeyeVerticalSoftware_v2/install/px4_ros_com/lib/px4_ros_com/test_trajectory
[40.883s] -- Set runtime path of "/home/eashan/BuckeyeVerticalSoftware_v2/install/px4_ros_com/lib/px4_ros_com/test_trajectory" to ""
[40.883s] -- Installing: /home/eashan/BuckeyeVerticalSoftware_v2/install/px4_ros_com/share/px4_ros_com/environment/library_path.sh
[40.883s] -- Installing: /home/eashan/BuckeyeVerticalSoftware_v2/install/px4_ros_com/share/px4_ros_com/environment/library_path.dsv
[40.887s] -- Installing: /home/eashan/BuckeyeVerticalSoftware_v2/install/px4_ros_com/include/px4_ros_com
[40.887s] -- Installing: /home/eashan/BuckeyeVerticalSoftware_v2/install/px4_ros_com/include/px4_ros_com/frame_transforms.h
[40.887s] -- Installing: /home/eashan/BuckeyeVerticalSoftware_v2/install/px4_ros_com/lib/libframe_transforms.so
[40.887s] -- Set runtime path of "/home/eashan/BuckeyeVerticalSoftware_v2/install/px4_ros_com/lib/libframe_transforms.so" to ""
[40.887s] -- Installing: /home/eashan/BuckeyeVerticalSoftware_v2/install/px4_ros_com/share/px4_ros_com//launch
[40.887s] -- Installing: /home/eashan/BuckeyeVerticalSoftware_v2/install/px4_ros_com/share/px4_ros_com//launch/offboard_control_launch.yaml
[40.887s] -- Installing: /home/eashan/BuckeyeVerticalSoftware_v2/install/px4_ros_com/share/px4_ros_com//launch/traj_test.launch.py
[40.887s] -- Installing: /home/eashan/BuckeyeVerticalSoftware_v2/install/px4_ros_com/share/px4_ros_com//launch/sensor_combined_listener.launch.py
[40.887s] -- Installing: /home/eashan/BuckeyeVerticalSoftware_v2/install/px4_ros_com/share/px4_ros_com//launch/test_trajectory.launch.py
[40.887s] -- Installing: /home/eashan/BuckeyeVerticalSoftware_v2/install/px4_ros_com/share/px4_ros_com//test
[40.887s] -- Installing: /home/eashan/BuckeyeVerticalSoftware_v2/install/px4_ros_com/share/px4_ros_com//test/test_output.py
[40.887s] -- Installing: /home/eashan/BuckeyeVerticalSoftware_v2/install/px4_ros_com/share/px4_ros_com//test/pipeline_io_test.py
[40.887s] -- Installing: /home/eashan/BuckeyeVerticalSoftware_v2/install/px4_ros_com/share/px4_ros_com//test/test_input.py
[40.887s] -- Installing: /home/eashan/BuckeyeVerticalSoftware_v2/install/px4_ros_com/share/px4_ros_com//test/__init__.py
[40.888s] -- Installing: /home/eashan/BuckeyeVerticalSoftware_v2/install/px4_ros_com/share/px4_ros_com//test/test_trajectory.cpp
[40.890s] Invoked command in '/home/eashan/BuckeyeVerticalSoftware_v2/build/px4_ros_com' returned '0': AMENT_PREFIX_PATH=/home/eashan/BuckeyeVerticalSoftware_v2/install/px4_msgs:${AMENT_PREFIX_PATH} CMAKE_PREFIX_PATH=/home/eashan/BuckeyeVerticalSoftware_v2/install/px4_msgs:/opt/ros/humble LD_LIBRARY_PATH=/home/eashan/BuckeyeVerticalSoftware_v2/install/px4_msgs/lib:/opt/ros/humble/opt/rviz_ogre_vendor/lib:/opt/ros/humble/lib/x86_64-linux-gnu:/opt/ros/humble/lib:/usr/local/cuda-12.6/lib64:/usr/local/cuda-12.6/lib64 PYTHONPATH=/home/eashan/BuckeyeVerticalSoftware_v2/install/px4_msgs/local/lib/python3.10/dist-packages:${PYTHONPATH} /usr/bin/cmake --install /home/eashan/BuckeyeVerticalSoftware_v2/build/px4_ros_com
