[01m[K/home/eashan/BuckeyeVerticalSoftware_v2/src/px4_ros_com/src/rviz_utils.cpp:[m[K In function ‘[01m[Kvisualization_msgs::msg::Marker rviz_utils::createArrowMarker(const Vector3f&, float, const string&)[m[K’:
[01m[K/home/eashan/BuckeyeVerticalSoftware_v2/src/px4_ros_com/src/rviz_utils.cpp:48:37:[m[K [01;31m[Kerror: [m[Kexpected ‘[01m[K([m[K’ before ‘[01m[Kheading[m[K’
   48 |     double yaw = static_cast<double>[01;31m[Kh[m[K[32m[Keading[m[K;
      |                                     [01;31m[K^[m[K[32m[K~~~~~~[m[K
      |                                     [32m[K([m[K
[01m[K/home/eashan/BuckeyeVerticalSoftware_v2/src/px4_ros_com/src/rviz_utils.cpp:48:44:[m[K [01;31m[Kerror: [m[Kexpected ‘[01m[K)[m[K’ before ‘[01m[K;[m[K’ token
   48 |     double yaw = static_cast<double>heading[01;31m[K;[m[K
      |                                            [01;31m[K^[m[K
      |                                            [32m[K)[m[K
[01m[K/home/eashan/BuckeyeVerticalSoftware_v2/src/px4_ros_com/src/rviz_utils.cpp:30:130:[m[K [01;35m[Kwarning: [m[Kunused parameter ‘[01m[Kframe_id[m[K’ [[01;35m[K]8;;https://gcc.gnu.org/onlinedocs/gcc/Warning-Options.html#index-Wunused-parameter-Wunused-parameter]8;;[m[K]
   30 | visualization_msgs::msg::Marker rviz_utils::createArrowMarker(const Eigen::Vector3f &position, float heading, [01;35m[Kconst std::string& frame_id[m[K) {
      |                                                                                                               [01;35m[K~~~~~~~~~~~~~~~~~~~^~~~~~~~[m[K
[01m[K/home/eashan/BuckeyeVerticalSoftware_v2/src/px4_ros_com/src/rviz_utils.cpp:[m[K In function ‘[01m[Kvisualization_msgs::msg::Marker rviz_utils::createArrowMarker(const Vector3f&, float, const string&)[m[K’:
[01m[K/home/eashan/BuckeyeVerticalSoftware_v2/src/px4_ros_com/src/rviz_utils.cpp:48:37:[m[K [01;31m[Kerror: [m[Kexpected ‘[01m[K([m[K’ before ‘[01m[Kheading[m[K’
   48 |     double yaw = static_cast<double>[01;31m[Kh[m[K[32m[Keading[m[K;
      |                                     [01;31m[K^[m[K[32m[K~~~~~~[m[K
      |                                     [32m[K([m[K
[01m[K/home/eashan/BuckeyeVerticalSoftware_v2/src/px4_ros_com/src/rviz_utils.cpp:48:44:[m[K [01;31m[Kerror: [m[Kexpected ‘[01m[K)[m[K’ before ‘[01m[K;[m[K’ token
   48 |     double yaw = static_cast<double>heading[01;31m[K;[m[K
      |                                            [01;31m[K^[m[K
      |                                            [32m[K)[m[K
[01m[K/home/eashan/BuckeyeVerticalSoftware_v2/src/px4_ros_com/src/rviz_utils.cpp:30:130:[m[K [01;35m[Kwarning: [m[Kunused parameter ‘[01m[Kframe_id[m[K’ [[01;35m[K]8;;https://gcc.gnu.org/onlinedocs/gcc/Warning-Options.html#index-Wunused-parameter-Wunused-parameter]8;;[m[K]
   30 | visualization_msgs::msg::Marker rviz_utils::createArrowMarker(const Eigen::Vector3f &position, float heading, [01;35m[Kconst std::string& frame_id[m[K) {
      |                                                                                                               [01;35m[K~~~~~~~~~~~~~~~~~~~^~~~~~~~[m[K
gmake[2]: *** [CMakeFiles/test_trajectory.dir/build.make:104: CMakeFiles/test_trajectory.dir/src/rviz_utils.cpp.o] Error 1
gmake[1]: *** [CMakeFiles/Makefile2:196: CMakeFiles/test_trajectory.dir/all] Error 2
gmake[1]: *** Waiting for unfinished jobs....
gmake[2]: *** [CMakeFiles/traj_test.dir/build.make:104: CMakeFiles/traj_test.dir/src/rviz_utils.cpp.o] Error 1
gmake[1]: *** [CMakeFiles/Makefile2:170: CMakeFiles/traj_test.dir/all] Error 2
gmake: *** [Makefile:146: all] Error 2
