[0.074s] Invoking command in '/home/kvvnbs/BuckeyeVerticalSoftwareV2/build/px4_ros_com': CMAKE_PREFIX_PATH=/home/kvvnbs/BuckeyeVerticalSoftwareV2/install/px4_msgs:/home/kvvnbs/BuckeyeVerticalSoftwareV2/install/px4_ros_com:/opt/ros/humble LD_LIBRARY_PATH=/home/kvvnbs/BuckeyeVerticalSoftwareV2/install/px4_msgs/lib:/home/kvvnbs/BuckeyeVerticalSoftwareV2/install/px4_ros_com/lib:/opt/ros/humble/opt/rviz_ogre_vendor/lib:/opt/ros/humble/lib/x86_64-linux-gnu:/opt/ros/humble/lib /usr/bin/cmake --build /home/kvvnbs/BuckeyeVerticalSoftwareV2/build/px4_ros_com -- -j16 -l16
[0.103s] [35m[1mConsolidate compiler generated dependencies of target traj_test_copy[0m
[0.107s] [ 11%] Built target frame_transforms
[0.111s] [ 11%] Built target ament_cmake_python_copy_px4_ros_com
[0.112s] [ 41%] Built target traj_test
[0.115s] [ 70%] Built target test_trajectory
[0.124s] [ 76%] [32mBuilding CXX object CMakeFiles/traj_test_copy.dir/src/motionProfiling.cpp.o[0m
[0.290s] running egg_info
[0.290s] writing px4_ros_com.egg-info/PKG-INFO
[0.290s] writing dependency_links to px4_ros_com.egg-info/dependency_links.txt
[0.291s] writing top-level names to px4_ros_com.egg-info/top_level.txt
[0.292s] reading manifest file 'px4_ros_com.egg-info/SOURCES.txt'
[0.292s] writing manifest file 'px4_ros_com.egg-info/SOURCES.txt'
[0.311s] [ 76%] Built target ament_cmake_python_build_px4_ros_com_egg
[2.053s] [01m[K/home/kvvnbs/BuckeyeVerticalSoftwareV2/src/px4_ros_com/src/motionProfiling.cpp:[m[K In member function ‘[01m[Kfloat MotionProfiling::getTimeScaledParameter(float) const[m[K’:
[2.053s] [01m[K/home/kvvnbs/BuckeyeVerticalSoftwareV2/src/px4_ros_com/src/motionProfiling.cpp:26:16:[m[K [01;31m[Kerror: [m[Kassignment of member ‘[01m[KMotionProfiling::vScale[m[K’ in read-only object
[2.054s]    26 |         [01;31m[KvScale = a * t[m[K;
[2.054s]       |         [01;31m[K~~~~~~~^~~~~~~[m[K
[2.054s] [01m[K/home/kvvnbs/BuckeyeVerticalSoftwareV2/src/px4_ros_com/src/motionProfiling.cpp:33:16:[m[K [01;31m[Kerror: [m[Kassignment of member ‘[01m[KMotionProfiling::vScale[m[K’ in read-only object
[2.054s]    33 |         [01;31m[KvScale = vmax[m[K;
[2.054s]       |         [01;31m[K~~~~~~~^~~~~~[m[K
[2.054s] [01m[K/home/kvvnbs/BuckeyeVerticalSoftwareV2/src/px4_ros_com/src/motionProfiling.cpp:39:16:[m[K [01;31m[Kerror: [m[Kassignment of member ‘[01m[KMotionProfiling::vScale[m[K’ in read-only object
[2.054s]    39 |         [01;31m[KvScale = a * t[m[K;
[2.054s]       |         [01;31m[K~~~~~~~^~~~~~~[m[K
[2.054s] [01m[K/home/kvvnbs/BuckeyeVerticalSoftwareV2/src/px4_ros_com/src/motionProfiling.cpp:46:12:[m[K [01;31m[Kerror: [m[Kassignment of member ‘[01m[KMotionProfiling::vScale[m[K’ in read-only object
[2.054s]    46 |     [01;31m[KvScale = vScale / vmax[m[K
[2.054s]       |     [01;31m[K~~~~~~~^~~~~~~~~~~~~~~[m[K
[2.054s] [01m[K/home/kvvnbs/BuckeyeVerticalSoftwareV2/src/px4_ros_com/src/motionProfiling.cpp:[m[K In member function ‘[01m[Kfloat MotionProfiling::getvScale()[m[K’:
[2.054s] [01m[K/home/kvvnbs/BuckeyeVerticalSoftwareV2/src/px4_ros_com/src/motionProfiling.cpp:54:18:[m[K [01;31m[Kerror: [m[Kexpected ‘[01m[K;[m[K’ before ‘[01m[K}[m[K’ token
[2.054s]    54 |     return vScale
[2.054s]       |                  [01;31m[K^[m[K
[2.054s]       |                  [32m[K;[m[K
[2.054s]    55 | [32m[K}[m[K
[2.054s]       | [32m[K~[m[K                 
[2.805s] [01m[K/home/kvvnbs/BuckeyeVerticalSoftwareV2/src/px4_ros_com/src/motionProfiling.cpp:[m[K In member function ‘[01m[Kfloat MotionProfiling::getTimeScaledParameter(float) const[m[K’:
[2.805s] [01m[K/home/kvvnbs/BuckeyeVerticalSoftwareV2/src/px4_ros_com/src/motionProfiling.cpp:49:1:[m[K [01;35m[Kwarning: [m[Kcontrol reaches end of non-void function [[01;35m[K]8;;https://gcc.gnu.org/onlinedocs/gcc/Warning-Options.html#index-Wreturn-type-Wreturn-type]8;;[m[K]
[2.805s]    49 | [01;35m[K}[m[K
[2.805s]       | [01;35m[K^[m[K
[2.837s] gmake[2]: *** [CMakeFiles/traj_test_copy.dir/build.make:90: CMakeFiles/traj_test_copy.dir/src/motionProfiling.cpp.o] Error 1
[2.837s] gmake[1]: *** [CMakeFiles/Makefile2:198: CMakeFiles/traj_test_copy.dir/all] Error 2
[2.837s] gmake: *** [Makefile:146: all] Error 2
[2.839s] Invoked command in '/home/kvvnbs/BuckeyeVerticalSoftwareV2/build/px4_ros_com' returned '2': CMAKE_PREFIX_PATH=/home/kvvnbs/BuckeyeVerticalSoftwareV2/install/px4_msgs:/home/kvvnbs/BuckeyeVerticalSoftwareV2/install/px4_ros_com:/opt/ros/humble LD_LIBRARY_PATH=/home/kvvnbs/BuckeyeVerticalSoftwareV2/install/px4_msgs/lib:/home/kvvnbs/BuckeyeVerticalSoftwareV2/install/px4_ros_com/lib:/opt/ros/humble/opt/rviz_ogre_vendor/lib:/opt/ros/humble/lib/x86_64-linux-gnu:/opt/ros/humble/lib /usr/bin/cmake --build /home/kvvnbs/BuckeyeVerticalSoftwareV2/build/px4_ros_com -- -j16 -l16
