[0.286s] Invoking command in '/home/eashan/BuckeyeVerticalSoftware_v2/build/px4_ros_com': CMAKE_PREFIX_PATH=/home/eashan/BuckeyeVerticalSoftware_v2/install/px4_msgs:/home/eashan/BuckeyeVerticalSoftware_v2/install/px4_ros_com:/opt/ros/humble CONDA_PROMPT_MODIFIER=(base) LD_LIBRARY_PATH=/home/eashan/BuckeyeVerticalSoftware_v2/install/px4_msgs/lib:/home/eashan/BuckeyeVerticalSoftware_v2/install/px4_ros_com/lib:/opt/ros/humble/opt/rviz_ogre_vendor/lib:/opt/ros/humble/lib/x86_64-linux-gnu:/opt/ros/humble/lib:/usr/local/cuda-12.6/lib64:/usr/local/cuda-12.6/lib64 /usr/bin/cmake --build /home/eashan/BuckeyeVerticalSoftware_v2/build/px4_ros_com -- -j4 -l4
[0.327s] [35m[1mConsolidate compiler generated dependencies of target traj_test[0m
[0.330s] [ 16%] Built target frame_transforms
[0.358s] [ 25%] [32mBuilding CXX object CMakeFiles/traj_test.dir/src/traj_test.cpp.o[0m
[0.368s] [ 25%] Built target ament_cmake_python_copy_px4_ros_com
[0.399s] [ 66%] Built target test_trajectory
[0.647s] running egg_info
[0.662s] writing px4_ros_com.egg-info/PKG-INFO
[0.663s] writing dependency_links to px4_ros_com.egg-info/dependency_links.txt
[0.664s] writing top-level names to px4_ros_com.egg-info/top_level.txt
[0.707s] reading manifest file 'px4_ros_com.egg-info/SOURCES.txt'
[0.711s] writing manifest file 'px4_ros_com.egg-info/SOURCES.txt'
[0.751s] [ 66%] Built target ament_cmake_python_build_px4_ros_com_egg
[13.335s] [ 75%] [32m[1mLinking CXX executable traj_test[0m
[14.832s] [100%] Built target traj_test
[14.843s] Invoked command in '/home/eashan/BuckeyeVerticalSoftware_v2/build/px4_ros_com' returned '0': CMAKE_PREFIX_PATH=/home/eashan/BuckeyeVerticalSoftware_v2/install/px4_msgs:/home/eashan/BuckeyeVerticalSoftware_v2/install/px4_ros_com:/opt/ros/humble CONDA_PROMPT_MODIFIER=(base) LD_LIBRARY_PATH=/home/eashan/BuckeyeVerticalSoftware_v2/install/px4_msgs/lib:/home/eashan/BuckeyeVerticalSoftware_v2/install/px4_ros_com/lib:/opt/ros/humble/opt/rviz_ogre_vendor/lib:/opt/ros/humble/lib/x86_64-linux-gnu:/opt/ros/humble/lib:/usr/local/cuda-12.6/lib64:/usr/local/cuda-12.6/lib64 /usr/bin/cmake --build /home/eashan/BuckeyeVerticalSoftware_v2/build/px4_ros_com -- -j4 -l4
[14.893s] Invoking command in '/home/eashan/BuckeyeVerticalSoftware_v2/build/px4_ros_com': CMAKE_PREFIX_PATH=/home/eashan/BuckeyeVerticalSoftware_v2/install/px4_msgs:/home/eashan/BuckeyeVerticalSoftware_v2/install/px4_ros_com:/opt/ros/humble CONDA_PROMPT_MODIFIER=(base) LD_LIBRARY_PATH=/home/eashan/BuckeyeVerticalSoftware_v2/install/px4_msgs/lib:/home/eashan/BuckeyeVerticalSoftware_v2/install/px4_ros_com/lib:/opt/ros/humble/opt/rviz_ogre_vendor/lib:/opt/ros/humble/lib/x86_64-linux-gnu:/opt/ros/humble/lib:/usr/local/cuda-12.6/lib64:/usr/local/cuda-12.6/lib64 /usr/bin/cmake --install /home/eashan/BuckeyeVerticalSoftware_v2/build/px4_ros_com
[14.900s] -- Install configuration: ""
[14.900s] -- Installing: /home/eashan/BuckeyeVerticalSoftware_v2/install/px4_ros_com/lib/px4_ros_com/traj_test
[14.909s] -- Set runtime path of "/home/eashan/BuckeyeVerticalSoftware_v2/install/px4_ros_com/lib/px4_ros_com/traj_test" to ""
[14.910s] -- Up-to-date: /home/eashan/BuckeyeVerticalSoftware_v2/install/px4_ros_com/lib/px4_ros_com/test_trajectory
[14.910s] -- Up-to-date: /home/eashan/BuckeyeVerticalSoftware_v2/install/px4_ros_com/share/px4_ros_com/environment/library_path.sh
[14.910s] -- Up-to-date: /home/eashan/BuckeyeVerticalSoftware_v2/install/px4_ros_com/share/px4_ros_com/environment/library_path.dsv
[14.910s] -- Up-to-date: /home/eashan/BuckeyeVerticalSoftware_v2/install/px4_ros_com/include/px4_ros_com
[14.910s] -- Up-to-date: /home/eashan/BuckeyeVerticalSoftware_v2/install/px4_ros_com/include/px4_ros_com/frame_transforms.h
[14.910s] -- Up-to-date: /home/eashan/BuckeyeVerticalSoftware_v2/install/px4_ros_com/lib/libframe_transforms.so
[14.910s] -- Up-to-date: /home/eashan/BuckeyeVerticalSoftware_v2/install/px4_ros_com/share/px4_ros_com//launch
[14.910s] -- Up-to-date: /home/eashan/BuckeyeVerticalSoftware_v2/install/px4_ros_com/share/px4_ros_com//launch/offboard_control_launch.yaml
[14.910s] -- Up-to-date: /home/eashan/BuckeyeVerticalSoftware_v2/install/px4_ros_com/share/px4_ros_com//launch/traj_test.launch.py
[14.910s] -- Up-to-date: /home/eashan/BuckeyeVerticalSoftware_v2/install/px4_ros_com/share/px4_ros_com//launch/sensor_combined_listener.launch.py
[14.910s] -- Up-to-date: /home/eashan/BuckeyeVerticalSoftware_v2/install/px4_ros_com/share/px4_ros_com//launch/test_trajectory.launch.py
[14.910s] -- Up-to-date: /home/eashan/BuckeyeVerticalSoftware_v2/install/px4_ros_com/share/px4_ros_com//test
[14.910s] -- Up-to-date: /home/eashan/BuckeyeVerticalSoftware_v2/install/px4_ros_com/share/px4_ros_com//test/test_output.py
[14.910s] -- Up-to-date: /home/eashan/BuckeyeVerticalSoftware_v2/install/px4_ros_com/share/px4_ros_com//test/pipeline_io_test.py
[14.910s] -- Up-to-date: /home/eashan/BuckeyeVerticalSoftware_v2/install/px4_ros_com/share/px4_ros_com//test/test_input.py
[14.910s] -- Up-to-date: /home/eashan/BuckeyeVerticalSoftware_v2/install/px4_ros_com/share/px4_ros_com//test/__init__.py
[14.910s] -- Up-to-date: /home/eashan/BuckeyeVerticalSoftware_v2/install/px4_ros_com/share/px4_ros_com//test/test_trajectory.cpp
[14.911s] -- Up-to-date: /home/eashan/BuckeyeVerticalSoftware_v2/install/px4_ros_com/share/px4_ros_com/environment/pythonpath.sh
[14.911s] -- Up-to-date: /home/eashan/BuckeyeVerticalSoftware_v2/install/px4_ros_com/share/px4_ros_com/environment/pythonpath.dsv
[14.911s] -- Up-to-date: /home/eashan/BuckeyeVerticalSoftware_v2/install/px4_ros_com/local/lib/python3.10/dist-packages/px4_ros_com-0.1.0-py3.10.egg-info
[14.911s] -- Installing: /home/eashan/BuckeyeVerticalSoftware_v2/install/px4_ros_com/local/lib/python3.10/dist-packages/px4_ros_com-0.1.0-py3.10.egg-info/SOURCES.txt
[14.911s] -- Installing: /home/eashan/BuckeyeVerticalSoftware_v2/install/px4_ros_com/local/lib/python3.10/dist-packages/px4_ros_com-0.1.0-py3.10.egg-info/top_level.txt
[14.911s] -- Installing: /home/eashan/BuckeyeVerticalSoftware_v2/install/px4_ros_com/local/lib/python3.10/dist-packages/px4_ros_com-0.1.0-py3.10.egg-info/dependency_links.txt
[14.911s] -- Installing: /home/eashan/BuckeyeVerticalSoftware_v2/install/px4_ros_com/local/lib/python3.10/dist-packages/px4_ros_com-0.1.0-py3.10.egg-info/PKG-INFO
[14.911s] -- Up-to-date: /home/eashan/BuckeyeVerticalSoftware_v2/install/px4_ros_com/local/lib/python3.10/dist-packages/px4_ros_com
[14.911s] -- Up-to-date: /home/eashan/BuckeyeVerticalSoftware_v2/install/px4_ros_com/local/lib/python3.10/dist-packages/px4_ros_com/module_to_import.py
[14.911s] -- Up-to-date: /home/eashan/BuckeyeVerticalSoftware_v2/install/px4_ros_com/local/lib/python3.10/dist-packages/px4_ros_com/__init__.py
[14.937s] Listing '/home/eashan/BuckeyeVerticalSoftware_v2/install/px4_ros_com/local/lib/python3.10/dist-packages/px4_ros_com'...
[14.943s] -- Up-to-date: /home/eashan/BuckeyeVerticalSoftware_v2/install/px4_ros_com/share/ament_index/resource_index/package_run_dependencies/px4_ros_com
[14.944s] -- Up-to-date: /home/eashan/BuckeyeVerticalSoftware_v2/install/px4_ros_com/share/ament_index/resource_index/parent_prefix_path/px4_ros_com
[14.944s] -- Up-to-date: /home/eashan/BuckeyeVerticalSoftware_v2/install/px4_ros_com/share/px4_ros_com/environment/ament_prefix_path.sh
[14.944s] -- Up-to-date: /home/eashan/BuckeyeVerticalSoftware_v2/install/px4_ros_com/share/px4_ros_com/environment/ament_prefix_path.dsv
[14.944s] -- Up-to-date: /home/eashan/BuckeyeVerticalSoftware_v2/install/px4_ros_com/share/px4_ros_com/environment/path.sh
[14.944s] -- Up-to-date: /home/eashan/BuckeyeVerticalSoftware_v2/install/px4_ros_com/share/px4_ros_com/environment/path.dsv
[14.944s] -- Up-to-date: /home/eashan/BuckeyeVerticalSoftware_v2/install/px4_ros_com/share/px4_ros_com/local_setup.bash
[14.944s] -- Up-to-date: /home/eashan/BuckeyeVerticalSoftware_v2/install/px4_ros_com/share/px4_ros_com/local_setup.sh
[14.944s] -- Up-to-date: /home/eashan/BuckeyeVerticalSoftware_v2/install/px4_ros_com/share/px4_ros_com/local_setup.zsh
[14.944s] -- Up-to-date: /home/eashan/BuckeyeVerticalSoftware_v2/install/px4_ros_com/share/px4_ros_com/local_setup.dsv
[14.944s] -- Installing: /home/eashan/BuckeyeVerticalSoftware_v2/install/px4_ros_com/share/px4_ros_com/package.dsv
[14.944s] -- Up-to-date: /home/eashan/BuckeyeVerticalSoftware_v2/install/px4_ros_com/share/ament_index/resource_index/packages/px4_ros_com
[14.944s] -- Up-to-date: /home/eashan/BuckeyeVerticalSoftware_v2/install/px4_ros_com/share/px4_ros_com/cmake/export_frame_transformsExport.cmake
[14.944s] -- Up-to-date: /home/eashan/BuckeyeVerticalSoftware_v2/install/px4_ros_com/share/px4_ros_com/cmake/export_frame_transformsExport-noconfig.cmake
[14.944s] -- Up-to-date: /home/eashan/BuckeyeVerticalSoftware_v2/install/px4_ros_com/share/px4_ros_com/cmake/ament_cmake_export_dependencies-extras.cmake
[14.944s] -- Up-to-date: /home/eashan/BuckeyeVerticalSoftware_v2/install/px4_ros_com/share/px4_ros_com/cmake/ament_cmake_export_targets-extras.cmake
[14.944s] -- Up-to-date: /home/eashan/BuckeyeVerticalSoftware_v2/install/px4_ros_com/share/px4_ros_com/cmake/ament_cmake_export_include_directories-extras.cmake
[14.944s] -- Up-to-date: /home/eashan/BuckeyeVerticalSoftware_v2/install/px4_ros_com/share/px4_ros_com/cmake/ament_cmake_export_libraries-extras.cmake
[14.944s] -- Up-to-date: /home/eashan/BuckeyeVerticalSoftware_v2/install/px4_ros_com/share/px4_ros_com/cmake/px4_ros_comConfig.cmake
[14.944s] -- Up-to-date: /home/eashan/BuckeyeVerticalSoftware_v2/install/px4_ros_com/share/px4_ros_com/cmake/px4_ros_comConfig-version.cmake
[14.945s] -- Up-to-date: /home/eashan/BuckeyeVerticalSoftware_v2/install/px4_ros_com/share/px4_ros_com/package.xml
[14.950s] Invoked command in '/home/eashan/BuckeyeVerticalSoftware_v2/build/px4_ros_com' returned '0': CMAKE_PREFIX_PATH=/home/eashan/BuckeyeVerticalSoftware_v2/install/px4_msgs:/home/eashan/BuckeyeVerticalSoftware_v2/install/px4_ros_com:/opt/ros/humble CONDA_PROMPT_MODIFIER=(base) LD_LIBRARY_PATH=/home/eashan/BuckeyeVerticalSoftware_v2/install/px4_msgs/lib:/home/eashan/BuckeyeVerticalSoftware_v2/install/px4_ros_com/lib:/opt/ros/humble/opt/rviz_ogre_vendor/lib:/opt/ros/humble/lib/x86_64-linux-gnu:/opt/ros/humble/lib:/usr/local/cuda-12.6/lib64:/usr/local/cuda-12.6/lib64 /usr/bin/cmake --install /home/eashan/BuckeyeVerticalSoftware_v2/build/px4_ros_com
