[0.387s] DEBUG:colcon:Command line arguments: ['/usr/bin/colcon', 'build']
[0.387s] DEBUG:colcon:Parsed command line arguments: Namespace(log_base=None, log_level=None, verb_name='build', build_base='build', install_base='install', merge_install=False, symlink_install=False, test_result_base=None, continue_on_error=False, executor='parallel', parallel_workers=16, event_handlers=None, ignore_user_meta=False, metas=['./colcon.meta'], base_paths=['.'], packages_ignore=None, packages_ignore_regex=None, paths=None, packages_up_to=None, packages_up_to_regex=None, packages_above=None, packages_above_and_dependencies=None, packages_above_depth=None, packages_select_by_dep=None, packages_skip_by_dep=None, packages_skip_up_to=None, packages_select_build_failed=False, packages_skip_build_finished=False, packages_select_test_failures=False, packages_skip_test_passed=False, packages_select=None, packages_skip=None, packages_select_regex=None, packages_skip_regex=None, packages_start=None, packages_end=None, allow_overriding=[], cmake_args=None, cmake_target=None, cmake_target_skip_unavailable=False, cmake_clean_cache=False, cmake_clean_first=False, cmake_force_configure=False, ament_cmake_args=None, catkin_cmake_args=None, catkin_skip_building_tests=False, verb_parser=<colcon_defaults.argument_parser.defaults.DefaultArgumentsDecorator object at 0x7f85ced512a0>, verb_extension=<colcon_core.verb.build.BuildVerb object at 0x7f85ceebeaa0>, main=<bound method BuildVerb.main of <colcon_core.verb.build.BuildVerb object at 0x7f85ceebeaa0>>)
[0.623s] Level 1:colcon.colcon_core.package_discovery:discover_packages(colcon_meta) check parameters
[0.624s] Level 1:colcon.colcon_core.package_discovery:discover_packages(recursive) check parameters
[0.624s] Level 1:colcon.colcon_core.package_discovery:discover_packages(ignore) check parameters
[0.624s] Level 1:colcon.colcon_core.package_discovery:discover_packages(path) check parameters
[0.624s] Level 1:colcon.colcon_core.package_discovery:discover_packages(colcon_meta) discover
[0.624s] Level 1:colcon.colcon_core.package_discovery:discover_packages(recursive) discover
[0.624s] INFO:colcon.colcon_core.package_discovery:Crawling recursively for packages in '/home/kvvnbs/BuckeyeVerticalSoftwareV2'
[0.624s] Level 1:colcon.colcon_core.package_identification:_identify(.) by extensions ['ignore', 'ignore_ament_install']
[0.624s] Level 1:colcon.colcon_core.package_identification:_identify(.) by extension 'ignore'
[0.624s] Level 1:colcon.colcon_core.package_identification:_identify(.) by extension 'ignore_ament_install'
[0.624s] Level 1:colcon.colcon_core.package_identification:_identify(.) by extensions ['colcon_pkg']
[0.624s] Level 1:colcon.colcon_core.package_identification:_identify(.) by extension 'colcon_pkg'
[0.624s] Level 1:colcon.colcon_core.package_identification:_identify(.) by extensions ['colcon_meta']
[0.624s] Level 1:colcon.colcon_core.package_identification:_identify(.) by extension 'colcon_meta'
[0.624s] Level 1:colcon.colcon_core.package_identification:_identify(.) by extensions ['ros']
[0.624s] Level 1:colcon.colcon_core.package_identification:_identify(.) by extension 'ros'
[0.637s] Level 1:colcon.colcon_core.package_identification:_identify(.) by extensions ['cmake', 'python']
[0.637s] Level 1:colcon.colcon_core.package_identification:_identify(.) by extension 'cmake'
[0.637s] Level 1:colcon.colcon_core.package_identification:_identify(.) by extension 'python'
[0.637s] Level 1:colcon.colcon_core.package_identification:_identify(.) by extensions ['python_setup_py']
[0.637s] Level 1:colcon.colcon_core.package_identification:_identify(.) by extension 'python_setup_py'
[0.637s] Level 1:colcon.colcon_core.package_identification:_identify(build) by extensions ['ignore', 'ignore_ament_install']
[0.637s] Level 1:colcon.colcon_core.package_identification:_identify(build) by extension 'ignore'
[0.637s] Level 1:colcon.colcon_core.package_identification:_identify(build) ignored
[0.637s] Level 1:colcon.colcon_core.package_identification:_identify(install) by extensions ['ignore', 'ignore_ament_install']
[0.637s] Level 1:colcon.colcon_core.package_identification:_identify(install) by extension 'ignore'
[0.637s] Level 1:colcon.colcon_core.package_identification:_identify(install) ignored
[0.637s] Level 1:colcon.colcon_core.package_identification:_identify(log) by extensions ['ignore', 'ignore_ament_install']
[0.637s] Level 1:colcon.colcon_core.package_identification:_identify(log) by extension 'ignore'
[0.637s] Level 1:colcon.colcon_core.package_identification:_identify(log) ignored
[0.637s] Level 1:colcon.colcon_core.package_identification:_identify(src) by extensions ['ignore', 'ignore_ament_install']
[0.637s] Level 1:colcon.colcon_core.package_identification:_identify(src) by extension 'ignore'
[0.637s] Level 1:colcon.colcon_core.package_identification:_identify(src) by extension 'ignore_ament_install'
[0.637s] Level 1:colcon.colcon_core.package_identification:_identify(src) by extensions ['colcon_pkg']
[0.637s] Level 1:colcon.colcon_core.package_identification:_identify(src) by extension 'colcon_pkg'
[0.637s] Level 1:colcon.colcon_core.package_identification:_identify(src) by extensions ['colcon_meta']
[0.637s] Level 1:colcon.colcon_core.package_identification:_identify(src) by extension 'colcon_meta'
[0.638s] Level 1:colcon.colcon_core.package_identification:_identify(src) by extensions ['ros']
[0.638s] Level 1:colcon.colcon_core.package_identification:_identify(src) by extension 'ros'
[0.638s] Level 1:colcon.colcon_core.package_identification:_identify(src) by extensions ['cmake', 'python']
[0.638s] Level 1:colcon.colcon_core.package_identification:_identify(src) by extension 'cmake'
[0.638s] Level 1:colcon.colcon_core.package_identification:_identify(src) by extension 'python'
[0.638s] Level 1:colcon.colcon_core.package_identification:_identify(src) by extensions ['python_setup_py']
[0.638s] Level 1:colcon.colcon_core.package_identification:_identify(src) by extension 'python_setup_py'
[0.638s] Level 1:colcon.colcon_core.package_identification:_identify(src/px4_msgs) by extensions ['ignore', 'ignore_ament_install']
[0.638s] Level 1:colcon.colcon_core.package_identification:_identify(src/px4_msgs) by extension 'ignore'
[0.638s] Level 1:colcon.colcon_core.package_identification:_identify(src/px4_msgs) by extension 'ignore_ament_install'
[0.638s] Level 1:colcon.colcon_core.package_identification:_identify(src/px4_msgs) by extensions ['colcon_pkg']
[0.638s] Level 1:colcon.colcon_core.package_identification:_identify(src/px4_msgs) by extension 'colcon_pkg'
[0.638s] Level 1:colcon.colcon_core.package_identification:_identify(src/px4_msgs) by extensions ['colcon_meta']
[0.638s] Level 1:colcon.colcon_core.package_identification:_identify(src/px4_msgs) by extension 'colcon_meta'
[0.638s] Level 1:colcon.colcon_core.package_identification:_identify(src/px4_msgs) by extensions ['ros']
[0.638s] Level 1:colcon.colcon_core.package_identification:_identify(src/px4_msgs) by extension 'ros'
[0.641s] DEBUG:colcon.colcon_core.package_identification:Package 'src/px4_msgs' with type 'ros.ament_cmake' and name 'px4_msgs'
[0.642s] Level 1:colcon.colcon_core.package_identification:_identify(src/px4_ros_com) by extensions ['ignore', 'ignore_ament_install']
[0.642s] Level 1:colcon.colcon_core.package_identification:_identify(src/px4_ros_com) by extension 'ignore'
[0.642s] Level 1:colcon.colcon_core.package_identification:_identify(src/px4_ros_com) by extension 'ignore_ament_install'
[0.642s] Level 1:colcon.colcon_core.package_identification:_identify(src/px4_ros_com) by extensions ['colcon_pkg']
[0.642s] Level 1:colcon.colcon_core.package_identification:_identify(src/px4_ros_com) by extension 'colcon_pkg'
[0.642s] Level 1:colcon.colcon_core.package_identification:_identify(src/px4_ros_com) by extensions ['colcon_meta']
[0.642s] Level 1:colcon.colcon_core.package_identification:_identify(src/px4_ros_com) by extension 'colcon_meta'
[0.642s] Level 1:colcon.colcon_core.package_identification:_identify(src/px4_ros_com) by extensions ['ros']
[0.642s] Level 1:colcon.colcon_core.package_identification:_identify(src/px4_ros_com) by extension 'ros'
[0.643s] DEBUG:colcon.colcon_core.package_identification:Package 'src/px4_ros_com' with type 'ros.ament_cmake' and name 'px4_ros_com'
[0.643s] Level 1:colcon.colcon_core.package_discovery:discover_packages(recursive) using defaults
[0.643s] Level 1:colcon.colcon_core.package_discovery:discover_packages(ignore) discover
[0.643s] Level 1:colcon.colcon_core.package_discovery:discover_packages(ignore) using defaults
[0.643s] Level 1:colcon.colcon_core.package_discovery:discover_packages(path) discover
[0.643s] Level 1:colcon.colcon_core.package_discovery:discover_packages(path) using defaults
[0.687s] Level 1:colcon.colcon_core.package_discovery:discover_packages(prefix_path) check parameters
[0.687s] Level 1:colcon.colcon_core.package_discovery:discover_packages(prefix_path) discover
[0.692s] DEBUG:colcon.colcon_installed_package_information.package_discovery:Found 270 installed packages in /opt/ros/humble
[0.693s] Level 1:colcon.colcon_core.package_discovery:discover_packages(prefix_path) using defaults
[0.718s] Level 5:colcon.colcon_core.verb:set package 'px4_msgs' build argument 'cmake_args' from command line to 'None'
[0.718s] Level 5:colcon.colcon_core.verb:set package 'px4_msgs' build argument 'cmake_target' from command line to 'None'
[0.718s] Level 5:colcon.colcon_core.verb:set package 'px4_msgs' build argument 'cmake_target_skip_unavailable' from command line to 'False'
[0.718s] Level 5:colcon.colcon_core.verb:set package 'px4_msgs' build argument 'cmake_clean_cache' from command line to 'False'
[0.718s] Level 5:colcon.colcon_core.verb:set package 'px4_msgs' build argument 'cmake_clean_first' from command line to 'False'
[0.718s] Level 5:colcon.colcon_core.verb:set package 'px4_msgs' build argument 'cmake_force_configure' from command line to 'False'
[0.718s] Level 5:colcon.colcon_core.verb:set package 'px4_msgs' build argument 'ament_cmake_args' from command line to 'None'
[0.718s] Level 5:colcon.colcon_core.verb:set package 'px4_msgs' build argument 'catkin_cmake_args' from command line to 'None'
[0.718s] Level 5:colcon.colcon_core.verb:set package 'px4_msgs' build argument 'catkin_skip_building_tests' from command line to 'False'
[0.718s] DEBUG:colcon.colcon_core.verb:Building package 'px4_msgs' with the following arguments: {'ament_cmake_args': None, 'build_base': '/home/kvvnbs/BuckeyeVerticalSoftwareV2/build/px4_msgs', 'catkin_cmake_args': None, 'catkin_skip_building_tests': False, 'cmake_args': None, 'cmake_clean_cache': False, 'cmake_clean_first': False, 'cmake_force_configure': False, 'cmake_target': None, 'cmake_target_skip_unavailable': False, 'install_base': '/home/kvvnbs/BuckeyeVerticalSoftwareV2/install/px4_msgs', 'merge_install': False, 'path': '/home/kvvnbs/BuckeyeVerticalSoftwareV2/src/px4_msgs', 'symlink_install': False, 'test_result_base': None}
[0.719s] Level 5:colcon.colcon_core.verb:set package 'px4_ros_com' build argument 'cmake_args' from command line to 'None'
[0.719s] Level 5:colcon.colcon_core.verb:set package 'px4_ros_com' build argument 'cmake_target' from command line to 'None'
[0.719s] Level 5:colcon.colcon_core.verb:set package 'px4_ros_com' build argument 'cmake_target_skip_unavailable' from command line to 'False'
[0.719s] Level 5:colcon.colcon_core.verb:set package 'px4_ros_com' build argument 'cmake_clean_cache' from command line to 'False'
[0.719s] Level 5:colcon.colcon_core.verb:set package 'px4_ros_com' build argument 'cmake_clean_first' from command line to 'False'
[0.719s] Level 5:colcon.colcon_core.verb:set package 'px4_ros_com' build argument 'cmake_force_configure' from command line to 'False'
[0.719s] Level 5:colcon.colcon_core.verb:set package 'px4_ros_com' build argument 'ament_cmake_args' from command line to 'None'
[0.719s] Level 5:colcon.colcon_core.verb:set package 'px4_ros_com' build argument 'catkin_cmake_args' from command line to 'None'
[0.719s] Level 5:colcon.colcon_core.verb:set package 'px4_ros_com' build argument 'catkin_skip_building_tests' from command line to 'False'
[0.719s] DEBUG:colcon.colcon_core.verb:Building package 'px4_ros_com' with the following arguments: {'ament_cmake_args': None, 'build_base': '/home/kvvnbs/BuckeyeVerticalSoftwareV2/build/px4_ros_com', 'catkin_cmake_args': None, 'catkin_skip_building_tests': False, 'cmake_args': None, 'cmake_clean_cache': False, 'cmake_clean_first': False, 'cmake_force_configure': False, 'cmake_target': None, 'cmake_target_skip_unavailable': False, 'install_base': '/home/kvvnbs/BuckeyeVerticalSoftwareV2/install/px4_ros_com', 'merge_install': False, 'path': '/home/kvvnbs/BuckeyeVerticalSoftwareV2/src/px4_ros_com', 'symlink_install': False, 'test_result_base': None}
[0.719s] INFO:colcon.colcon_core.executor:Executing jobs using 'parallel' executor
[0.720s] DEBUG:colcon.colcon_parallel_executor.executor.parallel:run_until_complete
[0.720s] INFO:colcon.colcon_ros.task.ament_cmake.build:Building ROS package in '/home/kvvnbs/BuckeyeVerticalSoftwareV2/src/px4_msgs' with build type 'ament_cmake'
[0.720s] INFO:colcon.colcon_cmake.task.cmake.build:Building CMake package in '/home/kvvnbs/BuckeyeVerticalSoftwareV2/src/px4_msgs'
[0.726s] INFO:colcon.colcon_core.plugin_system:Skipping extension 'colcon_core.shell.bat': Not used on non-Windows systems
[0.726s] INFO:colcon.colcon_core.shell:Skip shell extension 'powershell' for command environment: Not usable outside of PowerShell
[0.726s] DEBUG:colcon.colcon_core.shell:Skip shell extension 'dsv' for command environment
[0.734s] DEBUG:colcon.colcon_core.event_handler.log_command:Invoking command in '/home/kvvnbs/BuckeyeVerticalSoftwareV2/build/px4_msgs': CMAKE_PREFIX_PATH=/opt/ros/humble /usr/bin/cmake --build /home/kvvnbs/BuckeyeVerticalSoftwareV2/build/px4_msgs -- -j16 -l16
[1.543s] DEBUG:colcon.colcon_core.event_handler.log_command:Invoked command in '/home/kvvnbs/BuckeyeVerticalSoftwareV2/build/px4_msgs' returned '0': CMAKE_PREFIX_PATH=/opt/ros/humble /usr/bin/cmake --build /home/kvvnbs/BuckeyeVerticalSoftwareV2/build/px4_msgs -- -j16 -l16
[1.550s] DEBUG:colcon.colcon_core.event_handler.log_command:Invoking command in '/home/kvvnbs/BuckeyeVerticalSoftwareV2/build/px4_msgs': CMAKE_PREFIX_PATH=/opt/ros/humble /usr/bin/cmake --install /home/kvvnbs/BuckeyeVerticalSoftwareV2/build/px4_msgs
[1.974s] Level 1:colcon.colcon_core.environment:create_environment_scripts_only(px4_msgs)
[1.975s] DEBUG:colcon.colcon_core.event_handler.log_command:Invoked command in '/home/kvvnbs/BuckeyeVerticalSoftwareV2/build/px4_msgs' returned '0': CMAKE_PREFIX_PATH=/opt/ros/humble /usr/bin/cmake --install /home/kvvnbs/BuckeyeVerticalSoftwareV2/build/px4_msgs
[1.982s] Level 1:colcon.colcon_core.environment:checking '/home/kvvnbs/BuckeyeVerticalSoftwareV2/install/px4_msgs' for CMake module files
[1.982s] Level 1:colcon.colcon_core.environment:checking '/home/kvvnbs/BuckeyeVerticalSoftwareV2/install/px4_msgs' for CMake config files
[1.985s] Level 1:colcon.colcon_core.shell:create_environment_hook('px4_msgs', 'cmake_prefix_path')
[1.985s] INFO:colcon.colcon_core.shell:Creating environment hook '/home/kvvnbs/BuckeyeVerticalSoftwareV2/install/px4_msgs/share/px4_msgs/hook/cmake_prefix_path.ps1'
[1.986s] INFO:colcon.colcon_core.shell:Creating environment descriptor '/home/kvvnbs/BuckeyeVerticalSoftwareV2/install/px4_msgs/share/px4_msgs/hook/cmake_prefix_path.dsv'
[1.987s] INFO:colcon.colcon_core.shell:Creating environment hook '/home/kvvnbs/BuckeyeVerticalSoftwareV2/install/px4_msgs/share/px4_msgs/hook/cmake_prefix_path.sh'
[1.988s] Level 1:colcon.colcon_core.environment:checking '/home/kvvnbs/BuckeyeVerticalSoftwareV2/install/px4_msgs/lib'
[1.988s] Level 1:colcon.colcon_core.shell:create_environment_hook('px4_msgs', 'ld_library_path_lib')
[1.988s] INFO:colcon.colcon_core.shell:Creating environment hook '/home/kvvnbs/BuckeyeVerticalSoftwareV2/install/px4_msgs/share/px4_msgs/hook/ld_library_path_lib.ps1'
[1.988s] INFO:colcon.colcon_core.shell:Creating environment descriptor '/home/kvvnbs/BuckeyeVerticalSoftwareV2/install/px4_msgs/share/px4_msgs/hook/ld_library_path_lib.dsv'
[1.988s] INFO:colcon.colcon_core.shell:Creating environment hook '/home/kvvnbs/BuckeyeVerticalSoftwareV2/install/px4_msgs/share/px4_msgs/hook/ld_library_path_lib.sh'
[1.989s] Level 1:colcon.colcon_core.environment:checking '/home/kvvnbs/BuckeyeVerticalSoftwareV2/install/px4_msgs/bin'
[1.989s] Level 1:colcon.colcon_core.environment:checking '/home/kvvnbs/BuckeyeVerticalSoftwareV2/install/px4_msgs/lib/pkgconfig/px4_msgs.pc'
[1.989s] Level 1:colcon.colcon_core.environment:checking '/home/kvvnbs/BuckeyeVerticalSoftwareV2/install/px4_msgs/lib/python3.10/site-packages'
[1.989s] Level 1:colcon.colcon_core.environment:checking '/home/kvvnbs/BuckeyeVerticalSoftwareV2/install/px4_msgs/bin'
[1.989s] INFO:colcon.colcon_core.shell:Creating package script '/home/kvvnbs/BuckeyeVerticalSoftwareV2/install/px4_msgs/share/px4_msgs/package.ps1'
[1.990s] INFO:colcon.colcon_core.shell:Creating package descriptor '/home/kvvnbs/BuckeyeVerticalSoftwareV2/install/px4_msgs/share/px4_msgs/package.dsv'
[1.991s] INFO:colcon.colcon_core.shell:Creating package script '/home/kvvnbs/BuckeyeVerticalSoftwareV2/install/px4_msgs/share/px4_msgs/package.sh'
[1.991s] INFO:colcon.colcon_core.shell:Creating package script '/home/kvvnbs/BuckeyeVerticalSoftwareV2/install/px4_msgs/share/px4_msgs/package.bash'
[1.992s] INFO:colcon.colcon_core.shell:Creating package script '/home/kvvnbs/BuckeyeVerticalSoftwareV2/install/px4_msgs/share/px4_msgs/package.zsh'
[1.993s] Level 1:colcon.colcon_core.environment:create_file_with_runtime_dependencies(/home/kvvnbs/BuckeyeVerticalSoftwareV2/install/px4_msgs/share/colcon-core/packages/px4_msgs)
[1.994s] Level 1:colcon.colcon_core.environment:create_environment_scripts_only(px4_msgs)
[1.994s] Level 1:colcon.colcon_core.environment:checking '/home/kvvnbs/BuckeyeVerticalSoftwareV2/install/px4_msgs' for CMake module files
[1.995s] Level 1:colcon.colcon_core.environment:checking '/home/kvvnbs/BuckeyeVerticalSoftwareV2/install/px4_msgs' for CMake config files
[1.998s] Level 1:colcon.colcon_core.shell:create_environment_hook('px4_msgs', 'cmake_prefix_path')
[1.999s] INFO:colcon.colcon_core.shell:Creating environment hook '/home/kvvnbs/BuckeyeVerticalSoftwareV2/install/px4_msgs/share/px4_msgs/hook/cmake_prefix_path.ps1'
[1.999s] INFO:colcon.colcon_core.shell:Creating environment descriptor '/home/kvvnbs/BuckeyeVerticalSoftwareV2/install/px4_msgs/share/px4_msgs/hook/cmake_prefix_path.dsv'
[1.999s] INFO:colcon.colcon_core.shell:Creating environment hook '/home/kvvnbs/BuckeyeVerticalSoftwareV2/install/px4_msgs/share/px4_msgs/hook/cmake_prefix_path.sh'
[1.999s] Level 1:colcon.colcon_core.environment:checking '/home/kvvnbs/BuckeyeVerticalSoftwareV2/install/px4_msgs/lib'
[1.999s] Level 1:colcon.colcon_core.shell:create_environment_hook('px4_msgs', 'ld_library_path_lib')
[2.000s] INFO:colcon.colcon_core.shell:Creating environment hook '/home/kvvnbs/BuckeyeVerticalSoftwareV2/install/px4_msgs/share/px4_msgs/hook/ld_library_path_lib.ps1'
[2.000s] INFO:colcon.colcon_core.shell:Creating environment descriptor '/home/kvvnbs/BuckeyeVerticalSoftwareV2/install/px4_msgs/share/px4_msgs/hook/ld_library_path_lib.dsv'
[2.000s] INFO:colcon.colcon_core.shell:Creating environment hook '/home/kvvnbs/BuckeyeVerticalSoftwareV2/install/px4_msgs/share/px4_msgs/hook/ld_library_path_lib.sh'
[2.000s] Level 1:colcon.colcon_core.environment:checking '/home/kvvnbs/BuckeyeVerticalSoftwareV2/install/px4_msgs/bin'
[2.000s] Level 1:colcon.colcon_core.environment:checking '/home/kvvnbs/BuckeyeVerticalSoftwareV2/install/px4_msgs/lib/pkgconfig/px4_msgs.pc'
[2.000s] Level 1:colcon.colcon_core.environment:checking '/home/kvvnbs/BuckeyeVerticalSoftwareV2/install/px4_msgs/lib/python3.10/site-packages'
[2.000s] Level 1:colcon.colcon_core.environment:checking '/home/kvvnbs/BuckeyeVerticalSoftwareV2/install/px4_msgs/bin'
[2.001s] INFO:colcon.colcon_core.shell:Creating package script '/home/kvvnbs/BuckeyeVerticalSoftwareV2/install/px4_msgs/share/px4_msgs/package.ps1'
[2.001s] INFO:colcon.colcon_core.shell:Creating package descriptor '/home/kvvnbs/BuckeyeVerticalSoftwareV2/install/px4_msgs/share/px4_msgs/package.dsv'
[2.001s] INFO:colcon.colcon_core.shell:Creating package script '/home/kvvnbs/BuckeyeVerticalSoftwareV2/install/px4_msgs/share/px4_msgs/package.sh'
[2.002s] INFO:colcon.colcon_core.shell:Creating package script '/home/kvvnbs/BuckeyeVerticalSoftwareV2/install/px4_msgs/share/px4_msgs/package.bash'
[2.002s] INFO:colcon.colcon_core.shell:Creating package script '/home/kvvnbs/BuckeyeVerticalSoftwareV2/install/px4_msgs/share/px4_msgs/package.zsh'
[2.002s] Level 1:colcon.colcon_core.environment:create_file_with_runtime_dependencies(/home/kvvnbs/BuckeyeVerticalSoftwareV2/install/px4_msgs/share/colcon-core/packages/px4_msgs)
[2.002s] INFO:colcon.colcon_ros.task.ament_cmake.build:Building ROS package in '/home/kvvnbs/BuckeyeVerticalSoftwareV2/src/px4_ros_com' with build type 'ament_cmake'
[2.003s] INFO:colcon.colcon_cmake.task.cmake.build:Building CMake package in '/home/kvvnbs/BuckeyeVerticalSoftwareV2/src/px4_ros_com'
[2.003s] INFO:colcon.colcon_core.shell:Skip shell extension 'powershell' for command environment: Not usable outside of PowerShell
[2.003s] DEBUG:colcon.colcon_core.shell:Skip shell extension 'dsv' for command environment
[2.092s] DEBUG:colcon.colcon_core.event_handler.log_command:Invoking command in '/home/kvvnbs/BuckeyeVerticalSoftwareV2/build/px4_ros_com': AMENT_PREFIX_PATH=/home/kvvnbs/BuckeyeVerticalSoftwareV2/install/px4_msgs:${AMENT_PREFIX_PATH} CMAKE_PREFIX_PATH=/home/kvvnbs/BuckeyeVerticalSoftwareV2/install/px4_msgs:/opt/ros/humble LD_LIBRARY_PATH=/home/kvvnbs/BuckeyeVerticalSoftwareV2/install/px4_msgs/lib:${LD_LIBRARY_PATH} PYTHONPATH=/home/kvvnbs/BuckeyeVerticalSoftwareV2/install/px4_msgs/local/lib/python3.10/dist-packages:${PYTHONPATH} /usr/bin/cmake --build /home/kvvnbs/BuckeyeVerticalSoftwareV2/build/px4_ros_com -- -j16 -l16
[2.334s] DEBUG:colcon.colcon_core.event_handler.log_command:Invoked command in '/home/kvvnbs/BuckeyeVerticalSoftwareV2/build/px4_ros_com' returned '0': AMENT_PREFIX_PATH=/home/kvvnbs/BuckeyeVerticalSoftwareV2/install/px4_msgs:${AMENT_PREFIX_PATH} CMAKE_PREFIX_PATH=/home/kvvnbs/BuckeyeVerticalSoftwareV2/install/px4_msgs:/opt/ros/humble LD_LIBRARY_PATH=/home/kvvnbs/BuckeyeVerticalSoftwareV2/install/px4_msgs/lib:${LD_LIBRARY_PATH} PYTHONPATH=/home/kvvnbs/BuckeyeVerticalSoftwareV2/install/px4_msgs/local/lib/python3.10/dist-packages:${PYTHONPATH} /usr/bin/cmake --build /home/kvvnbs/BuckeyeVerticalSoftwareV2/build/px4_ros_com -- -j16 -l16
[2.336s] DEBUG:colcon.colcon_core.event_handler.log_command:Invoking command in '/home/kvvnbs/BuckeyeVerticalSoftwareV2/build/px4_ros_com': AMENT_PREFIX_PATH=/home/kvvnbs/BuckeyeVerticalSoftwareV2/install/px4_msgs:${AMENT_PREFIX_PATH} CMAKE_PREFIX_PATH=/home/kvvnbs/BuckeyeVerticalSoftwareV2/install/px4_msgs:/opt/ros/humble LD_LIBRARY_PATH=/home/kvvnbs/BuckeyeVerticalSoftwareV2/install/px4_msgs/lib:${LD_LIBRARY_PATH} PYTHONPATH=/home/kvvnbs/BuckeyeVerticalSoftwareV2/install/px4_msgs/local/lib/python3.10/dist-packages:${PYTHONPATH} /usr/bin/cmake --install /home/kvvnbs/BuckeyeVerticalSoftwareV2/build/px4_ros_com
[2.376s] Level 1:colcon.colcon_core.environment:create_environment_scripts_only(px4_ros_com)
[2.376s] Level 1:colcon.colcon_core.environment:checking '/home/kvvnbs/BuckeyeVerticalSoftwareV2/install/px4_ros_com' for CMake module files
[2.378s] DEBUG:colcon.colcon_core.event_handler.log_command:Invoked command in '/home/kvvnbs/BuckeyeVerticalSoftwareV2/build/px4_ros_com' returned '0': AMENT_PREFIX_PATH=/home/kvvnbs/BuckeyeVerticalSoftwareV2/install/px4_msgs:${AMENT_PREFIX_PATH} CMAKE_PREFIX_PATH=/home/kvvnbs/BuckeyeVerticalSoftwareV2/install/px4_msgs:/opt/ros/humble LD_LIBRARY_PATH=/home/kvvnbs/BuckeyeVerticalSoftwareV2/install/px4_msgs/lib:${LD_LIBRARY_PATH} PYTHONPATH=/home/kvvnbs/BuckeyeVerticalSoftwareV2/install/px4_msgs/local/lib/python3.10/dist-packages:${PYTHONPATH} /usr/bin/cmake --install /home/kvvnbs/BuckeyeVerticalSoftwareV2/build/px4_ros_com
[2.379s] Level 1:colcon.colcon_core.environment:checking '/home/kvvnbs/BuckeyeVerticalSoftwareV2/install/px4_ros_com' for CMake config files
[2.379s] Level 1:colcon.colcon_core.shell:create_environment_hook('px4_ros_com', 'cmake_prefix_path')
[2.379s] INFO:colcon.colcon_core.shell:Creating environment hook '/home/kvvnbs/BuckeyeVerticalSoftwareV2/install/px4_ros_com/share/px4_ros_com/hook/cmake_prefix_path.ps1'
[2.380s] INFO:colcon.colcon_core.shell:Creating environment descriptor '/home/kvvnbs/BuckeyeVerticalSoftwareV2/install/px4_ros_com/share/px4_ros_com/hook/cmake_prefix_path.dsv'
[2.380s] INFO:colcon.colcon_core.shell:Creating environment hook '/home/kvvnbs/BuckeyeVerticalSoftwareV2/install/px4_ros_com/share/px4_ros_com/hook/cmake_prefix_path.sh'
[2.380s] Level 1:colcon.colcon_core.environment:checking '/home/kvvnbs/BuckeyeVerticalSoftwareV2/install/px4_ros_com/lib'
[2.380s] Level 1:colcon.colcon_core.shell:create_environment_hook('px4_ros_com', 'ld_library_path_lib')
[2.381s] INFO:colcon.colcon_core.shell:Creating environment hook '/home/kvvnbs/BuckeyeVerticalSoftwareV2/install/px4_ros_com/share/px4_ros_com/hook/ld_library_path_lib.ps1'
[2.381s] INFO:colcon.colcon_core.shell:Creating environment descriptor '/home/kvvnbs/BuckeyeVerticalSoftwareV2/install/px4_ros_com/share/px4_ros_com/hook/ld_library_path_lib.dsv'
[2.381s] INFO:colcon.colcon_core.shell:Creating environment hook '/home/kvvnbs/BuckeyeVerticalSoftwareV2/install/px4_ros_com/share/px4_ros_com/hook/ld_library_path_lib.sh'
[2.382s] Level 1:colcon.colcon_core.environment:checking '/home/kvvnbs/BuckeyeVerticalSoftwareV2/install/px4_ros_com/bin'
[2.382s] Level 1:colcon.colcon_core.environment:checking '/home/kvvnbs/BuckeyeVerticalSoftwareV2/install/px4_ros_com/lib/pkgconfig/px4_ros_com.pc'
[2.382s] Level 1:colcon.colcon_core.environment:checking '/home/kvvnbs/BuckeyeVerticalSoftwareV2/install/px4_ros_com/lib/python3.10/site-packages'
[2.382s] Level 1:colcon.colcon_core.environment:checking '/home/kvvnbs/BuckeyeVerticalSoftwareV2/install/px4_ros_com/bin'
[2.382s] INFO:colcon.colcon_core.shell:Creating package script '/home/kvvnbs/BuckeyeVerticalSoftwareV2/install/px4_ros_com/share/px4_ros_com/package.ps1'
[2.382s] INFO:colcon.colcon_core.shell:Creating package descriptor '/home/kvvnbs/BuckeyeVerticalSoftwareV2/install/px4_ros_com/share/px4_ros_com/package.dsv'
[2.383s] INFO:colcon.colcon_core.shell:Creating package script '/home/kvvnbs/BuckeyeVerticalSoftwareV2/install/px4_ros_com/share/px4_ros_com/package.sh'
[2.383s] INFO:colcon.colcon_core.shell:Creating package script '/home/kvvnbs/BuckeyeVerticalSoftwareV2/install/px4_ros_com/share/px4_ros_com/package.bash'
[2.383s] INFO:colcon.colcon_core.shell:Creating package script '/home/kvvnbs/BuckeyeVerticalSoftwareV2/install/px4_ros_com/share/px4_ros_com/package.zsh'
[2.384s] Level 1:colcon.colcon_core.environment:create_file_with_runtime_dependencies(/home/kvvnbs/BuckeyeVerticalSoftwareV2/install/px4_ros_com/share/colcon-core/packages/px4_ros_com)
[2.384s] Level 1:colcon.colcon_core.environment:create_environment_scripts_only(px4_ros_com)
[2.384s] Level 1:colcon.colcon_core.environment:checking '/home/kvvnbs/BuckeyeVerticalSoftwareV2/install/px4_ros_com' for CMake module files
[2.384s] Level 1:colcon.colcon_core.environment:checking '/home/kvvnbs/BuckeyeVerticalSoftwareV2/install/px4_ros_com' for CMake config files
[2.384s] Level 1:colcon.colcon_core.shell:create_environment_hook('px4_ros_com', 'cmake_prefix_path')
[2.385s] INFO:colcon.colcon_core.shell:Creating environment hook '/home/kvvnbs/BuckeyeVerticalSoftwareV2/install/px4_ros_com/share/px4_ros_com/hook/cmake_prefix_path.ps1'
[2.385s] INFO:colcon.colcon_core.shell:Creating environment descriptor '/home/kvvnbs/BuckeyeVerticalSoftwareV2/install/px4_ros_com/share/px4_ros_com/hook/cmake_prefix_path.dsv'
[2.385s] INFO:colcon.colcon_core.shell:Creating environment hook '/home/kvvnbs/BuckeyeVerticalSoftwareV2/install/px4_ros_com/share/px4_ros_com/hook/cmake_prefix_path.sh'
[2.385s] Level 1:colcon.colcon_core.environment:checking '/home/kvvnbs/BuckeyeVerticalSoftwareV2/install/px4_ros_com/lib'
[2.385s] Level 1:colcon.colcon_core.shell:create_environment_hook('px4_ros_com', 'ld_library_path_lib')
[2.385s] INFO:colcon.colcon_core.shell:Creating environment hook '/home/kvvnbs/BuckeyeVerticalSoftwareV2/install/px4_ros_com/share/px4_ros_com/hook/ld_library_path_lib.ps1'
[2.386s] INFO:colcon.colcon_core.shell:Creating environment descriptor '/home/kvvnbs/BuckeyeVerticalSoftwareV2/install/px4_ros_com/share/px4_ros_com/hook/ld_library_path_lib.dsv'
[2.386s] INFO:colcon.colcon_core.shell:Creating environment hook '/home/kvvnbs/BuckeyeVerticalSoftwareV2/install/px4_ros_com/share/px4_ros_com/hook/ld_library_path_lib.sh'
[2.386s] Level 1:colcon.colcon_core.environment:checking '/home/kvvnbs/BuckeyeVerticalSoftwareV2/install/px4_ros_com/bin'
[2.386s] Level 1:colcon.colcon_core.environment:checking '/home/kvvnbs/BuckeyeVerticalSoftwareV2/install/px4_ros_com/lib/pkgconfig/px4_ros_com.pc'
[2.386s] Level 1:colcon.colcon_core.environment:checking '/home/kvvnbs/BuckeyeVerticalSoftwareV2/install/px4_ros_com/lib/python3.10/site-packages'
[2.386s] Level 1:colcon.colcon_core.environment:checking '/home/kvvnbs/BuckeyeVerticalSoftwareV2/install/px4_ros_com/bin'
[2.387s] INFO:colcon.colcon_core.shell:Creating package script '/home/kvvnbs/BuckeyeVerticalSoftwareV2/install/px4_ros_com/share/px4_ros_com/package.ps1'
[2.387s] INFO:colcon.colcon_core.shell:Creating package descriptor '/home/kvvnbs/BuckeyeVerticalSoftwareV2/install/px4_ros_com/share/px4_ros_com/package.dsv'
[2.388s] INFO:colcon.colcon_core.shell:Creating package script '/home/kvvnbs/BuckeyeVerticalSoftwareV2/install/px4_ros_com/share/px4_ros_com/package.sh'
[2.388s] INFO:colcon.colcon_core.shell:Creating package script '/home/kvvnbs/BuckeyeVerticalSoftwareV2/install/px4_ros_com/share/px4_ros_com/package.bash'
[2.388s] INFO:colcon.colcon_core.shell:Creating package script '/home/kvvnbs/BuckeyeVerticalSoftwareV2/install/px4_ros_com/share/px4_ros_com/package.zsh'
[2.388s] Level 1:colcon.colcon_core.environment:create_file_with_runtime_dependencies(/home/kvvnbs/BuckeyeVerticalSoftwareV2/install/px4_ros_com/share/colcon-core/packages/px4_ros_com)
[2.389s] DEBUG:colcon.colcon_parallel_executor.executor.parallel:closing loop
[2.389s] DEBUG:colcon.colcon_parallel_executor.executor.parallel:loop closed
[2.389s] DEBUG:colcon.colcon_parallel_executor.executor.parallel:run_until_complete finished with '0'
[2.389s] DEBUG:colcon.colcon_core.event_reactor:joining thread
[2.453s] INFO:colcon.colcon_core.plugin_system:Skipping extension 'colcon_notification.desktop_notification.notify_send': Could not find 'notify-send'
[2.453s] INFO:colcon.colcon_core.plugin_system:Skipping extension 'colcon_notification.desktop_notification.terminal_notifier': Not used on non-Darwin systems
[2.453s] INFO:colcon.colcon_core.plugin_system:Skipping extension 'colcon_notification.desktop_notification.win32': Not used on non-Windows systems
[2.453s] INFO:colcon.colcon_notification.desktop_notification:Sending desktop notification using 'notify2'
[2.483s] DEBUG:colcon.colcon_notification.desktop_notification.notify2:Failed to initialize notify2: org.freedesktop.DBus.Error.ServiceUnknown: The name org.freedesktop.Notifications was not provided by any .service files
[2.484s] DEBUG:colcon.colcon_core.event_reactor:joined thread
[2.484s] INFO:colcon.colcon_core.shell:Creating prefix script '/home/kvvnbs/BuckeyeVerticalSoftwareV2/install/local_setup.ps1'
[2.486s] INFO:colcon.colcon_core.shell:Creating prefix util module '/home/kvvnbs/BuckeyeVerticalSoftwareV2/install/_local_setup_util_ps1.py'
[2.487s] INFO:colcon.colcon_core.shell:Creating prefix chain script '/home/kvvnbs/BuckeyeVerticalSoftwareV2/install/setup.ps1'
[2.488s] INFO:colcon.colcon_core.shell:Creating prefix script '/home/kvvnbs/BuckeyeVerticalSoftwareV2/install/local_setup.sh'
[2.489s] INFO:colcon.colcon_core.shell:Creating prefix util module '/home/kvvnbs/BuckeyeVerticalSoftwareV2/install/_local_setup_util_sh.py'
[2.489s] INFO:colcon.colcon_core.shell:Creating prefix chain script '/home/kvvnbs/BuckeyeVerticalSoftwareV2/install/setup.sh'
[2.490s] INFO:colcon.colcon_core.shell:Creating prefix script '/home/kvvnbs/BuckeyeVerticalSoftwareV2/install/local_setup.bash'
[2.490s] INFO:colcon.colcon_core.shell:Creating prefix chain script '/home/kvvnbs/BuckeyeVerticalSoftwareV2/install/setup.bash'
[2.491s] INFO:colcon.colcon_core.shell:Creating prefix script '/home/kvvnbs/BuckeyeVerticalSoftwareV2/install/local_setup.zsh'
[2.492s] INFO:colcon.colcon_core.shell:Creating prefix chain script '/home/kvvnbs/BuckeyeVerticalSoftwareV2/install/setup.zsh'
