[0.375s] Invoking command in '/home/eashan/BuckeyeVerticalSoftware_v2/build/px4_ros_com': CMAKE_PREFIX_PATH=${CMAKE_PREFIX_PATH}:/opt/ros/humble LD_LIBRARY_PATH=/home/eashan/BuckeyeVerticalSoftware_v2/install/px4_msgs/lib:/home/eashan/BuckeyeVerticalSoftware_v2/install/px4_ros_com/lib:/opt/ros/humble/opt/rviz_ogre_vendor/lib:/opt/ros/humble/lib/x86_64-linux-gnu:/opt/ros/humble/lib:/usr/local/cuda-12.6/lib64:/usr/local/cuda-12.6/lib64 /usr/bin/cmake --build /home/eashan/BuckeyeVerticalSoftware_v2/build/px4_ros_com -- -j4 -l4
[0.404s] -- Found ament_cmake: 1.3.11 (/opt/ros/humble/share/ament_cmake/cmake)
[0.518s] -- Found builtin_interfaces: 1.2.1 (/opt/ros/humble/share/builtin_interfaces/cmake)
[1.092s] -- Found rosidl_generator_c: 3.1.5 (/opt/ros/humble/share/rosidl_generator_c/cmake)
[1.095s] -- Found rosidl_adapter: 3.1.5 (/opt/ros/humble/share/rosidl_adapter/cmake)
[1.101s] -- Found rosidl_generator_cpp: 3.1.5 (/opt/ros/humble/share/rosidl_generator_cpp/cmake)
[1.108s] -- Using all available rosidl_typesupport_c: rosidl_typesupport_fastrtps_c;rosidl_typesupport_introspection_c
[1.118s] -- Using all available rosidl_typesupport_cpp: rosidl_typesupport_fastrtps_cpp;rosidl_typesupport_introspection_cpp
[1.126s] -- Found eigen3_cmake_module: 0.1.1 (/opt/ros/humble/share/eigen3_cmake_module/cmake)
[1.128s] -- Found visualization_msgs: 4.2.4 (/opt/ros/humble/share/visualization_msgs/cmake)
[1.177s] -- Found px4_msgs: 2.0.1 (/home/eashan/BuckeyeVerticalSoftware_v2/install/px4_msgs/share/px4_msgs/cmake)
[1.185s] -- Found rclcpp: 16.0.10 (/opt/ros/humble/share/rclcpp/cmake)
[1.205s] -- Found rmw_implementation_cmake: 6.1.2 (/opt/ros/humble/share/rmw_implementation_cmake/cmake)
[1.206s] -- Found rmw_fastrtps_cpp: 6.2.7 (/opt/ros/humble/share/rmw_fastrtps_cpp/cmake)
[18.853s] -- Using RMW implementation 'rmw_fastrtps_cpp' as default
[18.888s] -- Found rclpy: 3.3.14 (/opt/ros/humble/share/rclpy/cmake)
[18.894s] -- Found ament_lint_auto: 0.12.11 (/opt/ros/humble/share/ament_lint_auto/cmake)
[18.974s] -- Added test 'copyright' to check source files copyright and LICENSE
[18.975s] -- Added test 'cppcheck' to perform static code analysis on C / C++ code
[18.976s] -- Configured cppcheck include dirs: /home/eashan/BuckeyeVerticalSoftware_v2/src/px4_ros_com/include;$<BUILD_INTERFACE:/home/eashan/BuckeyeVerticalSoftware_v2/src/px4_ros_com/include/px4_ros_com>
[18.976s] -- Configured cppcheck exclude dirs and/or files: 
[18.977s] -- Added test 'cpplint' to check C / C++ code against the Google style
[18.977s] -- Configured cpplint exclude dirs and/or files: 
[18.977s] -- Added test 'flake8' to check Python code syntax and style conventions
[18.978s] -- Added test 'lint_cmake' to check CMake code style
[18.979s] -- Added test 'pep257' to check Python code against some of the docstring style conventions in PEP 257
[18.980s] -- Added test 'uncrustify' to check C / C++ code style
[18.980s] -- Configured uncrustify additional arguments: 
[18.980s] -- Added test 'xmllint' to check XML markup files
[18.983s] -- Configuring done
[18.999s] -- Generating done
[19.001s] -- Build files have been written to: /home/eashan/BuckeyeVerticalSoftware_v2/build/px4_ros_com
[19.020s] [35m[1mConsolidate compiler generated dependencies of target frame_transforms[0m
[19.022s] [35m[1mConsolidate compiler generated dependencies of target traj_test[0m
[19.022s] [35m[1mConsolidate compiler generated dependencies of target test_trajectory[0m
[19.034s] [  0%] Built target ament_cmake_python_copy_px4_ros_com
[19.042s] [ 40%] Built target traj_test
[19.042s] [ 80%] Built target test_trajectory
[19.046s] [100%] Built target frame_transforms
[19.185s] running egg_info
[19.200s] creating px4_ros_com.egg-info
[19.200s] writing px4_ros_com.egg-info/PKG-INFO
[19.200s] writing dependency_links to px4_ros_com.egg-info/dependency_links.txt
[19.200s] writing top-level names to px4_ros_com.egg-info/top_level.txt
[19.200s] writing manifest file 'px4_ros_com.egg-info/SOURCES.txt'
[19.228s] reading manifest file 'px4_ros_com.egg-info/SOURCES.txt'
[19.228s] writing manifest file 'px4_ros_com.egg-info/SOURCES.txt'
[19.249s] [100%] Built target ament_cmake_python_build_px4_ros_com_egg
[19.258s] Invoked command in '/home/eashan/BuckeyeVerticalSoftware_v2/build/px4_ros_com' returned '0': CMAKE_PREFIX_PATH=${CMAKE_PREFIX_PATH}:/opt/ros/humble LD_LIBRARY_PATH=/home/eashan/BuckeyeVerticalSoftware_v2/install/px4_msgs/lib:/home/eashan/BuckeyeVerticalSoftware_v2/install/px4_ros_com/lib:/opt/ros/humble/opt/rviz_ogre_vendor/lib:/opt/ros/humble/lib/x86_64-linux-gnu:/opt/ros/humble/lib:/usr/local/cuda-12.6/lib64:/usr/local/cuda-12.6/lib64 /usr/bin/cmake --build /home/eashan/BuckeyeVerticalSoftware_v2/build/px4_ros_com -- -j4 -l4
[19.293s] Invoking command in '/home/eashan/BuckeyeVerticalSoftware_v2/build/px4_ros_com': CMAKE_PREFIX_PATH=${CMAKE_PREFIX_PATH}:/opt/ros/humble LD_LIBRARY_PATH=/home/eashan/BuckeyeVerticalSoftware_v2/install/px4_msgs/lib:/home/eashan/BuckeyeVerticalSoftware_v2/install/px4_ros_com/lib:/opt/ros/humble/opt/rviz_ogre_vendor/lib:/opt/ros/humble/lib/x86_64-linux-gnu:/opt/ros/humble/lib:/usr/local/cuda-12.6/lib64:/usr/local/cuda-12.6/lib64 /usr/bin/cmake --install /home/eashan/BuckeyeVerticalSoftware_v2/build/px4_ros_com
[19.298s] -- Install configuration: ""
[19.298s] -- Up-to-date: /home/eashan/BuckeyeVerticalSoftware_v2/install/px4_ros_com/lib/px4_ros_com/traj_test
[19.298s] -- Up-to-date: /home/eashan/BuckeyeVerticalSoftware_v2/install/px4_ros_com/lib/px4_ros_com/test_trajectory
[19.298s] -- Up-to-date: /home/eashan/BuckeyeVerticalSoftware_v2/install/px4_ros_com/share/px4_ros_com/environment/library_path.sh
[19.298s] -- Installing: /home/eashan/BuckeyeVerticalSoftware_v2/install/px4_ros_com/share/px4_ros_com/environment/library_path.dsv
[19.298s] -- Up-to-date: /home/eashan/BuckeyeVerticalSoftware_v2/install/px4_ros_com/include/px4_ros_com
[19.298s] -- Up-to-date: /home/eashan/BuckeyeVerticalSoftware_v2/install/px4_ros_com/include/px4_ros_com/frame_transforms.h
[19.298s] -- Up-to-date: /home/eashan/BuckeyeVerticalSoftware_v2/install/px4_ros_com/lib/libframe_transforms.so
[19.299s] -- Up-to-date: /home/eashan/BuckeyeVerticalSoftware_v2/install/px4_ros_com/share/px4_ros_com//launch
[19.299s] -- Up-to-date: /home/eashan/BuckeyeVerticalSoftware_v2/install/px4_ros_com/share/px4_ros_com//launch/offboard_control_launch.yaml
[19.299s] -- Up-to-date: /home/eashan/BuckeyeVerticalSoftware_v2/install/px4_ros_com/share/px4_ros_com//launch/traj_test.launch.py
[19.299s] -- Up-to-date: /home/eashan/BuckeyeVerticalSoftware_v2/install/px4_ros_com/share/px4_ros_com//launch/sensor_combined_listener.launch.py
[19.299s] -- Up-to-date: /home/eashan/BuckeyeVerticalSoftware_v2/install/px4_ros_com/share/px4_ros_com//launch/test_trajectory.launch.py
[19.299s] -- Up-to-date: /home/eashan/BuckeyeVerticalSoftware_v2/install/px4_ros_com/share/px4_ros_com//test
[19.299s] -- Up-to-date: /home/eashan/BuckeyeVerticalSoftware_v2/install/px4_ros_com/share/px4_ros_com//test/test_output.py
[19.299s] -- Up-to-date: /home/eashan/BuckeyeVerticalSoftware_v2/install/px4_ros_com/share/px4_ros_com//test/pipeline_io_test.py
[19.299s] -- Up-to-date: /home/eashan/BuckeyeVerticalSoftware_v2/install/px4_ros_com/share/px4_ros_com//test/test_input.py
[19.299s] -- Up-to-date: /home/eashan/BuckeyeVerticalSoftware_v2/install/px4_ros_com/share/px4_ros_com//test/__init__.py
[19.299s] -- Up-to-date: /home/eashan/BuckeyeVerticalSoftware_v2/install/px4_ros_com/share/px4_ros_com//test/test_trajectory.cpp
[19.299s] -- Installing: /home/eashan/BuckeyeVerticalSoftware_v2/install/px4_ros_com/share/px4_ros_com/environment/pythonpath.sh
[19.299s] -- Installing: /home/eashan/BuckeyeVerticalSoftware_v2/install/px4_ros_com/share/px4_ros_com/environment/pythonpath.dsv
[19.299s] -- Installing: /home/eashan/BuckeyeVerticalSoftware_v2/install/px4_ros_com/local/lib/python3.10/dist-packages/px4_ros_com-0.1.0-py3.10.egg-info
[19.299s] -- Installing: /home/eashan/BuckeyeVerticalSoftware_v2/install/px4_ros_com/local/lib/python3.10/dist-packages/px4_ros_com-0.1.0-py3.10.egg-info/SOURCES.txt
[19.299s] -- Installing: /home/eashan/BuckeyeVerticalSoftware_v2/install/px4_ros_com/local/lib/python3.10/dist-packages/px4_ros_com-0.1.0-py3.10.egg-info/top_level.txt
[19.300s] -- Installing: /home/eashan/BuckeyeVerticalSoftware_v2/install/px4_ros_com/local/lib/python3.10/dist-packages/px4_ros_com-0.1.0-py3.10.egg-info/dependency_links.txt
[19.300s] -- Installing: /home/eashan/BuckeyeVerticalSoftware_v2/install/px4_ros_com/local/lib/python3.10/dist-packages/px4_ros_com-0.1.0-py3.10.egg-info/PKG-INFO
[19.300s] -- Installing: /home/eashan/BuckeyeVerticalSoftware_v2/install/px4_ros_com/local/lib/python3.10/dist-packages/px4_ros_com
[19.300s] -- Installing: /home/eashan/BuckeyeVerticalSoftware_v2/install/px4_ros_com/local/lib/python3.10/dist-packages/px4_ros_com/module_to_import.py
[19.300s] -- Installing: /home/eashan/BuckeyeVerticalSoftware_v2/install/px4_ros_com/local/lib/python3.10/dist-packages/px4_ros_com/__init__.py
[19.325s] Listing '/home/eashan/BuckeyeVerticalSoftware_v2/install/px4_ros_com/local/lib/python3.10/dist-packages/px4_ros_com'...
[19.326s] Compiling '/home/eashan/BuckeyeVerticalSoftware_v2/install/px4_ros_com/local/lib/python3.10/dist-packages/px4_ros_com/__init__.py'...
[19.326s] Compiling '/home/eashan/BuckeyeVerticalSoftware_v2/install/px4_ros_com/local/lib/python3.10/dist-packages/px4_ros_com/module_to_import.py'...
[19.331s] -- Installing: /home/eashan/BuckeyeVerticalSoftware_v2/install/px4_ros_com/share/ament_index/resource_index/package_run_dependencies/px4_ros_com
[19.331s] -- Installing: /home/eashan/BuckeyeVerticalSoftware_v2/install/px4_ros_com/share/ament_index/resource_index/parent_prefix_path/px4_ros_com
[19.331s] -- Installing: /home/eashan/BuckeyeVerticalSoftware_v2/install/px4_ros_com/share/px4_ros_com/environment/ament_prefix_path.sh
[19.331s] -- Installing: /home/eashan/BuckeyeVerticalSoftware_v2/install/px4_ros_com/share/px4_ros_com/environment/ament_prefix_path.dsv
[19.331s] -- Installing: /home/eashan/BuckeyeVerticalSoftware_v2/install/px4_ros_com/share/px4_ros_com/environment/path.sh
[19.331s] -- Installing: /home/eashan/BuckeyeVerticalSoftware_v2/install/px4_ros_com/share/px4_ros_com/environment/path.dsv
[19.331s] -- Installing: /home/eashan/BuckeyeVerticalSoftware_v2/install/px4_ros_com/share/px4_ros_com/local_setup.bash
[19.331s] -- Installing: /home/eashan/BuckeyeVerticalSoftware_v2/install/px4_ros_com/share/px4_ros_com/local_setup.sh
[19.331s] -- Installing: /home/eashan/BuckeyeVerticalSoftware_v2/install/px4_ros_com/share/px4_ros_com/local_setup.zsh
[19.332s] -- Installing: /home/eashan/BuckeyeVerticalSoftware_v2/install/px4_ros_com/share/px4_ros_com/local_setup.dsv
[19.332s] -- Installing: /home/eashan/BuckeyeVerticalSoftware_v2/install/px4_ros_com/share/px4_ros_com/package.dsv
[19.332s] -- Installing: /home/eashan/BuckeyeVerticalSoftware_v2/install/px4_ros_com/share/ament_index/resource_index/packages/px4_ros_com
[19.332s] -- Installing: /home/eashan/BuckeyeVerticalSoftware_v2/install/px4_ros_com/share/px4_ros_com/cmake/export_frame_transformsExport.cmake
[19.332s] -- Installing: /home/eashan/BuckeyeVerticalSoftware_v2/install/px4_ros_com/share/px4_ros_com/cmake/export_frame_transformsExport-noconfig.cmake
[19.332s] -- Installing: /home/eashan/BuckeyeVerticalSoftware_v2/install/px4_ros_com/share/px4_ros_com/cmake/ament_cmake_export_dependencies-extras.cmake
[19.332s] -- Installing: /home/eashan/BuckeyeVerticalSoftware_v2/install/px4_ros_com/share/px4_ros_com/cmake/ament_cmake_export_targets-extras.cmake
[19.332s] -- Installing: /home/eashan/BuckeyeVerticalSoftware_v2/install/px4_ros_com/share/px4_ros_com/cmake/ament_cmake_export_include_directories-extras.cmake
[19.333s] -- Installing: /home/eashan/BuckeyeVerticalSoftware_v2/install/px4_ros_com/share/px4_ros_com/cmake/ament_cmake_export_libraries-extras.cmake
[19.333s] -- Installing: /home/eashan/BuckeyeVerticalSoftware_v2/install/px4_ros_com/share/px4_ros_com/cmake/px4_ros_comConfig.cmake
[19.333s] -- Installing: /home/eashan/BuckeyeVerticalSoftware_v2/install/px4_ros_com/share/px4_ros_com/cmake/px4_ros_comConfig-version.cmake
[19.333s] -- Installing: /home/eashan/BuckeyeVerticalSoftware_v2/install/px4_ros_com/share/px4_ros_com/package.xml
[19.335s] Invoked command in '/home/eashan/BuckeyeVerticalSoftware_v2/build/px4_ros_com' returned '0': CMAKE_PREFIX_PATH=${CMAKE_PREFIX_PATH}:/opt/ros/humble LD_LIBRARY_PATH=/home/eashan/BuckeyeVerticalSoftware_v2/install/px4_msgs/lib:/home/eashan/BuckeyeVerticalSoftware_v2/install/px4_ros_com/lib:/opt/ros/humble/opt/rviz_ogre_vendor/lib:/opt/ros/humble/lib/x86_64-linux-gnu:/opt/ros/humble/lib:/usr/local/cuda-12.6/lib64:/usr/local/cuda-12.6/lib64 /usr/bin/cmake --install /home/eashan/BuckeyeVerticalSoftware_v2/build/px4_ros_com
