[0.233s] Invoking command in '/home/eashan/BuckeyeVerticalSoftware_v2/build/px4_ros_com': CMAKE_PREFIX_PATH=/home/eashan/BuckeyeVerticalSoftware_v2/install/px4_msgs:/home/eashan/BuckeyeVerticalSoftware_v2/install/px4_ros_com:/opt/ros/humble CONDA_PROMPT_MODIFIER=(base) LD_LIBRARY_PATH=/home/eashan/BuckeyeVerticalSoftware_v2/install/px4_msgs/lib:/home/eashan/BuckeyeVerticalSoftware_v2/install/px4_ros_com/lib:/opt/ros/humble/opt/rviz_ogre_vendor/lib:/opt/ros/humble/lib/x86_64-linux-gnu:/opt/ros/humble/lib:/usr/local/cuda-12.6/lib64:/usr/local/cuda-12.6/lib64 /usr/bin/cmake --build /home/eashan/BuckeyeVerticalSoftware_v2/build/px4_ros_com -- -j4 -l4
[0.294s] [35m[1mConsolidate compiler generated dependencies of target traj_test[0m
[0.299s] [35m[1mConsolidate compiler generated dependencies of target test_trajectory[0m
[0.301s] [ 16%] Built target frame_transforms
[0.332s] [ 16%] Built target ament_cmake_python_copy_px4_ros_com
[0.346s] [ 25%] [32mBuilding CXX object CMakeFiles/traj_test.dir/src/rviz_utils.cpp.o[0m
[0.351s] [ 33%] [32mBuilding CXX object CMakeFiles/test_trajectory.dir/src/rviz_utils.cpp.o[0m
[0.771s] running egg_info
[0.809s] writing px4_ros_com.egg-info/PKG-INFO
[0.810s] writing dependency_links to px4_ros_com.egg-info/dependency_links.txt
[0.810s] writing top-level names to px4_ros_com.egg-info/top_level.txt
[0.849s] reading manifest file 'px4_ros_com.egg-info/SOURCES.txt'
[0.850s] writing manifest file 'px4_ros_com.egg-info/SOURCES.txt'
[0.883s] [ 33%] Built target ament_cmake_python_build_px4_ros_com_egg
[4.139s] gmake[2]: *** wait: No child processes.  Stop.
[4.139s] gmake[2]: *** wait: No child processes.  Stop.
[4.139s] gmake[2]: *** Waiting for unfinished jobs....
[4.139s] gmake[2]: *** Waiting for unfinished jobs....
[4.139s] gmake[2]: *** wait: No child processes.  Stop.
[4.139s] gmake[2]: *** wait: No child processes.  Stop.
[4.140s] gmake[1]: *** [CMakeFiles/Makefile2:196: CMakeFiles/test_trajectory.dir/all] Error 2
[4.140s] gmake[1]: *** wait: No child processes.  Stop.
[4.140s] gmake[1]: *** Waiting for unfinished jobs....
[4.141s] gmake[1]: *** wait: No child processes.  Stop.
[4.141s] gmake: *** wait: No child processes.  Stop.
[4.141s] gmake: *** Waiting for unfinished jobs....
[4.141s] gmake: *** wait: No child processes.  Stop.
[4.158s] Invoked command in '/home/eashan/BuckeyeVerticalSoftware_v2/build/px4_ros_com' returned '-2': CMAKE_PREFIX_PATH=/home/eashan/BuckeyeVerticalSoftware_v2/install/px4_msgs:/home/eashan/BuckeyeVerticalSoftware_v2/install/px4_ros_com:/opt/ros/humble CONDA_PROMPT_MODIFIER=(base) LD_LIBRARY_PATH=/home/eashan/BuckeyeVerticalSoftware_v2/install/px4_msgs/lib:/home/eashan/BuckeyeVerticalSoftware_v2/install/px4_ros_com/lib:/opt/ros/humble/opt/rviz_ogre_vendor/lib:/opt/ros/humble/lib/x86_64-linux-gnu:/opt/ros/humble/lib:/usr/local/cuda-12.6/lib64:/usr/local/cuda-12.6/lib64 /usr/bin/cmake --build /home/eashan/BuckeyeVerticalSoftware_v2/build/px4_ros_com -- -j4 -l4
