[0.342s] DEBUG:colcon:Command line arguments: ['/usr/bin/colcon', 'build']
[0.342s] DEBUG:colcon:Parsed command line arguments: Namespace(log_base=None, log_level=None, verb_name='build', build_base='build', install_base='install', merge_install=False, symlink_install=False, test_result_base=None, continue_on_error=False, executor='parallel', parallel_workers=4, event_handlers=None, ignore_user_meta=False, metas=['./colcon.meta'], base_paths=['.'], packages_ignore=None, packages_ignore_regex=None, paths=None, packages_up_to=None, packages_up_to_regex=None, packages_above=None, packages_above_and_dependencies=None, packages_above_depth=None, packages_select_by_dep=None, packages_skip_by_dep=None, packages_skip_up_to=None, packages_select_build_failed=False, packages_skip_build_finished=False, packages_select_test_failures=False, packages_skip_test_passed=False, packages_select=None, packages_skip=None, packages_select_regex=None, packages_skip_regex=None, packages_start=None, packages_end=None, allow_overriding=[], cmake_args=None, cmake_target=None, cmake_target_skip_unavailable=False, cmake_clean_cache=False, cmake_clean_first=False, cmake_force_configure=False, ament_cmake_args=None, catkin_cmake_args=None, catkin_skip_building_tests=False, mixin_files=None, mixin=None, verb_parser=<colcon_mixin.mixin.mixin_argument.MixinArgumentDecorator object at 0x7f17b129f070>, verb_extension=<colcon_core.verb.build.BuildVerb object at 0x7f17b129ebc0>, main=<bound method BuildVerb.main of <colcon_core.verb.build.BuildVerb object at 0x7f17b129ebc0>>, mixin_verb=('build',))
[0.376s] Level 1:colcon.colcon_core.package_discovery:discover_packages(colcon_meta) check parameters
[0.376s] Level 1:colcon.colcon_core.package_discovery:discover_packages(recursive) check parameters
[0.376s] Level 1:colcon.colcon_core.package_discovery:discover_packages(ignore) check parameters
[0.376s] Level 1:colcon.colcon_core.package_discovery:discover_packages(path) check parameters
[0.376s] Level 1:colcon.colcon_core.package_discovery:discover_packages(colcon_meta) discover
[0.376s] Level 1:colcon.colcon_core.package_discovery:discover_packages(recursive) discover
[0.377s] INFO:colcon.colcon_core.package_discovery:Crawling recursively for packages in '/home/eashan/BuckeyeVerticalSoftware_v2'
[0.377s] Level 1:colcon.colcon_core.package_identification:_identify(.) by extensions ['ignore', 'ignore_ament_install']
[0.377s] Level 1:colcon.colcon_core.package_identification:_identify(.) by extension 'ignore'
[0.377s] Level 1:colcon.colcon_core.package_identification:_identify(.) by extension 'ignore_ament_install'
[0.377s] Level 1:colcon.colcon_core.package_identification:_identify(.) by extensions ['colcon_pkg']
[0.377s] Level 1:colcon.colcon_core.package_identification:_identify(.) by extension 'colcon_pkg'
[0.377s] Level 1:colcon.colcon_core.package_identification:_identify(.) by extensions ['colcon_meta']
[0.377s] Level 1:colcon.colcon_core.package_identification:_identify(.) by extension 'colcon_meta'
[0.377s] Level 1:colcon.colcon_core.package_identification:_identify(.) by extensions ['ros']
[0.377s] Level 1:colcon.colcon_core.package_identification:_identify(.) by extension 'ros'
[0.391s] Level 1:colcon.colcon_core.package_identification:_identify(.) by extensions ['cmake', 'python']
[0.391s] Level 1:colcon.colcon_core.package_identification:_identify(.) by extension 'cmake'
[0.391s] Level 1:colcon.colcon_core.package_identification:_identify(.) by extension 'python'
[0.391s] Level 1:colcon.colcon_core.package_identification:_identify(.) by extensions ['python_setup_py']
[0.391s] Level 1:colcon.colcon_core.package_identification:_identify(.) by extension 'python_setup_py'
[0.391s] Level 1:colcon.colcon_core.package_identification:_identify(build) by extensions ['ignore', 'ignore_ament_install']
[0.391s] Level 1:colcon.colcon_core.package_identification:_identify(build) by extension 'ignore'
[0.391s] Level 1:colcon.colcon_core.package_identification:_identify(build) ignored
[0.392s] Level 1:colcon.colcon_core.package_identification:_identify(install) by extensions ['ignore', 'ignore_ament_install']
[0.392s] Level 1:colcon.colcon_core.package_identification:_identify(install) by extension 'ignore'
[0.392s] Level 1:colcon.colcon_core.package_identification:_identify(install) ignored
[0.392s] Level 1:colcon.colcon_core.package_identification:_identify(log) by extensions ['ignore', 'ignore_ament_install']
[0.392s] Level 1:colcon.colcon_core.package_identification:_identify(log) by extension 'ignore'
[0.392s] Level 1:colcon.colcon_core.package_identification:_identify(log) ignored
[0.392s] Level 1:colcon.colcon_core.package_identification:_identify(src) by extensions ['ignore', 'ignore_ament_install']
[0.392s] Level 1:colcon.colcon_core.package_identification:_identify(src) by extension 'ignore'
[0.392s] Level 1:colcon.colcon_core.package_identification:_identify(src) by extension 'ignore_ament_install'
[0.392s] Level 1:colcon.colcon_core.package_identification:_identify(src) by extensions ['colcon_pkg']
[0.392s] Level 1:colcon.colcon_core.package_identification:_identify(src) by extension 'colcon_pkg'
[0.392s] Level 1:colcon.colcon_core.package_identification:_identify(src) by extensions ['colcon_meta']
[0.392s] Level 1:colcon.colcon_core.package_identification:_identify(src) by extension 'colcon_meta'
[0.392s] Level 1:colcon.colcon_core.package_identification:_identify(src) by extensions ['ros']
[0.392s] Level 1:colcon.colcon_core.package_identification:_identify(src) by extension 'ros'
[0.392s] Level 1:colcon.colcon_core.package_identification:_identify(src) by extensions ['cmake', 'python']
[0.392s] Level 1:colcon.colcon_core.package_identification:_identify(src) by extension 'cmake'
[0.392s] Level 1:colcon.colcon_core.package_identification:_identify(src) by extension 'python'
[0.392s] Level 1:colcon.colcon_core.package_identification:_identify(src) by extensions ['python_setup_py']
[0.392s] Level 1:colcon.colcon_core.package_identification:_identify(src) by extension 'python_setup_py'
[0.393s] Level 1:colcon.colcon_core.package_identification:_identify(src/px4_msgs) by extensions ['ignore', 'ignore_ament_install']
[0.393s] Level 1:colcon.colcon_core.package_identification:_identify(src/px4_msgs) by extension 'ignore'
[0.393s] Level 1:colcon.colcon_core.package_identification:_identify(src/px4_msgs) by extension 'ignore_ament_install'
[0.393s] Level 1:colcon.colcon_core.package_identification:_identify(src/px4_msgs) by extensions ['colcon_pkg']
[0.393s] Level 1:colcon.colcon_core.package_identification:_identify(src/px4_msgs) by extension 'colcon_pkg'
[0.393s] Level 1:colcon.colcon_core.package_identification:_identify(src/px4_msgs) by extensions ['colcon_meta']
[0.393s] Level 1:colcon.colcon_core.package_identification:_identify(src/px4_msgs) by extension 'colcon_meta'
[0.393s] Level 1:colcon.colcon_core.package_identification:_identify(src/px4_msgs) by extensions ['ros']
[0.393s] Level 1:colcon.colcon_core.package_identification:_identify(src/px4_msgs) by extension 'ros'
[0.395s] DEBUG:colcon.colcon_core.package_identification:Package 'src/px4_msgs' with type 'ros.ament_cmake' and name 'px4_msgs'
[0.395s] Level 1:colcon.colcon_core.package_identification:_identify(src/px4_ros_com) by extensions ['ignore', 'ignore_ament_install']
[0.396s] Level 1:colcon.colcon_core.package_identification:_identify(src/px4_ros_com) by extension 'ignore'
[0.396s] Level 1:colcon.colcon_core.package_identification:_identify(src/px4_ros_com) by extension 'ignore_ament_install'
[0.396s] Level 1:colcon.colcon_core.package_identification:_identify(src/px4_ros_com) by extensions ['colcon_pkg']
[0.396s] Level 1:colcon.colcon_core.package_identification:_identify(src/px4_ros_com) by extension 'colcon_pkg'
[0.396s] Level 1:colcon.colcon_core.package_identification:_identify(src/px4_ros_com) by extensions ['colcon_meta']
[0.396s] Level 1:colcon.colcon_core.package_identification:_identify(src/px4_ros_com) by extension 'colcon_meta'
[0.396s] Level 1:colcon.colcon_core.package_identification:_identify(src/px4_ros_com) by extensions ['ros']
[0.396s] Level 1:colcon.colcon_core.package_identification:_identify(src/px4_ros_com) by extension 'ros'
[0.397s] DEBUG:colcon.colcon_core.package_identification:Package 'src/px4_ros_com' with type 'ros.ament_cmake' and name 'px4_ros_com'
[0.397s] Level 1:colcon.colcon_core.package_discovery:discover_packages(recursive) using defaults
[0.397s] Level 1:colcon.colcon_core.package_discovery:discover_packages(ignore) discover
[0.397s] Level 1:colcon.colcon_core.package_discovery:discover_packages(ignore) using defaults
[0.397s] Level 1:colcon.colcon_core.package_discovery:discover_packages(path) discover
[0.397s] Level 1:colcon.colcon_core.package_discovery:discover_packages(path) using defaults
[0.417s] Level 1:colcon.colcon_core.package_discovery:discover_packages(prefix_path) check parameters
[0.417s] Level 1:colcon.colcon_core.package_discovery:discover_packages(prefix_path) discover
[0.418s] DEBUG:colcon.colcon_installed_package_information.package_discovery:Found 2 installed packages in /home/eashan/BuckeyeVerticalSoftware_v2/install
[0.419s] DEBUG:colcon.colcon_installed_package_information.package_discovery:Found 270 installed packages in /opt/ros/humble
[0.421s] Level 1:colcon.colcon_core.package_discovery:discover_packages(prefix_path) using defaults
[0.450s] Level 5:colcon.colcon_core.verb:set package 'px4_msgs' build argument 'cmake_args' from command line to 'None'
[0.450s] Level 5:colcon.colcon_core.verb:set package 'px4_msgs' build argument 'cmake_target' from command line to 'None'
[0.450s] Level 5:colcon.colcon_core.verb:set package 'px4_msgs' build argument 'cmake_target_skip_unavailable' from command line to 'False'
[0.450s] Level 5:colcon.colcon_core.verb:set package 'px4_msgs' build argument 'cmake_clean_cache' from command line to 'False'
[0.450s] Level 5:colcon.colcon_core.verb:set package 'px4_msgs' build argument 'cmake_clean_first' from command line to 'False'
[0.450s] Level 5:colcon.colcon_core.verb:set package 'px4_msgs' build argument 'cmake_force_configure' from command line to 'False'
[0.450s] Level 5:colcon.colcon_core.verb:set package 'px4_msgs' build argument 'ament_cmake_args' from command line to 'None'
[0.450s] Level 5:colcon.colcon_core.verb:set package 'px4_msgs' build argument 'catkin_cmake_args' from command line to 'None'
[0.450s] Level 5:colcon.colcon_core.verb:set package 'px4_msgs' build argument 'catkin_skip_building_tests' from command line to 'False'
[0.450s] DEBUG:colcon.colcon_core.verb:Building package 'px4_msgs' with the following arguments: {'ament_cmake_args': None, 'build_base': '/home/eashan/BuckeyeVerticalSoftware_v2/build/px4_msgs', 'catkin_cmake_args': None, 'catkin_skip_building_tests': False, 'cmake_args': None, 'cmake_clean_cache': False, 'cmake_clean_first': False, 'cmake_force_configure': False, 'cmake_target': None, 'cmake_target_skip_unavailable': False, 'install_base': '/home/eashan/BuckeyeVerticalSoftware_v2/install/px4_msgs', 'merge_install': False, 'path': '/home/eashan/BuckeyeVerticalSoftware_v2/src/px4_msgs', 'symlink_install': False, 'test_result_base': None}
[0.450s] Level 5:colcon.colcon_core.verb:set package 'px4_ros_com' build argument 'cmake_args' from command line to 'None'
[0.450s] Level 5:colcon.colcon_core.verb:set package 'px4_ros_com' build argument 'cmake_target' from command line to 'None'
[0.450s] Level 5:colcon.colcon_core.verb:set package 'px4_ros_com' build argument 'cmake_target_skip_unavailable' from command line to 'False'
[0.451s] Level 5:colcon.colcon_core.verb:set package 'px4_ros_com' build argument 'cmake_clean_cache' from command line to 'False'
[0.451s] Level 5:colcon.colcon_core.verb:set package 'px4_ros_com' build argument 'cmake_clean_first' from command line to 'False'
[0.451s] Level 5:colcon.colcon_core.verb:set package 'px4_ros_com' build argument 'cmake_force_configure' from command line to 'False'
[0.451s] Level 5:colcon.colcon_core.verb:set package 'px4_ros_com' build argument 'ament_cmake_args' from command line to 'None'
[0.451s] Level 5:colcon.colcon_core.verb:set package 'px4_ros_com' build argument 'catkin_cmake_args' from command line to 'None'
[0.451s] Level 5:colcon.colcon_core.verb:set package 'px4_ros_com' build argument 'catkin_skip_building_tests' from command line to 'False'
[0.451s] DEBUG:colcon.colcon_core.verb:Building package 'px4_ros_com' with the following arguments: {'ament_cmake_args': None, 'build_base': '/home/eashan/BuckeyeVerticalSoftware_v2/build/px4_ros_com', 'catkin_cmake_args': None, 'catkin_skip_building_tests': False, 'cmake_args': None, 'cmake_clean_cache': False, 'cmake_clean_first': False, 'cmake_force_configure': False, 'cmake_target': None, 'cmake_target_skip_unavailable': False, 'install_base': '/home/eashan/BuckeyeVerticalSoftware_v2/install/px4_ros_com', 'merge_install': False, 'path': '/home/eashan/BuckeyeVerticalSoftware_v2/src/px4_ros_com', 'symlink_install': False, 'test_result_base': None}
[0.451s] INFO:colcon.colcon_core.executor:Executing jobs using 'parallel' executor
[0.452s] DEBUG:colcon.colcon_parallel_executor.executor.parallel:run_until_complete
[0.452s] INFO:colcon.colcon_ros.task.ament_cmake.build:Building ROS package in '/home/eashan/BuckeyeVerticalSoftware_v2/src/px4_msgs' with build type 'ament_cmake'
[0.453s] INFO:colcon.colcon_cmake.task.cmake.build:Building CMake package in '/home/eashan/BuckeyeVerticalSoftware_v2/src/px4_msgs'
[0.455s] INFO:colcon.colcon_core.plugin_system:Skipping extension 'colcon_core.shell.bat': Not used on non-Windows systems
[0.455s] INFO:colcon.colcon_core.shell:Skip shell extension 'powershell' for command environment: Not usable outside of PowerShell
[0.456s] DEBUG:colcon.colcon_core.shell:Skip shell extension 'dsv' for command environment
[0.465s] DEBUG:colcon.colcon_core.event_handler.log_command:Invoking command in '/home/eashan/BuckeyeVerticalSoftware_v2/build/px4_msgs': CMAKE_PREFIX_PATH=${CMAKE_PREFIX_PATH}:/opt/ros/humble CONDA_PROMPT_MODIFIER=(base) /usr/bin/cmake --build /home/eashan/BuckeyeVerticalSoftware_v2/build/px4_msgs -- -j4 -l4
[1.679s] DEBUG:colcon.colcon_core.event_handler.log_command:Invoked command in '/home/eashan/BuckeyeVerticalSoftware_v2/build/px4_msgs' returned '0': CMAKE_PREFIX_PATH=${CMAKE_PREFIX_PATH}:/opt/ros/humble CONDA_PROMPT_MODIFIER=(base) /usr/bin/cmake --build /home/eashan/BuckeyeVerticalSoftware_v2/build/px4_msgs -- -j4 -l4
[6.776s] DEBUG:colcon.colcon_core.event_handler.log_command:Invoking command in '/home/eashan/BuckeyeVerticalSoftware_v2/build/px4_msgs': CMAKE_PREFIX_PATH=${CMAKE_PREFIX_PATH}:/opt/ros/humble CONDA_PROMPT_MODIFIER=(base) /usr/bin/cmake --install /home/eashan/BuckeyeVerticalSoftware_v2/build/px4_msgs
[7.266s] Level 1:colcon.colcon_core.environment:create_environment_scripts_only(px4_msgs)
[7.267s] Level 1:colcon.colcon_core.environment:checking '/home/eashan/BuckeyeVerticalSoftware_v2/install/px4_msgs' for CMake module files
[7.268s] Level 1:colcon.colcon_core.environment:checking '/home/eashan/BuckeyeVerticalSoftware_v2/install/px4_msgs' for CMake config files
[7.269s] DEBUG:colcon.colcon_core.event_handler.log_command:Invoked command in '/home/eashan/BuckeyeVerticalSoftware_v2/build/px4_msgs' returned '0': CMAKE_PREFIX_PATH=${CMAKE_PREFIX_PATH}:/opt/ros/humble CONDA_PROMPT_MODIFIER=(base) /usr/bin/cmake --install /home/eashan/BuckeyeVerticalSoftware_v2/build/px4_msgs
[7.272s] Level 1:colcon.colcon_core.shell:create_environment_hook('px4_msgs', 'cmake_prefix_path')
[7.272s] INFO:colcon.colcon_core.shell:Creating environment hook '/home/eashan/BuckeyeVerticalSoftware_v2/install/px4_msgs/share/px4_msgs/hook/cmake_prefix_path.ps1'
[7.273s] INFO:colcon.colcon_core.shell:Creating environment descriptor '/home/eashan/BuckeyeVerticalSoftware_v2/install/px4_msgs/share/px4_msgs/hook/cmake_prefix_path.dsv'
[7.274s] INFO:colcon.colcon_core.shell:Creating environment hook '/home/eashan/BuckeyeVerticalSoftware_v2/install/px4_msgs/share/px4_msgs/hook/cmake_prefix_path.sh'
[7.275s] Level 1:colcon.colcon_core.environment:checking '/home/eashan/BuckeyeVerticalSoftware_v2/install/px4_msgs/lib'
[7.275s] Level 1:colcon.colcon_core.shell:create_environment_hook('px4_msgs', 'ld_library_path_lib')
[7.275s] INFO:colcon.colcon_core.shell:Creating environment hook '/home/eashan/BuckeyeVerticalSoftware_v2/install/px4_msgs/share/px4_msgs/hook/ld_library_path_lib.ps1'
[7.275s] INFO:colcon.colcon_core.shell:Creating environment descriptor '/home/eashan/BuckeyeVerticalSoftware_v2/install/px4_msgs/share/px4_msgs/hook/ld_library_path_lib.dsv'
[7.276s] INFO:colcon.colcon_core.shell:Creating environment hook '/home/eashan/BuckeyeVerticalSoftware_v2/install/px4_msgs/share/px4_msgs/hook/ld_library_path_lib.sh'
[7.276s] Level 1:colcon.colcon_core.environment:checking '/home/eashan/BuckeyeVerticalSoftware_v2/install/px4_msgs/bin'
[7.276s] Level 1:colcon.colcon_core.environment:checking '/home/eashan/BuckeyeVerticalSoftware_v2/install/px4_msgs/lib/pkgconfig/px4_msgs.pc'
[7.276s] Level 1:colcon.colcon_core.environment:checking '/home/eashan/BuckeyeVerticalSoftware_v2/install/px4_msgs/lib/python3.10/site-packages'
[7.276s] Level 1:colcon.colcon_core.environment:checking '/home/eashan/BuckeyeVerticalSoftware_v2/install/px4_msgs/bin'
[7.277s] INFO:colcon.colcon_core.shell:Creating package script '/home/eashan/BuckeyeVerticalSoftware_v2/install/px4_msgs/share/px4_msgs/package.ps1'
[7.278s] INFO:colcon.colcon_core.shell:Creating package descriptor '/home/eashan/BuckeyeVerticalSoftware_v2/install/px4_msgs/share/px4_msgs/package.dsv'
[7.278s] INFO:colcon.colcon_core.shell:Creating package script '/home/eashan/BuckeyeVerticalSoftware_v2/install/px4_msgs/share/px4_msgs/package.sh'
[7.279s] INFO:colcon.colcon_core.shell:Creating package script '/home/eashan/BuckeyeVerticalSoftware_v2/install/px4_msgs/share/px4_msgs/package.bash'
[7.279s] INFO:colcon.colcon_core.shell:Creating package script '/home/eashan/BuckeyeVerticalSoftware_v2/install/px4_msgs/share/px4_msgs/package.zsh'
[7.280s] Level 1:colcon.colcon_core.environment:create_file_with_runtime_dependencies(/home/eashan/BuckeyeVerticalSoftware_v2/install/px4_msgs/share/colcon-core/packages/px4_msgs)
[12.451s] Level 1:colcon.colcon_core.environment:create_environment_scripts_only(px4_msgs)
[12.452s] Level 1:colcon.colcon_core.environment:checking '/home/eashan/BuckeyeVerticalSoftware_v2/install/px4_msgs' for CMake module files
[12.452s] Level 1:colcon.colcon_core.environment:checking '/home/eashan/BuckeyeVerticalSoftware_v2/install/px4_msgs' for CMake config files
[12.456s] Level 1:colcon.colcon_core.shell:create_environment_hook('px4_msgs', 'cmake_prefix_path')
[12.457s] INFO:colcon.colcon_core.shell:Creating environment hook '/home/eashan/BuckeyeVerticalSoftware_v2/install/px4_msgs/share/px4_msgs/hook/cmake_prefix_path.ps1'
[12.458s] INFO:colcon.colcon_core.shell:Creating environment descriptor '/home/eashan/BuckeyeVerticalSoftware_v2/install/px4_msgs/share/px4_msgs/hook/cmake_prefix_path.dsv'
[12.458s] INFO:colcon.colcon_core.shell:Creating environment hook '/home/eashan/BuckeyeVerticalSoftware_v2/install/px4_msgs/share/px4_msgs/hook/cmake_prefix_path.sh'
[12.458s] Level 1:colcon.colcon_core.environment:checking '/home/eashan/BuckeyeVerticalSoftware_v2/install/px4_msgs/lib'
[12.459s] Level 1:colcon.colcon_core.shell:create_environment_hook('px4_msgs', 'ld_library_path_lib')
[12.459s] INFO:colcon.colcon_core.shell:Creating environment hook '/home/eashan/BuckeyeVerticalSoftware_v2/install/px4_msgs/share/px4_msgs/hook/ld_library_path_lib.ps1'
[12.459s] INFO:colcon.colcon_core.shell:Creating environment descriptor '/home/eashan/BuckeyeVerticalSoftware_v2/install/px4_msgs/share/px4_msgs/hook/ld_library_path_lib.dsv'
[12.459s] INFO:colcon.colcon_core.shell:Creating environment hook '/home/eashan/BuckeyeVerticalSoftware_v2/install/px4_msgs/share/px4_msgs/hook/ld_library_path_lib.sh'
[12.460s] Level 1:colcon.colcon_core.environment:checking '/home/eashan/BuckeyeVerticalSoftware_v2/install/px4_msgs/bin'
[12.460s] Level 1:colcon.colcon_core.environment:checking '/home/eashan/BuckeyeVerticalSoftware_v2/install/px4_msgs/lib/pkgconfig/px4_msgs.pc'
[12.460s] Level 1:colcon.colcon_core.environment:checking '/home/eashan/BuckeyeVerticalSoftware_v2/install/px4_msgs/lib/python3.10/site-packages'
[12.460s] Level 1:colcon.colcon_core.environment:checking '/home/eashan/BuckeyeVerticalSoftware_v2/install/px4_msgs/bin'
[12.461s] INFO:colcon.colcon_core.shell:Creating package script '/home/eashan/BuckeyeVerticalSoftware_v2/install/px4_msgs/share/px4_msgs/package.ps1'
[12.462s] INFO:colcon.colcon_core.shell:Creating package descriptor '/home/eashan/BuckeyeVerticalSoftware_v2/install/px4_msgs/share/px4_msgs/package.dsv'
[12.462s] INFO:colcon.colcon_core.shell:Creating package script '/home/eashan/BuckeyeVerticalSoftware_v2/install/px4_msgs/share/px4_msgs/package.sh'
[12.462s] INFO:colcon.colcon_core.shell:Creating package script '/home/eashan/BuckeyeVerticalSoftware_v2/install/px4_msgs/share/px4_msgs/package.bash'
[12.463s] INFO:colcon.colcon_core.shell:Creating package script '/home/eashan/BuckeyeVerticalSoftware_v2/install/px4_msgs/share/px4_msgs/package.zsh'
[12.463s] Level 1:colcon.colcon_core.environment:create_file_with_runtime_dependencies(/home/eashan/BuckeyeVerticalSoftware_v2/install/px4_msgs/share/colcon-core/packages/px4_msgs)
[12.464s] INFO:colcon.colcon_ros.task.ament_cmake.build:Building ROS package in '/home/eashan/BuckeyeVerticalSoftware_v2/src/px4_ros_com' with build type 'ament_cmake'
[12.464s] INFO:colcon.colcon_cmake.task.cmake.build:Building CMake package in '/home/eashan/BuckeyeVerticalSoftware_v2/src/px4_ros_com'
[12.467s] INFO:colcon.colcon_core.shell:Skip shell extension 'powershell' for command environment: Not usable outside of PowerShell
[12.467s] DEBUG:colcon.colcon_core.shell:Skip shell extension 'dsv' for command environment
[12.806s] DEBUG:colcon.colcon_core.event_handler.log_command:Invoking command in '/home/eashan/BuckeyeVerticalSoftware_v2/build/px4_ros_com': CMAKE_PREFIX_PATH=/home/eashan/BuckeyeVerticalSoftware_v2/install/px4_msgs:/home/eashan/BuckeyeVerticalSoftware_v2/install/px4_ros_com:/opt/ros/humble CONDA_PROMPT_MODIFIER=(base) LD_LIBRARY_PATH=/home/eashan/BuckeyeVerticalSoftware_v2/install/px4_msgs/lib:/home/eashan/BuckeyeVerticalSoftware_v2/install/px4_ros_com/lib:/opt/ros/humble/opt/rviz_ogre_vendor/lib:/opt/ros/humble/lib/x86_64-linux-gnu:/opt/ros/humble/lib:/usr/local/cuda-12.6/lib64:/usr/local/cuda-12.6/lib64 /usr/bin/cmake --build /home/eashan/BuckeyeVerticalSoftware_v2/build/px4_ros_com -- -j4 -l4
[19.365s] DEBUG:colcon.colcon_core.event_handler.log_command:Invoked command in '/home/eashan/BuckeyeVerticalSoftware_v2/build/px4_ros_com' returned '2': CMAKE_PREFIX_PATH=/home/eashan/BuckeyeVerticalSoftware_v2/install/px4_msgs:/home/eashan/BuckeyeVerticalSoftware_v2/install/px4_ros_com:/opt/ros/humble CONDA_PROMPT_MODIFIER=(base) LD_LIBRARY_PATH=/home/eashan/BuckeyeVerticalSoftware_v2/install/px4_msgs/lib:/home/eashan/BuckeyeVerticalSoftware_v2/install/px4_ros_com/lib:/opt/ros/humble/opt/rviz_ogre_vendor/lib:/opt/ros/humble/lib/x86_64-linux-gnu:/opt/ros/humble/lib:/usr/local/cuda-12.6/lib64:/usr/local/cuda-12.6/lib64 /usr/bin/cmake --build /home/eashan/BuckeyeVerticalSoftware_v2/build/px4_ros_com -- -j4 -l4
[19.421s] Level 1:colcon.colcon_core.environment:create_environment_scripts_only(px4_ros_com)
[19.421s] Level 1:colcon.colcon_core.environment:checking '/home/eashan/BuckeyeVerticalSoftware_v2/install/px4_ros_com' for CMake module files
[19.421s] Level 1:colcon.colcon_core.environment:checking '/home/eashan/BuckeyeVerticalSoftware_v2/install/px4_ros_com' for CMake config files
[19.422s] Level 1:colcon.colcon_core.shell:create_environment_hook('px4_ros_com', 'cmake_prefix_path')
[19.422s] INFO:colcon.colcon_core.shell:Creating environment hook '/home/eashan/BuckeyeVerticalSoftware_v2/install/px4_ros_com/share/px4_ros_com/hook/cmake_prefix_path.ps1'
[19.422s] INFO:colcon.colcon_core.shell:Creating environment descriptor '/home/eashan/BuckeyeVerticalSoftware_v2/install/px4_ros_com/share/px4_ros_com/hook/cmake_prefix_path.dsv'
[19.423s] INFO:colcon.colcon_core.shell:Creating environment hook '/home/eashan/BuckeyeVerticalSoftware_v2/install/px4_ros_com/share/px4_ros_com/hook/cmake_prefix_path.sh'
[19.423s] Level 1:colcon.colcon_core.environment:checking '/home/eashan/BuckeyeVerticalSoftware_v2/install/px4_ros_com/lib'
[19.423s] Level 1:colcon.colcon_core.shell:create_environment_hook('px4_ros_com', 'ld_library_path_lib')
[19.424s] INFO:colcon.colcon_core.shell:Creating environment hook '/home/eashan/BuckeyeVerticalSoftware_v2/install/px4_ros_com/share/px4_ros_com/hook/ld_library_path_lib.ps1'
[19.424s] INFO:colcon.colcon_core.shell:Creating environment descriptor '/home/eashan/BuckeyeVerticalSoftware_v2/install/px4_ros_com/share/px4_ros_com/hook/ld_library_path_lib.dsv'
[19.425s] INFO:colcon.colcon_core.shell:Creating environment hook '/home/eashan/BuckeyeVerticalSoftware_v2/install/px4_ros_com/share/px4_ros_com/hook/ld_library_path_lib.sh'
[19.425s] Level 1:colcon.colcon_core.environment:checking '/home/eashan/BuckeyeVerticalSoftware_v2/install/px4_ros_com/bin'
[19.425s] Level 1:colcon.colcon_core.environment:checking '/home/eashan/BuckeyeVerticalSoftware_v2/install/px4_ros_com/lib/pkgconfig/px4_ros_com.pc'
[19.425s] Level 1:colcon.colcon_core.environment:checking '/home/eashan/BuckeyeVerticalSoftware_v2/install/px4_ros_com/lib/python3.10/site-packages'
[19.425s] Level 1:colcon.colcon_core.environment:checking '/home/eashan/BuckeyeVerticalSoftware_v2/install/px4_ros_com/bin'
[19.426s] INFO:colcon.colcon_core.shell:Creating package script '/home/eashan/BuckeyeVerticalSoftware_v2/install/px4_ros_com/share/px4_ros_com/package.ps1'
[19.426s] INFO:colcon.colcon_core.shell:Creating package descriptor '/home/eashan/BuckeyeVerticalSoftware_v2/install/px4_ros_com/share/px4_ros_com/package.dsv'
[19.427s] INFO:colcon.colcon_core.shell:Creating package script '/home/eashan/BuckeyeVerticalSoftware_v2/install/px4_ros_com/share/px4_ros_com/package.sh'
[19.427s] INFO:colcon.colcon_core.shell:Creating package script '/home/eashan/BuckeyeVerticalSoftware_v2/install/px4_ros_com/share/px4_ros_com/package.bash'
[19.428s] INFO:colcon.colcon_core.shell:Creating package script '/home/eashan/BuckeyeVerticalSoftware_v2/install/px4_ros_com/share/px4_ros_com/package.zsh'
[19.428s] Level 1:colcon.colcon_core.environment:create_file_with_runtime_dependencies(/home/eashan/BuckeyeVerticalSoftware_v2/install/px4_ros_com/share/colcon-core/packages/px4_ros_com)
[19.429s] DEBUG:colcon.colcon_parallel_executor.executor.parallel:closing loop
[19.429s] DEBUG:colcon.colcon_parallel_executor.executor.parallel:loop closed
[19.430s] DEBUG:colcon.colcon_parallel_executor.executor.parallel:run_until_complete finished with '2'
[19.430s] DEBUG:colcon.colcon_core.event_reactor:joining thread
[19.577s] INFO:colcon.colcon_core.plugin_system:Skipping extension 'colcon_notification.desktop_notification.notify_send': Could not find 'notify-send'
[19.577s] INFO:colcon.colcon_core.plugin_system:Skipping extension 'colcon_notification.desktop_notification.terminal_notifier': Not used on non-Darwin systems
[19.577s] INFO:colcon.colcon_core.plugin_system:Skipping extension 'colcon_notification.desktop_notification.win32': Not used on non-Windows systems
[19.577s] INFO:colcon.colcon_notification.desktop_notification:Sending desktop notification using 'notify2'
[19.578s] DEBUG:colcon.colcon_notification.desktop_notification.notify2:Failed to initialize notify2: org.freedesktop.DBus.Error.ServiceUnknown: The name org.freedesktop.Notifications was not provided by any .service files
[19.578s] DEBUG:colcon.colcon_core.event_reactor:joined thread
[19.579s] INFO:colcon.colcon_core.shell:Creating prefix script '/home/eashan/BuckeyeVerticalSoftware_v2/install/local_setup.ps1'
[19.580s] INFO:colcon.colcon_core.shell:Creating prefix util module '/home/eashan/BuckeyeVerticalSoftware_v2/install/_local_setup_util_ps1.py'
[19.581s] INFO:colcon.colcon_core.shell:Creating prefix chain script '/home/eashan/BuckeyeVerticalSoftware_v2/install/setup.ps1'
[19.582s] INFO:colcon.colcon_core.shell:Creating prefix script '/home/eashan/BuckeyeVerticalSoftware_v2/install/local_setup.sh'
[19.582s] INFO:colcon.colcon_core.shell:Creating prefix util module '/home/eashan/BuckeyeVerticalSoftware_v2/install/_local_setup_util_sh.py'
[19.583s] INFO:colcon.colcon_core.shell:Creating prefix chain script '/home/eashan/BuckeyeVerticalSoftware_v2/install/setup.sh'
[19.584s] INFO:colcon.colcon_core.shell:Creating prefix script '/home/eashan/BuckeyeVerticalSoftware_v2/install/local_setup.bash'
[19.584s] INFO:colcon.colcon_core.shell:Creating prefix chain script '/home/eashan/BuckeyeVerticalSoftware_v2/install/setup.bash'
[19.585s] INFO:colcon.colcon_core.shell:Creating prefix script '/home/eashan/BuckeyeVerticalSoftware_v2/install/local_setup.zsh'
[19.585s] INFO:colcon.colcon_core.shell:Creating prefix chain script '/home/eashan/BuckeyeVerticalSoftware_v2/install/setup.zsh'
