[0.691s] DEBUG:colcon:Command line arguments: ['/usr/bin/colcon', 'build']
[0.691s] DEBUG:colcon:Parsed command line arguments: Namespace(log_base=None, log_level=None, verb_name='build', build_base='build', install_base='install', merge_install=False, symlink_install=False, test_result_base=None, continue_on_error=False, executor='parallel', parallel_workers=16, event_handlers=None, ignore_user_meta=False, metas=['./colcon.meta'], base_paths=['.'], packages_ignore=None, packages_ignore_regex=None, paths=None, packages_up_to=None, packages_up_to_regex=None, packages_above=None, packages_above_and_dependencies=None, packages_above_depth=None, packages_select_by_dep=None, packages_skip_by_dep=None, packages_skip_up_to=None, packages_select_build_failed=False, packages_skip_build_finished=False, packages_select_test_failures=False, packages_skip_test_passed=False, packages_select=None, packages_skip=None, packages_select_regex=None, packages_skip_regex=None, packages_start=None, packages_end=None, allow_overriding=[], cmake_args=None, cmake_target=None, cmake_target_skip_unavailable=False, cmake_clean_cache=False, cmake_clean_first=False, cmake_force_configure=False, ament_cmake_args=None, catkin_cmake_args=None, catkin_skip_building_tests=False, verb_parser=<colcon_defaults.argument_parser.defaults.DefaultArgumentsDecorator object at 0x7f49818812a0>, verb_extension=<colcon_core.verb.build.BuildVerb object at 0x7f49819eeaa0>, main=<bound method BuildVerb.main of <colcon_core.verb.build.BuildVerb object at 0x7f49819eeaa0>>)
[1.011s] Level 1:colcon.colcon_core.package_discovery:discover_packages(colcon_meta) check parameters
[1.011s] Level 1:colcon.colcon_core.package_discovery:discover_packages(recursive) check parameters
[1.011s] Level 1:colcon.colcon_core.package_discovery:discover_packages(ignore) check parameters
[1.011s] Level 1:colcon.colcon_core.package_discovery:discover_packages(path) check parameters
[1.011s] Level 1:colcon.colcon_core.package_discovery:discover_packages(colcon_meta) discover
[1.011s] Level 1:colcon.colcon_core.package_discovery:discover_packages(recursive) discover
[1.011s] INFO:colcon.colcon_core.package_discovery:Crawling recursively for packages in '/home/kvvnbs/BuckeyeVerticalSoftwareV2'
[1.011s] Level 1:colcon.colcon_core.package_identification:_identify(.) by extensions ['ignore', 'ignore_ament_install']
[1.011s] Level 1:colcon.colcon_core.package_identification:_identify(.) by extension 'ignore'
[1.011s] Level 1:colcon.colcon_core.package_identification:_identify(.) by extension 'ignore_ament_install'
[1.011s] Level 1:colcon.colcon_core.package_identification:_identify(.) by extensions ['colcon_pkg']
[1.011s] Level 1:colcon.colcon_core.package_identification:_identify(.) by extension 'colcon_pkg'
[1.011s] Level 1:colcon.colcon_core.package_identification:_identify(.) by extensions ['colcon_meta']
[1.011s] Level 1:colcon.colcon_core.package_identification:_identify(.) by extension 'colcon_meta'
[1.011s] Level 1:colcon.colcon_core.package_identification:_identify(.) by extensions ['ros']
[1.011s] Level 1:colcon.colcon_core.package_identification:_identify(.) by extension 'ros'
[1.027s] Level 1:colcon.colcon_core.package_identification:_identify(.) by extensions ['cmake', 'python']
[1.027s] Level 1:colcon.colcon_core.package_identification:_identify(.) by extension 'cmake'
[1.027s] Level 1:colcon.colcon_core.package_identification:_identify(.) by extension 'python'
[1.027s] Level 1:colcon.colcon_core.package_identification:_identify(.) by extensions ['python_setup_py']
[1.027s] Level 1:colcon.colcon_core.package_identification:_identify(.) by extension 'python_setup_py'
[1.028s] Level 1:colcon.colcon_core.package_identification:_identify(build) by extensions ['ignore', 'ignore_ament_install']
[1.028s] Level 1:colcon.colcon_core.package_identification:_identify(build) by extension 'ignore'
[1.028s] Level 1:colcon.colcon_core.package_identification:_identify(build) ignored
[1.028s] Level 1:colcon.colcon_core.package_identification:_identify(install) by extensions ['ignore', 'ignore_ament_install']
[1.028s] Level 1:colcon.colcon_core.package_identification:_identify(install) by extension 'ignore'
[1.028s] Level 1:colcon.colcon_core.package_identification:_identify(install) ignored
[1.029s] Level 1:colcon.colcon_core.package_identification:_identify(log) by extensions ['ignore', 'ignore_ament_install']
[1.029s] Level 1:colcon.colcon_core.package_identification:_identify(log) by extension 'ignore'
[1.029s] Level 1:colcon.colcon_core.package_identification:_identify(log) ignored
[1.029s] Level 1:colcon.colcon_core.package_identification:_identify(src) by extensions ['ignore', 'ignore_ament_install']
[1.029s] Level 1:colcon.colcon_core.package_identification:_identify(src) by extension 'ignore'
[1.029s] Level 1:colcon.colcon_core.package_identification:_identify(src) by extension 'ignore_ament_install'
[1.029s] Level 1:colcon.colcon_core.package_identification:_identify(src) by extensions ['colcon_pkg']
[1.029s] Level 1:colcon.colcon_core.package_identification:_identify(src) by extension 'colcon_pkg'
[1.029s] Level 1:colcon.colcon_core.package_identification:_identify(src) by extensions ['colcon_meta']
[1.029s] Level 1:colcon.colcon_core.package_identification:_identify(src) by extension 'colcon_meta'
[1.029s] Level 1:colcon.colcon_core.package_identification:_identify(src) by extensions ['ros']
[1.029s] Level 1:colcon.colcon_core.package_identification:_identify(src) by extension 'ros'
[1.029s] Level 1:colcon.colcon_core.package_identification:_identify(src) by extensions ['cmake', 'python']
[1.029s] Level 1:colcon.colcon_core.package_identification:_identify(src) by extension 'cmake'
[1.030s] Level 1:colcon.colcon_core.package_identification:_identify(src) by extension 'python'
[1.030s] Level 1:colcon.colcon_core.package_identification:_identify(src) by extensions ['python_setup_py']
[1.030s] Level 1:colcon.colcon_core.package_identification:_identify(src) by extension 'python_setup_py'
[1.031s] Level 1:colcon.colcon_core.package_identification:_identify(src/px4_msgs) by extensions ['ignore', 'ignore_ament_install']
[1.031s] Level 1:colcon.colcon_core.package_identification:_identify(src/px4_msgs) by extension 'ignore'
[1.031s] Level 1:colcon.colcon_core.package_identification:_identify(src/px4_msgs) by extension 'ignore_ament_install'
[1.031s] Level 1:colcon.colcon_core.package_identification:_identify(src/px4_msgs) by extensions ['colcon_pkg']
[1.031s] Level 1:colcon.colcon_core.package_identification:_identify(src/px4_msgs) by extension 'colcon_pkg'
[1.031s] Level 1:colcon.colcon_core.package_identification:_identify(src/px4_msgs) by extensions ['colcon_meta']
[1.031s] Level 1:colcon.colcon_core.package_identification:_identify(src/px4_msgs) by extension 'colcon_meta'
[1.031s] Level 1:colcon.colcon_core.package_identification:_identify(src/px4_msgs) by extensions ['ros']
[1.031s] Level 1:colcon.colcon_core.package_identification:_identify(src/px4_msgs) by extension 'ros'
[1.036s] DEBUG:colcon.colcon_core.package_identification:Package 'src/px4_msgs' with type 'ros.ament_cmake' and name 'px4_msgs'
[1.036s] Level 1:colcon.colcon_core.package_identification:_identify(src/px4_ros_com) by extensions ['ignore', 'ignore_ament_install']
[1.036s] Level 1:colcon.colcon_core.package_identification:_identify(src/px4_ros_com) by extension 'ignore'
[1.037s] Level 1:colcon.colcon_core.package_identification:_identify(src/px4_ros_com) by extension 'ignore_ament_install'
[1.037s] Level 1:colcon.colcon_core.package_identification:_identify(src/px4_ros_com) by extensions ['colcon_pkg']
[1.037s] Level 1:colcon.colcon_core.package_identification:_identify(src/px4_ros_com) by extension 'colcon_pkg'
[1.037s] Level 1:colcon.colcon_core.package_identification:_identify(src/px4_ros_com) by extensions ['colcon_meta']
[1.037s] Level 1:colcon.colcon_core.package_identification:_identify(src/px4_ros_com) by extension 'colcon_meta'
[1.037s] Level 1:colcon.colcon_core.package_identification:_identify(src/px4_ros_com) by extensions ['ros']
[1.037s] Level 1:colcon.colcon_core.package_identification:_identify(src/px4_ros_com) by extension 'ros'
[1.040s] DEBUG:colcon.colcon_core.package_identification:Package 'src/px4_ros_com' with type 'ros.ament_cmake' and name 'px4_ros_com'
[1.040s] Level 1:colcon.colcon_core.package_discovery:discover_packages(recursive) using defaults
[1.040s] Level 1:colcon.colcon_core.package_discovery:discover_packages(ignore) discover
[1.040s] Level 1:colcon.colcon_core.package_discovery:discover_packages(ignore) using defaults
[1.040s] Level 1:colcon.colcon_core.package_discovery:discover_packages(path) discover
[1.040s] Level 1:colcon.colcon_core.package_discovery:discover_packages(path) using defaults
[1.069s] Level 1:colcon.colcon_core.package_discovery:discover_packages(prefix_path) check parameters
[1.069s] Level 1:colcon.colcon_core.package_discovery:discover_packages(prefix_path) discover
[1.071s] DEBUG:colcon.colcon_installed_package_information.package_discovery:Found 270 installed packages in /opt/ros/humble
[1.072s] Level 1:colcon.colcon_core.package_discovery:discover_packages(prefix_path) using defaults
[1.103s] Level 5:colcon.colcon_core.verb:set package 'px4_msgs' build argument 'cmake_args' from command line to 'None'
[1.103s] Level 5:colcon.colcon_core.verb:set package 'px4_msgs' build argument 'cmake_target' from command line to 'None'
[1.104s] Level 5:colcon.colcon_core.verb:set package 'px4_msgs' build argument 'cmake_target_skip_unavailable' from command line to 'False'
[1.104s] Level 5:colcon.colcon_core.verb:set package 'px4_msgs' build argument 'cmake_clean_cache' from command line to 'False'
[1.104s] Level 5:colcon.colcon_core.verb:set package 'px4_msgs' build argument 'cmake_clean_first' from command line to 'False'
[1.104s] Level 5:colcon.colcon_core.verb:set package 'px4_msgs' build argument 'cmake_force_configure' from command line to 'False'
[1.104s] Level 5:colcon.colcon_core.verb:set package 'px4_msgs' build argument 'ament_cmake_args' from command line to 'None'
[1.104s] Level 5:colcon.colcon_core.verb:set package 'px4_msgs' build argument 'catkin_cmake_args' from command line to 'None'
[1.104s] Level 5:colcon.colcon_core.verb:set package 'px4_msgs' build argument 'catkin_skip_building_tests' from command line to 'False'
[1.104s] DEBUG:colcon.colcon_core.verb:Building package 'px4_msgs' with the following arguments: {'ament_cmake_args': None, 'build_base': '/home/kvvnbs/BuckeyeVerticalSoftwareV2/build/px4_msgs', 'catkin_cmake_args': None, 'catkin_skip_building_tests': False, 'cmake_args': None, 'cmake_clean_cache': False, 'cmake_clean_first': False, 'cmake_force_configure': False, 'cmake_target': None, 'cmake_target_skip_unavailable': False, 'install_base': '/home/kvvnbs/BuckeyeVerticalSoftwareV2/install/px4_msgs', 'merge_install': False, 'path': '/home/kvvnbs/BuckeyeVerticalSoftwareV2/src/px4_msgs', 'symlink_install': False, 'test_result_base': None}
[1.105s] Level 5:colcon.colcon_core.verb:set package 'px4_ros_com' build argument 'cmake_args' from command line to 'None'
[1.105s] Level 5:colcon.colcon_core.verb:set package 'px4_ros_com' build argument 'cmake_target' from command line to 'None'
[1.105s] Level 5:colcon.colcon_core.verb:set package 'px4_ros_com' build argument 'cmake_target_skip_unavailable' from command line to 'False'
[1.105s] Level 5:colcon.colcon_core.verb:set package 'px4_ros_com' build argument 'cmake_clean_cache' from command line to 'False'
[1.105s] Level 5:colcon.colcon_core.verb:set package 'px4_ros_com' build argument 'cmake_clean_first' from command line to 'False'
[1.105s] Level 5:colcon.colcon_core.verb:set package 'px4_ros_com' build argument 'cmake_force_configure' from command line to 'False'
[1.105s] Level 5:colcon.colcon_core.verb:set package 'px4_ros_com' build argument 'ament_cmake_args' from command line to 'None'
[1.105s] Level 5:colcon.colcon_core.verb:set package 'px4_ros_com' build argument 'catkin_cmake_args' from command line to 'None'
[1.105s] Level 5:colcon.colcon_core.verb:set package 'px4_ros_com' build argument 'catkin_skip_building_tests' from command line to 'False'
[1.105s] DEBUG:colcon.colcon_core.verb:Building package 'px4_ros_com' with the following arguments: {'ament_cmake_args': None, 'build_base': '/home/kvvnbs/BuckeyeVerticalSoftwareV2/build/px4_ros_com', 'catkin_cmake_args': None, 'catkin_skip_building_tests': False, 'cmake_args': None, 'cmake_clean_cache': False, 'cmake_clean_first': False, 'cmake_force_configure': False, 'cmake_target': None, 'cmake_target_skip_unavailable': False, 'install_base': '/home/kvvnbs/BuckeyeVerticalSoftwareV2/install/px4_ros_com', 'merge_install': False, 'path': '/home/kvvnbs/BuckeyeVerticalSoftwareV2/src/px4_ros_com', 'symlink_install': False, 'test_result_base': None}
[1.105s] INFO:colcon.colcon_core.executor:Executing jobs using 'parallel' executor
[1.107s] DEBUG:colcon.colcon_parallel_executor.executor.parallel:run_until_complete
[1.108s] INFO:colcon.colcon_ros.task.ament_cmake.build:Building ROS package in '/home/kvvnbs/BuckeyeVerticalSoftwareV2/src/px4_msgs' with build type 'ament_cmake'
[1.108s] INFO:colcon.colcon_cmake.task.cmake.build:Building CMake package in '/home/kvvnbs/BuckeyeVerticalSoftwareV2/src/px4_msgs'
[1.112s] INFO:colcon.colcon_core.plugin_system:Skipping extension 'colcon_core.shell.bat': Not used on non-Windows systems
[1.112s] INFO:colcon.colcon_core.shell:Skip shell extension 'powershell' for command environment: Not usable outside of PowerShell
[1.112s] DEBUG:colcon.colcon_core.shell:Skip shell extension 'dsv' for command environment
[1.123s] DEBUG:colcon.colcon_core.event_handler.log_command:Invoking command in '/home/kvvnbs/BuckeyeVerticalSoftwareV2/build/px4_msgs': CMAKE_PREFIX_PATH=/opt/ros/humble /usr/bin/cmake /home/kvvnbs/BuckeyeVerticalSoftwareV2/src/px4_msgs -DCMAKE_INSTALL_PREFIX=/home/kvvnbs/BuckeyeVerticalSoftwareV2/install/px4_msgs
[11.034s] DEBUG:colcon.colcon_core.event_handler.log_command:Invoked command in '/home/kvvnbs/BuckeyeVerticalSoftwareV2/build/px4_msgs' returned '0': CMAKE_PREFIX_PATH=/opt/ros/humble /usr/bin/cmake /home/kvvnbs/BuckeyeVerticalSoftwareV2/src/px4_msgs -DCMAKE_INSTALL_PREFIX=/home/kvvnbs/BuckeyeVerticalSoftwareV2/install/px4_msgs
[11.035s] DEBUG:colcon.colcon_core.event_handler.log_command:Invoking command in '/home/kvvnbs/BuckeyeVerticalSoftwareV2/build/px4_msgs': CMAKE_PREFIX_PATH=/opt/ros/humble /usr/bin/cmake --build /home/kvvnbs/BuckeyeVerticalSoftwareV2/build/px4_msgs -- -j16 -l16
[239.890s] DEBUG:colcon.colcon_core.event_handler.log_command:Invoked command in '/home/kvvnbs/BuckeyeVerticalSoftwareV2/build/px4_msgs' returned '0': CMAKE_PREFIX_PATH=/opt/ros/humble /usr/bin/cmake --build /home/kvvnbs/BuckeyeVerticalSoftwareV2/build/px4_msgs -- -j16 -l16
[239.901s] DEBUG:colcon.colcon_core.event_handler.log_command:Invoking command in '/home/kvvnbs/BuckeyeVerticalSoftwareV2/build/px4_msgs': CMAKE_PREFIX_PATH=/opt/ros/humble /usr/bin/cmake --install /home/kvvnbs/BuckeyeVerticalSoftwareV2/build/px4_msgs
[241.120s] Level 1:colcon.colcon_core.environment:create_environment_scripts_only(px4_msgs)
[241.121s] DEBUG:colcon.colcon_core.event_handler.log_command:Invoked command in '/home/kvvnbs/BuckeyeVerticalSoftwareV2/build/px4_msgs' returned '0': CMAKE_PREFIX_PATH=/opt/ros/humble /usr/bin/cmake --install /home/kvvnbs/BuckeyeVerticalSoftwareV2/build/px4_msgs
[241.124s] Level 1:colcon.colcon_core.environment:checking '/home/kvvnbs/BuckeyeVerticalSoftwareV2/install/px4_msgs' for CMake module files
[241.125s] Level 1:colcon.colcon_core.environment:checking '/home/kvvnbs/BuckeyeVerticalSoftwareV2/install/px4_msgs' for CMake config files
[241.130s] Level 1:colcon.colcon_core.shell:create_environment_hook('px4_msgs', 'cmake_prefix_path')
[241.130s] INFO:colcon.colcon_core.shell:Creating environment hook '/home/kvvnbs/BuckeyeVerticalSoftwareV2/install/px4_msgs/share/px4_msgs/hook/cmake_prefix_path.ps1'
[241.131s] INFO:colcon.colcon_core.shell:Creating environment descriptor '/home/kvvnbs/BuckeyeVerticalSoftwareV2/install/px4_msgs/share/px4_msgs/hook/cmake_prefix_path.dsv'
[241.131s] INFO:colcon.colcon_core.shell:Creating environment hook '/home/kvvnbs/BuckeyeVerticalSoftwareV2/install/px4_msgs/share/px4_msgs/hook/cmake_prefix_path.sh'
[241.132s] Level 1:colcon.colcon_core.environment:checking '/home/kvvnbs/BuckeyeVerticalSoftwareV2/install/px4_msgs/lib'
[241.133s] Level 1:colcon.colcon_core.shell:create_environment_hook('px4_msgs', 'ld_library_path_lib')
[241.133s] INFO:colcon.colcon_core.shell:Creating environment hook '/home/kvvnbs/BuckeyeVerticalSoftwareV2/install/px4_msgs/share/px4_msgs/hook/ld_library_path_lib.ps1'
[241.133s] INFO:colcon.colcon_core.shell:Creating environment descriptor '/home/kvvnbs/BuckeyeVerticalSoftwareV2/install/px4_msgs/share/px4_msgs/hook/ld_library_path_lib.dsv'
[241.134s] INFO:colcon.colcon_core.shell:Creating environment hook '/home/kvvnbs/BuckeyeVerticalSoftwareV2/install/px4_msgs/share/px4_msgs/hook/ld_library_path_lib.sh'
[241.134s] Level 1:colcon.colcon_core.environment:checking '/home/kvvnbs/BuckeyeVerticalSoftwareV2/install/px4_msgs/bin'
[241.134s] Level 1:colcon.colcon_core.environment:checking '/home/kvvnbs/BuckeyeVerticalSoftwareV2/install/px4_msgs/lib/pkgconfig/px4_msgs.pc'
[241.135s] Level 1:colcon.colcon_core.environment:checking '/home/kvvnbs/BuckeyeVerticalSoftwareV2/install/px4_msgs/lib/python3.10/site-packages'
[241.135s] Level 1:colcon.colcon_core.environment:checking '/home/kvvnbs/BuckeyeVerticalSoftwareV2/install/px4_msgs/bin'
[241.135s] INFO:colcon.colcon_core.shell:Creating package script '/home/kvvnbs/BuckeyeVerticalSoftwareV2/install/px4_msgs/share/px4_msgs/package.ps1'
[241.136s] INFO:colcon.colcon_core.shell:Creating package descriptor '/home/kvvnbs/BuckeyeVerticalSoftwareV2/install/px4_msgs/share/px4_msgs/package.dsv'
[241.137s] INFO:colcon.colcon_core.shell:Creating package script '/home/kvvnbs/BuckeyeVerticalSoftwareV2/install/px4_msgs/share/px4_msgs/package.sh'
[241.137s] INFO:colcon.colcon_core.shell:Creating package script '/home/kvvnbs/BuckeyeVerticalSoftwareV2/install/px4_msgs/share/px4_msgs/package.bash'
[241.138s] INFO:colcon.colcon_core.shell:Creating package script '/home/kvvnbs/BuckeyeVerticalSoftwareV2/install/px4_msgs/share/px4_msgs/package.zsh'
[241.139s] Level 1:colcon.colcon_core.environment:create_file_with_runtime_dependencies(/home/kvvnbs/BuckeyeVerticalSoftwareV2/install/px4_msgs/share/colcon-core/packages/px4_msgs)
[241.139s] Level 1:colcon.colcon_core.environment:create_environment_scripts_only(px4_msgs)
[241.140s] Level 1:colcon.colcon_core.environment:checking '/home/kvvnbs/BuckeyeVerticalSoftwareV2/install/px4_msgs' for CMake module files
[241.140s] Level 1:colcon.colcon_core.environment:checking '/home/kvvnbs/BuckeyeVerticalSoftwareV2/install/px4_msgs' for CMake config files
[241.145s] Level 1:colcon.colcon_core.shell:create_environment_hook('px4_msgs', 'cmake_prefix_path')
[241.145s] INFO:colcon.colcon_core.shell:Creating environment hook '/home/kvvnbs/BuckeyeVerticalSoftwareV2/install/px4_msgs/share/px4_msgs/hook/cmake_prefix_path.ps1'
[241.145s] INFO:colcon.colcon_core.shell:Creating environment descriptor '/home/kvvnbs/BuckeyeVerticalSoftwareV2/install/px4_msgs/share/px4_msgs/hook/cmake_prefix_path.dsv'
[241.146s] INFO:colcon.colcon_core.shell:Creating environment hook '/home/kvvnbs/BuckeyeVerticalSoftwareV2/install/px4_msgs/share/px4_msgs/hook/cmake_prefix_path.sh'
[241.146s] Level 1:colcon.colcon_core.environment:checking '/home/kvvnbs/BuckeyeVerticalSoftwareV2/install/px4_msgs/lib'
[241.146s] Level 1:colcon.colcon_core.shell:create_environment_hook('px4_msgs', 'ld_library_path_lib')
[241.146s] INFO:colcon.colcon_core.shell:Creating environment hook '/home/kvvnbs/BuckeyeVerticalSoftwareV2/install/px4_msgs/share/px4_msgs/hook/ld_library_path_lib.ps1'
[241.147s] INFO:colcon.colcon_core.shell:Creating environment descriptor '/home/kvvnbs/BuckeyeVerticalSoftwareV2/install/px4_msgs/share/px4_msgs/hook/ld_library_path_lib.dsv'
[241.147s] INFO:colcon.colcon_core.shell:Creating environment hook '/home/kvvnbs/BuckeyeVerticalSoftwareV2/install/px4_msgs/share/px4_msgs/hook/ld_library_path_lib.sh'
[241.147s] Level 1:colcon.colcon_core.environment:checking '/home/kvvnbs/BuckeyeVerticalSoftwareV2/install/px4_msgs/bin'
[241.147s] Level 1:colcon.colcon_core.environment:checking '/home/kvvnbs/BuckeyeVerticalSoftwareV2/install/px4_msgs/lib/pkgconfig/px4_msgs.pc'
[241.148s] Level 1:colcon.colcon_core.environment:checking '/home/kvvnbs/BuckeyeVerticalSoftwareV2/install/px4_msgs/lib/python3.10/site-packages'
[241.148s] Level 1:colcon.colcon_core.environment:checking '/home/kvvnbs/BuckeyeVerticalSoftwareV2/install/px4_msgs/bin'
[241.148s] INFO:colcon.colcon_core.shell:Creating package script '/home/kvvnbs/BuckeyeVerticalSoftwareV2/install/px4_msgs/share/px4_msgs/package.ps1'
[241.150s] INFO:colcon.colcon_core.shell:Creating package descriptor '/home/kvvnbs/BuckeyeVerticalSoftwareV2/install/px4_msgs/share/px4_msgs/package.dsv'
[241.150s] INFO:colcon.colcon_core.shell:Creating package script '/home/kvvnbs/BuckeyeVerticalSoftwareV2/install/px4_msgs/share/px4_msgs/package.sh'
[241.150s] INFO:colcon.colcon_core.shell:Creating package script '/home/kvvnbs/BuckeyeVerticalSoftwareV2/install/px4_msgs/share/px4_msgs/package.bash'
[241.151s] INFO:colcon.colcon_core.shell:Creating package script '/home/kvvnbs/BuckeyeVerticalSoftwareV2/install/px4_msgs/share/px4_msgs/package.zsh'
[241.151s] Level 1:colcon.colcon_core.environment:create_file_with_runtime_dependencies(/home/kvvnbs/BuckeyeVerticalSoftwareV2/install/px4_msgs/share/colcon-core/packages/px4_msgs)
[241.151s] INFO:colcon.colcon_ros.task.ament_cmake.build:Building ROS package in '/home/kvvnbs/BuckeyeVerticalSoftwareV2/src/px4_ros_com' with build type 'ament_cmake'
[241.151s] INFO:colcon.colcon_cmake.task.cmake.build:Building CMake package in '/home/kvvnbs/BuckeyeVerticalSoftwareV2/src/px4_ros_com'
[241.152s] INFO:colcon.colcon_core.shell:Skip shell extension 'powershell' for command environment: Not usable outside of PowerShell
[241.152s] DEBUG:colcon.colcon_core.shell:Skip shell extension 'dsv' for command environment
[241.364s] DEBUG:colcon.colcon_core.event_handler.log_command:Invoking command in '/home/kvvnbs/BuckeyeVerticalSoftwareV2/build/px4_ros_com': AMENT_PREFIX_PATH=/home/kvvnbs/BuckeyeVerticalSoftwareV2/install/px4_msgs:${AMENT_PREFIX_PATH} CMAKE_PREFIX_PATH=/home/kvvnbs/BuckeyeVerticalSoftwareV2/install/px4_msgs:/opt/ros/humble LD_LIBRARY_PATH=/home/kvvnbs/BuckeyeVerticalSoftwareV2/install/px4_msgs/lib:${LD_LIBRARY_PATH} PYTHONPATH=/home/kvvnbs/BuckeyeVerticalSoftwareV2/install/px4_msgs/local/lib/python3.10/dist-packages:${PYTHONPATH} /usr/bin/cmake /home/kvvnbs/BuckeyeVerticalSoftwareV2/src/px4_ros_com -DCMAKE_INSTALL_PREFIX=/home/kvvnbs/BuckeyeVerticalSoftwareV2/install/px4_ros_com
[267.324s] DEBUG:colcon.colcon_core.event_handler.log_command:Invoked command in '/home/kvvnbs/BuckeyeVerticalSoftwareV2/build/px4_ros_com' returned '0': AMENT_PREFIX_PATH=/home/kvvnbs/BuckeyeVerticalSoftwareV2/install/px4_msgs:${AMENT_PREFIX_PATH} CMAKE_PREFIX_PATH=/home/kvvnbs/BuckeyeVerticalSoftwareV2/install/px4_msgs:/opt/ros/humble LD_LIBRARY_PATH=/home/kvvnbs/BuckeyeVerticalSoftwareV2/install/px4_msgs/lib:${LD_LIBRARY_PATH} PYTHONPATH=/home/kvvnbs/BuckeyeVerticalSoftwareV2/install/px4_msgs/local/lib/python3.10/dist-packages:${PYTHONPATH} /usr/bin/cmake /home/kvvnbs/BuckeyeVerticalSoftwareV2/src/px4_ros_com -DCMAKE_INSTALL_PREFIX=/home/kvvnbs/BuckeyeVerticalSoftwareV2/install/px4_ros_com
[267.325s] DEBUG:colcon.colcon_core.event_handler.log_command:Invoking command in '/home/kvvnbs/BuckeyeVerticalSoftwareV2/build/px4_ros_com': AMENT_PREFIX_PATH=/home/kvvnbs/BuckeyeVerticalSoftwareV2/install/px4_msgs:${AMENT_PREFIX_PATH} CMAKE_PREFIX_PATH=/home/kvvnbs/BuckeyeVerticalSoftwareV2/install/px4_msgs:/opt/ros/humble LD_LIBRARY_PATH=/home/kvvnbs/BuckeyeVerticalSoftwareV2/install/px4_msgs/lib:${LD_LIBRARY_PATH} PYTHONPATH=/home/kvvnbs/BuckeyeVerticalSoftwareV2/install/px4_msgs/local/lib/python3.10/dist-packages:${PYTHONPATH} /usr/bin/cmake --build /home/kvvnbs/BuckeyeVerticalSoftwareV2/build/px4_ros_com -- -j16 -l16
[280.325s] DEBUG:colcon.colcon_core.event_handler.log_command:Invoked command in '/home/kvvnbs/BuckeyeVerticalSoftwareV2/build/px4_ros_com' returned '2': AMENT_PREFIX_PATH=/home/kvvnbs/BuckeyeVerticalSoftwareV2/install/px4_msgs:${AMENT_PREFIX_PATH} CMAKE_PREFIX_PATH=/home/kvvnbs/BuckeyeVerticalSoftwareV2/install/px4_msgs:/opt/ros/humble LD_LIBRARY_PATH=/home/kvvnbs/BuckeyeVerticalSoftwareV2/install/px4_msgs/lib:${LD_LIBRARY_PATH} PYTHONPATH=/home/kvvnbs/BuckeyeVerticalSoftwareV2/install/px4_msgs/local/lib/python3.10/dist-packages:${PYTHONPATH} /usr/bin/cmake --build /home/kvvnbs/BuckeyeVerticalSoftwareV2/build/px4_ros_com -- -j16 -l16
[280.326s] Level 1:colcon.colcon_core.environment:create_environment_scripts_only(px4_ros_com)
[280.326s] Level 1:colcon.colcon_core.environment:checking '/home/kvvnbs/BuckeyeVerticalSoftwareV2/install/px4_ros_com' for CMake module files
[280.326s] Level 1:colcon.colcon_core.environment:checking '/home/kvvnbs/BuckeyeVerticalSoftwareV2/install/px4_ros_com' for CMake config files
[280.327s] Level 1:colcon.colcon_core.environment:checking '/home/kvvnbs/BuckeyeVerticalSoftwareV2/install/px4_ros_com/bin'
[280.327s] Level 1:colcon.colcon_core.environment:checking '/home/kvvnbs/BuckeyeVerticalSoftwareV2/install/px4_ros_com/lib/pkgconfig/px4_ros_com.pc'
[280.327s] Level 1:colcon.colcon_core.environment:checking '/home/kvvnbs/BuckeyeVerticalSoftwareV2/install/px4_ros_com/lib/python3.10/site-packages'
[280.327s] Level 1:colcon.colcon_core.environment:checking '/home/kvvnbs/BuckeyeVerticalSoftwareV2/install/px4_ros_com/bin'
[280.327s] INFO:colcon.colcon_core.shell:Creating package script '/home/kvvnbs/BuckeyeVerticalSoftwareV2/install/px4_ros_com/share/px4_ros_com/package.ps1'
[280.328s] INFO:colcon.colcon_core.shell:Creating package descriptor '/home/kvvnbs/BuckeyeVerticalSoftwareV2/install/px4_ros_com/share/px4_ros_com/package.dsv'
[280.328s] INFO:colcon.colcon_core.shell:Creating package script '/home/kvvnbs/BuckeyeVerticalSoftwareV2/install/px4_ros_com/share/px4_ros_com/package.sh'
[280.329s] INFO:colcon.colcon_core.shell:Creating package script '/home/kvvnbs/BuckeyeVerticalSoftwareV2/install/px4_ros_com/share/px4_ros_com/package.bash'
[280.329s] INFO:colcon.colcon_core.shell:Creating package script '/home/kvvnbs/BuckeyeVerticalSoftwareV2/install/px4_ros_com/share/px4_ros_com/package.zsh'
[280.329s] Level 1:colcon.colcon_core.environment:create_file_with_runtime_dependencies(/home/kvvnbs/BuckeyeVerticalSoftwareV2/install/px4_ros_com/share/colcon-core/packages/px4_ros_com)
[280.340s] DEBUG:colcon.colcon_parallel_executor.executor.parallel:closing loop
[280.340s] DEBUG:colcon.colcon_parallel_executor.executor.parallel:loop closed
[280.340s] DEBUG:colcon.colcon_parallel_executor.executor.parallel:run_until_complete finished with '2'
[280.340s] DEBUG:colcon.colcon_core.event_reactor:joining thread
[280.510s] INFO:colcon.colcon_core.plugin_system:Skipping extension 'colcon_notification.desktop_notification.notify_send': Could not find 'notify-send'
[280.511s] INFO:colcon.colcon_core.plugin_system:Skipping extension 'colcon_notification.desktop_notification.terminal_notifier': Not used on non-Darwin systems
[280.511s] INFO:colcon.colcon_core.plugin_system:Skipping extension 'colcon_notification.desktop_notification.win32': Not used on non-Windows systems
[280.511s] INFO:colcon.colcon_notification.desktop_notification:Sending desktop notification using 'notify2'
[280.521s] DEBUG:colcon.colcon_notification.desktop_notification.notify2:Failed to initialize notify2: org.freedesktop.DBus.Error.ServiceUnknown: The name org.freedesktop.Notifications was not provided by any .service files
[280.521s] DEBUG:colcon.colcon_core.event_reactor:joined thread
[280.522s] INFO:colcon.colcon_core.shell:Creating prefix script '/home/kvvnbs/BuckeyeVerticalSoftwareV2/install/local_setup.ps1'
[280.523s] INFO:colcon.colcon_core.shell:Creating prefix util module '/home/kvvnbs/BuckeyeVerticalSoftwareV2/install/_local_setup_util_ps1.py'
[280.525s] INFO:colcon.colcon_core.shell:Creating prefix chain script '/home/kvvnbs/BuckeyeVerticalSoftwareV2/install/setup.ps1'
[280.527s] INFO:colcon.colcon_core.shell:Creating prefix script '/home/kvvnbs/BuckeyeVerticalSoftwareV2/install/local_setup.sh'
[280.527s] INFO:colcon.colcon_core.shell:Creating prefix util module '/home/kvvnbs/BuckeyeVerticalSoftwareV2/install/_local_setup_util_sh.py'
[280.528s] INFO:colcon.colcon_core.shell:Creating prefix chain script '/home/kvvnbs/BuckeyeVerticalSoftwareV2/install/setup.sh'
[280.528s] INFO:colcon.colcon_core.shell:Creating prefix script '/home/kvvnbs/BuckeyeVerticalSoftwareV2/install/local_setup.bash'
[280.529s] INFO:colcon.colcon_core.shell:Creating prefix chain script '/home/kvvnbs/BuckeyeVerticalSoftwareV2/install/setup.bash'
[280.529s] INFO:colcon.colcon_core.shell:Creating prefix script '/home/kvvnbs/BuckeyeVerticalSoftwareV2/install/local_setup.zsh'
[280.530s] INFO:colcon.colcon_core.shell:Creating prefix chain script '/home/kvvnbs/BuckeyeVerticalSoftwareV2/install/setup.zsh'
