[0.076s] Invoking command in '/home/kvvnbs/BuckeyeVerticalSoftwareV2/build/px4_ros_com': CMAKE_PREFIX_PATH=/home/kvvnbs/BuckeyeVerticalSoftwareV2/install/px4_msgs:/home/kvvnbs/BuckeyeVerticalSoftwareV2/install/px4_ros_com:/opt/ros/humble LD_LIBRARY_PATH=/home/kvvnbs/BuckeyeVerticalSoftwareV2/install/px4_msgs/lib:/home/kvvnbs/BuckeyeVerticalSoftwareV2/install/px4_ros_com/lib:/opt/ros/humble/opt/rviz_ogre_vendor/lib:/opt/ros/humble/lib/x86_64-linux-gnu:/opt/ros/humble/lib /usr/bin/cmake --build /home/kvvnbs/BuckeyeVerticalSoftwareV2/build/px4_ros_com -- -j16 -l16
[0.104s] [35m[1mConsolidate compiler generated dependencies of target traj_test_copy[0m
[0.111s] [ 11%] Built target frame_transforms
[0.115s] [ 11%] Built target ament_cmake_python_copy_px4_ros_com
[0.115s] [ 41%] Built target test_trajectory
[0.115s] [ 70%] Built target traj_test
[0.122s] [ 82%] [32mBuilding CXX object CMakeFiles/traj_test_copy.dir/src/motionProfiling.cpp.o[0m
[0.123s] [ 82%] [32mBuilding CXX object CMakeFiles/traj_test_copy.dir/src/traj_test_copy.cpp.o[0m
[0.322s] running egg_info
[0.323s] writing px4_ros_com.egg-info/PKG-INFO
[0.324s] writing dependency_links to px4_ros_com.egg-info/dependency_links.txt
[0.324s] writing top-level names to px4_ros_com.egg-info/top_level.txt
[0.325s] reading manifest file 'px4_ros_com.egg-info/SOURCES.txt'
[0.325s] writing manifest file 'px4_ros_com.egg-info/SOURCES.txt'
[0.349s] [ 82%] Built target ament_cmake_python_build_px4_ros_com_egg
[10.168s] [ 88%] [32m[1mLinking CXX executable traj_test_copy[0m
[10.998s] [100%] Built target traj_test_copy
[11.007s] Invoked command in '/home/kvvnbs/BuckeyeVerticalSoftwareV2/build/px4_ros_com' returned '0': CMAKE_PREFIX_PATH=/home/kvvnbs/BuckeyeVerticalSoftwareV2/install/px4_msgs:/home/kvvnbs/BuckeyeVerticalSoftwareV2/install/px4_ros_com:/opt/ros/humble LD_LIBRARY_PATH=/home/kvvnbs/BuckeyeVerticalSoftwareV2/install/px4_msgs/lib:/home/kvvnbs/BuckeyeVerticalSoftwareV2/install/px4_ros_com/lib:/opt/ros/humble/opt/rviz_ogre_vendor/lib:/opt/ros/humble/lib/x86_64-linux-gnu:/opt/ros/humble/lib /usr/bin/cmake --build /home/kvvnbs/BuckeyeVerticalSoftwareV2/build/px4_ros_com -- -j16 -l16
[11.009s] Invoking command in '/home/kvvnbs/BuckeyeVerticalSoftwareV2/build/px4_ros_com': CMAKE_PREFIX_PATH=/home/kvvnbs/BuckeyeVerticalSoftwareV2/install/px4_msgs:/home/kvvnbs/BuckeyeVerticalSoftwareV2/install/px4_ros_com:/opt/ros/humble LD_LIBRARY_PATH=/home/kvvnbs/BuckeyeVerticalSoftwareV2/install/px4_msgs/lib:/home/kvvnbs/BuckeyeVerticalSoftwareV2/install/px4_ros_com/lib:/opt/ros/humble/opt/rviz_ogre_vendor/lib:/opt/ros/humble/lib/x86_64-linux-gnu:/opt/ros/humble/lib /usr/bin/cmake --install /home/kvvnbs/BuckeyeVerticalSoftwareV2/build/px4_ros_com
[11.015s] -- Install configuration: ""
[11.017s] -- Up-to-date: /home/kvvnbs/BuckeyeVerticalSoftwareV2/install/px4_ros_com/lib/px4_ros_com/traj_test
[11.019s] -- Installing: /home/kvvnbs/BuckeyeVerticalSoftwareV2/install/px4_ros_com/lib/px4_ros_com/traj_test_copy
[11.024s] -- Set runtime path of "/home/kvvnbs/BuckeyeVerticalSoftwareV2/install/px4_ros_com/lib/px4_ros_com/traj_test_copy" to ""
[11.026s] -- Up-to-date: /home/kvvnbs/BuckeyeVerticalSoftwareV2/install/px4_ros_com/lib/px4_ros_com/test_trajectory
[11.026s] -- Up-to-date: /home/kvvnbs/BuckeyeVerticalSoftwareV2/install/px4_ros_com/share/px4_ros_com/environment/library_path.sh
[11.027s] -- Up-to-date: /home/kvvnbs/BuckeyeVerticalSoftwareV2/install/px4_ros_com/share/px4_ros_com/environment/library_path.dsv
[11.027s] -- Up-to-date: /home/kvvnbs/BuckeyeVerticalSoftwareV2/install/px4_ros_com/include/px4_ros_com
[11.027s] -- Up-to-date: /home/kvvnbs/BuckeyeVerticalSoftwareV2/install/px4_ros_com/include/px4_ros_com/frame_transforms.h
[11.028s] -- Up-to-date: /home/kvvnbs/BuckeyeVerticalSoftwareV2/install/px4_ros_com/lib/libframe_transforms.so
[11.028s] -- Up-to-date: /home/kvvnbs/BuckeyeVerticalSoftwareV2/install/px4_ros_com/share/px4_ros_com//launch
[11.028s] -- Up-to-date: /home/kvvnbs/BuckeyeVerticalSoftwareV2/install/px4_ros_com/share/px4_ros_com//launch/traj_test.launch.py
[11.029s] -- Up-to-date: /home/kvvnbs/BuckeyeVerticalSoftwareV2/install/px4_ros_com/share/px4_ros_com//launch/sensor_combined_listener.launch.py
[11.029s] -- Up-to-date: /home/kvvnbs/BuckeyeVerticalSoftwareV2/install/px4_ros_com/share/px4_ros_com//launch/test_trajectory.launch.py
[11.029s] -- Up-to-date: /home/kvvnbs/BuckeyeVerticalSoftwareV2/install/px4_ros_com/share/px4_ros_com//launch/offboard_control_launch.yaml
[11.029s] -- Up-to-date: /home/kvvnbs/BuckeyeVerticalSoftwareV2/install/px4_ros_com/share/px4_ros_com//test
[11.029s] -- Up-to-date: /home/kvvnbs/BuckeyeVerticalSoftwareV2/install/px4_ros_com/share/px4_ros_com//test/test_output.py
[11.029s] -- Up-to-date: /home/kvvnbs/BuckeyeVerticalSoftwareV2/install/px4_ros_com/share/px4_ros_com//test/test_input.py
[11.029s] -- Up-to-date: /home/kvvnbs/BuckeyeVerticalSoftwareV2/install/px4_ros_com/share/px4_ros_com//test/__init__.py
[11.029s] -- Up-to-date: /home/kvvnbs/BuckeyeVerticalSoftwareV2/install/px4_ros_com/share/px4_ros_com//test/test_trajectory.cpp
[11.029s] -- Up-to-date: /home/kvvnbs/BuckeyeVerticalSoftwareV2/install/px4_ros_com/share/px4_ros_com//test/pipeline_io_test.py
[11.030s] -- Up-to-date: /home/kvvnbs/BuckeyeVerticalSoftwareV2/install/px4_ros_com/share/px4_ros_com/environment/pythonpath.sh
[11.030s] -- Up-to-date: /home/kvvnbs/BuckeyeVerticalSoftwareV2/install/px4_ros_com/share/px4_ros_com/environment/pythonpath.dsv
[11.030s] -- Up-to-date: /home/kvvnbs/BuckeyeVerticalSoftwareV2/install/px4_ros_com/local/lib/python3.10/dist-packages/px4_ros_com-0.1.0-py3.10.egg-info
[11.030s] -- Installing: /home/kvvnbs/BuckeyeVerticalSoftwareV2/install/px4_ros_com/local/lib/python3.10/dist-packages/px4_ros_com-0.1.0-py3.10.egg-info/SOURCES.txt
[11.030s] -- Installing: /home/kvvnbs/BuckeyeVerticalSoftwareV2/install/px4_ros_com/local/lib/python3.10/dist-packages/px4_ros_com-0.1.0-py3.10.egg-info/PKG-INFO
[11.030s] -- Installing: /home/kvvnbs/BuckeyeVerticalSoftwareV2/install/px4_ros_com/local/lib/python3.10/dist-packages/px4_ros_com-0.1.0-py3.10.egg-info/dependency_links.txt
[11.030s] -- Installing: /home/kvvnbs/BuckeyeVerticalSoftwareV2/install/px4_ros_com/local/lib/python3.10/dist-packages/px4_ros_com-0.1.0-py3.10.egg-info/top_level.txt
[11.030s] -- Up-to-date: /home/kvvnbs/BuckeyeVerticalSoftwareV2/install/px4_ros_com/local/lib/python3.10/dist-packages/px4_ros_com
[11.030s] -- Up-to-date: /home/kvvnbs/BuckeyeVerticalSoftwareV2/install/px4_ros_com/local/lib/python3.10/dist-packages/px4_ros_com/__init__.py
[11.030s] -- Up-to-date: /home/kvvnbs/BuckeyeVerticalSoftwareV2/install/px4_ros_com/local/lib/python3.10/dist-packages/px4_ros_com/module_to_import.py
[11.053s] Listing '/home/kvvnbs/BuckeyeVerticalSoftwareV2/install/px4_ros_com/local/lib/python3.10/dist-packages/px4_ros_com'...
[11.056s] -- Up-to-date: /home/kvvnbs/BuckeyeVerticalSoftwareV2/install/px4_ros_com/share/ament_index/resource_index/package_run_dependencies/px4_ros_com
[11.056s] -- Up-to-date: /home/kvvnbs/BuckeyeVerticalSoftwareV2/install/px4_ros_com/share/ament_index/resource_index/parent_prefix_path/px4_ros_com
[11.056s] -- Up-to-date: /home/kvvnbs/BuckeyeVerticalSoftwareV2/install/px4_ros_com/share/px4_ros_com/environment/ament_prefix_path.sh
[11.056s] -- Up-to-date: /home/kvvnbs/BuckeyeVerticalSoftwareV2/install/px4_ros_com/share/px4_ros_com/environment/ament_prefix_path.dsv
[11.056s] -- Up-to-date: /home/kvvnbs/BuckeyeVerticalSoftwareV2/install/px4_ros_com/share/px4_ros_com/environment/path.sh
[11.056s] -- Up-to-date: /home/kvvnbs/BuckeyeVerticalSoftwareV2/install/px4_ros_com/share/px4_ros_com/environment/path.dsv
[11.056s] -- Up-to-date: /home/kvvnbs/BuckeyeVerticalSoftwareV2/install/px4_ros_com/share/px4_ros_com/local_setup.bash
[11.056s] -- Up-to-date: /home/kvvnbs/BuckeyeVerticalSoftwareV2/install/px4_ros_com/share/px4_ros_com/local_setup.sh
[11.056s] -- Up-to-date: /home/kvvnbs/BuckeyeVerticalSoftwareV2/install/px4_ros_com/share/px4_ros_com/local_setup.zsh
[11.056s] -- Up-to-date: /home/kvvnbs/BuckeyeVerticalSoftwareV2/install/px4_ros_com/share/px4_ros_com/local_setup.dsv
[11.056s] -- Installing: /home/kvvnbs/BuckeyeVerticalSoftwareV2/install/px4_ros_com/share/px4_ros_com/package.dsv
[11.057s] -- Up-to-date: /home/kvvnbs/BuckeyeVerticalSoftwareV2/install/px4_ros_com/share/ament_index/resource_index/packages/px4_ros_com
[11.059s] -- Up-to-date: /home/kvvnbs/BuckeyeVerticalSoftwareV2/install/px4_ros_com/share/px4_ros_com/cmake/export_frame_transformsExport.cmake
[11.059s] -- Up-to-date: /home/kvvnbs/BuckeyeVerticalSoftwareV2/install/px4_ros_com/share/px4_ros_com/cmake/export_frame_transformsExport-noconfig.cmake
[11.059s] -- Up-to-date: /home/kvvnbs/BuckeyeVerticalSoftwareV2/install/px4_ros_com/share/px4_ros_com/cmake/ament_cmake_export_dependencies-extras.cmake
[11.059s] -- Up-to-date: /home/kvvnbs/BuckeyeVerticalSoftwareV2/install/px4_ros_com/share/px4_ros_com/cmake/ament_cmake_export_targets-extras.cmake
[11.059s] -- Up-to-date: /home/kvvnbs/BuckeyeVerticalSoftwareV2/install/px4_ros_com/share/px4_ros_com/cmake/ament_cmake_export_include_directories-extras.cmake
[11.059s] -- Up-to-date: /home/kvvnbs/BuckeyeVerticalSoftwareV2/install/px4_ros_com/share/px4_ros_com/cmake/ament_cmake_export_libraries-extras.cmake
[11.059s] -- Up-to-date: /home/kvvnbs/BuckeyeVerticalSoftwareV2/install/px4_ros_com/share/px4_ros_com/cmake/px4_ros_comConfig.cmake
[11.059s] -- Up-to-date: /home/kvvnbs/BuckeyeVerticalSoftwareV2/install/px4_ros_com/share/px4_ros_com/cmake/px4_ros_comConfig-version.cmake
[11.059s] -- Up-to-date: /home/kvvnbs/BuckeyeVerticalSoftwareV2/install/px4_ros_com/share/px4_ros_com/package.xml
[11.062s] Invoked command in '/home/kvvnbs/BuckeyeVerticalSoftwareV2/build/px4_ros_com' returned '0': CMAKE_PREFIX_PATH=/home/kvvnbs/BuckeyeVerticalSoftwareV2/install/px4_msgs:/home/kvvnbs/BuckeyeVerticalSoftwareV2/install/px4_ros_com:/opt/ros/humble LD_LIBRARY_PATH=/home/kvvnbs/BuckeyeVerticalSoftwareV2/install/px4_msgs/lib:/home/kvvnbs/BuckeyeVerticalSoftwareV2/install/px4_ros_com/lib:/opt/ros/humble/opt/rviz_ogre_vendor/lib:/opt/ros/humble/lib/x86_64-linux-gnu:/opt/ros/humble/lib /usr/bin/cmake --install /home/kvvnbs/BuckeyeVerticalSoftwareV2/build/px4_ros_com
