[0.173s] Invoking command in '/home/kvvnbs/BuckeyeVerticalSoftwareV2/build/px4_ros_com': CMAKE_PREFIX_PATH=/home/kvvnbs/BuckeyeVerticalSoftwareV2/install/px4_msgs:/home/kvvnbs/BuckeyeVerticalSoftwareV2/install/px4_ros_com:/opt/ros/humble LD_LIBRARY_PATH=/home/kvvnbs/BuckeyeVerticalSoftwareV2/install/px4_msgs/lib:/home/kvvnbs/BuckeyeVerticalSoftwareV2/install/px4_ros_com/lib:/opt/ros/humble/opt/rviz_ogre_vendor/lib:/opt/ros/humble/lib/x86_64-linux-gnu:/opt/ros/humble/lib /usr/bin/cmake --build /home/kvvnbs/BuckeyeVerticalSoftwareV2/build/px4_ros_com -- -j16 -l16
[0.201s] -- Found ament_cmake: 1.3.11 (/opt/ros/humble/share/ament_cmake/cmake)
[0.383s] -- Found builtin_interfaces: 1.2.1 (/opt/ros/humble/share/builtin_interfaces/cmake)
[0.745s] -- Found rosidl_generator_c: 3.1.6 (/opt/ros/humble/share/rosidl_generator_c/cmake)
[0.754s] -- Found rosidl_adapter: 3.1.6 (/opt/ros/humble/share/rosidl_adapter/cmake)
[0.774s] -- Found rosidl_generator_cpp: 3.1.6 (/opt/ros/humble/share/rosidl_generator_cpp/cmake)
[0.799s] -- Using all available rosidl_typesupport_c: rosidl_typesupport_fastrtps_c;rosidl_typesupport_introspection_c
[0.830s] -- Using all available rosidl_typesupport_cpp: rosidl_typesupport_fastrtps_cpp;rosidl_typesupport_introspection_cpp
[0.848s] -- Found eigen3_cmake_module: 0.1.1 (/opt/ros/humble/share/eigen3_cmake_module/cmake)
[0.852s] -- Found visualization_msgs: 4.2.4 (/opt/ros/humble/share/visualization_msgs/cmake)
[0.994s] -- Found px4_msgs: 2.0.1 (/home/kvvnbs/BuckeyeVerticalSoftwareV2/install/px4_msgs/share/px4_msgs/cmake)
[1.012s] -- Found rclcpp: 16.0.11 (/opt/ros/humble/share/rclcpp/cmake)
[1.063s] -- Found rmw_implementation_cmake: 6.1.2 (/opt/ros/humble/share/rmw_implementation_cmake/cmake)
[1.066s] -- Found rmw_fastrtps_cpp: 6.2.7 (/opt/ros/humble/share/rmw_fastrtps_cpp/cmake)
[21.309s] -- Using RMW implementation 'rmw_fastrtps_cpp' as default
[21.370s] -- Found rclpy: 3.3.15 (/opt/ros/humble/share/rclpy/cmake)
[21.381s] -- Found ament_lint_auto: 0.12.11 (/opt/ros/humble/share/ament_lint_auto/cmake)
[21.484s] -- Added test 'copyright' to check source files copyright and LICENSE
[21.486s] -- Added test 'cppcheck' to perform static code analysis on C / C++ code
[21.487s] -- Configured cppcheck include dirs: /home/kvvnbs/BuckeyeVerticalSoftwareV2/src/px4_ros_com/include;$<BUILD_INTERFACE:/home/kvvnbs/BuckeyeVerticalSoftwareV2/src/px4_ros_com/include/px4_ros_com>
[21.487s] -- Configured cppcheck exclude dirs and/or files: 
[21.490s] -- Added test 'cpplint' to check C / C++ code against the Google style
[21.490s] -- Configured cpplint exclude dirs and/or files: 
[21.491s] -- Added test 'flake8' to check Python code syntax and style conventions
[21.492s] -- Added test 'lint_cmake' to check CMake code style
[21.493s] -- Added test 'pep257' to check Python code against some of the docstring style conventions in PEP 257
[21.495s] -- Added test 'uncrustify' to check C / C++ code style
[21.496s] -- Configured uncrustify additional arguments: 
[21.497s] -- Added test 'xmllint' to check XML markup files
[21.502s] -- Configuring done
[21.539s] -- Generating done
[21.547s] -- Build files have been written to: /home/kvvnbs/BuckeyeVerticalSoftwareV2/build/px4_ros_com
[21.578s] [35m[1mConsolidate compiler generated dependencies of target frame_transforms[0m
[21.584s] [35m[1mConsolidate compiler generated dependencies of target test_trajectory[0m
[21.584s] [35m[1mConsolidate compiler generated dependencies of target traj_test[0m
[21.584s] [  5%] [32mBuilding CXX object CMakeFiles/traj_test_copy.dir/src/traj_test_copy.cpp.o[0m
[21.585s] [ 11%] [32mBuilding CXX object CMakeFiles/traj_test_copy.dir/src/rviz_utils.cpp.o[0m
[21.586s] [ 17%] [32mBuilding CXX object CMakeFiles/traj_test_copy.dir/src/motionProfiling.cpp.o[0m
[21.586s] [ 23%] [32mBuilding CXX object CMakeFiles/traj_test_copy.dir/src/lib/frame_transforms.cpp.o[0m
[21.595s] [ 23%] Built target ament_cmake_python_copy_px4_ros_com
[21.595s] [ 35%] Built target frame_transforms
[21.611s] [ 64%] Built target test_trajectory
[21.613s] [ 94%] Built target traj_test
[21.913s] running egg_info
[21.915s] writing px4_ros_com.egg-info/PKG-INFO
[21.915s] writing dependency_links to px4_ros_com.egg-info/dependency_links.txt
[21.915s] writing top-level names to px4_ros_com.egg-info/top_level.txt
[21.918s] reading manifest file 'px4_ros_com.egg-info/SOURCES.txt'
[21.919s] writing manifest file 'px4_ros_com.egg-info/SOURCES.txt'
[21.946s] [ 94%] Built target ament_cmake_python_build_px4_ros_com_egg
[37.707s] [100%] [32m[1mLinking CXX executable traj_test_copy[0m
[38.985s] [100%] Built target traj_test_copy
[38.994s] Invoked command in '/home/kvvnbs/BuckeyeVerticalSoftwareV2/build/px4_ros_com' returned '0': CMAKE_PREFIX_PATH=/home/kvvnbs/BuckeyeVerticalSoftwareV2/install/px4_msgs:/home/kvvnbs/BuckeyeVerticalSoftwareV2/install/px4_ros_com:/opt/ros/humble LD_LIBRARY_PATH=/home/kvvnbs/BuckeyeVerticalSoftwareV2/install/px4_msgs/lib:/home/kvvnbs/BuckeyeVerticalSoftwareV2/install/px4_ros_com/lib:/opt/ros/humble/opt/rviz_ogre_vendor/lib:/opt/ros/humble/lib/x86_64-linux-gnu:/opt/ros/humble/lib /usr/bin/cmake --build /home/kvvnbs/BuckeyeVerticalSoftwareV2/build/px4_ros_com -- -j16 -l16
[38.996s] Invoking command in '/home/kvvnbs/BuckeyeVerticalSoftwareV2/build/px4_ros_com': CMAKE_PREFIX_PATH=/home/kvvnbs/BuckeyeVerticalSoftwareV2/install/px4_msgs:/home/kvvnbs/BuckeyeVerticalSoftwareV2/install/px4_ros_com:/opt/ros/humble LD_LIBRARY_PATH=/home/kvvnbs/BuckeyeVerticalSoftwareV2/install/px4_msgs/lib:/home/kvvnbs/BuckeyeVerticalSoftwareV2/install/px4_ros_com/lib:/opt/ros/humble/opt/rviz_ogre_vendor/lib:/opt/ros/humble/lib/x86_64-linux-gnu:/opt/ros/humble/lib /usr/bin/cmake --install /home/kvvnbs/BuckeyeVerticalSoftwareV2/build/px4_ros_com
[39.006s] -- Install configuration: ""
[39.007s] -- Up-to-date: /home/kvvnbs/BuckeyeVerticalSoftwareV2/install/px4_ros_com/lib/px4_ros_com/traj_test
[39.007s] -- Installing: /home/kvvnbs/BuckeyeVerticalSoftwareV2/install/px4_ros_com/lib/px4_ros_com/traj_test_copy
[39.018s] -- Set runtime path of "/home/kvvnbs/BuckeyeVerticalSoftwareV2/install/px4_ros_com/lib/px4_ros_com/traj_test_copy" to ""
[39.020s] -- Up-to-date: /home/kvvnbs/BuckeyeVerticalSoftwareV2/install/px4_ros_com/lib/px4_ros_com/test_trajectory
[39.020s] -- Up-to-date: /home/kvvnbs/BuckeyeVerticalSoftwareV2/install/px4_ros_com/share/px4_ros_com/environment/library_path.sh
[39.021s] -- Installing: /home/kvvnbs/BuckeyeVerticalSoftwareV2/install/px4_ros_com/share/px4_ros_com/environment/library_path.dsv
[39.021s] -- Up-to-date: /home/kvvnbs/BuckeyeVerticalSoftwareV2/install/px4_ros_com/include/px4_ros_com
[39.022s] -- Up-to-date: /home/kvvnbs/BuckeyeVerticalSoftwareV2/install/px4_ros_com/include/px4_ros_com/frame_transforms.h
[39.023s] -- Up-to-date: /home/kvvnbs/BuckeyeVerticalSoftwareV2/install/px4_ros_com/lib/libframe_transforms.so
[39.023s] -- Up-to-date: /home/kvvnbs/BuckeyeVerticalSoftwareV2/install/px4_ros_com/share/px4_ros_com//launch
[39.023s] -- Installing: /home/kvvnbs/BuckeyeVerticalSoftwareV2/install/px4_ros_com/share/px4_ros_com//launch/traj_test.launch.py
[39.024s] -- Up-to-date: /home/kvvnbs/BuckeyeVerticalSoftwareV2/install/px4_ros_com/share/px4_ros_com//launch/sensor_combined_listener.launch.py
[39.024s] -- Up-to-date: /home/kvvnbs/BuckeyeVerticalSoftwareV2/install/px4_ros_com/share/px4_ros_com//launch/test_trajectory.launch.py
[39.025s] -- Up-to-date: /home/kvvnbs/BuckeyeVerticalSoftwareV2/install/px4_ros_com/share/px4_ros_com//launch/offboard_control_launch.yaml
[39.025s] -- Up-to-date: /home/kvvnbs/BuckeyeVerticalSoftwareV2/install/px4_ros_com/share/px4_ros_com//test
[39.025s] -- Up-to-date: /home/kvvnbs/BuckeyeVerticalSoftwareV2/install/px4_ros_com/share/px4_ros_com//test/test_output.py
[39.025s] -- Up-to-date: /home/kvvnbs/BuckeyeVerticalSoftwareV2/install/px4_ros_com/share/px4_ros_com//test/test_input.py
[39.026s] -- Up-to-date: /home/kvvnbs/BuckeyeVerticalSoftwareV2/install/px4_ros_com/share/px4_ros_com//test/__init__.py
[39.026s] -- Up-to-date: /home/kvvnbs/BuckeyeVerticalSoftwareV2/install/px4_ros_com/share/px4_ros_com//test/test_trajectory.cpp
[39.026s] -- Up-to-date: /home/kvvnbs/BuckeyeVerticalSoftwareV2/install/px4_ros_com/share/px4_ros_com//test/pipeline_io_test.py
[39.026s] -- Up-to-date: /home/kvvnbs/BuckeyeVerticalSoftwareV2/install/px4_ros_com/share/px4_ros_com/environment/pythonpath.sh
[39.026s] -- Installing: /home/kvvnbs/BuckeyeVerticalSoftwareV2/install/px4_ros_com/share/px4_ros_com/environment/pythonpath.dsv
[39.026s] -- Up-to-date: /home/kvvnbs/BuckeyeVerticalSoftwareV2/install/px4_ros_com/local/lib/python3.10/dist-packages/px4_ros_com-0.1.0-py3.10.egg-info
[39.026s] -- Installing: /home/kvvnbs/BuckeyeVerticalSoftwareV2/install/px4_ros_com/local/lib/python3.10/dist-packages/px4_ros_com-0.1.0-py3.10.egg-info/SOURCES.txt
[39.026s] -- Installing: /home/kvvnbs/BuckeyeVerticalSoftwareV2/install/px4_ros_com/local/lib/python3.10/dist-packages/px4_ros_com-0.1.0-py3.10.egg-info/PKG-INFO
[39.026s] -- Installing: /home/kvvnbs/BuckeyeVerticalSoftwareV2/install/px4_ros_com/local/lib/python3.10/dist-packages/px4_ros_com-0.1.0-py3.10.egg-info/dependency_links.txt
[39.027s] -- Installing: /home/kvvnbs/BuckeyeVerticalSoftwareV2/install/px4_ros_com/local/lib/python3.10/dist-packages/px4_ros_com-0.1.0-py3.10.egg-info/top_level.txt
[39.027s] -- Up-to-date: /home/kvvnbs/BuckeyeVerticalSoftwareV2/install/px4_ros_com/local/lib/python3.10/dist-packages/px4_ros_com
[39.027s] -- Up-to-date: /home/kvvnbs/BuckeyeVerticalSoftwareV2/install/px4_ros_com/local/lib/python3.10/dist-packages/px4_ros_com/__init__.py
[39.027s] -- Up-to-date: /home/kvvnbs/BuckeyeVerticalSoftwareV2/install/px4_ros_com/local/lib/python3.10/dist-packages/px4_ros_com/module_to_import.py
[39.060s] Listing '/home/kvvnbs/BuckeyeVerticalSoftwareV2/install/px4_ros_com/local/lib/python3.10/dist-packages/px4_ros_com'...
[39.067s] -- Up-to-date: /home/kvvnbs/BuckeyeVerticalSoftwareV2/install/px4_ros_com/share/ament_index/resource_index/package_run_dependencies/px4_ros_com
[39.068s] -- Installing: /home/kvvnbs/BuckeyeVerticalSoftwareV2/install/px4_ros_com/share/ament_index/resource_index/parent_prefix_path/px4_ros_com
[39.068s] -- Up-to-date: /home/kvvnbs/BuckeyeVerticalSoftwareV2/install/px4_ros_com/share/px4_ros_com/environment/ament_prefix_path.sh
[39.069s] -- Installing: /home/kvvnbs/BuckeyeVerticalSoftwareV2/install/px4_ros_com/share/px4_ros_com/environment/ament_prefix_path.dsv
[39.069s] -- Up-to-date: /home/kvvnbs/BuckeyeVerticalSoftwareV2/install/px4_ros_com/share/px4_ros_com/environment/path.sh
[39.069s] -- Installing: /home/kvvnbs/BuckeyeVerticalSoftwareV2/install/px4_ros_com/share/px4_ros_com/environment/path.dsv
[39.069s] -- Up-to-date: /home/kvvnbs/BuckeyeVerticalSoftwareV2/install/px4_ros_com/share/px4_ros_com/local_setup.bash
[39.070s] -- Up-to-date: /home/kvvnbs/BuckeyeVerticalSoftwareV2/install/px4_ros_com/share/px4_ros_com/local_setup.sh
[39.070s] -- Up-to-date: /home/kvvnbs/BuckeyeVerticalSoftwareV2/install/px4_ros_com/share/px4_ros_com/local_setup.zsh
[39.070s] -- Installing: /home/kvvnbs/BuckeyeVerticalSoftwareV2/install/px4_ros_com/share/px4_ros_com/local_setup.dsv
[39.070s] -- Installing: /home/kvvnbs/BuckeyeVerticalSoftwareV2/install/px4_ros_com/share/px4_ros_com/package.dsv
[39.070s] -- Up-to-date: /home/kvvnbs/BuckeyeVerticalSoftwareV2/install/px4_ros_com/share/ament_index/resource_index/packages/px4_ros_com
[39.070s] -- Up-to-date: /home/kvvnbs/BuckeyeVerticalSoftwareV2/install/px4_ros_com/share/px4_ros_com/cmake/export_frame_transformsExport.cmake
[39.070s] -- Up-to-date: /home/kvvnbs/BuckeyeVerticalSoftwareV2/install/px4_ros_com/share/px4_ros_com/cmake/export_frame_transformsExport-noconfig.cmake
[39.070s] -- Up-to-date: /home/kvvnbs/BuckeyeVerticalSoftwareV2/install/px4_ros_com/share/px4_ros_com/cmake/ament_cmake_export_dependencies-extras.cmake
[39.070s] -- Up-to-date: /home/kvvnbs/BuckeyeVerticalSoftwareV2/install/px4_ros_com/share/px4_ros_com/cmake/ament_cmake_export_targets-extras.cmake
[39.070s] -- Up-to-date: /home/kvvnbs/BuckeyeVerticalSoftwareV2/install/px4_ros_com/share/px4_ros_com/cmake/ament_cmake_export_include_directories-extras.cmake
[39.070s] -- Up-to-date: /home/kvvnbs/BuckeyeVerticalSoftwareV2/install/px4_ros_com/share/px4_ros_com/cmake/ament_cmake_export_libraries-extras.cmake
[39.070s] -- Up-to-date: /home/kvvnbs/BuckeyeVerticalSoftwareV2/install/px4_ros_com/share/px4_ros_com/cmake/px4_ros_comConfig.cmake
[39.070s] -- Up-to-date: /home/kvvnbs/BuckeyeVerticalSoftwareV2/install/px4_ros_com/share/px4_ros_com/cmake/px4_ros_comConfig-version.cmake
[39.070s] -- Up-to-date: /home/kvvnbs/BuckeyeVerticalSoftwareV2/install/px4_ros_com/share/px4_ros_com/package.xml
[39.073s] Invoked command in '/home/kvvnbs/BuckeyeVerticalSoftwareV2/build/px4_ros_com' returned '0': CMAKE_PREFIX_PATH=/home/kvvnbs/BuckeyeVerticalSoftwareV2/install/px4_msgs:/home/kvvnbs/BuckeyeVerticalSoftwareV2/install/px4_ros_com:/opt/ros/humble LD_LIBRARY_PATH=/home/kvvnbs/BuckeyeVerticalSoftwareV2/install/px4_msgs/lib:/home/kvvnbs/BuckeyeVerticalSoftwareV2/install/px4_ros_com/lib:/opt/ros/humble/opt/rviz_ogre_vendor/lib:/opt/ros/humble/lib/x86_64-linux-gnu:/opt/ros/humble/lib /usr/bin/cmake --install /home/kvvnbs/BuckeyeVerticalSoftwareV2/build/px4_ros_com
