[0.335s] Invoking command in '/home/eashan/BuckeyeVerticalSoftware_v2/build/px4_ros_com': CMAKE_PREFIX_PATH=/home/eashan/BuckeyeVerticalSoftware_v2/install/px4_msgs:/home/eashan/BuckeyeVerticalSoftware_v2/install/px4_ros_com:/opt/ros/humble CONDA_PROMPT_MODIFIER=(base) LD_LIBRARY_PATH=/home/eashan/BuckeyeVerticalSoftware_v2/install/px4_msgs/lib:/home/eashan/BuckeyeVerticalSoftware_v2/install/px4_ros_com/lib:/opt/ros/humble/opt/rviz_ogre_vendor/lib:/opt/ros/humble/lib/x86_64-linux-gnu:/opt/ros/humble/lib:/usr/local/cuda-12.6/lib64:/usr/local/cuda-12.6/lib64 /usr/bin/cmake --build /home/eashan/BuckeyeVerticalSoftware_v2/build/px4_ros_com -- -j4 -l4
[0.383s] [ 16%] Built target frame_transforms
[0.397s] [ 58%] Built target test_trajectory
[0.403s] [ 58%] Built target ament_cmake_python_copy_px4_ros_com
[0.417s] [35m[1mConsolidate compiler generated dependencies of target traj_test[0m
[0.442s] [ 66%] [32mBuilding CXX object CMakeFiles/traj_test.dir/src/traj_test.cpp.o[0m
[0.592s] running egg_info
[0.608s] writing px4_ros_com.egg-info/PKG-INFO
[0.612s] writing dependency_links to px4_ros_com.egg-info/dependency_links.txt
[0.613s] writing top-level names to px4_ros_com.egg-info/top_level.txt
[0.650s] reading manifest file 'px4_ros_com.egg-info/SOURCES.txt'
[0.651s] writing manifest file 'px4_ros_com.egg-info/SOURCES.txt'
[0.679s] [ 66%] Built target ament_cmake_python_build_px4_ros_com_egg
[13.498s] [ 75%] [32m[1mLinking CXX executable traj_test[0m
[15.078s] [100%] Built target traj_test
[15.088s] Invoked command in '/home/eashan/BuckeyeVerticalSoftware_v2/build/px4_ros_com' returned '0': CMAKE_PREFIX_PATH=/home/eashan/BuckeyeVerticalSoftware_v2/install/px4_msgs:/home/eashan/BuckeyeVerticalSoftware_v2/install/px4_ros_com:/opt/ros/humble CONDA_PROMPT_MODIFIER=(base) LD_LIBRARY_PATH=/home/eashan/BuckeyeVerticalSoftware_v2/install/px4_msgs/lib:/home/eashan/BuckeyeVerticalSoftware_v2/install/px4_ros_com/lib:/opt/ros/humble/opt/rviz_ogre_vendor/lib:/opt/ros/humble/lib/x86_64-linux-gnu:/opt/ros/humble/lib:/usr/local/cuda-12.6/lib64:/usr/local/cuda-12.6/lib64 /usr/bin/cmake --build /home/eashan/BuckeyeVerticalSoftware_v2/build/px4_ros_com -- -j4 -l4
[15.120s] Invoking command in '/home/eashan/BuckeyeVerticalSoftware_v2/build/px4_ros_com': CMAKE_PREFIX_PATH=/home/eashan/BuckeyeVerticalSoftware_v2/install/px4_msgs:/home/eashan/BuckeyeVerticalSoftware_v2/install/px4_ros_com:/opt/ros/humble CONDA_PROMPT_MODIFIER=(base) LD_LIBRARY_PATH=/home/eashan/BuckeyeVerticalSoftware_v2/install/px4_msgs/lib:/home/eashan/BuckeyeVerticalSoftware_v2/install/px4_ros_com/lib:/opt/ros/humble/opt/rviz_ogre_vendor/lib:/opt/ros/humble/lib/x86_64-linux-gnu:/opt/ros/humble/lib:/usr/local/cuda-12.6/lib64:/usr/local/cuda-12.6/lib64 /usr/bin/cmake --install /home/eashan/BuckeyeVerticalSoftware_v2/build/px4_ros_com
[15.126s] -- Install configuration: ""
[15.126s] -- Installing: /home/eashan/BuckeyeVerticalSoftware_v2/install/px4_ros_com/lib/px4_ros_com/traj_test
[15.137s] -- Set runtime path of "/home/eashan/BuckeyeVerticalSoftware_v2/install/px4_ros_com/lib/px4_ros_com/traj_test" to ""
[15.137s] -- Up-to-date: /home/eashan/BuckeyeVerticalSoftware_v2/install/px4_ros_com/lib/px4_ros_com/test_trajectory
[15.137s] -- Up-to-date: /home/eashan/BuckeyeVerticalSoftware_v2/install/px4_ros_com/share/px4_ros_com/environment/library_path.sh
[15.137s] -- Up-to-date: /home/eashan/BuckeyeVerticalSoftware_v2/install/px4_ros_com/share/px4_ros_com/environment/library_path.dsv
[15.137s] -- Up-to-date: /home/eashan/BuckeyeVerticalSoftware_v2/install/px4_ros_com/include/px4_ros_com
[15.138s] -- Up-to-date: /home/eashan/BuckeyeVerticalSoftware_v2/install/px4_ros_com/include/px4_ros_com/frame_transforms.h
[15.138s] -- Up-to-date: /home/eashan/BuckeyeVerticalSoftware_v2/install/px4_ros_com/lib/libframe_transforms.so
[15.138s] -- Up-to-date: /home/eashan/BuckeyeVerticalSoftware_v2/install/px4_ros_com/share/px4_ros_com//launch
[15.138s] -- Up-to-date: /home/eashan/BuckeyeVerticalSoftware_v2/install/px4_ros_com/share/px4_ros_com//launch/offboard_control_launch.yaml
[15.138s] -- Up-to-date: /home/eashan/BuckeyeVerticalSoftware_v2/install/px4_ros_com/share/px4_ros_com//launch/traj_test.launch.py
[15.138s] -- Up-to-date: /home/eashan/BuckeyeVerticalSoftware_v2/install/px4_ros_com/share/px4_ros_com//launch/sensor_combined_listener.launch.py
[15.138s] -- Up-to-date: /home/eashan/BuckeyeVerticalSoftware_v2/install/px4_ros_com/share/px4_ros_com//launch/test_trajectory.launch.py
[15.138s] -- Up-to-date: /home/eashan/BuckeyeVerticalSoftware_v2/install/px4_ros_com/share/px4_ros_com//test
[15.138s] -- Up-to-date: /home/eashan/BuckeyeVerticalSoftware_v2/install/px4_ros_com/share/px4_ros_com//test/test_output.py
[15.138s] -- Up-to-date: /home/eashan/BuckeyeVerticalSoftware_v2/install/px4_ros_com/share/px4_ros_com//test/pipeline_io_test.py
[15.138s] -- Up-to-date: /home/eashan/BuckeyeVerticalSoftware_v2/install/px4_ros_com/share/px4_ros_com//test/test_input.py
[15.138s] -- Up-to-date: /home/eashan/BuckeyeVerticalSoftware_v2/install/px4_ros_com/share/px4_ros_com//test/__init__.py
[15.138s] -- Up-to-date: /home/eashan/BuckeyeVerticalSoftware_v2/install/px4_ros_com/share/px4_ros_com//test/test_trajectory.cpp
[15.138s] -- Up-to-date: /home/eashan/BuckeyeVerticalSoftware_v2/install/px4_ros_com/share/px4_ros_com/environment/pythonpath.sh
[15.138s] -- Up-to-date: /home/eashan/BuckeyeVerticalSoftware_v2/install/px4_ros_com/share/px4_ros_com/environment/pythonpath.dsv
[15.138s] -- Up-to-date: /home/eashan/BuckeyeVerticalSoftware_v2/install/px4_ros_com/local/lib/python3.10/dist-packages/px4_ros_com-0.1.0-py3.10.egg-info
[15.138s] -- Installing: /home/eashan/BuckeyeVerticalSoftware_v2/install/px4_ros_com/local/lib/python3.10/dist-packages/px4_ros_com-0.1.0-py3.10.egg-info/SOURCES.txt
[15.138s] -- Installing: /home/eashan/BuckeyeVerticalSoftware_v2/install/px4_ros_com/local/lib/python3.10/dist-packages/px4_ros_com-0.1.0-py3.10.egg-info/top_level.txt
[15.139s] -- Installing: /home/eashan/BuckeyeVerticalSoftware_v2/install/px4_ros_com/local/lib/python3.10/dist-packages/px4_ros_com-0.1.0-py3.10.egg-info/dependency_links.txt
[15.139s] -- Installing: /home/eashan/BuckeyeVerticalSoftware_v2/install/px4_ros_com/local/lib/python3.10/dist-packages/px4_ros_com-0.1.0-py3.10.egg-info/PKG-INFO
[15.139s] -- Up-to-date: /home/eashan/BuckeyeVerticalSoftware_v2/install/px4_ros_com/local/lib/python3.10/dist-packages/px4_ros_com
[15.139s] -- Up-to-date: /home/eashan/BuckeyeVerticalSoftware_v2/install/px4_ros_com/local/lib/python3.10/dist-packages/px4_ros_com/module_to_import.py
[15.139s] -- Up-to-date: /home/eashan/BuckeyeVerticalSoftware_v2/install/px4_ros_com/local/lib/python3.10/dist-packages/px4_ros_com/__init__.py
[15.165s] Listing '/home/eashan/BuckeyeVerticalSoftware_v2/install/px4_ros_com/local/lib/python3.10/dist-packages/px4_ros_com'...
[15.169s] -- Up-to-date: /home/eashan/BuckeyeVerticalSoftware_v2/install/px4_ros_com/share/ament_index/resource_index/package_run_dependencies/px4_ros_com
[15.169s] -- Up-to-date: /home/eashan/BuckeyeVerticalSoftware_v2/install/px4_ros_com/share/ament_index/resource_index/parent_prefix_path/px4_ros_com
[15.169s] -- Up-to-date: /home/eashan/BuckeyeVerticalSoftware_v2/install/px4_ros_com/share/px4_ros_com/environment/ament_prefix_path.sh
[15.169s] -- Up-to-date: /home/eashan/BuckeyeVerticalSoftware_v2/install/px4_ros_com/share/px4_ros_com/environment/ament_prefix_path.dsv
[15.169s] -- Up-to-date: /home/eashan/BuckeyeVerticalSoftware_v2/install/px4_ros_com/share/px4_ros_com/environment/path.sh
[15.169s] -- Up-to-date: /home/eashan/BuckeyeVerticalSoftware_v2/install/px4_ros_com/share/px4_ros_com/environment/path.dsv
[15.169s] -- Up-to-date: /home/eashan/BuckeyeVerticalSoftware_v2/install/px4_ros_com/share/px4_ros_com/local_setup.bash
[15.169s] -- Up-to-date: /home/eashan/BuckeyeVerticalSoftware_v2/install/px4_ros_com/share/px4_ros_com/local_setup.sh
[15.169s] -- Up-to-date: /home/eashan/BuckeyeVerticalSoftware_v2/install/px4_ros_com/share/px4_ros_com/local_setup.zsh
[15.169s] -- Up-to-date: /home/eashan/BuckeyeVerticalSoftware_v2/install/px4_ros_com/share/px4_ros_com/local_setup.dsv
[15.169s] -- Installing: /home/eashan/BuckeyeVerticalSoftware_v2/install/px4_ros_com/share/px4_ros_com/package.dsv
[15.169s] -- Up-to-date: /home/eashan/BuckeyeVerticalSoftware_v2/install/px4_ros_com/share/ament_index/resource_index/packages/px4_ros_com
[15.169s] -- Up-to-date: /home/eashan/BuckeyeVerticalSoftware_v2/install/px4_ros_com/share/px4_ros_com/cmake/export_frame_transformsExport.cmake
[15.169s] -- Up-to-date: /home/eashan/BuckeyeVerticalSoftware_v2/install/px4_ros_com/share/px4_ros_com/cmake/export_frame_transformsExport-noconfig.cmake
[15.169s] -- Up-to-date: /home/eashan/BuckeyeVerticalSoftware_v2/install/px4_ros_com/share/px4_ros_com/cmake/ament_cmake_export_dependencies-extras.cmake
[15.170s] -- Up-to-date: /home/eashan/BuckeyeVerticalSoftware_v2/install/px4_ros_com/share/px4_ros_com/cmake/ament_cmake_export_targets-extras.cmake
[15.170s] -- Up-to-date: /home/eashan/BuckeyeVerticalSoftware_v2/install/px4_ros_com/share/px4_ros_com/cmake/ament_cmake_export_include_directories-extras.cmake
[15.170s] -- Up-to-date: /home/eashan/BuckeyeVerticalSoftware_v2/install/px4_ros_com/share/px4_ros_com/cmake/ament_cmake_export_libraries-extras.cmake
[15.170s] -- Up-to-date: /home/eashan/BuckeyeVerticalSoftware_v2/install/px4_ros_com/share/px4_ros_com/cmake/px4_ros_comConfig.cmake
[15.170s] -- Up-to-date: /home/eashan/BuckeyeVerticalSoftware_v2/install/px4_ros_com/share/px4_ros_com/cmake/px4_ros_comConfig-version.cmake
[15.170s] -- Up-to-date: /home/eashan/BuckeyeVerticalSoftware_v2/install/px4_ros_com/share/px4_ros_com/package.xml
[15.172s] Invoked command in '/home/eashan/BuckeyeVerticalSoftware_v2/build/px4_ros_com' returned '0': CMAKE_PREFIX_PATH=/home/eashan/BuckeyeVerticalSoftware_v2/install/px4_msgs:/home/eashan/BuckeyeVerticalSoftware_v2/install/px4_ros_com:/opt/ros/humble CONDA_PROMPT_MODIFIER=(base) LD_LIBRARY_PATH=/home/eashan/BuckeyeVerticalSoftware_v2/install/px4_msgs/lib:/home/eashan/BuckeyeVerticalSoftware_v2/install/px4_ros_com/lib:/opt/ros/humble/opt/rviz_ogre_vendor/lib:/opt/ros/humble/lib/x86_64-linux-gnu:/opt/ros/humble/lib:/usr/local/cuda-12.6/lib64:/usr/local/cuda-12.6/lib64 /usr/bin/cmake --install /home/eashan/BuckeyeVerticalSoftware_v2/build/px4_ros_com
