[0.814s] DEBUG:colcon:Command line arguments: ['/usr/bin/colcon', 'build']
[0.814s] DEBUG:colcon:Parsed command line arguments: Namespace(log_base=None, log_level=None, verb_name='build', build_base='build', install_base='install', merge_install=False, symlink_install=False, test_result_base=None, continue_on_error=False, executor='parallel', parallel_workers=4, event_handlers=None, ignore_user_meta=False, metas=['./colcon.meta'], base_paths=['.'], packages_ignore=None, packages_ignore_regex=None, paths=None, packages_up_to=None, packages_up_to_regex=None, packages_above=None, packages_above_and_dependencies=None, packages_above_depth=None, packages_select_by_dep=None, packages_skip_by_dep=None, packages_skip_up_to=None, packages_select_build_failed=False, packages_skip_build_finished=False, packages_select_test_failures=False, packages_skip_test_passed=False, packages_select=None, packages_skip=None, packages_select_regex=None, packages_skip_regex=None, packages_start=None, packages_end=None, allow_overriding=[], cmake_args=None, cmake_target=None, cmake_target_skip_unavailable=False, cmake_clean_cache=False, cmake_clean_first=False, cmake_force_configure=False, ament_cmake_args=None, catkin_cmake_args=None, catkin_skip_building_tests=False, mixin_files=None, mixin=None, verb_parser=<colcon_mixin.mixin.mixin_argument.MixinArgumentDecorator object at 0x7f2d8c0a3070>, verb_extension=<colcon_core.verb.build.BuildVerb object at 0x7f2d8c0a2bc0>, main=<bound method BuildVerb.main of <colcon_core.verb.build.BuildVerb object at 0x7f2d8c0a2bc0>>, mixin_verb=('build',))
[0.859s] Level 1:colcon.colcon_core.package_discovery:discover_packages(colcon_meta) check parameters
[0.859s] Level 1:colcon.colcon_core.package_discovery:discover_packages(recursive) check parameters
[0.859s] Level 1:colcon.colcon_core.package_discovery:discover_packages(ignore) check parameters
[0.859s] Level 1:colcon.colcon_core.package_discovery:discover_packages(path) check parameters
[0.859s] Level 1:colcon.colcon_core.package_discovery:discover_packages(colcon_meta) discover
[0.859s] Level 1:colcon.colcon_core.package_discovery:discover_packages(recursive) discover
[0.859s] INFO:colcon.colcon_core.package_discovery:Crawling recursively for packages in '/home/eashan/BuckeyeVerticalSoftware_v2'
[0.860s] Level 1:colcon.colcon_core.package_identification:_identify(.) by extensions ['ignore', 'ignore_ament_install']
[0.860s] Level 1:colcon.colcon_core.package_identification:_identify(.) by extension 'ignore'
[0.860s] Level 1:colcon.colcon_core.package_identification:_identify(.) by extension 'ignore_ament_install'
[0.860s] Level 1:colcon.colcon_core.package_identification:_identify(.) by extensions ['colcon_pkg']
[0.860s] Level 1:colcon.colcon_core.package_identification:_identify(.) by extension 'colcon_pkg'
[0.860s] Level 1:colcon.colcon_core.package_identification:_identify(.) by extensions ['colcon_meta']
[0.860s] Level 1:colcon.colcon_core.package_identification:_identify(.) by extension 'colcon_meta'
[0.860s] Level 1:colcon.colcon_core.package_identification:_identify(.) by extensions ['ros']
[0.860s] Level 1:colcon.colcon_core.package_identification:_identify(.) by extension 'ros'
[0.879s] Level 1:colcon.colcon_core.package_identification:_identify(.) by extensions ['cmake', 'python']
[0.879s] Level 1:colcon.colcon_core.package_identification:_identify(.) by extension 'cmake'
[0.879s] Level 1:colcon.colcon_core.package_identification:_identify(.) by extension 'python'
[0.879s] Level 1:colcon.colcon_core.package_identification:_identify(.) by extensions ['python_setup_py']
[0.879s] Level 1:colcon.colcon_core.package_identification:_identify(.) by extension 'python_setup_py'
[0.879s] Level 1:colcon.colcon_core.package_identification:_identify(build) by extensions ['ignore', 'ignore_ament_install']
[0.879s] Level 1:colcon.colcon_core.package_identification:_identify(build) by extension 'ignore'
[0.879s] Level 1:colcon.colcon_core.package_identification:_identify(build) ignored
[0.879s] Level 1:colcon.colcon_core.package_identification:_identify(install) by extensions ['ignore', 'ignore_ament_install']
[0.879s] Level 1:colcon.colcon_core.package_identification:_identify(install) by extension 'ignore'
[0.879s] Level 1:colcon.colcon_core.package_identification:_identify(install) ignored
[0.880s] Level 1:colcon.colcon_core.package_identification:_identify(log) by extensions ['ignore', 'ignore_ament_install']
[0.880s] Level 1:colcon.colcon_core.package_identification:_identify(log) by extension 'ignore'
[0.880s] Level 1:colcon.colcon_core.package_identification:_identify(log) ignored
[0.880s] Level 1:colcon.colcon_core.package_identification:_identify(src) by extensions ['ignore', 'ignore_ament_install']
[0.880s] Level 1:colcon.colcon_core.package_identification:_identify(src) by extension 'ignore'
[0.880s] Level 1:colcon.colcon_core.package_identification:_identify(src) by extension 'ignore_ament_install'
[0.880s] Level 1:colcon.colcon_core.package_identification:_identify(src) by extensions ['colcon_pkg']
[0.880s] Level 1:colcon.colcon_core.package_identification:_identify(src) by extension 'colcon_pkg'
[0.880s] Level 1:colcon.colcon_core.package_identification:_identify(src) by extensions ['colcon_meta']
[0.880s] Level 1:colcon.colcon_core.package_identification:_identify(src) by extension 'colcon_meta'
[0.880s] Level 1:colcon.colcon_core.package_identification:_identify(src) by extensions ['ros']
[0.880s] Level 1:colcon.colcon_core.package_identification:_identify(src) by extension 'ros'
[0.880s] Level 1:colcon.colcon_core.package_identification:_identify(src) by extensions ['cmake', 'python']
[0.880s] Level 1:colcon.colcon_core.package_identification:_identify(src) by extension 'cmake'
[0.880s] Level 1:colcon.colcon_core.package_identification:_identify(src) by extension 'python'
[0.880s] Level 1:colcon.colcon_core.package_identification:_identify(src) by extensions ['python_setup_py']
[0.880s] Level 1:colcon.colcon_core.package_identification:_identify(src) by extension 'python_setup_py'
[0.880s] Level 1:colcon.colcon_core.package_identification:_identify(src/px4_msgs) by extensions ['ignore', 'ignore_ament_install']
[0.881s] Level 1:colcon.colcon_core.package_identification:_identify(src/px4_msgs) by extension 'ignore'
[0.881s] Level 1:colcon.colcon_core.package_identification:_identify(src/px4_msgs) by extension 'ignore_ament_install'
[0.881s] Level 1:colcon.colcon_core.package_identification:_identify(src/px4_msgs) by extensions ['colcon_pkg']
[0.881s] Level 1:colcon.colcon_core.package_identification:_identify(src/px4_msgs) by extension 'colcon_pkg'
[0.881s] Level 1:colcon.colcon_core.package_identification:_identify(src/px4_msgs) by extensions ['colcon_meta']
[0.881s] Level 1:colcon.colcon_core.package_identification:_identify(src/px4_msgs) by extension 'colcon_meta'
[0.881s] Level 1:colcon.colcon_core.package_identification:_identify(src/px4_msgs) by extensions ['ros']
[0.881s] Level 1:colcon.colcon_core.package_identification:_identify(src/px4_msgs) by extension 'ros'
[0.884s] DEBUG:colcon.colcon_core.package_identification:Package 'src/px4_msgs' with type 'ros.ament_cmake' and name 'px4_msgs'
[0.885s] Level 1:colcon.colcon_core.package_identification:_identify(src/px4_ros_com) by extensions ['ignore', 'ignore_ament_install']
[0.885s] Level 1:colcon.colcon_core.package_identification:_identify(src/px4_ros_com) by extension 'ignore'
[0.885s] Level 1:colcon.colcon_core.package_identification:_identify(src/px4_ros_com) by extension 'ignore_ament_install'
[0.885s] Level 1:colcon.colcon_core.package_identification:_identify(src/px4_ros_com) by extensions ['colcon_pkg']
[0.885s] Level 1:colcon.colcon_core.package_identification:_identify(src/px4_ros_com) by extension 'colcon_pkg'
[0.885s] Level 1:colcon.colcon_core.package_identification:_identify(src/px4_ros_com) by extensions ['colcon_meta']
[0.885s] Level 1:colcon.colcon_core.package_identification:_identify(src/px4_ros_com) by extension 'colcon_meta'
[0.885s] Level 1:colcon.colcon_core.package_identification:_identify(src/px4_ros_com) by extensions ['ros']
[0.885s] Level 1:colcon.colcon_core.package_identification:_identify(src/px4_ros_com) by extension 'ros'
[0.887s] DEBUG:colcon.colcon_core.package_identification:Package 'src/px4_ros_com' with type 'ros.ament_cmake' and name 'px4_ros_com'
[0.887s] Level 1:colcon.colcon_core.package_discovery:discover_packages(recursive) using defaults
[0.887s] Level 1:colcon.colcon_core.package_discovery:discover_packages(ignore) discover
[0.887s] Level 1:colcon.colcon_core.package_discovery:discover_packages(ignore) using defaults
[0.887s] Level 1:colcon.colcon_core.package_discovery:discover_packages(path) discover
[0.887s] Level 1:colcon.colcon_core.package_discovery:discover_packages(path) using defaults
[0.923s] Level 1:colcon.colcon_core.package_discovery:discover_packages(prefix_path) check parameters
[0.923s] Level 1:colcon.colcon_core.package_discovery:discover_packages(prefix_path) discover
[0.928s] DEBUG:colcon.colcon_installed_package_information.package_discovery:Found 2 installed packages in /home/eashan/BuckeyeVerticalSoftware_v2/install
[0.929s] DEBUG:colcon.colcon_installed_package_information.package_discovery:Found 270 installed packages in /opt/ros/humble
[0.930s] Level 1:colcon.colcon_core.package_discovery:discover_packages(prefix_path) using defaults
[1.017s] Level 5:colcon.colcon_core.verb:set package 'px4_msgs' build argument 'cmake_args' from command line to 'None'
[1.017s] Level 5:colcon.colcon_core.verb:set package 'px4_msgs' build argument 'cmake_target' from command line to 'None'
[1.017s] Level 5:colcon.colcon_core.verb:set package 'px4_msgs' build argument 'cmake_target_skip_unavailable' from command line to 'False'
[1.017s] Level 5:colcon.colcon_core.verb:set package 'px4_msgs' build argument 'cmake_clean_cache' from command line to 'False'
[1.017s] Level 5:colcon.colcon_core.verb:set package 'px4_msgs' build argument 'cmake_clean_first' from command line to 'False'
[1.017s] Level 5:colcon.colcon_core.verb:set package 'px4_msgs' build argument 'cmake_force_configure' from command line to 'False'
[1.017s] Level 5:colcon.colcon_core.verb:set package 'px4_msgs' build argument 'ament_cmake_args' from command line to 'None'
[1.017s] Level 5:colcon.colcon_core.verb:set package 'px4_msgs' build argument 'catkin_cmake_args' from command line to 'None'
[1.017s] Level 5:colcon.colcon_core.verb:set package 'px4_msgs' build argument 'catkin_skip_building_tests' from command line to 'False'
[1.017s] DEBUG:colcon.colcon_core.verb:Building package 'px4_msgs' with the following arguments: {'ament_cmake_args': None, 'build_base': '/home/eashan/BuckeyeVerticalSoftware_v2/build/px4_msgs', 'catkin_cmake_args': None, 'catkin_skip_building_tests': False, 'cmake_args': None, 'cmake_clean_cache': False, 'cmake_clean_first': False, 'cmake_force_configure': False, 'cmake_target': None, 'cmake_target_skip_unavailable': False, 'install_base': '/home/eashan/BuckeyeVerticalSoftware_v2/install/px4_msgs', 'merge_install': False, 'path': '/home/eashan/BuckeyeVerticalSoftware_v2/src/px4_msgs', 'symlink_install': False, 'test_result_base': None}
[1.017s] Level 5:colcon.colcon_core.verb:set package 'px4_ros_com' build argument 'cmake_args' from command line to 'None'
[1.017s] Level 5:colcon.colcon_core.verb:set package 'px4_ros_com' build argument 'cmake_target' from command line to 'None'
[1.017s] Level 5:colcon.colcon_core.verb:set package 'px4_ros_com' build argument 'cmake_target_skip_unavailable' from command line to 'False'
[1.017s] Level 5:colcon.colcon_core.verb:set package 'px4_ros_com' build argument 'cmake_clean_cache' from command line to 'False'
[1.017s] Level 5:colcon.colcon_core.verb:set package 'px4_ros_com' build argument 'cmake_clean_first' from command line to 'False'
[1.017s] Level 5:colcon.colcon_core.verb:set package 'px4_ros_com' build argument 'cmake_force_configure' from command line to 'False'
[1.017s] Level 5:colcon.colcon_core.verb:set package 'px4_ros_com' build argument 'ament_cmake_args' from command line to 'None'
[1.017s] Level 5:colcon.colcon_core.verb:set package 'px4_ros_com' build argument 'catkin_cmake_args' from command line to 'None'
[1.017s] Level 5:colcon.colcon_core.verb:set package 'px4_ros_com' build argument 'catkin_skip_building_tests' from command line to 'False'
[1.018s] DEBUG:colcon.colcon_core.verb:Building package 'px4_ros_com' with the following arguments: {'ament_cmake_args': None, 'build_base': '/home/eashan/BuckeyeVerticalSoftware_v2/build/px4_ros_com', 'catkin_cmake_args': None, 'catkin_skip_building_tests': False, 'cmake_args': None, 'cmake_clean_cache': False, 'cmake_clean_first': False, 'cmake_force_configure': False, 'cmake_target': None, 'cmake_target_skip_unavailable': False, 'install_base': '/home/eashan/BuckeyeVerticalSoftware_v2/install/px4_ros_com', 'merge_install': False, 'path': '/home/eashan/BuckeyeVerticalSoftware_v2/src/px4_ros_com', 'symlink_install': False, 'test_result_base': None}
[1.018s] INFO:colcon.colcon_core.executor:Executing jobs using 'parallel' executor
[1.019s] DEBUG:colcon.colcon_parallel_executor.executor.parallel:run_until_complete
[1.020s] INFO:colcon.colcon_ros.task.ament_cmake.build:Building ROS package in '/home/eashan/BuckeyeVerticalSoftware_v2/src/px4_msgs' with build type 'ament_cmake'
[1.020s] INFO:colcon.colcon_cmake.task.cmake.build:Building CMake package in '/home/eashan/BuckeyeVerticalSoftware_v2/src/px4_msgs'
[1.028s] INFO:colcon.colcon_core.plugin_system:Skipping extension 'colcon_core.shell.bat': Not used on non-Windows systems
[1.029s] INFO:colcon.colcon_core.shell:Skip shell extension 'powershell' for command environment: Not usable outside of PowerShell
[1.029s] DEBUG:colcon.colcon_core.shell:Skip shell extension 'dsv' for command environment
[1.043s] DEBUG:colcon.colcon_core.event_handler.log_command:Invoking command in '/home/eashan/BuckeyeVerticalSoftware_v2/build/px4_msgs': CMAKE_PREFIX_PATH=${CMAKE_PREFIX_PATH}:/opt/ros/humble CONDA_PROMPT_MODIFIER=(base) /usr/bin/cmake --build /home/eashan/BuckeyeVerticalSoftware_v2/build/px4_msgs -- -j4 -l4
[2.367s] DEBUG:colcon.colcon_core.event_handler.log_command:Invoked command in '/home/eashan/BuckeyeVerticalSoftware_v2/build/px4_msgs' returned '0': CMAKE_PREFIX_PATH=${CMAKE_PREFIX_PATH}:/opt/ros/humble CONDA_PROMPT_MODIFIER=(base) /usr/bin/cmake --build /home/eashan/BuckeyeVerticalSoftware_v2/build/px4_msgs -- -j4 -l4
[8.652s] DEBUG:colcon.colcon_core.event_handler.log_command:Invoking command in '/home/eashan/BuckeyeVerticalSoftware_v2/build/px4_msgs': CMAKE_PREFIX_PATH=${CMAKE_PREFIX_PATH}:/opt/ros/humble CONDA_PROMPT_MODIFIER=(base) /usr/bin/cmake --install /home/eashan/BuckeyeVerticalSoftware_v2/build/px4_msgs
[9.544s] Level 1:colcon.colcon_core.environment:create_environment_scripts_only(px4_msgs)
[9.545s] DEBUG:colcon.colcon_core.event_handler.log_command:Invoked command in '/home/eashan/BuckeyeVerticalSoftware_v2/build/px4_msgs' returned '0': CMAKE_PREFIX_PATH=${CMAKE_PREFIX_PATH}:/opt/ros/humble CONDA_PROMPT_MODIFIER=(base) /usr/bin/cmake --install /home/eashan/BuckeyeVerticalSoftware_v2/build/px4_msgs
[9.552s] Level 1:colcon.colcon_core.environment:checking '/home/eashan/BuckeyeVerticalSoftware_v2/install/px4_msgs' for CMake module files
[9.553s] Level 1:colcon.colcon_core.environment:checking '/home/eashan/BuckeyeVerticalSoftware_v2/install/px4_msgs' for CMake config files
[9.559s] Level 1:colcon.colcon_core.shell:create_environment_hook('px4_msgs', 'cmake_prefix_path')
[9.560s] INFO:colcon.colcon_core.shell:Creating environment hook '/home/eashan/BuckeyeVerticalSoftware_v2/install/px4_msgs/share/px4_msgs/hook/cmake_prefix_path.ps1'
[9.570s] INFO:colcon.colcon_core.shell:Creating environment descriptor '/home/eashan/BuckeyeVerticalSoftware_v2/install/px4_msgs/share/px4_msgs/hook/cmake_prefix_path.dsv'
[9.571s] INFO:colcon.colcon_core.shell:Creating environment hook '/home/eashan/BuckeyeVerticalSoftware_v2/install/px4_msgs/share/px4_msgs/hook/cmake_prefix_path.sh'
[9.579s] Level 1:colcon.colcon_core.environment:checking '/home/eashan/BuckeyeVerticalSoftware_v2/install/px4_msgs/lib'
[9.579s] Level 1:colcon.colcon_core.shell:create_environment_hook('px4_msgs', 'ld_library_path_lib')
[9.580s] INFO:colcon.colcon_core.shell:Creating environment hook '/home/eashan/BuckeyeVerticalSoftware_v2/install/px4_msgs/share/px4_msgs/hook/ld_library_path_lib.ps1'
[9.582s] INFO:colcon.colcon_core.shell:Creating environment descriptor '/home/eashan/BuckeyeVerticalSoftware_v2/install/px4_msgs/share/px4_msgs/hook/ld_library_path_lib.dsv'
[9.585s] INFO:colcon.colcon_core.shell:Creating environment hook '/home/eashan/BuckeyeVerticalSoftware_v2/install/px4_msgs/share/px4_msgs/hook/ld_library_path_lib.sh'
[9.586s] Level 1:colcon.colcon_core.environment:checking '/home/eashan/BuckeyeVerticalSoftware_v2/install/px4_msgs/bin'
[9.586s] Level 1:colcon.colcon_core.environment:checking '/home/eashan/BuckeyeVerticalSoftware_v2/install/px4_msgs/lib/pkgconfig/px4_msgs.pc'
[9.588s] Level 1:colcon.colcon_core.environment:checking '/home/eashan/BuckeyeVerticalSoftware_v2/install/px4_msgs/lib/python3.10/site-packages'
[9.588s] Level 1:colcon.colcon_core.environment:checking '/home/eashan/BuckeyeVerticalSoftware_v2/install/px4_msgs/bin'
[9.589s] INFO:colcon.colcon_core.shell:Creating package script '/home/eashan/BuckeyeVerticalSoftware_v2/install/px4_msgs/share/px4_msgs/package.ps1'
[9.591s] INFO:colcon.colcon_core.shell:Creating package descriptor '/home/eashan/BuckeyeVerticalSoftware_v2/install/px4_msgs/share/px4_msgs/package.dsv'
[9.594s] INFO:colcon.colcon_core.shell:Creating package script '/home/eashan/BuckeyeVerticalSoftware_v2/install/px4_msgs/share/px4_msgs/package.sh'
[9.604s] INFO:colcon.colcon_core.shell:Creating package script '/home/eashan/BuckeyeVerticalSoftware_v2/install/px4_msgs/share/px4_msgs/package.bash'
[9.613s] INFO:colcon.colcon_core.shell:Creating package script '/home/eashan/BuckeyeVerticalSoftware_v2/install/px4_msgs/share/px4_msgs/package.zsh'
[9.617s] Level 1:colcon.colcon_core.environment:create_file_with_runtime_dependencies(/home/eashan/BuckeyeVerticalSoftware_v2/install/px4_msgs/share/colcon-core/packages/px4_msgs)
[16.129s] Level 1:colcon.colcon_core.environment:create_environment_scripts_only(px4_msgs)
[16.131s] Level 1:colcon.colcon_core.environment:checking '/home/eashan/BuckeyeVerticalSoftware_v2/install/px4_msgs' for CMake module files
[16.131s] Level 1:colcon.colcon_core.environment:checking '/home/eashan/BuckeyeVerticalSoftware_v2/install/px4_msgs' for CMake config files
[16.136s] Level 1:colcon.colcon_core.shell:create_environment_hook('px4_msgs', 'cmake_prefix_path')
[16.136s] INFO:colcon.colcon_core.shell:Creating environment hook '/home/eashan/BuckeyeVerticalSoftware_v2/install/px4_msgs/share/px4_msgs/hook/cmake_prefix_path.ps1'
[16.137s] INFO:colcon.colcon_core.shell:Creating environment descriptor '/home/eashan/BuckeyeVerticalSoftware_v2/install/px4_msgs/share/px4_msgs/hook/cmake_prefix_path.dsv'
[16.137s] INFO:colcon.colcon_core.shell:Creating environment hook '/home/eashan/BuckeyeVerticalSoftware_v2/install/px4_msgs/share/px4_msgs/hook/cmake_prefix_path.sh'
[16.140s] Level 1:colcon.colcon_core.environment:checking '/home/eashan/BuckeyeVerticalSoftware_v2/install/px4_msgs/lib'
[16.140s] Level 1:colcon.colcon_core.shell:create_environment_hook('px4_msgs', 'ld_library_path_lib')
[16.140s] INFO:colcon.colcon_core.shell:Creating environment hook '/home/eashan/BuckeyeVerticalSoftware_v2/install/px4_msgs/share/px4_msgs/hook/ld_library_path_lib.ps1'
[16.141s] INFO:colcon.colcon_core.shell:Creating environment descriptor '/home/eashan/BuckeyeVerticalSoftware_v2/install/px4_msgs/share/px4_msgs/hook/ld_library_path_lib.dsv'
[16.141s] INFO:colcon.colcon_core.shell:Creating environment hook '/home/eashan/BuckeyeVerticalSoftware_v2/install/px4_msgs/share/px4_msgs/hook/ld_library_path_lib.sh'
[16.142s] Level 1:colcon.colcon_core.environment:checking '/home/eashan/BuckeyeVerticalSoftware_v2/install/px4_msgs/bin'
[16.142s] Level 1:colcon.colcon_core.environment:checking '/home/eashan/BuckeyeVerticalSoftware_v2/install/px4_msgs/lib/pkgconfig/px4_msgs.pc'
[16.142s] Level 1:colcon.colcon_core.environment:checking '/home/eashan/BuckeyeVerticalSoftware_v2/install/px4_msgs/lib/python3.10/site-packages'
[16.142s] Level 1:colcon.colcon_core.environment:checking '/home/eashan/BuckeyeVerticalSoftware_v2/install/px4_msgs/bin'
[16.143s] INFO:colcon.colcon_core.shell:Creating package script '/home/eashan/BuckeyeVerticalSoftware_v2/install/px4_msgs/share/px4_msgs/package.ps1'
[16.144s] INFO:colcon.colcon_core.shell:Creating package descriptor '/home/eashan/BuckeyeVerticalSoftware_v2/install/px4_msgs/share/px4_msgs/package.dsv'
[16.144s] INFO:colcon.colcon_core.shell:Creating package script '/home/eashan/BuckeyeVerticalSoftware_v2/install/px4_msgs/share/px4_msgs/package.sh'
[16.145s] INFO:colcon.colcon_core.shell:Creating package script '/home/eashan/BuckeyeVerticalSoftware_v2/install/px4_msgs/share/px4_msgs/package.bash'
[16.145s] INFO:colcon.colcon_core.shell:Creating package script '/home/eashan/BuckeyeVerticalSoftware_v2/install/px4_msgs/share/px4_msgs/package.zsh'
[16.146s] Level 1:colcon.colcon_core.environment:create_file_with_runtime_dependencies(/home/eashan/BuckeyeVerticalSoftware_v2/install/px4_msgs/share/colcon-core/packages/px4_msgs)
[16.146s] INFO:colcon.colcon_ros.task.ament_cmake.build:Building ROS package in '/home/eashan/BuckeyeVerticalSoftware_v2/src/px4_ros_com' with build type 'ament_cmake'
[16.147s] INFO:colcon.colcon_cmake.task.cmake.build:Building CMake package in '/home/eashan/BuckeyeVerticalSoftware_v2/src/px4_ros_com'
[16.147s] INFO:colcon.colcon_core.shell:Skip shell extension 'powershell' for command environment: Not usable outside of PowerShell
[16.147s] DEBUG:colcon.colcon_core.shell:Skip shell extension 'dsv' for command environment
[16.459s] DEBUG:colcon.colcon_core.event_handler.log_command:Invoking command in '/home/eashan/BuckeyeVerticalSoftware_v2/build/px4_ros_com': CMAKE_PREFIX_PATH=/home/eashan/BuckeyeVerticalSoftware_v2/install/px4_msgs:/home/eashan/BuckeyeVerticalSoftware_v2/install/px4_ros_com:/opt/ros/humble CONDA_PROMPT_MODIFIER=(base) LD_LIBRARY_PATH=/home/eashan/BuckeyeVerticalSoftware_v2/install/px4_msgs/lib:/opt/ros/humble/opt/rviz_ogre_vendor/lib:/opt/ros/humble/lib/x86_64-linux-gnu:/opt/ros/humble/lib:/home/eashan/BuckeyeVerticalSoftware_v2/install/px4_ros_com/lib:/usr/local/cuda-12.6/lib64:/usr/local/cuda-12.6/lib64 /usr/bin/cmake --build /home/eashan/BuckeyeVerticalSoftware_v2/build/px4_ros_com -- -j4 -l4
[33.927s] DEBUG:colcon.colcon_core.event_handler.log_command:Invoked command in '/home/eashan/BuckeyeVerticalSoftware_v2/build/px4_ros_com' returned '0': CMAKE_PREFIX_PATH=/home/eashan/BuckeyeVerticalSoftware_v2/install/px4_msgs:/home/eashan/BuckeyeVerticalSoftware_v2/install/px4_ros_com:/opt/ros/humble CONDA_PROMPT_MODIFIER=(base) LD_LIBRARY_PATH=/home/eashan/BuckeyeVerticalSoftware_v2/install/px4_msgs/lib:/opt/ros/humble/opt/rviz_ogre_vendor/lib:/opt/ros/humble/lib/x86_64-linux-gnu:/opt/ros/humble/lib:/home/eashan/BuckeyeVerticalSoftware_v2/install/px4_ros_com/lib:/usr/local/cuda-12.6/lib64:/usr/local/cuda-12.6/lib64 /usr/bin/cmake --build /home/eashan/BuckeyeVerticalSoftware_v2/build/px4_ros_com -- -j4 -l4
[33.994s] DEBUG:colcon.colcon_core.event_handler.log_command:Invoking command in '/home/eashan/BuckeyeVerticalSoftware_v2/build/px4_ros_com': CMAKE_PREFIX_PATH=/home/eashan/BuckeyeVerticalSoftware_v2/install/px4_msgs:/home/eashan/BuckeyeVerticalSoftware_v2/install/px4_ros_com:/opt/ros/humble CONDA_PROMPT_MODIFIER=(base) LD_LIBRARY_PATH=/home/eashan/BuckeyeVerticalSoftware_v2/install/px4_msgs/lib:/opt/ros/humble/opt/rviz_ogre_vendor/lib:/opt/ros/humble/lib/x86_64-linux-gnu:/opt/ros/humble/lib:/home/eashan/BuckeyeVerticalSoftware_v2/install/px4_ros_com/lib:/usr/local/cuda-12.6/lib64:/usr/local/cuda-12.6/lib64 /usr/bin/cmake --install /home/eashan/BuckeyeVerticalSoftware_v2/build/px4_ros_com
[34.054s] Level 1:colcon.colcon_core.environment:create_environment_scripts_only(px4_ros_com)
[34.054s] DEBUG:colcon.colcon_core.event_handler.log_command:Invoked command in '/home/eashan/BuckeyeVerticalSoftware_v2/build/px4_ros_com' returned '0': CMAKE_PREFIX_PATH=/home/eashan/BuckeyeVerticalSoftware_v2/install/px4_msgs:/home/eashan/BuckeyeVerticalSoftware_v2/install/px4_ros_com:/opt/ros/humble CONDA_PROMPT_MODIFIER=(base) LD_LIBRARY_PATH=/home/eashan/BuckeyeVerticalSoftware_v2/install/px4_msgs/lib:/opt/ros/humble/opt/rviz_ogre_vendor/lib:/opt/ros/humble/lib/x86_64-linux-gnu:/opt/ros/humble/lib:/home/eashan/BuckeyeVerticalSoftware_v2/install/px4_ros_com/lib:/usr/local/cuda-12.6/lib64:/usr/local/cuda-12.6/lib64 /usr/bin/cmake --install /home/eashan/BuckeyeVerticalSoftware_v2/build/px4_ros_com
[34.055s] Level 1:colcon.colcon_core.environment:checking '/home/eashan/BuckeyeVerticalSoftware_v2/install/px4_ros_com' for CMake module files
[34.055s] Level 1:colcon.colcon_core.environment:checking '/home/eashan/BuckeyeVerticalSoftware_v2/install/px4_ros_com' for CMake config files
[34.055s] Level 1:colcon.colcon_core.shell:create_environment_hook('px4_ros_com', 'cmake_prefix_path')
[34.056s] INFO:colcon.colcon_core.shell:Creating environment hook '/home/eashan/BuckeyeVerticalSoftware_v2/install/px4_ros_com/share/px4_ros_com/hook/cmake_prefix_path.ps1'
[34.056s] INFO:colcon.colcon_core.shell:Creating environment descriptor '/home/eashan/BuckeyeVerticalSoftware_v2/install/px4_ros_com/share/px4_ros_com/hook/cmake_prefix_path.dsv'
[34.057s] INFO:colcon.colcon_core.shell:Creating environment hook '/home/eashan/BuckeyeVerticalSoftware_v2/install/px4_ros_com/share/px4_ros_com/hook/cmake_prefix_path.sh'
[34.057s] Level 1:colcon.colcon_core.environment:checking '/home/eashan/BuckeyeVerticalSoftware_v2/install/px4_ros_com/lib'
[34.057s] Level 1:colcon.colcon_core.shell:create_environment_hook('px4_ros_com', 'ld_library_path_lib')
[34.057s] INFO:colcon.colcon_core.shell:Creating environment hook '/home/eashan/BuckeyeVerticalSoftware_v2/install/px4_ros_com/share/px4_ros_com/hook/ld_library_path_lib.ps1'
[34.058s] INFO:colcon.colcon_core.shell:Creating environment descriptor '/home/eashan/BuckeyeVerticalSoftware_v2/install/px4_ros_com/share/px4_ros_com/hook/ld_library_path_lib.dsv'
[34.058s] INFO:colcon.colcon_core.shell:Creating environment hook '/home/eashan/BuckeyeVerticalSoftware_v2/install/px4_ros_com/share/px4_ros_com/hook/ld_library_path_lib.sh'
[34.058s] Level 1:colcon.colcon_core.environment:checking '/home/eashan/BuckeyeVerticalSoftware_v2/install/px4_ros_com/bin'
[34.058s] Level 1:colcon.colcon_core.environment:checking '/home/eashan/BuckeyeVerticalSoftware_v2/install/px4_ros_com/lib/pkgconfig/px4_ros_com.pc'
[34.058s] Level 1:colcon.colcon_core.environment:checking '/home/eashan/BuckeyeVerticalSoftware_v2/install/px4_ros_com/lib/python3.10/site-packages'
[34.059s] Level 1:colcon.colcon_core.environment:checking '/home/eashan/BuckeyeVerticalSoftware_v2/install/px4_ros_com/bin'
[34.059s] INFO:colcon.colcon_core.shell:Creating package script '/home/eashan/BuckeyeVerticalSoftware_v2/install/px4_ros_com/share/px4_ros_com/package.ps1'
[34.059s] INFO:colcon.colcon_core.shell:Creating package descriptor '/home/eashan/BuckeyeVerticalSoftware_v2/install/px4_ros_com/share/px4_ros_com/package.dsv'
[34.060s] INFO:colcon.colcon_core.shell:Creating package script '/home/eashan/BuckeyeVerticalSoftware_v2/install/px4_ros_com/share/px4_ros_com/package.sh'
[34.060s] INFO:colcon.colcon_core.shell:Creating package script '/home/eashan/BuckeyeVerticalSoftware_v2/install/px4_ros_com/share/px4_ros_com/package.bash'
[34.060s] INFO:colcon.colcon_core.shell:Creating package script '/home/eashan/BuckeyeVerticalSoftware_v2/install/px4_ros_com/share/px4_ros_com/package.zsh'
[34.061s] Level 1:colcon.colcon_core.environment:create_file_with_runtime_dependencies(/home/eashan/BuckeyeVerticalSoftware_v2/install/px4_ros_com/share/colcon-core/packages/px4_ros_com)
[34.106s] Level 1:colcon.colcon_core.environment:create_environment_scripts_only(px4_ros_com)
[34.106s] Level 1:colcon.colcon_core.environment:checking '/home/eashan/BuckeyeVerticalSoftware_v2/install/px4_ros_com' for CMake module files
[34.106s] Level 1:colcon.colcon_core.environment:checking '/home/eashan/BuckeyeVerticalSoftware_v2/install/px4_ros_com' for CMake config files
[34.107s] Level 1:colcon.colcon_core.shell:create_environment_hook('px4_ros_com', 'cmake_prefix_path')
[34.107s] INFO:colcon.colcon_core.shell:Creating environment hook '/home/eashan/BuckeyeVerticalSoftware_v2/install/px4_ros_com/share/px4_ros_com/hook/cmake_prefix_path.ps1'
[34.107s] INFO:colcon.colcon_core.shell:Creating environment descriptor '/home/eashan/BuckeyeVerticalSoftware_v2/install/px4_ros_com/share/px4_ros_com/hook/cmake_prefix_path.dsv'
[34.108s] INFO:colcon.colcon_core.shell:Creating environment hook '/home/eashan/BuckeyeVerticalSoftware_v2/install/px4_ros_com/share/px4_ros_com/hook/cmake_prefix_path.sh'
[34.108s] Level 1:colcon.colcon_core.environment:checking '/home/eashan/BuckeyeVerticalSoftware_v2/install/px4_ros_com/lib'
[34.108s] Level 1:colcon.colcon_core.shell:create_environment_hook('px4_ros_com', 'ld_library_path_lib')
[34.108s] INFO:colcon.colcon_core.shell:Creating environment hook '/home/eashan/BuckeyeVerticalSoftware_v2/install/px4_ros_com/share/px4_ros_com/hook/ld_library_path_lib.ps1'
[34.109s] INFO:colcon.colcon_core.shell:Creating environment descriptor '/home/eashan/BuckeyeVerticalSoftware_v2/install/px4_ros_com/share/px4_ros_com/hook/ld_library_path_lib.dsv'
[34.109s] INFO:colcon.colcon_core.shell:Creating environment hook '/home/eashan/BuckeyeVerticalSoftware_v2/install/px4_ros_com/share/px4_ros_com/hook/ld_library_path_lib.sh'
[34.109s] Level 1:colcon.colcon_core.environment:checking '/home/eashan/BuckeyeVerticalSoftware_v2/install/px4_ros_com/bin'
[34.109s] Level 1:colcon.colcon_core.environment:checking '/home/eashan/BuckeyeVerticalSoftware_v2/install/px4_ros_com/lib/pkgconfig/px4_ros_com.pc'
[34.110s] Level 1:colcon.colcon_core.environment:checking '/home/eashan/BuckeyeVerticalSoftware_v2/install/px4_ros_com/lib/python3.10/site-packages'
[34.110s] Level 1:colcon.colcon_core.environment:checking '/home/eashan/BuckeyeVerticalSoftware_v2/install/px4_ros_com/bin'
[34.110s] INFO:colcon.colcon_core.shell:Creating package script '/home/eashan/BuckeyeVerticalSoftware_v2/install/px4_ros_com/share/px4_ros_com/package.ps1'
[34.111s] INFO:colcon.colcon_core.shell:Creating package descriptor '/home/eashan/BuckeyeVerticalSoftware_v2/install/px4_ros_com/share/px4_ros_com/package.dsv'
[34.112s] INFO:colcon.colcon_core.shell:Creating package script '/home/eashan/BuckeyeVerticalSoftware_v2/install/px4_ros_com/share/px4_ros_com/package.sh'
[34.113s] INFO:colcon.colcon_core.shell:Creating package script '/home/eashan/BuckeyeVerticalSoftware_v2/install/px4_ros_com/share/px4_ros_com/package.bash'
[34.113s] INFO:colcon.colcon_core.shell:Creating package script '/home/eashan/BuckeyeVerticalSoftware_v2/install/px4_ros_com/share/px4_ros_com/package.zsh'
[34.113s] Level 1:colcon.colcon_core.environment:create_file_with_runtime_dependencies(/home/eashan/BuckeyeVerticalSoftware_v2/install/px4_ros_com/share/colcon-core/packages/px4_ros_com)
[34.114s] DEBUG:colcon.colcon_parallel_executor.executor.parallel:closing loop
[34.114s] DEBUG:colcon.colcon_parallel_executor.executor.parallel:loop closed
[34.115s] DEBUG:colcon.colcon_parallel_executor.executor.parallel:run_until_complete finished with '0'
[34.115s] DEBUG:colcon.colcon_core.event_reactor:joining thread
[34.314s] INFO:colcon.colcon_core.plugin_system:Skipping extension 'colcon_notification.desktop_notification.notify_send': Could not find 'notify-send'
[34.314s] INFO:colcon.colcon_core.plugin_system:Skipping extension 'colcon_notification.desktop_notification.terminal_notifier': Not used on non-Darwin systems
[34.314s] INFO:colcon.colcon_core.plugin_system:Skipping extension 'colcon_notification.desktop_notification.win32': Not used on non-Windows systems
[34.314s] INFO:colcon.colcon_notification.desktop_notification:Sending desktop notification using 'notify2'
[34.315s] DEBUG:colcon.colcon_notification.desktop_notification.notify2:Failed to initialize notify2: org.freedesktop.DBus.Error.ServiceUnknown: The name org.freedesktop.Notifications was not provided by any .service files
[34.315s] DEBUG:colcon.colcon_core.event_reactor:joined thread
[34.315s] INFO:colcon.colcon_core.shell:Creating prefix script '/home/eashan/BuckeyeVerticalSoftware_v2/install/local_setup.ps1'
[34.316s] INFO:colcon.colcon_core.shell:Creating prefix util module '/home/eashan/BuckeyeVerticalSoftware_v2/install/_local_setup_util_ps1.py'
[34.318s] INFO:colcon.colcon_core.shell:Creating prefix chain script '/home/eashan/BuckeyeVerticalSoftware_v2/install/setup.ps1'
[34.319s] INFO:colcon.colcon_core.shell:Creating prefix script '/home/eashan/BuckeyeVerticalSoftware_v2/install/local_setup.sh'
[34.320s] INFO:colcon.colcon_core.shell:Creating prefix util module '/home/eashan/BuckeyeVerticalSoftware_v2/install/_local_setup_util_sh.py'
[34.320s] INFO:colcon.colcon_core.shell:Creating prefix chain script '/home/eashan/BuckeyeVerticalSoftware_v2/install/setup.sh'
[34.323s] INFO:colcon.colcon_core.shell:Creating prefix script '/home/eashan/BuckeyeVerticalSoftware_v2/install/local_setup.bash'
[34.324s] INFO:colcon.colcon_core.shell:Creating prefix chain script '/home/eashan/BuckeyeVerticalSoftware_v2/install/setup.bash'
[34.326s] INFO:colcon.colcon_core.shell:Creating prefix script '/home/eashan/BuckeyeVerticalSoftware_v2/install/local_setup.zsh'
[34.328s] INFO:colcon.colcon_core.shell:Creating prefix chain script '/home/eashan/BuckeyeVerticalSoftware_v2/install/setup.zsh'
