[0.092s] Invoking command in '/home/kvvnbs/BuckeyeVerticalSoftwareV2/build/px4_ros_com': CMAKE_PREFIX_PATH=/home/kvvnbs/BuckeyeVerticalSoftwareV2/install/px4_msgs:/home/kvvnbs/BuckeyeVerticalSoftwareV2/install/px4_ros_com:/opt/ros/humble LD_LIBRARY_PATH=/home/kvvnbs/BuckeyeVerticalSoftwareV2/install/px4_msgs/lib:/home/kvvnbs/BuckeyeVerticalSoftwareV2/install/px4_ros_com/lib:/opt/ros/humble/opt/rviz_ogre_vendor/lib:/opt/ros/humble/lib/x86_64-linux-gnu:/opt/ros/humble/lib /usr/bin/cmake --build /home/kvvnbs/BuckeyeVerticalSoftwareV2/build/px4_ros_com -- -j16 -l16
[0.120s] [35m[1mConsolidate compiler generated dependencies of target traj_test_copy[0m
[0.126s] [ 11%] Built target frame_transforms
[0.128s] [ 11%] Built target ament_cmake_python_copy_px4_ros_com
[0.130s] [ 41%] Built target traj_test
[0.131s] [ 70%] Built target test_trajectory
[0.141s] [ 76%] [32mBuilding CXX object CMakeFiles/traj_test_copy.dir/src/traj_test_copy.cpp.o[0m
[0.142s] [ 82%] [32mBuilding CXX object CMakeFiles/traj_test_copy.dir/src/motionProfiling.cpp.o[0m
[0.337s] running egg_info
[0.338s] writing px4_ros_com.egg-info/PKG-INFO
[0.338s] writing dependency_links to px4_ros_com.egg-info/dependency_links.txt
[0.338s] writing top-level names to px4_ros_com.egg-info/top_level.txt
[0.341s] reading manifest file 'px4_ros_com.egg-info/SOURCES.txt'
[0.341s] writing manifest file 'px4_ros_com.egg-info/SOURCES.txt'
[0.360s] [ 82%] Built target ament_cmake_python_build_px4_ros_com_egg
[9.893s] [ 88%] [32m[1mLinking CXX executable traj_test_copy[0m
[10.523s] [100%] Built target traj_test_copy
[10.532s] Invoked command in '/home/kvvnbs/BuckeyeVerticalSoftwareV2/build/px4_ros_com' returned '0': CMAKE_PREFIX_PATH=/home/kvvnbs/BuckeyeVerticalSoftwareV2/install/px4_msgs:/home/kvvnbs/BuckeyeVerticalSoftwareV2/install/px4_ros_com:/opt/ros/humble LD_LIBRARY_PATH=/home/kvvnbs/BuckeyeVerticalSoftwareV2/install/px4_msgs/lib:/home/kvvnbs/BuckeyeVerticalSoftwareV2/install/px4_ros_com/lib:/opt/ros/humble/opt/rviz_ogre_vendor/lib:/opt/ros/humble/lib/x86_64-linux-gnu:/opt/ros/humble/lib /usr/bin/cmake --build /home/kvvnbs/BuckeyeVerticalSoftwareV2/build/px4_ros_com -- -j16 -l16
[10.534s] Invoking command in '/home/kvvnbs/BuckeyeVerticalSoftwareV2/build/px4_ros_com': CMAKE_PREFIX_PATH=/home/kvvnbs/BuckeyeVerticalSoftwareV2/install/px4_msgs:/home/kvvnbs/BuckeyeVerticalSoftwareV2/install/px4_ros_com:/opt/ros/humble LD_LIBRARY_PATH=/home/kvvnbs/BuckeyeVerticalSoftwareV2/install/px4_msgs/lib:/home/kvvnbs/BuckeyeVerticalSoftwareV2/install/px4_ros_com/lib:/opt/ros/humble/opt/rviz_ogre_vendor/lib:/opt/ros/humble/lib/x86_64-linux-gnu:/opt/ros/humble/lib /usr/bin/cmake --install /home/kvvnbs/BuckeyeVerticalSoftwareV2/build/px4_ros_com
[10.539s] -- Install configuration: ""
[10.539s] -- Up-to-date: /home/kvvnbs/BuckeyeVerticalSoftwareV2/install/px4_ros_com/lib/px4_ros_com/traj_test
[10.539s] -- Installing: /home/kvvnbs/BuckeyeVerticalSoftwareV2/install/px4_ros_com/lib/px4_ros_com/traj_test_copy
[10.544s] -- Set runtime path of "/home/kvvnbs/BuckeyeVerticalSoftwareV2/install/px4_ros_com/lib/px4_ros_com/traj_test_copy" to ""
[10.544s] -- Up-to-date: /home/kvvnbs/BuckeyeVerticalSoftwareV2/install/px4_ros_com/lib/px4_ros_com/test_trajectory
[10.545s] -- Up-to-date: /home/kvvnbs/BuckeyeVerticalSoftwareV2/install/px4_ros_com/share/px4_ros_com/environment/library_path.sh
[10.545s] -- Up-to-date: /home/kvvnbs/BuckeyeVerticalSoftwareV2/install/px4_ros_com/share/px4_ros_com/environment/library_path.dsv
[10.545s] -- Up-to-date: /home/kvvnbs/BuckeyeVerticalSoftwareV2/install/px4_ros_com/include/px4_ros_com
[10.545s] -- Up-to-date: /home/kvvnbs/BuckeyeVerticalSoftwareV2/install/px4_ros_com/include/px4_ros_com/frame_transforms.h
[10.545s] -- Up-to-date: /home/kvvnbs/BuckeyeVerticalSoftwareV2/install/px4_ros_com/lib/libframe_transforms.so
[10.545s] -- Up-to-date: /home/kvvnbs/BuckeyeVerticalSoftwareV2/install/px4_ros_com/share/px4_ros_com//launch
[10.545s] -- Up-to-date: /home/kvvnbs/BuckeyeVerticalSoftwareV2/install/px4_ros_com/share/px4_ros_com//launch/traj_test.launch.py
[10.545s] -- Up-to-date: /home/kvvnbs/BuckeyeVerticalSoftwareV2/install/px4_ros_com/share/px4_ros_com//launch/sensor_combined_listener.launch.py
[10.545s] -- Up-to-date: /home/kvvnbs/BuckeyeVerticalSoftwareV2/install/px4_ros_com/share/px4_ros_com//launch/test_trajectory.launch.py
[10.545s] -- Up-to-date: /home/kvvnbs/BuckeyeVerticalSoftwareV2/install/px4_ros_com/share/px4_ros_com//launch/offboard_control_launch.yaml
[10.546s] -- Up-to-date: /home/kvvnbs/BuckeyeVerticalSoftwareV2/install/px4_ros_com/share/px4_ros_com//test
[10.546s] -- Up-to-date: /home/kvvnbs/BuckeyeVerticalSoftwareV2/install/px4_ros_com/share/px4_ros_com//test/test_output.py
[10.546s] -- Up-to-date: /home/kvvnbs/BuckeyeVerticalSoftwareV2/install/px4_ros_com/share/px4_ros_com//test/test_input.py
[10.546s] -- Up-to-date: /home/kvvnbs/BuckeyeVerticalSoftwareV2/install/px4_ros_com/share/px4_ros_com//test/__init__.py
[10.546s] -- Up-to-date: /home/kvvnbs/BuckeyeVerticalSoftwareV2/install/px4_ros_com/share/px4_ros_com//test/test_trajectory.cpp
[10.546s] -- Up-to-date: /home/kvvnbs/BuckeyeVerticalSoftwareV2/install/px4_ros_com/share/px4_ros_com//test/pipeline_io_test.py
[10.546s] -- Up-to-date: /home/kvvnbs/BuckeyeVerticalSoftwareV2/install/px4_ros_com/share/px4_ros_com/environment/pythonpath.sh
[10.546s] -- Up-to-date: /home/kvvnbs/BuckeyeVerticalSoftwareV2/install/px4_ros_com/share/px4_ros_com/environment/pythonpath.dsv
[10.546s] -- Up-to-date: /home/kvvnbs/BuckeyeVerticalSoftwareV2/install/px4_ros_com/local/lib/python3.10/dist-packages/px4_ros_com-0.1.0-py3.10.egg-info
[10.546s] -- Installing: /home/kvvnbs/BuckeyeVerticalSoftwareV2/install/px4_ros_com/local/lib/python3.10/dist-packages/px4_ros_com-0.1.0-py3.10.egg-info/SOURCES.txt
[10.546s] -- Installing: /home/kvvnbs/BuckeyeVerticalSoftwareV2/install/px4_ros_com/local/lib/python3.10/dist-packages/px4_ros_com-0.1.0-py3.10.egg-info/PKG-INFO
[10.546s] -- Installing: /home/kvvnbs/BuckeyeVerticalSoftwareV2/install/px4_ros_com/local/lib/python3.10/dist-packages/px4_ros_com-0.1.0-py3.10.egg-info/dependency_links.txt
[10.546s] -- Installing: /home/kvvnbs/BuckeyeVerticalSoftwareV2/install/px4_ros_com/local/lib/python3.10/dist-packages/px4_ros_com-0.1.0-py3.10.egg-info/top_level.txt
[10.546s] -- Up-to-date: /home/kvvnbs/BuckeyeVerticalSoftwareV2/install/px4_ros_com/local/lib/python3.10/dist-packages/px4_ros_com
[10.547s] -- Up-to-date: /home/kvvnbs/BuckeyeVerticalSoftwareV2/install/px4_ros_com/local/lib/python3.10/dist-packages/px4_ros_com/__init__.py
[10.547s] -- Up-to-date: /home/kvvnbs/BuckeyeVerticalSoftwareV2/install/px4_ros_com/local/lib/python3.10/dist-packages/px4_ros_com/module_to_import.py
[10.568s] Listing '/home/kvvnbs/BuckeyeVerticalSoftwareV2/install/px4_ros_com/local/lib/python3.10/dist-packages/px4_ros_com'...
[10.571s] -- Up-to-date: /home/kvvnbs/BuckeyeVerticalSoftwareV2/install/px4_ros_com/share/ament_index/resource_index/package_run_dependencies/px4_ros_com
[10.571s] -- Up-to-date: /home/kvvnbs/BuckeyeVerticalSoftwareV2/install/px4_ros_com/share/ament_index/resource_index/parent_prefix_path/px4_ros_com
[10.571s] -- Up-to-date: /home/kvvnbs/BuckeyeVerticalSoftwareV2/install/px4_ros_com/share/px4_ros_com/environment/ament_prefix_path.sh
[10.571s] -- Up-to-date: /home/kvvnbs/BuckeyeVerticalSoftwareV2/install/px4_ros_com/share/px4_ros_com/environment/ament_prefix_path.dsv
[10.571s] -- Up-to-date: /home/kvvnbs/BuckeyeVerticalSoftwareV2/install/px4_ros_com/share/px4_ros_com/environment/path.sh
[10.572s] -- Up-to-date: /home/kvvnbs/BuckeyeVerticalSoftwareV2/install/px4_ros_com/share/px4_ros_com/environment/path.dsv
[10.572s] -- Up-to-date: /home/kvvnbs/BuckeyeVerticalSoftwareV2/install/px4_ros_com/share/px4_ros_com/local_setup.bash
[10.572s] -- Up-to-date: /home/kvvnbs/BuckeyeVerticalSoftwareV2/install/px4_ros_com/share/px4_ros_com/local_setup.sh
[10.572s] -- Up-to-date: /home/kvvnbs/BuckeyeVerticalSoftwareV2/install/px4_ros_com/share/px4_ros_com/local_setup.zsh
[10.572s] -- Up-to-date: /home/kvvnbs/BuckeyeVerticalSoftwareV2/install/px4_ros_com/share/px4_ros_com/local_setup.dsv
[10.572s] -- Installing: /home/kvvnbs/BuckeyeVerticalSoftwareV2/install/px4_ros_com/share/px4_ros_com/package.dsv
[10.572s] -- Up-to-date: /home/kvvnbs/BuckeyeVerticalSoftwareV2/install/px4_ros_com/share/ament_index/resource_index/packages/px4_ros_com
[10.572s] -- Up-to-date: /home/kvvnbs/BuckeyeVerticalSoftwareV2/install/px4_ros_com/share/px4_ros_com/cmake/export_frame_transformsExport.cmake
[10.572s] -- Up-to-date: /home/kvvnbs/BuckeyeVerticalSoftwareV2/install/px4_ros_com/share/px4_ros_com/cmake/export_frame_transformsExport-noconfig.cmake
[10.572s] -- Up-to-date: /home/kvvnbs/BuckeyeVerticalSoftwareV2/install/px4_ros_com/share/px4_ros_com/cmake/ament_cmake_export_dependencies-extras.cmake
[10.572s] -- Up-to-date: /home/kvvnbs/BuckeyeVerticalSoftwareV2/install/px4_ros_com/share/px4_ros_com/cmake/ament_cmake_export_targets-extras.cmake
[10.572s] -- Up-to-date: /home/kvvnbs/BuckeyeVerticalSoftwareV2/install/px4_ros_com/share/px4_ros_com/cmake/ament_cmake_export_include_directories-extras.cmake
[10.573s] -- Up-to-date: /home/kvvnbs/BuckeyeVerticalSoftwareV2/install/px4_ros_com/share/px4_ros_com/cmake/ament_cmake_export_libraries-extras.cmake
[10.573s] -- Up-to-date: /home/kvvnbs/BuckeyeVerticalSoftwareV2/install/px4_ros_com/share/px4_ros_com/cmake/px4_ros_comConfig.cmake
[10.573s] -- Up-to-date: /home/kvvnbs/BuckeyeVerticalSoftwareV2/install/px4_ros_com/share/px4_ros_com/cmake/px4_ros_comConfig-version.cmake
[10.573s] -- Up-to-date: /home/kvvnbs/BuckeyeVerticalSoftwareV2/install/px4_ros_com/share/px4_ros_com/package.xml
[10.575s] Invoked command in '/home/kvvnbs/BuckeyeVerticalSoftwareV2/build/px4_ros_com' returned '0': CMAKE_PREFIX_PATH=/home/kvvnbs/BuckeyeVerticalSoftwareV2/install/px4_msgs:/home/kvvnbs/BuckeyeVerticalSoftwareV2/install/px4_ros_com:/opt/ros/humble LD_LIBRARY_PATH=/home/kvvnbs/BuckeyeVerticalSoftwareV2/install/px4_msgs/lib:/home/kvvnbs/BuckeyeVerticalSoftwareV2/install/px4_ros_com/lib:/opt/ros/humble/opt/rviz_ogre_vendor/lib:/opt/ros/humble/lib/x86_64-linux-gnu:/opt/ros/humble/lib /usr/bin/cmake --install /home/kvvnbs/BuckeyeVerticalSoftwareV2/build/px4_ros_com
