[0.409s] DEBUG:colcon:Command line arguments: ['/usr/bin/colcon', 'build']
[0.409s] DEBUG:colcon:Parsed command line arguments: Namespace(log_base=None, log_level=None, verb_name='build', build_base='build', install_base='install', merge_install=False, symlink_install=False, test_result_base=None, continue_on_error=False, executor='parallel', parallel_workers=16, event_handlers=None, ignore_user_meta=False, metas=['./colcon.meta'], base_paths=['.'], packages_ignore=None, packages_ignore_regex=None, paths=None, packages_up_to=None, packages_up_to_regex=None, packages_above=None, packages_above_and_dependencies=None, packages_above_depth=None, packages_select_by_dep=None, packages_skip_by_dep=None, packages_skip_up_to=None, packages_select_build_failed=False, packages_skip_build_finished=False, packages_select_test_failures=False, packages_skip_test_passed=False, packages_select=None, packages_skip=None, packages_select_regex=None, packages_skip_regex=None, packages_start=None, packages_end=None, allow_overriding=[], cmake_args=None, cmake_target=None, cmake_target_skip_unavailable=False, cmake_clean_cache=False, cmake_clean_first=False, cmake_force_configure=False, ament_cmake_args=None, catkin_cmake_args=None, catkin_skip_building_tests=False, verb_parser=<colcon_defaults.argument_parser.defaults.DefaultArgumentsDecorator object at 0x7f1f4eb55750>, verb_extension=<colcon_core.verb.build.BuildVerb object at 0x7f1f4ecd2f50>, main=<bound method BuildVerb.main of <colcon_core.verb.build.BuildVerb object at 0x7f1f4ecd2f50>>)
[0.830s] Level 1:colcon.colcon_core.package_discovery:discover_packages(colcon_meta) check parameters
[0.831s] Level 1:colcon.colcon_core.package_discovery:discover_packages(recursive) check parameters
[0.831s] Level 1:colcon.colcon_core.package_discovery:discover_packages(ignore) check parameters
[0.831s] Level 1:colcon.colcon_core.package_discovery:discover_packages(path) check parameters
[0.831s] Level 1:colcon.colcon_core.package_discovery:discover_packages(colcon_meta) discover
[0.831s] Level 1:colcon.colcon_core.package_discovery:discover_packages(recursive) discover
[0.831s] INFO:colcon.colcon_core.package_discovery:Crawling recursively for packages in '/home/kvvnbs/BuckeyeVerticalSoftwareV2'
[0.831s] Level 1:colcon.colcon_core.package_identification:_identify(.) by extensions ['ignore', 'ignore_ament_install']
[0.831s] Level 1:colcon.colcon_core.package_identification:_identify(.) by extension 'ignore'
[0.831s] Level 1:colcon.colcon_core.package_identification:_identify(.) by extension 'ignore_ament_install'
[0.831s] Level 1:colcon.colcon_core.package_identification:_identify(.) by extensions ['colcon_pkg']
[0.831s] Level 1:colcon.colcon_core.package_identification:_identify(.) by extension 'colcon_pkg'
[0.831s] Level 1:colcon.colcon_core.package_identification:_identify(.) by extensions ['colcon_meta']
[0.831s] Level 1:colcon.colcon_core.package_identification:_identify(.) by extension 'colcon_meta'
[0.831s] Level 1:colcon.colcon_core.package_identification:_identify(.) by extensions ['ros']
[0.831s] Level 1:colcon.colcon_core.package_identification:_identify(.) by extension 'ros'
[0.846s] Level 1:colcon.colcon_core.package_identification:_identify(.) by extensions ['cmake', 'python']
[0.846s] Level 1:colcon.colcon_core.package_identification:_identify(.) by extension 'cmake'
[0.846s] Level 1:colcon.colcon_core.package_identification:_identify(.) by extension 'python'
[0.846s] Level 1:colcon.colcon_core.package_identification:_identify(.) by extensions ['python_setup_py']
[0.846s] Level 1:colcon.colcon_core.package_identification:_identify(.) by extension 'python_setup_py'
[0.846s] Level 1:colcon.colcon_core.package_identification:_identify(build) by extensions ['ignore', 'ignore_ament_install']
[0.846s] Level 1:colcon.colcon_core.package_identification:_identify(build) by extension 'ignore'
[0.846s] Level 1:colcon.colcon_core.package_identification:_identify(build) ignored
[0.846s] Level 1:colcon.colcon_core.package_identification:_identify(install) by extensions ['ignore', 'ignore_ament_install']
[0.847s] Level 1:colcon.colcon_core.package_identification:_identify(install) by extension 'ignore'
[0.847s] Level 1:colcon.colcon_core.package_identification:_identify(install) ignored
[0.847s] Level 1:colcon.colcon_core.package_identification:_identify(log) by extensions ['ignore', 'ignore_ament_install']
[0.847s] Level 1:colcon.colcon_core.package_identification:_identify(log) by extension 'ignore'
[0.847s] Level 1:colcon.colcon_core.package_identification:_identify(log) ignored
[0.847s] Level 1:colcon.colcon_core.package_identification:_identify(src) by extensions ['ignore', 'ignore_ament_install']
[0.847s] Level 1:colcon.colcon_core.package_identification:_identify(src) by extension 'ignore'
[0.847s] Level 1:colcon.colcon_core.package_identification:_identify(src) by extension 'ignore_ament_install'
[0.847s] Level 1:colcon.colcon_core.package_identification:_identify(src) by extensions ['colcon_pkg']
[0.847s] Level 1:colcon.colcon_core.package_identification:_identify(src) by extension 'colcon_pkg'
[0.847s] Level 1:colcon.colcon_core.package_identification:_identify(src) by extensions ['colcon_meta']
[0.847s] Level 1:colcon.colcon_core.package_identification:_identify(src) by extension 'colcon_meta'
[0.847s] Level 1:colcon.colcon_core.package_identification:_identify(src) by extensions ['ros']
[0.847s] Level 1:colcon.colcon_core.package_identification:_identify(src) by extension 'ros'
[0.847s] Level 1:colcon.colcon_core.package_identification:_identify(src) by extensions ['cmake', 'python']
[0.847s] Level 1:colcon.colcon_core.package_identification:_identify(src) by extension 'cmake'
[0.847s] Level 1:colcon.colcon_core.package_identification:_identify(src) by extension 'python'
[0.847s] Level 1:colcon.colcon_core.package_identification:_identify(src) by extensions ['python_setup_py']
[0.847s] Level 1:colcon.colcon_core.package_identification:_identify(src) by extension 'python_setup_py'
[0.847s] Level 1:colcon.colcon_core.package_identification:_identify(src/px4_msgs) by extensions ['ignore', 'ignore_ament_install']
[0.848s] Level 1:colcon.colcon_core.package_identification:_identify(src/px4_msgs) by extension 'ignore'
[0.848s] Level 1:colcon.colcon_core.package_identification:_identify(src/px4_msgs) by extension 'ignore_ament_install'
[0.848s] Level 1:colcon.colcon_core.package_identification:_identify(src/px4_msgs) by extensions ['colcon_pkg']
[0.848s] Level 1:colcon.colcon_core.package_identification:_identify(src/px4_msgs) by extension 'colcon_pkg'
[0.848s] Level 1:colcon.colcon_core.package_identification:_identify(src/px4_msgs) by extensions ['colcon_meta']
[0.848s] Level 1:colcon.colcon_core.package_identification:_identify(src/px4_msgs) by extension 'colcon_meta'
[0.848s] Level 1:colcon.colcon_core.package_identification:_identify(src/px4_msgs) by extensions ['ros']
[0.848s] Level 1:colcon.colcon_core.package_identification:_identify(src/px4_msgs) by extension 'ros'
[0.851s] DEBUG:colcon.colcon_core.package_identification:Package 'src/px4_msgs' with type 'ros.ament_cmake' and name 'px4_msgs'
[0.852s] Level 1:colcon.colcon_core.package_identification:_identify(src/px4_ros_com) by extensions ['ignore', 'ignore_ament_install']
[0.852s] Level 1:colcon.colcon_core.package_identification:_identify(src/px4_ros_com) by extension 'ignore'
[0.852s] Level 1:colcon.colcon_core.package_identification:_identify(src/px4_ros_com) by extension 'ignore_ament_install'
[0.852s] Level 1:colcon.colcon_core.package_identification:_identify(src/px4_ros_com) by extensions ['colcon_pkg']
[0.852s] Level 1:colcon.colcon_core.package_identification:_identify(src/px4_ros_com) by extension 'colcon_pkg'
[0.852s] Level 1:colcon.colcon_core.package_identification:_identify(src/px4_ros_com) by extensions ['colcon_meta']
[0.852s] Level 1:colcon.colcon_core.package_identification:_identify(src/px4_ros_com) by extension 'colcon_meta'
[0.852s] Level 1:colcon.colcon_core.package_identification:_identify(src/px4_ros_com) by extensions ['ros']
[0.852s] Level 1:colcon.colcon_core.package_identification:_identify(src/px4_ros_com) by extension 'ros'
[0.853s] DEBUG:colcon.colcon_core.package_identification:Package 'src/px4_ros_com' with type 'ros.ament_cmake' and name 'px4_ros_com'
[0.853s] Level 1:colcon.colcon_core.package_discovery:discover_packages(recursive) using defaults
[0.853s] Level 1:colcon.colcon_core.package_discovery:discover_packages(ignore) discover
[0.853s] Level 1:colcon.colcon_core.package_discovery:discover_packages(ignore) using defaults
[0.853s] Level 1:colcon.colcon_core.package_discovery:discover_packages(path) discover
[0.853s] Level 1:colcon.colcon_core.package_discovery:discover_packages(path) using defaults
[0.900s] Level 1:colcon.colcon_core.package_discovery:discover_packages(prefix_path) check parameters
[0.900s] Level 1:colcon.colcon_core.package_discovery:discover_packages(prefix_path) discover
[0.903s] DEBUG:colcon.colcon_installed_package_information.package_discovery:Found 2 installed packages in /home/kvvnbs/BuckeyeVerticalSoftwareV2/install
[0.905s] DEBUG:colcon.colcon_installed_package_information.package_discovery:Found 270 installed packages in /opt/ros/humble
[0.906s] Level 1:colcon.colcon_core.package_discovery:discover_packages(prefix_path) using defaults
[0.991s] Level 5:colcon.colcon_core.verb:set package 'px4_msgs' build argument 'cmake_args' from command line to 'None'
[0.992s] Level 5:colcon.colcon_core.verb:set package 'px4_msgs' build argument 'cmake_target' from command line to 'None'
[0.992s] Level 5:colcon.colcon_core.verb:set package 'px4_msgs' build argument 'cmake_target_skip_unavailable' from command line to 'False'
[0.992s] Level 5:colcon.colcon_core.verb:set package 'px4_msgs' build argument 'cmake_clean_cache' from command line to 'False'
[0.992s] Level 5:colcon.colcon_core.verb:set package 'px4_msgs' build argument 'cmake_clean_first' from command line to 'False'
[0.992s] Level 5:colcon.colcon_core.verb:set package 'px4_msgs' build argument 'cmake_force_configure' from command line to 'False'
[0.992s] Level 5:colcon.colcon_core.verb:set package 'px4_msgs' build argument 'ament_cmake_args' from command line to 'None'
[0.992s] Level 5:colcon.colcon_core.verb:set package 'px4_msgs' build argument 'catkin_cmake_args' from command line to 'None'
[0.992s] Level 5:colcon.colcon_core.verb:set package 'px4_msgs' build argument 'catkin_skip_building_tests' from command line to 'False'
[0.992s] DEBUG:colcon.colcon_core.verb:Building package 'px4_msgs' with the following arguments: {'ament_cmake_args': None, 'build_base': '/home/kvvnbs/BuckeyeVerticalSoftwareV2/build/px4_msgs', 'catkin_cmake_args': None, 'catkin_skip_building_tests': False, 'cmake_args': None, 'cmake_clean_cache': False, 'cmake_clean_first': False, 'cmake_force_configure': False, 'cmake_target': None, 'cmake_target_skip_unavailable': False, 'install_base': '/home/kvvnbs/BuckeyeVerticalSoftwareV2/install/px4_msgs', 'merge_install': False, 'path': '/home/kvvnbs/BuckeyeVerticalSoftwareV2/src/px4_msgs', 'symlink_install': False, 'test_result_base': None}
[0.992s] Level 5:colcon.colcon_core.verb:set package 'px4_ros_com' build argument 'cmake_args' from command line to 'None'
[0.992s] Level 5:colcon.colcon_core.verb:set package 'px4_ros_com' build argument 'cmake_target' from command line to 'None'
[0.992s] Level 5:colcon.colcon_core.verb:set package 'px4_ros_com' build argument 'cmake_target_skip_unavailable' from command line to 'False'
[0.992s] Level 5:colcon.colcon_core.verb:set package 'px4_ros_com' build argument 'cmake_clean_cache' from command line to 'False'
[0.992s] Level 5:colcon.colcon_core.verb:set package 'px4_ros_com' build argument 'cmake_clean_first' from command line to 'False'
[0.992s] Level 5:colcon.colcon_core.verb:set package 'px4_ros_com' build argument 'cmake_force_configure' from command line to 'False'
[0.992s] Level 5:colcon.colcon_core.verb:set package 'px4_ros_com' build argument 'ament_cmake_args' from command line to 'None'
[0.992s] Level 5:colcon.colcon_core.verb:set package 'px4_ros_com' build argument 'catkin_cmake_args' from command line to 'None'
[0.992s] Level 5:colcon.colcon_core.verb:set package 'px4_ros_com' build argument 'catkin_skip_building_tests' from command line to 'False'
[0.992s] DEBUG:colcon.colcon_core.verb:Building package 'px4_ros_com' with the following arguments: {'ament_cmake_args': None, 'build_base': '/home/kvvnbs/BuckeyeVerticalSoftwareV2/build/px4_ros_com', 'catkin_cmake_args': None, 'catkin_skip_building_tests': False, 'cmake_args': None, 'cmake_clean_cache': False, 'cmake_clean_first': False, 'cmake_force_configure': False, 'cmake_target': None, 'cmake_target_skip_unavailable': False, 'install_base': '/home/kvvnbs/BuckeyeVerticalSoftwareV2/install/px4_ros_com', 'merge_install': False, 'path': '/home/kvvnbs/BuckeyeVerticalSoftwareV2/src/px4_ros_com', 'symlink_install': False, 'test_result_base': None}
[0.993s] INFO:colcon.colcon_core.executor:Executing jobs using 'parallel' executor
[0.994s] DEBUG:colcon.colcon_parallel_executor.executor.parallel:run_until_complete
[0.994s] INFO:colcon.colcon_ros.task.ament_cmake.build:Building ROS package in '/home/kvvnbs/BuckeyeVerticalSoftwareV2/src/px4_msgs' with build type 'ament_cmake'
[0.994s] INFO:colcon.colcon_cmake.task.cmake.build:Building CMake package in '/home/kvvnbs/BuckeyeVerticalSoftwareV2/src/px4_msgs'
[0.999s] INFO:colcon.colcon_core.plugin_system:Skipping extension 'colcon_core.shell.bat': Not used on non-Windows systems
[1.000s] INFO:colcon.colcon_core.shell:Skip shell extension 'powershell' for command environment: Not usable outside of PowerShell
[1.000s] DEBUG:colcon.colcon_core.shell:Skip shell extension 'dsv' for command environment
[1.014s] DEBUG:colcon.colcon_core.event_handler.log_command:Invoking command in '/home/kvvnbs/BuckeyeVerticalSoftwareV2/build/px4_msgs': CMAKE_PREFIX_PATH=${CMAKE_PREFIX_PATH}:/opt/ros/humble /usr/bin/cmake --build /home/kvvnbs/BuckeyeVerticalSoftwareV2/build/px4_msgs -- -j16 -l16
[2.210s] DEBUG:colcon.colcon_core.event_handler.log_command:Invoked command in '/home/kvvnbs/BuckeyeVerticalSoftwareV2/build/px4_msgs' returned '0': CMAKE_PREFIX_PATH=${CMAKE_PREFIX_PATH}:/opt/ros/humble /usr/bin/cmake --build /home/kvvnbs/BuckeyeVerticalSoftwareV2/build/px4_msgs -- -j16 -l16
[2.218s] DEBUG:colcon.colcon_core.event_handler.log_command:Invoking command in '/home/kvvnbs/BuckeyeVerticalSoftwareV2/build/px4_msgs': CMAKE_PREFIX_PATH=${CMAKE_PREFIX_PATH}:/opt/ros/humble /usr/bin/cmake --install /home/kvvnbs/BuckeyeVerticalSoftwareV2/build/px4_msgs
[2.795s] Level 1:colcon.colcon_core.environment:create_environment_scripts_only(px4_msgs)
[2.796s] DEBUG:colcon.colcon_core.event_handler.log_command:Invoked command in '/home/kvvnbs/BuckeyeVerticalSoftwareV2/build/px4_msgs' returned '0': CMAKE_PREFIX_PATH=${CMAKE_PREFIX_PATH}:/opt/ros/humble /usr/bin/cmake --install /home/kvvnbs/BuckeyeVerticalSoftwareV2/build/px4_msgs
[2.803s] Level 1:colcon.colcon_core.environment:checking '/home/kvvnbs/BuckeyeVerticalSoftwareV2/install/px4_msgs' for CMake module files
[2.803s] Level 1:colcon.colcon_core.environment:checking '/home/kvvnbs/BuckeyeVerticalSoftwareV2/install/px4_msgs' for CMake config files
[2.808s] Level 1:colcon.colcon_core.shell:create_environment_hook('px4_msgs', 'cmake_prefix_path')
[2.808s] INFO:colcon.colcon_core.shell:Creating environment hook '/home/kvvnbs/BuckeyeVerticalSoftwareV2/install/px4_msgs/share/px4_msgs/hook/cmake_prefix_path.ps1'
[2.809s] INFO:colcon.colcon_core.shell:Creating environment descriptor '/home/kvvnbs/BuckeyeVerticalSoftwareV2/install/px4_msgs/share/px4_msgs/hook/cmake_prefix_path.dsv'
[2.810s] INFO:colcon.colcon_core.shell:Creating environment hook '/home/kvvnbs/BuckeyeVerticalSoftwareV2/install/px4_msgs/share/px4_msgs/hook/cmake_prefix_path.sh'
[2.811s] Level 1:colcon.colcon_core.environment:checking '/home/kvvnbs/BuckeyeVerticalSoftwareV2/install/px4_msgs/lib'
[2.811s] Level 1:colcon.colcon_core.shell:create_environment_hook('px4_msgs', 'ld_library_path_lib')
[2.811s] INFO:colcon.colcon_core.shell:Creating environment hook '/home/kvvnbs/BuckeyeVerticalSoftwareV2/install/px4_msgs/share/px4_msgs/hook/ld_library_path_lib.ps1'
[2.812s] INFO:colcon.colcon_core.shell:Creating environment descriptor '/home/kvvnbs/BuckeyeVerticalSoftwareV2/install/px4_msgs/share/px4_msgs/hook/ld_library_path_lib.dsv'
[2.812s] INFO:colcon.colcon_core.shell:Creating environment hook '/home/kvvnbs/BuckeyeVerticalSoftwareV2/install/px4_msgs/share/px4_msgs/hook/ld_library_path_lib.sh'
[2.812s] Level 1:colcon.colcon_core.environment:checking '/home/kvvnbs/BuckeyeVerticalSoftwareV2/install/px4_msgs/bin'
[2.812s] Level 1:colcon.colcon_core.environment:checking '/home/kvvnbs/BuckeyeVerticalSoftwareV2/install/px4_msgs/lib/pkgconfig/px4_msgs.pc'
[2.813s] Level 1:colcon.colcon_core.environment:checking '/home/kvvnbs/BuckeyeVerticalSoftwareV2/install/px4_msgs/lib/python3.10/site-packages'
[2.813s] Level 1:colcon.colcon_core.environment:checking '/home/kvvnbs/BuckeyeVerticalSoftwareV2/install/px4_msgs/bin'
[2.813s] INFO:colcon.colcon_core.shell:Creating package script '/home/kvvnbs/BuckeyeVerticalSoftwareV2/install/px4_msgs/share/px4_msgs/package.ps1'
[2.814s] INFO:colcon.colcon_core.shell:Creating package descriptor '/home/kvvnbs/BuckeyeVerticalSoftwareV2/install/px4_msgs/share/px4_msgs/package.dsv'
[2.815s] INFO:colcon.colcon_core.shell:Creating package script '/home/kvvnbs/BuckeyeVerticalSoftwareV2/install/px4_msgs/share/px4_msgs/package.sh'
[2.816s] INFO:colcon.colcon_core.shell:Creating package script '/home/kvvnbs/BuckeyeVerticalSoftwareV2/install/px4_msgs/share/px4_msgs/package.bash'
[2.817s] INFO:colcon.colcon_core.shell:Creating package script '/home/kvvnbs/BuckeyeVerticalSoftwareV2/install/px4_msgs/share/px4_msgs/package.zsh'
[2.817s] Level 1:colcon.colcon_core.environment:create_file_with_runtime_dependencies(/home/kvvnbs/BuckeyeVerticalSoftwareV2/install/px4_msgs/share/colcon-core/packages/px4_msgs)
[2.818s] Level 1:colcon.colcon_core.environment:create_environment_scripts_only(px4_msgs)
[2.818s] Level 1:colcon.colcon_core.environment:checking '/home/kvvnbs/BuckeyeVerticalSoftwareV2/install/px4_msgs' for CMake module files
[2.819s] Level 1:colcon.colcon_core.environment:checking '/home/kvvnbs/BuckeyeVerticalSoftwareV2/install/px4_msgs' for CMake config files
[2.823s] Level 1:colcon.colcon_core.shell:create_environment_hook('px4_msgs', 'cmake_prefix_path')
[2.823s] INFO:colcon.colcon_core.shell:Creating environment hook '/home/kvvnbs/BuckeyeVerticalSoftwareV2/install/px4_msgs/share/px4_msgs/hook/cmake_prefix_path.ps1'
[2.824s] INFO:colcon.colcon_core.shell:Creating environment descriptor '/home/kvvnbs/BuckeyeVerticalSoftwareV2/install/px4_msgs/share/px4_msgs/hook/cmake_prefix_path.dsv'
[2.824s] INFO:colcon.colcon_core.shell:Creating environment hook '/home/kvvnbs/BuckeyeVerticalSoftwareV2/install/px4_msgs/share/px4_msgs/hook/cmake_prefix_path.sh'
[2.824s] Level 1:colcon.colcon_core.environment:checking '/home/kvvnbs/BuckeyeVerticalSoftwareV2/install/px4_msgs/lib'
[2.824s] Level 1:colcon.colcon_core.shell:create_environment_hook('px4_msgs', 'ld_library_path_lib')
[2.825s] INFO:colcon.colcon_core.shell:Creating environment hook '/home/kvvnbs/BuckeyeVerticalSoftwareV2/install/px4_msgs/share/px4_msgs/hook/ld_library_path_lib.ps1'
[2.825s] INFO:colcon.colcon_core.shell:Creating environment descriptor '/home/kvvnbs/BuckeyeVerticalSoftwareV2/install/px4_msgs/share/px4_msgs/hook/ld_library_path_lib.dsv'
[2.825s] INFO:colcon.colcon_core.shell:Creating environment hook '/home/kvvnbs/BuckeyeVerticalSoftwareV2/install/px4_msgs/share/px4_msgs/hook/ld_library_path_lib.sh'
[2.825s] Level 1:colcon.colcon_core.environment:checking '/home/kvvnbs/BuckeyeVerticalSoftwareV2/install/px4_msgs/bin'
[2.826s] Level 1:colcon.colcon_core.environment:checking '/home/kvvnbs/BuckeyeVerticalSoftwareV2/install/px4_msgs/lib/pkgconfig/px4_msgs.pc'
[2.826s] Level 1:colcon.colcon_core.environment:checking '/home/kvvnbs/BuckeyeVerticalSoftwareV2/install/px4_msgs/lib/python3.10/site-packages'
[2.826s] Level 1:colcon.colcon_core.environment:checking '/home/kvvnbs/BuckeyeVerticalSoftwareV2/install/px4_msgs/bin'
[2.826s] INFO:colcon.colcon_core.shell:Creating package script '/home/kvvnbs/BuckeyeVerticalSoftwareV2/install/px4_msgs/share/px4_msgs/package.ps1'
[2.827s] INFO:colcon.colcon_core.shell:Creating package descriptor '/home/kvvnbs/BuckeyeVerticalSoftwareV2/install/px4_msgs/share/px4_msgs/package.dsv'
[2.827s] INFO:colcon.colcon_core.shell:Creating package script '/home/kvvnbs/BuckeyeVerticalSoftwareV2/install/px4_msgs/share/px4_msgs/package.sh'
[2.828s] INFO:colcon.colcon_core.shell:Creating package script '/home/kvvnbs/BuckeyeVerticalSoftwareV2/install/px4_msgs/share/px4_msgs/package.bash'
[2.828s] INFO:colcon.colcon_core.shell:Creating package script '/home/kvvnbs/BuckeyeVerticalSoftwareV2/install/px4_msgs/share/px4_msgs/package.zsh'
[2.828s] Level 1:colcon.colcon_core.environment:create_file_with_runtime_dependencies(/home/kvvnbs/BuckeyeVerticalSoftwareV2/install/px4_msgs/share/colcon-core/packages/px4_msgs)
[2.829s] INFO:colcon.colcon_ros.task.ament_cmake.build:Building ROS package in '/home/kvvnbs/BuckeyeVerticalSoftwareV2/src/px4_ros_com' with build type 'ament_cmake'
[2.829s] INFO:colcon.colcon_cmake.task.cmake.build:Building CMake package in '/home/kvvnbs/BuckeyeVerticalSoftwareV2/src/px4_ros_com'
[2.829s] INFO:colcon.colcon_core.shell:Skip shell extension 'powershell' for command environment: Not usable outside of PowerShell
[2.829s] DEBUG:colcon.colcon_core.shell:Skip shell extension 'dsv' for command environment
[3.003s] DEBUG:colcon.colcon_core.event_handler.log_command:Invoking command in '/home/kvvnbs/BuckeyeVerticalSoftwareV2/build/px4_ros_com': CMAKE_PREFIX_PATH=/home/kvvnbs/BuckeyeVerticalSoftwareV2/install/px4_msgs:/home/kvvnbs/BuckeyeVerticalSoftwareV2/install/px4_ros_com:/opt/ros/humble LD_LIBRARY_PATH=/home/kvvnbs/BuckeyeVerticalSoftwareV2/install/px4_msgs/lib:/home/kvvnbs/BuckeyeVerticalSoftwareV2/install/px4_ros_com/lib:/opt/ros/humble/opt/rviz_ogre_vendor/lib:/opt/ros/humble/lib/x86_64-linux-gnu:/opt/ros/humble/lib /usr/bin/cmake --build /home/kvvnbs/BuckeyeVerticalSoftwareV2/build/px4_ros_com -- -j16 -l16
[41.824s] DEBUG:colcon.colcon_core.event_handler.log_command:Invoked command in '/home/kvvnbs/BuckeyeVerticalSoftwareV2/build/px4_ros_com' returned '0': CMAKE_PREFIX_PATH=/home/kvvnbs/BuckeyeVerticalSoftwareV2/install/px4_msgs:/home/kvvnbs/BuckeyeVerticalSoftwareV2/install/px4_ros_com:/opt/ros/humble LD_LIBRARY_PATH=/home/kvvnbs/BuckeyeVerticalSoftwareV2/install/px4_msgs/lib:/home/kvvnbs/BuckeyeVerticalSoftwareV2/install/px4_ros_com/lib:/opt/ros/humble/opt/rviz_ogre_vendor/lib:/opt/ros/humble/lib/x86_64-linux-gnu:/opt/ros/humble/lib /usr/bin/cmake --build /home/kvvnbs/BuckeyeVerticalSoftwareV2/build/px4_ros_com -- -j16 -l16
[41.826s] DEBUG:colcon.colcon_core.event_handler.log_command:Invoking command in '/home/kvvnbs/BuckeyeVerticalSoftwareV2/build/px4_ros_com': CMAKE_PREFIX_PATH=/home/kvvnbs/BuckeyeVerticalSoftwareV2/install/px4_msgs:/home/kvvnbs/BuckeyeVerticalSoftwareV2/install/px4_ros_com:/opt/ros/humble LD_LIBRARY_PATH=/home/kvvnbs/BuckeyeVerticalSoftwareV2/install/px4_msgs/lib:/home/kvvnbs/BuckeyeVerticalSoftwareV2/install/px4_ros_com/lib:/opt/ros/humble/opt/rviz_ogre_vendor/lib:/opt/ros/humble/lib/x86_64-linux-gnu:/opt/ros/humble/lib /usr/bin/cmake --install /home/kvvnbs/BuckeyeVerticalSoftwareV2/build/px4_ros_com
[41.902s] Level 1:colcon.colcon_core.environment:create_environment_scripts_only(px4_ros_com)
[41.902s] Level 1:colcon.colcon_core.environment:checking '/home/kvvnbs/BuckeyeVerticalSoftwareV2/install/px4_ros_com' for CMake module files
[41.903s] DEBUG:colcon.colcon_core.event_handler.log_command:Invoked command in '/home/kvvnbs/BuckeyeVerticalSoftwareV2/build/px4_ros_com' returned '0': CMAKE_PREFIX_PATH=/home/kvvnbs/BuckeyeVerticalSoftwareV2/install/px4_msgs:/home/kvvnbs/BuckeyeVerticalSoftwareV2/install/px4_ros_com:/opt/ros/humble LD_LIBRARY_PATH=/home/kvvnbs/BuckeyeVerticalSoftwareV2/install/px4_msgs/lib:/home/kvvnbs/BuckeyeVerticalSoftwareV2/install/px4_ros_com/lib:/opt/ros/humble/opt/rviz_ogre_vendor/lib:/opt/ros/humble/lib/x86_64-linux-gnu:/opt/ros/humble/lib /usr/bin/cmake --install /home/kvvnbs/BuckeyeVerticalSoftwareV2/build/px4_ros_com
[41.903s] Level 1:colcon.colcon_core.environment:checking '/home/kvvnbs/BuckeyeVerticalSoftwareV2/install/px4_ros_com' for CMake config files
[41.904s] Level 1:colcon.colcon_core.shell:create_environment_hook('px4_ros_com', 'cmake_prefix_path')
[41.904s] INFO:colcon.colcon_core.shell:Creating environment hook '/home/kvvnbs/BuckeyeVerticalSoftwareV2/install/px4_ros_com/share/px4_ros_com/hook/cmake_prefix_path.ps1'
[41.905s] INFO:colcon.colcon_core.shell:Creating environment descriptor '/home/kvvnbs/BuckeyeVerticalSoftwareV2/install/px4_ros_com/share/px4_ros_com/hook/cmake_prefix_path.dsv'
[41.906s] INFO:colcon.colcon_core.shell:Creating environment hook '/home/kvvnbs/BuckeyeVerticalSoftwareV2/install/px4_ros_com/share/px4_ros_com/hook/cmake_prefix_path.sh'
[41.906s] Level 1:colcon.colcon_core.environment:checking '/home/kvvnbs/BuckeyeVerticalSoftwareV2/install/px4_ros_com/lib'
[41.906s] Level 1:colcon.colcon_core.shell:create_environment_hook('px4_ros_com', 'ld_library_path_lib')
[41.907s] INFO:colcon.colcon_core.shell:Creating environment hook '/home/kvvnbs/BuckeyeVerticalSoftwareV2/install/px4_ros_com/share/px4_ros_com/hook/ld_library_path_lib.ps1'
[41.907s] INFO:colcon.colcon_core.shell:Creating environment descriptor '/home/kvvnbs/BuckeyeVerticalSoftwareV2/install/px4_ros_com/share/px4_ros_com/hook/ld_library_path_lib.dsv'
[41.907s] INFO:colcon.colcon_core.shell:Creating environment hook '/home/kvvnbs/BuckeyeVerticalSoftwareV2/install/px4_ros_com/share/px4_ros_com/hook/ld_library_path_lib.sh'
[41.907s] Level 1:colcon.colcon_core.environment:checking '/home/kvvnbs/BuckeyeVerticalSoftwareV2/install/px4_ros_com/bin'
[41.908s] Level 1:colcon.colcon_core.environment:checking '/home/kvvnbs/BuckeyeVerticalSoftwareV2/install/px4_ros_com/lib/pkgconfig/px4_ros_com.pc'
[41.908s] Level 1:colcon.colcon_core.environment:checking '/home/kvvnbs/BuckeyeVerticalSoftwareV2/install/px4_ros_com/lib/python3.10/site-packages'
[41.908s] Level 1:colcon.colcon_core.environment:checking '/home/kvvnbs/BuckeyeVerticalSoftwareV2/install/px4_ros_com/bin'
[41.908s] INFO:colcon.colcon_core.shell:Creating package script '/home/kvvnbs/BuckeyeVerticalSoftwareV2/install/px4_ros_com/share/px4_ros_com/package.ps1'
[41.909s] INFO:colcon.colcon_core.shell:Creating package descriptor '/home/kvvnbs/BuckeyeVerticalSoftwareV2/install/px4_ros_com/share/px4_ros_com/package.dsv'
[41.909s] INFO:colcon.colcon_core.shell:Creating package script '/home/kvvnbs/BuckeyeVerticalSoftwareV2/install/px4_ros_com/share/px4_ros_com/package.sh'
[41.910s] INFO:colcon.colcon_core.shell:Creating package script '/home/kvvnbs/BuckeyeVerticalSoftwareV2/install/px4_ros_com/share/px4_ros_com/package.bash'
[41.910s] INFO:colcon.colcon_core.shell:Creating package script '/home/kvvnbs/BuckeyeVerticalSoftwareV2/install/px4_ros_com/share/px4_ros_com/package.zsh'
[41.911s] Level 1:colcon.colcon_core.environment:create_file_with_runtime_dependencies(/home/kvvnbs/BuckeyeVerticalSoftwareV2/install/px4_ros_com/share/colcon-core/packages/px4_ros_com)
[41.911s] Level 1:colcon.colcon_core.environment:create_environment_scripts_only(px4_ros_com)
[41.911s] Level 1:colcon.colcon_core.environment:checking '/home/kvvnbs/BuckeyeVerticalSoftwareV2/install/px4_ros_com' for CMake module files
[41.912s] Level 1:colcon.colcon_core.environment:checking '/home/kvvnbs/BuckeyeVerticalSoftwareV2/install/px4_ros_com' for CMake config files
[41.912s] Level 1:colcon.colcon_core.shell:create_environment_hook('px4_ros_com', 'cmake_prefix_path')
[41.912s] INFO:colcon.colcon_core.shell:Creating environment hook '/home/kvvnbs/BuckeyeVerticalSoftwareV2/install/px4_ros_com/share/px4_ros_com/hook/cmake_prefix_path.ps1'
[41.912s] INFO:colcon.colcon_core.shell:Creating environment descriptor '/home/kvvnbs/BuckeyeVerticalSoftwareV2/install/px4_ros_com/share/px4_ros_com/hook/cmake_prefix_path.dsv'
[41.913s] INFO:colcon.colcon_core.shell:Creating environment hook '/home/kvvnbs/BuckeyeVerticalSoftwareV2/install/px4_ros_com/share/px4_ros_com/hook/cmake_prefix_path.sh'
[41.913s] Level 1:colcon.colcon_core.environment:checking '/home/kvvnbs/BuckeyeVerticalSoftwareV2/install/px4_ros_com/lib'
[41.913s] Level 1:colcon.colcon_core.shell:create_environment_hook('px4_ros_com', 'ld_library_path_lib')
[41.914s] INFO:colcon.colcon_core.shell:Creating environment hook '/home/kvvnbs/BuckeyeVerticalSoftwareV2/install/px4_ros_com/share/px4_ros_com/hook/ld_library_path_lib.ps1'
[41.914s] INFO:colcon.colcon_core.shell:Creating environment descriptor '/home/kvvnbs/BuckeyeVerticalSoftwareV2/install/px4_ros_com/share/px4_ros_com/hook/ld_library_path_lib.dsv'
[41.914s] INFO:colcon.colcon_core.shell:Creating environment hook '/home/kvvnbs/BuckeyeVerticalSoftwareV2/install/px4_ros_com/share/px4_ros_com/hook/ld_library_path_lib.sh'
[41.915s] Level 1:colcon.colcon_core.environment:checking '/home/kvvnbs/BuckeyeVerticalSoftwareV2/install/px4_ros_com/bin'
[41.915s] Level 1:colcon.colcon_core.environment:checking '/home/kvvnbs/BuckeyeVerticalSoftwareV2/install/px4_ros_com/lib/pkgconfig/px4_ros_com.pc'
[41.915s] Level 1:colcon.colcon_core.environment:checking '/home/kvvnbs/BuckeyeVerticalSoftwareV2/install/px4_ros_com/lib/python3.10/site-packages'
[41.915s] Level 1:colcon.colcon_core.environment:checking '/home/kvvnbs/BuckeyeVerticalSoftwareV2/install/px4_ros_com/bin'
[41.915s] INFO:colcon.colcon_core.shell:Creating package script '/home/kvvnbs/BuckeyeVerticalSoftwareV2/install/px4_ros_com/share/px4_ros_com/package.ps1'
[41.916s] INFO:colcon.colcon_core.shell:Creating package descriptor '/home/kvvnbs/BuckeyeVerticalSoftwareV2/install/px4_ros_com/share/px4_ros_com/package.dsv'
[41.916s] INFO:colcon.colcon_core.shell:Creating package script '/home/kvvnbs/BuckeyeVerticalSoftwareV2/install/px4_ros_com/share/px4_ros_com/package.sh'
[41.917s] INFO:colcon.colcon_core.shell:Creating package script '/home/kvvnbs/BuckeyeVerticalSoftwareV2/install/px4_ros_com/share/px4_ros_com/package.bash'
[41.917s] INFO:colcon.colcon_core.shell:Creating package script '/home/kvvnbs/BuckeyeVerticalSoftwareV2/install/px4_ros_com/share/px4_ros_com/package.zsh'
[41.917s] Level 1:colcon.colcon_core.environment:create_file_with_runtime_dependencies(/home/kvvnbs/BuckeyeVerticalSoftwareV2/install/px4_ros_com/share/colcon-core/packages/px4_ros_com)
[41.918s] DEBUG:colcon.colcon_parallel_executor.executor.parallel:closing loop
[41.919s] DEBUG:colcon.colcon_parallel_executor.executor.parallel:loop closed
[41.919s] DEBUG:colcon.colcon_parallel_executor.executor.parallel:run_until_complete finished with '0'
[41.919s] DEBUG:colcon.colcon_core.event_reactor:joining thread
[42.046s] INFO:colcon.colcon_core.plugin_system:Skipping extension 'colcon_notification.desktop_notification.notify_send': Could not find 'notify-send'
[42.047s] INFO:colcon.colcon_core.plugin_system:Skipping extension 'colcon_notification.desktop_notification.terminal_notifier': Not used on non-Darwin systems
[42.047s] INFO:colcon.colcon_core.plugin_system:Skipping extension 'colcon_notification.desktop_notification.win32': Not used on non-Windows systems
[42.047s] INFO:colcon.colcon_notification.desktop_notification:Sending desktop notification using 'notify2'
[42.063s] DEBUG:colcon.colcon_notification.desktop_notification.notify2:Failed to initialize notify2: org.freedesktop.DBus.Error.ServiceUnknown: The name org.freedesktop.Notifications was not provided by any .service files
[42.063s] DEBUG:colcon.colcon_core.event_reactor:joined thread
[42.064s] INFO:colcon.colcon_core.shell:Creating prefix script '/home/kvvnbs/BuckeyeVerticalSoftwareV2/install/local_setup.ps1'
[42.067s] INFO:colcon.colcon_core.shell:Creating prefix util module '/home/kvvnbs/BuckeyeVerticalSoftwareV2/install/_local_setup_util_ps1.py'
[42.070s] INFO:colcon.colcon_core.shell:Creating prefix chain script '/home/kvvnbs/BuckeyeVerticalSoftwareV2/install/setup.ps1'
[42.072s] INFO:colcon.colcon_core.shell:Creating prefix script '/home/kvvnbs/BuckeyeVerticalSoftwareV2/install/local_setup.sh'
[42.074s] INFO:colcon.colcon_core.shell:Creating prefix util module '/home/kvvnbs/BuckeyeVerticalSoftwareV2/install/_local_setup_util_sh.py'
[42.074s] INFO:colcon.colcon_core.shell:Creating prefix chain script '/home/kvvnbs/BuckeyeVerticalSoftwareV2/install/setup.sh'
[42.077s] INFO:colcon.colcon_core.shell:Creating prefix script '/home/kvvnbs/BuckeyeVerticalSoftwareV2/install/local_setup.bash'
[42.079s] INFO:colcon.colcon_core.shell:Creating prefix chain script '/home/kvvnbs/BuckeyeVerticalSoftwareV2/install/setup.bash'
[42.082s] INFO:colcon.colcon_core.shell:Creating prefix script '/home/kvvnbs/BuckeyeVerticalSoftwareV2/install/local_setup.zsh'
[42.084s] INFO:colcon.colcon_core.shell:Creating prefix chain script '/home/kvvnbs/BuckeyeVerticalSoftwareV2/install/setup.zsh'
