[0.406s] DEBUG:colcon:Command line arguments: ['/usr/bin/colcon', 'build']
[0.406s] DEBUG:colcon:Parsed command line arguments: Namespace(log_base=None, log_level=None, verb_name='build', build_base='build', install_base='install', merge_install=False, symlink_install=False, test_result_base=None, continue_on_error=False, executor='parallel', parallel_workers=4, event_handlers=None, ignore_user_meta=False, metas=['./colcon.meta'], base_paths=['.'], packages_ignore=None, packages_ignore_regex=None, paths=None, packages_up_to=None, packages_up_to_regex=None, packages_above=None, packages_above_and_dependencies=None, packages_above_depth=None, packages_select_by_dep=None, packages_skip_by_dep=None, packages_skip_up_to=None, packages_select_build_failed=False, packages_skip_build_finished=False, packages_select_test_failures=False, packages_skip_test_passed=False, packages_select=None, packages_skip=None, packages_select_regex=None, packages_skip_regex=None, packages_start=None, packages_end=None, allow_overriding=[], cmake_args=None, cmake_target=None, cmake_target_skip_unavailable=False, cmake_clean_cache=False, cmake_clean_first=False, cmake_force_configure=False, ament_cmake_args=None, catkin_cmake_args=None, catkin_skip_building_tests=False, mixin_files=None, mixin=None, verb_parser=<colcon_mixin.mixin.mixin_argument.MixinArgumentDecorator object at 0x7f67c458a6b0>, verb_extension=<colcon_core.verb.build.BuildVerb object at 0x7f67c458a200>, main=<bound method BuildVerb.main of <colcon_core.verb.build.BuildVerb object at 0x7f67c458a200>>, mixin_verb=('build',))
[0.440s] Level 1:colcon.colcon_core.package_discovery:discover_packages(colcon_meta) check parameters
[0.441s] Level 1:colcon.colcon_core.package_discovery:discover_packages(recursive) check parameters
[0.441s] Level 1:colcon.colcon_core.package_discovery:discover_packages(ignore) check parameters
[0.441s] Level 1:colcon.colcon_core.package_discovery:discover_packages(path) check parameters
[0.441s] Level 1:colcon.colcon_core.package_discovery:discover_packages(colcon_meta) discover
[0.441s] Level 1:colcon.colcon_core.package_discovery:discover_packages(recursive) discover
[0.441s] INFO:colcon.colcon_core.package_discovery:Crawling recursively for packages in '/home/eashan/BuckeyeVerticalSoftware_v2'
[0.441s] Level 1:colcon.colcon_core.package_identification:_identify(.) by extensions ['ignore', 'ignore_ament_install']
[0.441s] Level 1:colcon.colcon_core.package_identification:_identify(.) by extension 'ignore'
[0.441s] Level 1:colcon.colcon_core.package_identification:_identify(.) by extension 'ignore_ament_install'
[0.441s] Level 1:colcon.colcon_core.package_identification:_identify(.) by extensions ['colcon_pkg']
[0.441s] Level 1:colcon.colcon_core.package_identification:_identify(.) by extension 'colcon_pkg'
[0.441s] Level 1:colcon.colcon_core.package_identification:_identify(.) by extensions ['colcon_meta']
[0.441s] Level 1:colcon.colcon_core.package_identification:_identify(.) by extension 'colcon_meta'
[0.441s] Level 1:colcon.colcon_core.package_identification:_identify(.) by extensions ['ros']
[0.441s] Level 1:colcon.colcon_core.package_identification:_identify(.) by extension 'ros'
[0.455s] Level 1:colcon.colcon_core.package_identification:_identify(.) by extensions ['cmake', 'python']
[0.455s] Level 1:colcon.colcon_core.package_identification:_identify(.) by extension 'cmake'
[0.455s] Level 1:colcon.colcon_core.package_identification:_identify(.) by extension 'python'
[0.455s] Level 1:colcon.colcon_core.package_identification:_identify(.) by extensions ['python_setup_py']
[0.455s] Level 1:colcon.colcon_core.package_identification:_identify(.) by extension 'python_setup_py'
[0.456s] Level 1:colcon.colcon_core.package_identification:_identify(build) by extensions ['ignore', 'ignore_ament_install']
[0.456s] Level 1:colcon.colcon_core.package_identification:_identify(build) by extension 'ignore'
[0.456s] Level 1:colcon.colcon_core.package_identification:_identify(build) ignored
[0.456s] Level 1:colcon.colcon_core.package_identification:_identify(install) by extensions ['ignore', 'ignore_ament_install']
[0.456s] Level 1:colcon.colcon_core.package_identification:_identify(install) by extension 'ignore'
[0.456s] Level 1:colcon.colcon_core.package_identification:_identify(install) ignored
[0.456s] Level 1:colcon.colcon_core.package_identification:_identify(log) by extensions ['ignore', 'ignore_ament_install']
[0.456s] Level 1:colcon.colcon_core.package_identification:_identify(log) by extension 'ignore'
[0.456s] Level 1:colcon.colcon_core.package_identification:_identify(log) ignored
[0.456s] Level 1:colcon.colcon_core.package_identification:_identify(src) by extensions ['ignore', 'ignore_ament_install']
[0.456s] Level 1:colcon.colcon_core.package_identification:_identify(src) by extension 'ignore'
[0.456s] Level 1:colcon.colcon_core.package_identification:_identify(src) by extension 'ignore_ament_install'
[0.456s] Level 1:colcon.colcon_core.package_identification:_identify(src) by extensions ['colcon_pkg']
[0.457s] Level 1:colcon.colcon_core.package_identification:_identify(src) by extension 'colcon_pkg'
[0.457s] Level 1:colcon.colcon_core.package_identification:_identify(src) by extensions ['colcon_meta']
[0.457s] Level 1:colcon.colcon_core.package_identification:_identify(src) by extension 'colcon_meta'
[0.457s] Level 1:colcon.colcon_core.package_identification:_identify(src) by extensions ['ros']
[0.457s] Level 1:colcon.colcon_core.package_identification:_identify(src) by extension 'ros'
[0.457s] Level 1:colcon.colcon_core.package_identification:_identify(src) by extensions ['cmake', 'python']
[0.457s] Level 1:colcon.colcon_core.package_identification:_identify(src) by extension 'cmake'
[0.457s] Level 1:colcon.colcon_core.package_identification:_identify(src) by extension 'python'
[0.457s] Level 1:colcon.colcon_core.package_identification:_identify(src) by extensions ['python_setup_py']
[0.457s] Level 1:colcon.colcon_core.package_identification:_identify(src) by extension 'python_setup_py'
[0.457s] Level 1:colcon.colcon_core.package_identification:_identify(src/px4_msgs) by extensions ['ignore', 'ignore_ament_install']
[0.457s] Level 1:colcon.colcon_core.package_identification:_identify(src/px4_msgs) by extension 'ignore'
[0.457s] Level 1:colcon.colcon_core.package_identification:_identify(src/px4_msgs) by extension 'ignore_ament_install'
[0.457s] Level 1:colcon.colcon_core.package_identification:_identify(src/px4_msgs) by extensions ['colcon_pkg']
[0.457s] Level 1:colcon.colcon_core.package_identification:_identify(src/px4_msgs) by extension 'colcon_pkg'
[0.457s] Level 1:colcon.colcon_core.package_identification:_identify(src/px4_msgs) by extensions ['colcon_meta']
[0.457s] Level 1:colcon.colcon_core.package_identification:_identify(src/px4_msgs) by extension 'colcon_meta'
[0.457s] Level 1:colcon.colcon_core.package_identification:_identify(src/px4_msgs) by extensions ['ros']
[0.457s] Level 1:colcon.colcon_core.package_identification:_identify(src/px4_msgs) by extension 'ros'
[0.459s] DEBUG:colcon.colcon_core.package_identification:Package 'src/px4_msgs' with type 'ros.ament_cmake' and name 'px4_msgs'
[0.460s] Level 1:colcon.colcon_core.package_identification:_identify(src/px4_ros_com) by extensions ['ignore', 'ignore_ament_install']
[0.460s] Level 1:colcon.colcon_core.package_identification:_identify(src/px4_ros_com) by extension 'ignore'
[0.460s] Level 1:colcon.colcon_core.package_identification:_identify(src/px4_ros_com) by extension 'ignore_ament_install'
[0.460s] Level 1:colcon.colcon_core.package_identification:_identify(src/px4_ros_com) by extensions ['colcon_pkg']
[0.460s] Level 1:colcon.colcon_core.package_identification:_identify(src/px4_ros_com) by extension 'colcon_pkg'
[0.460s] Level 1:colcon.colcon_core.package_identification:_identify(src/px4_ros_com) by extensions ['colcon_meta']
[0.460s] Level 1:colcon.colcon_core.package_identification:_identify(src/px4_ros_com) by extension 'colcon_meta'
[0.460s] Level 1:colcon.colcon_core.package_identification:_identify(src/px4_ros_com) by extensions ['ros']
[0.460s] Level 1:colcon.colcon_core.package_identification:_identify(src/px4_ros_com) by extension 'ros'
[0.461s] DEBUG:colcon.colcon_core.package_identification:Package 'src/px4_ros_com' with type 'ros.ament_cmake' and name 'px4_ros_com'
[0.461s] Level 1:colcon.colcon_core.package_discovery:discover_packages(recursive) using defaults
[0.461s] Level 1:colcon.colcon_core.package_discovery:discover_packages(ignore) discover
[0.462s] Level 1:colcon.colcon_core.package_discovery:discover_packages(ignore) using defaults
[0.462s] Level 1:colcon.colcon_core.package_discovery:discover_packages(path) discover
[0.462s] Level 1:colcon.colcon_core.package_discovery:discover_packages(path) using defaults
[0.480s] Level 1:colcon.colcon_core.package_discovery:discover_packages(prefix_path) check parameters
[0.480s] Level 1:colcon.colcon_core.package_discovery:discover_packages(prefix_path) discover
[0.482s] DEBUG:colcon.colcon_installed_package_information.package_discovery:Found 2 installed packages in /home/eashan/BuckeyeVerticalSoftware_v2/install
[0.483s] DEBUG:colcon.colcon_installed_package_information.package_discovery:Found 270 installed packages in /opt/ros/humble
[0.484s] Level 1:colcon.colcon_core.package_discovery:discover_packages(prefix_path) using defaults
[0.513s] Level 5:colcon.colcon_core.verb:set package 'px4_msgs' build argument 'cmake_args' from command line to 'None'
[0.513s] Level 5:colcon.colcon_core.verb:set package 'px4_msgs' build argument 'cmake_target' from command line to 'None'
[0.513s] Level 5:colcon.colcon_core.verb:set package 'px4_msgs' build argument 'cmake_target_skip_unavailable' from command line to 'False'
[0.513s] Level 5:colcon.colcon_core.verb:set package 'px4_msgs' build argument 'cmake_clean_cache' from command line to 'False'
[0.513s] Level 5:colcon.colcon_core.verb:set package 'px4_msgs' build argument 'cmake_clean_first' from command line to 'False'
[0.513s] Level 5:colcon.colcon_core.verb:set package 'px4_msgs' build argument 'cmake_force_configure' from command line to 'False'
[0.513s] Level 5:colcon.colcon_core.verb:set package 'px4_msgs' build argument 'ament_cmake_args' from command line to 'None'
[0.513s] Level 5:colcon.colcon_core.verb:set package 'px4_msgs' build argument 'catkin_cmake_args' from command line to 'None'
[0.513s] Level 5:colcon.colcon_core.verb:set package 'px4_msgs' build argument 'catkin_skip_building_tests' from command line to 'False'
[0.513s] DEBUG:colcon.colcon_core.verb:Building package 'px4_msgs' with the following arguments: {'ament_cmake_args': None, 'build_base': '/home/eashan/BuckeyeVerticalSoftware_v2/build/px4_msgs', 'catkin_cmake_args': None, 'catkin_skip_building_tests': False, 'cmake_args': None, 'cmake_clean_cache': False, 'cmake_clean_first': False, 'cmake_force_configure': False, 'cmake_target': None, 'cmake_target_skip_unavailable': False, 'install_base': '/home/eashan/BuckeyeVerticalSoftware_v2/install/px4_msgs', 'merge_install': False, 'path': '/home/eashan/BuckeyeVerticalSoftware_v2/src/px4_msgs', 'symlink_install': False, 'test_result_base': None}
[0.513s] Level 5:colcon.colcon_core.verb:set package 'px4_ros_com' build argument 'cmake_args' from command line to 'None'
[0.513s] Level 5:colcon.colcon_core.verb:set package 'px4_ros_com' build argument 'cmake_target' from command line to 'None'
[0.513s] Level 5:colcon.colcon_core.verb:set package 'px4_ros_com' build argument 'cmake_target_skip_unavailable' from command line to 'False'
[0.513s] Level 5:colcon.colcon_core.verb:set package 'px4_ros_com' build argument 'cmake_clean_cache' from command line to 'False'
[0.513s] Level 5:colcon.colcon_core.verb:set package 'px4_ros_com' build argument 'cmake_clean_first' from command line to 'False'
[0.513s] Level 5:colcon.colcon_core.verb:set package 'px4_ros_com' build argument 'cmake_force_configure' from command line to 'False'
[0.513s] Level 5:colcon.colcon_core.verb:set package 'px4_ros_com' build argument 'ament_cmake_args' from command line to 'None'
[0.513s] Level 5:colcon.colcon_core.verb:set package 'px4_ros_com' build argument 'catkin_cmake_args' from command line to 'None'
[0.513s] Level 5:colcon.colcon_core.verb:set package 'px4_ros_com' build argument 'catkin_skip_building_tests' from command line to 'False'
[0.513s] DEBUG:colcon.colcon_core.verb:Building package 'px4_ros_com' with the following arguments: {'ament_cmake_args': None, 'build_base': '/home/eashan/BuckeyeVerticalSoftware_v2/build/px4_ros_com', 'catkin_cmake_args': None, 'catkin_skip_building_tests': False, 'cmake_args': None, 'cmake_clean_cache': False, 'cmake_clean_first': False, 'cmake_force_configure': False, 'cmake_target': None, 'cmake_target_skip_unavailable': False, 'install_base': '/home/eashan/BuckeyeVerticalSoftware_v2/install/px4_ros_com', 'merge_install': False, 'path': '/home/eashan/BuckeyeVerticalSoftware_v2/src/px4_ros_com', 'symlink_install': False, 'test_result_base': None}
[0.513s] INFO:colcon.colcon_core.executor:Executing jobs using 'parallel' executor
[0.515s] DEBUG:colcon.colcon_parallel_executor.executor.parallel:run_until_complete
[0.515s] INFO:colcon.colcon_ros.task.ament_cmake.build:Building ROS package in '/home/eashan/BuckeyeVerticalSoftware_v2/src/px4_msgs' with build type 'ament_cmake'
[0.516s] INFO:colcon.colcon_cmake.task.cmake.build:Building CMake package in '/home/eashan/BuckeyeVerticalSoftware_v2/src/px4_msgs'
[0.517s] INFO:colcon.colcon_core.plugin_system:Skipping extension 'colcon_core.shell.bat': Not used on non-Windows systems
[0.517s] INFO:colcon.colcon_core.shell:Skip shell extension 'powershell' for command environment: Not usable outside of PowerShell
[0.518s] DEBUG:colcon.colcon_core.shell:Skip shell extension 'dsv' for command environment
[0.528s] DEBUG:colcon.colcon_core.event_handler.log_command:Invoking command in '/home/eashan/BuckeyeVerticalSoftware_v2/build/px4_msgs': CMAKE_PREFIX_PATH=${CMAKE_PREFIX_PATH}:/opt/ros/humble /usr/bin/cmake --build /home/eashan/BuckeyeVerticalSoftware_v2/build/px4_msgs -- -j4 -l4
[2.035s] DEBUG:colcon.colcon_core.event_handler.log_command:Invoked command in '/home/eashan/BuckeyeVerticalSoftware_v2/build/px4_msgs' returned '0': CMAKE_PREFIX_PATH=${CMAKE_PREFIX_PATH}:/opt/ros/humble /usr/bin/cmake --build /home/eashan/BuckeyeVerticalSoftware_v2/build/px4_msgs -- -j4 -l4
[8.058s] DEBUG:colcon.colcon_core.event_handler.log_command:Invoking command in '/home/eashan/BuckeyeVerticalSoftware_v2/build/px4_msgs': CMAKE_PREFIX_PATH=${CMAKE_PREFIX_PATH}:/opt/ros/humble /usr/bin/cmake --install /home/eashan/BuckeyeVerticalSoftware_v2/build/px4_msgs
[8.468s] Level 1:colcon.colcon_core.environment:create_environment_scripts_only(px4_msgs)
[8.469s] DEBUG:colcon.colcon_core.event_handler.log_command:Invoked command in '/home/eashan/BuckeyeVerticalSoftware_v2/build/px4_msgs' returned '0': CMAKE_PREFIX_PATH=${CMAKE_PREFIX_PATH}:/opt/ros/humble /usr/bin/cmake --install /home/eashan/BuckeyeVerticalSoftware_v2/build/px4_msgs
[8.471s] Level 1:colcon.colcon_core.environment:checking '/home/eashan/BuckeyeVerticalSoftware_v2/install/px4_msgs' for CMake module files
[8.471s] Level 1:colcon.colcon_core.environment:checking '/home/eashan/BuckeyeVerticalSoftware_v2/install/px4_msgs' for CMake config files
[8.475s] Level 1:colcon.colcon_core.shell:create_environment_hook('px4_msgs', 'cmake_prefix_path')
[8.475s] INFO:colcon.colcon_core.shell:Creating environment hook '/home/eashan/BuckeyeVerticalSoftware_v2/install/px4_msgs/share/px4_msgs/hook/cmake_prefix_path.ps1'
[8.477s] INFO:colcon.colcon_core.shell:Creating environment descriptor '/home/eashan/BuckeyeVerticalSoftware_v2/install/px4_msgs/share/px4_msgs/hook/cmake_prefix_path.dsv'
[8.478s] INFO:colcon.colcon_core.shell:Creating environment hook '/home/eashan/BuckeyeVerticalSoftware_v2/install/px4_msgs/share/px4_msgs/hook/cmake_prefix_path.sh'
[8.479s] Level 1:colcon.colcon_core.environment:checking '/home/eashan/BuckeyeVerticalSoftware_v2/install/px4_msgs/lib'
[8.479s] Level 1:colcon.colcon_core.shell:create_environment_hook('px4_msgs', 'ld_library_path_lib')
[8.479s] INFO:colcon.colcon_core.shell:Creating environment hook '/home/eashan/BuckeyeVerticalSoftware_v2/install/px4_msgs/share/px4_msgs/hook/ld_library_path_lib.ps1'
[8.479s] INFO:colcon.colcon_core.shell:Creating environment descriptor '/home/eashan/BuckeyeVerticalSoftware_v2/install/px4_msgs/share/px4_msgs/hook/ld_library_path_lib.dsv'
[8.480s] INFO:colcon.colcon_core.shell:Creating environment hook '/home/eashan/BuckeyeVerticalSoftware_v2/install/px4_msgs/share/px4_msgs/hook/ld_library_path_lib.sh'
[8.480s] Level 1:colcon.colcon_core.environment:checking '/home/eashan/BuckeyeVerticalSoftware_v2/install/px4_msgs/bin'
[8.480s] Level 1:colcon.colcon_core.environment:checking '/home/eashan/BuckeyeVerticalSoftware_v2/install/px4_msgs/lib/pkgconfig/px4_msgs.pc'
[8.480s] Level 1:colcon.colcon_core.environment:checking '/home/eashan/BuckeyeVerticalSoftware_v2/install/px4_msgs/lib/python3.10/site-packages'
[8.480s] Level 1:colcon.colcon_core.environment:checking '/home/eashan/BuckeyeVerticalSoftware_v2/install/px4_msgs/bin'
[8.481s] INFO:colcon.colcon_core.shell:Creating package script '/home/eashan/BuckeyeVerticalSoftware_v2/install/px4_msgs/share/px4_msgs/package.ps1'
[8.481s] INFO:colcon.colcon_core.shell:Creating package descriptor '/home/eashan/BuckeyeVerticalSoftware_v2/install/px4_msgs/share/px4_msgs/package.dsv'
[8.482s] INFO:colcon.colcon_core.shell:Creating package script '/home/eashan/BuckeyeVerticalSoftware_v2/install/px4_msgs/share/px4_msgs/package.sh'
[8.482s] INFO:colcon.colcon_core.shell:Creating package script '/home/eashan/BuckeyeVerticalSoftware_v2/install/px4_msgs/share/px4_msgs/package.bash'
[8.483s] INFO:colcon.colcon_core.shell:Creating package script '/home/eashan/BuckeyeVerticalSoftware_v2/install/px4_msgs/share/px4_msgs/package.zsh'
[8.483s] Level 1:colcon.colcon_core.environment:create_file_with_runtime_dependencies(/home/eashan/BuckeyeVerticalSoftware_v2/install/px4_msgs/share/colcon-core/packages/px4_msgs)
[14.182s] Level 1:colcon.colcon_core.environment:create_environment_scripts_only(px4_msgs)
[14.183s] Level 1:colcon.colcon_core.environment:checking '/home/eashan/BuckeyeVerticalSoftware_v2/install/px4_msgs' for CMake module files
[14.183s] Level 1:colcon.colcon_core.environment:checking '/home/eashan/BuckeyeVerticalSoftware_v2/install/px4_msgs' for CMake config files
[14.187s] Level 1:colcon.colcon_core.shell:create_environment_hook('px4_msgs', 'cmake_prefix_path')
[14.189s] INFO:colcon.colcon_core.shell:Creating environment hook '/home/eashan/BuckeyeVerticalSoftware_v2/install/px4_msgs/share/px4_msgs/hook/cmake_prefix_path.ps1'
[14.190s] INFO:colcon.colcon_core.shell:Creating environment descriptor '/home/eashan/BuckeyeVerticalSoftware_v2/install/px4_msgs/share/px4_msgs/hook/cmake_prefix_path.dsv'
[14.190s] INFO:colcon.colcon_core.shell:Creating environment hook '/home/eashan/BuckeyeVerticalSoftware_v2/install/px4_msgs/share/px4_msgs/hook/cmake_prefix_path.sh'
[14.191s] Level 1:colcon.colcon_core.environment:checking '/home/eashan/BuckeyeVerticalSoftware_v2/install/px4_msgs/lib'
[14.191s] Level 1:colcon.colcon_core.shell:create_environment_hook('px4_msgs', 'ld_library_path_lib')
[14.191s] INFO:colcon.colcon_core.shell:Creating environment hook '/home/eashan/BuckeyeVerticalSoftware_v2/install/px4_msgs/share/px4_msgs/hook/ld_library_path_lib.ps1'
[14.192s] INFO:colcon.colcon_core.shell:Creating environment descriptor '/home/eashan/BuckeyeVerticalSoftware_v2/install/px4_msgs/share/px4_msgs/hook/ld_library_path_lib.dsv'
[14.192s] INFO:colcon.colcon_core.shell:Creating environment hook '/home/eashan/BuckeyeVerticalSoftware_v2/install/px4_msgs/share/px4_msgs/hook/ld_library_path_lib.sh'
[14.193s] Level 1:colcon.colcon_core.environment:checking '/home/eashan/BuckeyeVerticalSoftware_v2/install/px4_msgs/bin'
[14.193s] Level 1:colcon.colcon_core.environment:checking '/home/eashan/BuckeyeVerticalSoftware_v2/install/px4_msgs/lib/pkgconfig/px4_msgs.pc'
[14.193s] Level 1:colcon.colcon_core.environment:checking '/home/eashan/BuckeyeVerticalSoftware_v2/install/px4_msgs/lib/python3.10/site-packages'
[14.193s] Level 1:colcon.colcon_core.environment:checking '/home/eashan/BuckeyeVerticalSoftware_v2/install/px4_msgs/bin'
[14.194s] INFO:colcon.colcon_core.shell:Creating package script '/home/eashan/BuckeyeVerticalSoftware_v2/install/px4_msgs/share/px4_msgs/package.ps1'
[14.194s] INFO:colcon.colcon_core.shell:Creating package descriptor '/home/eashan/BuckeyeVerticalSoftware_v2/install/px4_msgs/share/px4_msgs/package.dsv'
[14.195s] INFO:colcon.colcon_core.shell:Creating package script '/home/eashan/BuckeyeVerticalSoftware_v2/install/px4_msgs/share/px4_msgs/package.sh'
[14.195s] INFO:colcon.colcon_core.shell:Creating package script '/home/eashan/BuckeyeVerticalSoftware_v2/install/px4_msgs/share/px4_msgs/package.bash'
[14.196s] INFO:colcon.colcon_core.shell:Creating package script '/home/eashan/BuckeyeVerticalSoftware_v2/install/px4_msgs/share/px4_msgs/package.zsh'
[14.196s] Level 1:colcon.colcon_core.environment:create_file_with_runtime_dependencies(/home/eashan/BuckeyeVerticalSoftware_v2/install/px4_msgs/share/colcon-core/packages/px4_msgs)
[14.197s] INFO:colcon.colcon_ros.task.ament_cmake.build:Building ROS package in '/home/eashan/BuckeyeVerticalSoftware_v2/src/px4_ros_com' with build type 'ament_cmake'
[14.197s] INFO:colcon.colcon_cmake.task.cmake.build:Building CMake package in '/home/eashan/BuckeyeVerticalSoftware_v2/src/px4_ros_com'
[14.197s] INFO:colcon.colcon_core.shell:Skip shell extension 'powershell' for command environment: Not usable outside of PowerShell
[14.198s] DEBUG:colcon.colcon_core.shell:Skip shell extension 'dsv' for command environment
[14.595s] DEBUG:colcon.colcon_core.event_handler.log_command:Invoking command in '/home/eashan/BuckeyeVerticalSoftware_v2/build/px4_ros_com': CMAKE_PREFIX_PATH=${CMAKE_PREFIX_PATH}:/opt/ros/humble LD_LIBRARY_PATH=/home/eashan/BuckeyeVerticalSoftware_v2/install/px4_msgs/lib:/home/eashan/BuckeyeVerticalSoftware_v2/install/px4_ros_com/lib:/opt/ros/humble/opt/rviz_ogre_vendor/lib:/opt/ros/humble/lib/x86_64-linux-gnu:/opt/ros/humble/lib:/usr/local/cuda-12.6/lib64:/usr/local/cuda-12.6/lib64 /usr/bin/cmake --build /home/eashan/BuckeyeVerticalSoftware_v2/build/px4_ros_com -- -j4 -l4
[14.702s] DEBUG:colcon.colcon_core.event_handler.log_command:Invoked command in '/home/eashan/BuckeyeVerticalSoftware_v2/build/px4_ros_com' returned '0': CMAKE_PREFIX_PATH=${CMAKE_PREFIX_PATH}:/opt/ros/humble LD_LIBRARY_PATH=/home/eashan/BuckeyeVerticalSoftware_v2/install/px4_msgs/lib:/home/eashan/BuckeyeVerticalSoftware_v2/install/px4_ros_com/lib:/opt/ros/humble/opt/rviz_ogre_vendor/lib:/opt/ros/humble/lib/x86_64-linux-gnu:/opt/ros/humble/lib:/usr/local/cuda-12.6/lib64:/usr/local/cuda-12.6/lib64 /usr/bin/cmake --build /home/eashan/BuckeyeVerticalSoftware_v2/build/px4_ros_com -- -j4 -l4
[14.814s] DEBUG:colcon.colcon_core.event_handler.log_command:Invoking command in '/home/eashan/BuckeyeVerticalSoftware_v2/build/px4_ros_com': CMAKE_PREFIX_PATH=${CMAKE_PREFIX_PATH}:/opt/ros/humble LD_LIBRARY_PATH=/home/eashan/BuckeyeVerticalSoftware_v2/install/px4_msgs/lib:/home/eashan/BuckeyeVerticalSoftware_v2/install/px4_ros_com/lib:/opt/ros/humble/opt/rviz_ogre_vendor/lib:/opt/ros/humble/lib/x86_64-linux-gnu:/opt/ros/humble/lib:/usr/local/cuda-12.6/lib64:/usr/local/cuda-12.6/lib64 /usr/bin/cmake --install /home/eashan/BuckeyeVerticalSoftware_v2/build/px4_ros_com
[14.840s] Level 1:colcon.colcon_core.environment:create_environment_scripts_only(px4_ros_com)
[14.840s] Level 1:colcon.colcon_core.environment:checking '/home/eashan/BuckeyeVerticalSoftware_v2/install/px4_ros_com' for CMake module files
[14.840s] Level 1:colcon.colcon_core.environment:checking '/home/eashan/BuckeyeVerticalSoftware_v2/install/px4_ros_com' for CMake config files
[14.841s] Level 1:colcon.colcon_core.environment:checking '/home/eashan/BuckeyeVerticalSoftware_v2/install/px4_ros_com/lib'
[14.841s] Level 1:colcon.colcon_core.shell:create_environment_hook('px4_ros_com', 'ld_library_path_lib')
[14.841s] INFO:colcon.colcon_core.shell:Creating environment hook '/home/eashan/BuckeyeVerticalSoftware_v2/install/px4_ros_com/share/px4_ros_com/hook/ld_library_path_lib.ps1'
[14.842s] INFO:colcon.colcon_core.shell:Creating environment descriptor '/home/eashan/BuckeyeVerticalSoftware_v2/install/px4_ros_com/share/px4_ros_com/hook/ld_library_path_lib.dsv'
[14.842s] INFO:colcon.colcon_core.shell:Creating environment hook '/home/eashan/BuckeyeVerticalSoftware_v2/install/px4_ros_com/share/px4_ros_com/hook/ld_library_path_lib.sh'
[14.843s] Level 1:colcon.colcon_core.environment:checking '/home/eashan/BuckeyeVerticalSoftware_v2/install/px4_ros_com/bin'
[14.843s] Level 1:colcon.colcon_core.environment:checking '/home/eashan/BuckeyeVerticalSoftware_v2/install/px4_ros_com/lib/pkgconfig/px4_ros_com.pc'
[14.843s] Level 1:colcon.colcon_core.environment:checking '/home/eashan/BuckeyeVerticalSoftware_v2/install/px4_ros_com/lib/python3.10/site-packages'
[14.843s] Level 1:colcon.colcon_core.environment:checking '/home/eashan/BuckeyeVerticalSoftware_v2/install/px4_ros_com/bin'
[14.844s] INFO:colcon.colcon_core.shell:Creating package script '/home/eashan/BuckeyeVerticalSoftware_v2/install/px4_ros_com/share/px4_ros_com/package.ps1'
[14.844s] INFO:colcon.colcon_core.shell:Creating package descriptor '/home/eashan/BuckeyeVerticalSoftware_v2/install/px4_ros_com/share/px4_ros_com/package.dsv'
[14.844s] INFO:colcon.colcon_core.shell:Creating package script '/home/eashan/BuckeyeVerticalSoftware_v2/install/px4_ros_com/share/px4_ros_com/package.sh'
[14.845s] DEBUG:colcon.colcon_core.event_handler.log_command:Invoked command in '/home/eashan/BuckeyeVerticalSoftware_v2/build/px4_ros_com' returned '0': CMAKE_PREFIX_PATH=${CMAKE_PREFIX_PATH}:/opt/ros/humble LD_LIBRARY_PATH=/home/eashan/BuckeyeVerticalSoftware_v2/install/px4_msgs/lib:/home/eashan/BuckeyeVerticalSoftware_v2/install/px4_ros_com/lib:/opt/ros/humble/opt/rviz_ogre_vendor/lib:/opt/ros/humble/lib/x86_64-linux-gnu:/opt/ros/humble/lib:/usr/local/cuda-12.6/lib64:/usr/local/cuda-12.6/lib64 /usr/bin/cmake --install /home/eashan/BuckeyeVerticalSoftware_v2/build/px4_ros_com
[14.845s] INFO:colcon.colcon_core.shell:Creating package script '/home/eashan/BuckeyeVerticalSoftware_v2/install/px4_ros_com/share/px4_ros_com/package.bash'
[14.846s] INFO:colcon.colcon_core.shell:Creating package script '/home/eashan/BuckeyeVerticalSoftware_v2/install/px4_ros_com/share/px4_ros_com/package.zsh'
[14.846s] Level 1:colcon.colcon_core.environment:create_file_with_runtime_dependencies(/home/eashan/BuckeyeVerticalSoftware_v2/install/px4_ros_com/share/colcon-core/packages/px4_ros_com)
[14.943s] Level 1:colcon.colcon_core.environment:create_environment_scripts_only(px4_ros_com)
[14.943s] Level 1:colcon.colcon_core.environment:checking '/home/eashan/BuckeyeVerticalSoftware_v2/install/px4_ros_com' for CMake module files
[14.944s] Level 1:colcon.colcon_core.environment:checking '/home/eashan/BuckeyeVerticalSoftware_v2/install/px4_ros_com' for CMake config files
[14.944s] Level 1:colcon.colcon_core.environment:checking '/home/eashan/BuckeyeVerticalSoftware_v2/install/px4_ros_com/lib'
[14.944s] Level 1:colcon.colcon_core.shell:create_environment_hook('px4_ros_com', 'ld_library_path_lib')
[14.944s] INFO:colcon.colcon_core.shell:Creating environment hook '/home/eashan/BuckeyeVerticalSoftware_v2/install/px4_ros_com/share/px4_ros_com/hook/ld_library_path_lib.ps1'
[14.945s] INFO:colcon.colcon_core.shell:Creating environment descriptor '/home/eashan/BuckeyeVerticalSoftware_v2/install/px4_ros_com/share/px4_ros_com/hook/ld_library_path_lib.dsv'
[14.945s] INFO:colcon.colcon_core.shell:Creating environment hook '/home/eashan/BuckeyeVerticalSoftware_v2/install/px4_ros_com/share/px4_ros_com/hook/ld_library_path_lib.sh'
[14.945s] Level 1:colcon.colcon_core.environment:checking '/home/eashan/BuckeyeVerticalSoftware_v2/install/px4_ros_com/bin'
[14.946s] Level 1:colcon.colcon_core.environment:checking '/home/eashan/BuckeyeVerticalSoftware_v2/install/px4_ros_com/lib/pkgconfig/px4_ros_com.pc'
[14.946s] Level 1:colcon.colcon_core.environment:checking '/home/eashan/BuckeyeVerticalSoftware_v2/install/px4_ros_com/lib/python3.10/site-packages'
[14.946s] Level 1:colcon.colcon_core.environment:checking '/home/eashan/BuckeyeVerticalSoftware_v2/install/px4_ros_com/bin'
[14.946s] INFO:colcon.colcon_core.shell:Creating package script '/home/eashan/BuckeyeVerticalSoftware_v2/install/px4_ros_com/share/px4_ros_com/package.ps1'
[14.946s] INFO:colcon.colcon_core.shell:Creating package descriptor '/home/eashan/BuckeyeVerticalSoftware_v2/install/px4_ros_com/share/px4_ros_com/package.dsv'
[14.947s] INFO:colcon.colcon_core.shell:Creating package script '/home/eashan/BuckeyeVerticalSoftware_v2/install/px4_ros_com/share/px4_ros_com/package.sh'
[14.951s] INFO:colcon.colcon_core.shell:Creating package script '/home/eashan/BuckeyeVerticalSoftware_v2/install/px4_ros_com/share/px4_ros_com/package.bash'
[14.951s] INFO:colcon.colcon_core.shell:Creating package script '/home/eashan/BuckeyeVerticalSoftware_v2/install/px4_ros_com/share/px4_ros_com/package.zsh'
[14.952s] Level 1:colcon.colcon_core.environment:create_file_with_runtime_dependencies(/home/eashan/BuckeyeVerticalSoftware_v2/install/px4_ros_com/share/colcon-core/packages/px4_ros_com)
[14.954s] DEBUG:colcon.colcon_parallel_executor.executor.parallel:closing loop
[14.955s] DEBUG:colcon.colcon_parallel_executor.executor.parallel:loop closed
[14.956s] DEBUG:colcon.colcon_parallel_executor.executor.parallel:run_until_complete finished with '0'
[14.956s] DEBUG:colcon.colcon_core.event_reactor:joining thread
[15.202s] INFO:colcon.colcon_core.plugin_system:Skipping extension 'colcon_notification.desktop_notification.notify_send': Could not find 'notify-send'
[15.202s] INFO:colcon.colcon_core.plugin_system:Skipping extension 'colcon_notification.desktop_notification.terminal_notifier': Not used on non-Darwin systems
[15.202s] INFO:colcon.colcon_core.plugin_system:Skipping extension 'colcon_notification.desktop_notification.win32': Not used on non-Windows systems
[15.202s] INFO:colcon.colcon_notification.desktop_notification:Sending desktop notification using 'notify2'
[15.204s] DEBUG:colcon.colcon_notification.desktop_notification.notify2:Failed to initialize notify2: org.freedesktop.DBus.Error.ServiceUnknown: The name org.freedesktop.Notifications was not provided by any .service files
[15.204s] DEBUG:colcon.colcon_core.event_reactor:joined thread
[15.204s] INFO:colcon.colcon_core.shell:Creating prefix script '/home/eashan/BuckeyeVerticalSoftware_v2/install/local_setup.ps1'
[15.205s] INFO:colcon.colcon_core.shell:Creating prefix util module '/home/eashan/BuckeyeVerticalSoftware_v2/install/_local_setup_util_ps1.py'
[15.206s] INFO:colcon.colcon_core.shell:Creating prefix chain script '/home/eashan/BuckeyeVerticalSoftware_v2/install/setup.ps1'
[15.207s] INFO:colcon.colcon_core.shell:Creating prefix script '/home/eashan/BuckeyeVerticalSoftware_v2/install/local_setup.sh'
[15.208s] INFO:colcon.colcon_core.shell:Creating prefix util module '/home/eashan/BuckeyeVerticalSoftware_v2/install/_local_setup_util_sh.py'
[15.208s] INFO:colcon.colcon_core.shell:Creating prefix chain script '/home/eashan/BuckeyeVerticalSoftware_v2/install/setup.sh'
[15.209s] INFO:colcon.colcon_core.shell:Creating prefix script '/home/eashan/BuckeyeVerticalSoftware_v2/install/local_setup.bash'
[15.209s] INFO:colcon.colcon_core.shell:Creating prefix chain script '/home/eashan/BuckeyeVerticalSoftware_v2/install/setup.bash'
[15.210s] INFO:colcon.colcon_core.shell:Creating prefix script '/home/eashan/BuckeyeVerticalSoftware_v2/install/local_setup.zsh'
[15.210s] INFO:colcon.colcon_core.shell:Creating prefix chain script '/home/eashan/BuckeyeVerticalSoftware_v2/install/setup.zsh'
